<?xml version="1.0" encoding="utf-8"?>
<test-run id="2" testcasecount="175" result="Failed(Child)" total="175" passed="172" failed="3" inconclusive="0" skipped="0" asserts="0" engine-version="3.5.0.0" clr-version="4.0.30319.42000" start-time="2025-07-27 22:32:38Z" end-time="2025-07-27 22:32:59Z" duration="21.4472479">
  <test-suite type="TestSuite" id="1198" name="TWG-DOTS-TTG" fullname="TWG-DOTS-TTG" runstate="Runnable" testcasecount="175" result="Failed" site="Child" start-time="2025-07-27 22:32:38Z" end-time="2025-07-27 22:32:59Z" duration="21.447248" total="175" passed="172" failed="3" inconclusive="0" skipped="0" asserts="0">
    <properties>
      <property name="platform" value="PlayMode" />
    </properties>
    <failure>
      <message><![CDATA[One or more child tests had errors]]></message>
    </failure>
    <test-suite type="Assembly" id="1190" name="TinyWalnutGames.TTG.TerrainGeneration.Tests.dll" fullname="D:/Tiny Walnut Games/TWG-DOTS-TTG/Library/ScriptAssemblies/TinyWalnutGames.TTG.TerrainGeneration.Tests.dll" runstate="Runnable" testcasecount="175" result="Failed" site="Child" start-time="2025-07-27 22:32:38Z" end-time="2025-07-27 22:32:59Z" duration="21.429714" total="175" passed="172" failed="3" inconclusive="0" skipped="0" asserts="0">
      <properties>
        <property name="_PID" value="25908" />
        <property name="_APPDOMAIN" value="Unity Child Domain" />
        <property name="platform" value="PlayMode" />
        <property name="EditorOnly" value="False" />
      </properties>
      <failure>
        <message><![CDATA[One or more child tests had errors]]></message>
      </failure>
      <test-suite type="TestSuite" id="1191" name="TinyWalnutGames" fullname="TinyWalnutGames" runstate="Runnable" testcasecount="175" result="Failed" site="Child" start-time="2025-07-27 22:32:38Z" end-time="2025-07-27 22:32:59Z" duration="21.419819" total="175" passed="172" failed="3" inconclusive="0" skipped="0" asserts="0">
        <properties />
        <failure>
          <message><![CDATA[One or more child tests had errors]]></message>
        </failure>
        <test-suite type="TestSuite" id="1192" name="TTG" fullname="TinyWalnutGames.TTG" runstate="Runnable" testcasecount="175" result="Failed" site="Child" start-time="2025-07-27 22:32:38Z" end-time="2025-07-27 22:32:59Z" duration="21.412815" total="175" passed="172" failed="3" inconclusive="0" skipped="0" asserts="0">
          <properties />
          <failure>
            <message><![CDATA[One or more child tests had errors]]></message>
          </failure>
          <test-suite type="TestSuite" id="1193" name="TerrainGeneration" fullname="TinyWalnutGames.TTG.TerrainGeneration" runstate="Runnable" testcasecount="175" result="Failed" site="Child" start-time="2025-07-27 22:32:38Z" end-time="2025-07-27 22:32:59Z" duration="21.405597" total="175" passed="172" failed="3" inconclusive="0" skipped="0" asserts="0">
            <properties />
            <failure>
              <message><![CDATA[One or more child tests had errors]]></message>
            </failure>
            <test-suite type="TestSuite" id="1194" name="Tests" fullname="TinyWalnutGames.TTG.TerrainGeneration.Tests" runstate="Runnable" testcasecount="175" result="Failed" site="Child" start-time="2025-07-27 22:32:38Z" end-time="2025-07-27 22:32:59Z" duration="21.397194" total="175" passed="172" failed="3" inconclusive="0" skipped="0" asserts="0">
              <properties />
              <failure>
                <message><![CDATA[One or more child tests had errors]]></message>
              </failure>
              <test-suite type="TestFixture" id="1001" name="ECSTestsFixtureVerificationTests" fullname="TinyWalnutGames.TTG.TerrainGeneration.Tests.ECSTestsFixtureVerificationTests" classname="TinyWalnutGames.TTG.TerrainGeneration.Tests.ECSTestsFixtureVerificationTests" runstate="Runnable" testcasecount="2" result="Passed" start-time="2025-07-27 22:32:38Z" end-time="2025-07-27 22:32:38Z" duration="0.063573" total="2" passed="2" failed="0" inconclusive="0" skipped="0" asserts="0">
                <properties />
                <test-case id="1002" name="ECSTestsFixture_CanCreateEntities" fullname="TinyWalnutGames.TTG.TerrainGeneration.Tests.ECSTestsFixtureVerificationTests.ECSTestsFixture_CanCreateEntities" methodname="ECSTestsFixture_CanCreateEntities" classname="TinyWalnutGames.TTG.TerrainGeneration.Tests.ECSTestsFixtureVerificationTests" runstate="Runnable" seed="1112259906" result="Passed" start-time="2025-07-27 22:32:38Z" end-time="2025-07-27 22:32:38Z" duration="0.040600" asserts="0">
                  <properties>
                    <property name="retryIteration" value="0" />
                    <property name="repeatIteration" value="0" />
                  </properties>
                </test-case>
                <test-case id="1003" name="ECSTestsFixture_WorldIsValid" fullname="TinyWalnutGames.TTG.TerrainGeneration.Tests.ECSTestsFixtureVerificationTests.ECSTestsFixture_WorldIsValid" methodname="ECSTestsFixture_WorldIsValid" classname="TinyWalnutGames.TTG.TerrainGeneration.Tests.ECSTestsFixtureVerificationTests" runstate="Runnable" seed="1005923048" result="Passed" start-time="2025-07-27 22:32:38Z" end-time="2025-07-27 22:32:38Z" duration="0.001451" asserts="0">
                  <properties>
                    <property name="retryIteration" value="0" />
                    <property name="repeatIteration" value="0" />
                  </properties>
                </test-case>
              </test-suite>
              <test-suite type="TestFixture" id="1004" name="MeshCreationSystemTests" fullname="TinyWalnutGames.TTG.TerrainGeneration.Tests.MeshCreationSystemTests" classname="TinyWalnutGames.TTG.TerrainGeneration.Tests.MeshCreationSystemTests" runstate="Runnable" testcasecount="10" result="Passed" start-time="2025-07-27 22:32:38Z" end-time="2025-07-27 22:32:38Z" duration="0.113580" total="10" passed="10" failed="0" inconclusive="0" skipped="0" asserts="0">
                <properties />
                <test-case id="1010" name="MeshCreationSystem_AlreadyProcessed_DoesNotReprocess" fullname="TinyWalnutGames.TTG.TerrainGeneration.Tests.MeshCreationSystemTests.MeshCreationSystem_AlreadyProcessed_DoesNotReprocess" methodname="MeshCreationSystem_AlreadyProcessed_DoesNotReprocess" classname="TinyWalnutGames.TTG.TerrainGeneration.Tests.MeshCreationSystemTests" runstate="Runnable" seed="1400957918" result="Passed" start-time="2025-07-27 22:32:38Z" end-time="2025-07-27 22:32:38Z" duration="0.042192" asserts="0">
                  <properties>
                    <property name="retryIteration" value="0" />
                    <property name="repeatIteration" value="0" />
                  </properties>
                  <output><![CDATA[MeshCreationSystem: Created URP Lit default material for terrain rendering.
Terrain generation completed for entity Entity(84:1). Created mesh entity Entity(85:1) with GameObject 'GeneratedTerrain_84' containing 3 vertices and 1 triangles.
ENABLEABLE SOLUTION: Disabled MeshDataComponent for entity 84:1 - component preserved for tests but marked as processed
]]></output>
                </test-case>
                <test-case id="1008" name="MeshCreationSystem_BlobAssetCleanup_DisposesCorrectly" fullname="TinyWalnutGames.TTG.TerrainGeneration.Tests.MeshCreationSystemTests.MeshCreationSystem_BlobAssetCleanup_DisposesCorrectly" methodname="MeshCreationSystem_BlobAssetCleanup_DisposesCorrectly" classname="TinyWalnutGames.TTG.TerrainGeneration.Tests.MeshCreationSystemTests" runstate="Runnable" seed="1734921894" result="Passed" start-time="2025-07-27 22:32:38Z" end-time="2025-07-27 22:32:38Z" duration="0.008519" asserts="0">
                  <properties>
                    <property name="retryIteration" value="0" />
                    <property name="repeatIteration" value="0" />
                  </properties>
                  <output><![CDATA[MeshCreationSystem: Created URP Lit default material for terrain rendering.
Terrain generation completed for entity Entity(84:3). Created mesh entity Entity(85:3) with GameObject 'GeneratedTerrain_84' containing 3 vertices and 1 triangles.
ENABLEABLE SOLUTION: Disabled MeshDataComponent for entity 84:3 - component preserved for tests but marked as processed
]]></output>
                </test-case>
                <test-case id="1005" name="MeshCreationSystem_CompleteTerrain_CreatesMeshAndGameObject" fullname="TinyWalnutGames.TTG.TerrainGeneration.Tests.MeshCreationSystemTests.MeshCreationSystem_CompleteTerrain_CreatesMeshAndGameObject" methodname="MeshCreationSystem_CompleteTerrain_CreatesMeshAndGameObject" classname="TinyWalnutGames.TTG.TerrainGeneration.Tests.MeshCreationSystemTests" runstate="Runnable" seed="2087276567" result="Passed" start-time="2025-07-27 22:32:38Z" end-time="2025-07-27 22:32:38Z" duration="0.006651" asserts="0">
                  <properties>
                    <property name="retryIteration" value="0" />
                    <property name="repeatIteration" value="0" />
                  </properties>
                  <output><![CDATA[MeshCreationSystem: Created URP Lit default material for terrain rendering.
Terrain generation completed for entity Entity(84:5). Created mesh entity Entity(85:5) with GameObject 'GeneratedTerrain_84' containing 3 vertices and 1 triangles.
ENABLEABLE SOLUTION: Disabled MeshDataComponent for entity 84:5 - component preserved for tests but marked as processed
]]></output>
                </test-case>
                <test-case id="1013" name="MeshCreationSystem_CreatedMesh_HasValidGeometry" fullname="TinyWalnutGames.TTG.TerrainGeneration.Tests.MeshCreationSystemTests.MeshCreationSystem_CreatedMesh_HasValidGeometry" methodname="MeshCreationSystem_CreatedMesh_HasValidGeometry" classname="TinyWalnutGames.TTG.TerrainGeneration.Tests.MeshCreationSystemTests" runstate="Runnable" seed="1747582888" result="Passed" start-time="2025-07-27 22:32:38Z" end-time="2025-07-27 22:32:38Z" duration="0.005624" asserts="0">
                  <properties>
                    <property name="retryIteration" value="0" />
                    <property name="repeatIteration" value="0" />
                  </properties>
                  <output><![CDATA[MeshCreationSystem: Created URP Lit default material for terrain rendering.
Terrain generation completed for entity Entity(84:7). Created mesh entity Entity(85:7) with GameObject 'GeneratedTerrain_84' containing 4 vertices and 2 triangles.
ENABLEABLE SOLUTION: Disabled MeshDataComponent for entity 84:7 - component preserved for tests but marked as processed
]]></output>
                </test-case>
                <test-case id="1014" name="MeshCreationSystem_GameObjectNaming_IsConsistent" fullname="TinyWalnutGames.TTG.TerrainGeneration.Tests.MeshCreationSystemTests.MeshCreationSystem_GameObjectNaming_IsConsistent" methodname="MeshCreationSystem_GameObjectNaming_IsConsistent" classname="TinyWalnutGames.TTG.TerrainGeneration.Tests.MeshCreationSystemTests" runstate="Runnable" seed="518299151" result="Passed" start-time="2025-07-27 22:32:38Z" end-time="2025-07-27 22:32:38Z" duration="0.005505" asserts="0">
                  <properties>
                    <property name="retryIteration" value="0" />
                    <property name="repeatIteration" value="0" />
                  </properties>
                  <output><![CDATA[MeshCreationSystem: Created URP Lit default material for terrain rendering.
Terrain generation completed for entity Entity(84:9). Created mesh entity Entity(86:1) with GameObject 'GeneratedTerrain_84' containing 3 vertices and 1 triangles.
ENABLEABLE SOLUTION: Disabled MeshDataComponent for entity 84:9 - component preserved for tests but marked as processed
Terrain generation completed for entity Entity(85:9). Created mesh entity Entity(87:1) with GameObject 'GeneratedTerrain_85' containing 3 vertices and 1 triangles.
ENABLEABLE SOLUTION: Disabled MeshDataComponent for entity 85:9 - component preserved for tests but marked as processed
]]></output>
                </test-case>
                <test-case id="1009" name="MeshCreationSystem_IncompleteGeneration_DoesNotProcess" fullname="TinyWalnutGames.TTG.TerrainGeneration.Tests.MeshCreationSystemTests.MeshCreationSystem_IncompleteGeneration_DoesNotProcess" methodname="MeshCreationSystem_IncompleteGeneration_DoesNotProcess" classname="TinyWalnutGames.TTG.TerrainGeneration.Tests.MeshCreationSystemTests" runstate="Runnable" seed="836963090" result="Passed" start-time="2025-07-27 22:32:38Z" end-time="2025-07-27 22:32:38Z" duration="0.002860" asserts="0">
                  <properties>
                    <property name="retryIteration" value="0" />
                    <property name="repeatIteration" value="0" />
                  </properties>
                  <output><![CDATA[MeshCreationSystem: Created URP Lit default material for terrain rendering.
]]></output>
                </test-case>
                <test-case id="1012" name="MeshCreationSystem_MeshEntity_HasCorrectComponents" fullname="TinyWalnutGames.TTG.TerrainGeneration.Tests.MeshCreationSystemTests.MeshCreationSystem_MeshEntity_HasCorrectComponents" methodname="MeshCreationSystem_MeshEntity_HasCorrectComponents" classname="TinyWalnutGames.TTG.TerrainGeneration.Tests.MeshCreationSystemTests" runstate="Runnable" seed="1005863483" result="Passed" start-time="2025-07-27 22:32:38Z" end-time="2025-07-27 22:32:38Z" duration="0.007025" asserts="0">
                  <properties>
                    <property name="retryIteration" value="0" />
                    <property name="repeatIteration" value="0" />
                  </properties>
                  <output><![CDATA[MeshCreationSystem: Created URP Lit default material for terrain rendering.
Terrain generation completed for entity Entity(84:13). Created mesh entity Entity(85:11) with GameObject 'GeneratedTerrain_84' containing 3 vertices and 1 triangles.
ENABLEABLE SOLUTION: Disabled MeshDataComponent for entity 84:13 - component preserved for tests but marked as processed
]]></output>
                </test-case>
                <test-case id="1011" name="MeshCreationSystem_MultipleEntities_ProcessesAll" fullname="TinyWalnutGames.TTG.TerrainGeneration.Tests.MeshCreationSystemTests.MeshCreationSystem_MultipleEntities_ProcessesAll" methodname="MeshCreationSystem_MultipleEntities_ProcessesAll" classname="TinyWalnutGames.TTG.TerrainGeneration.Tests.MeshCreationSystemTests" runstate="Runnable" seed="1891390994" result="Passed" start-time="2025-07-27 22:32:38Z" end-time="2025-07-27 22:32:38Z" duration="0.014314" asserts="0">
                  <properties>
                    <property name="retryIteration" value="0" />
                    <property name="repeatIteration" value="0" />
                  </properties>
                  <output><![CDATA[MeshCreationSystem: Created URP Lit default material for terrain rendering.
Terrain generation completed for entity Entity(84:15). Created mesh entity Entity(87:3) with GameObject 'GeneratedTerrain_84' containing 3 vertices and 1 triangles.
ENABLEABLE SOLUTION: Disabled MeshDataComponent for entity 84:15 - component preserved for tests but marked as processed
Terrain generation completed for entity Entity(85:13). Created mesh entity Entity(88:1) with GameObject 'GeneratedTerrain_85' containing 4 vertices and 1 triangles.
ENABLEABLE SOLUTION: Disabled MeshDataComponent for entity 85:13 - component preserved for tests but marked as processed
Terrain generation completed for entity Entity(86:3). Created mesh entity Entity(89:1) with GameObject 'GeneratedTerrain_86' containing 3 vertices and 1 triangles.
ENABLEABLE SOLUTION: Disabled MeshDataComponent for entity 86:3 - component preserved for tests but marked as processed
]]></output>
                </test-case>
                <test-case id="1006" name="MeshCreationSystem_URPMaterialFallback_CreatesValidMaterial" fullname="TinyWalnutGames.TTG.TerrainGeneration.Tests.MeshCreationSystemTests.MeshCreationSystem_URPMaterialFallback_CreatesValidMaterial" methodname="MeshCreationSystem_URPMaterialFallback_CreatesValidMaterial" classname="TinyWalnutGames.TTG.TerrainGeneration.Tests.MeshCreationSystemTests" runstate="Runnable" seed="1958281713" result="Passed" start-time="2025-07-27 22:32:38Z" end-time="2025-07-27 22:32:38Z" duration="0.004167" asserts="0">
                  <properties>
                    <property name="retryIteration" value="0" />
                    <property name="repeatIteration" value="0" />
                  </properties>
                  <output><![CDATA[MeshCreationSystem: Created URP Lit default material for terrain rendering.
Terrain generation completed for entity Entity(84:17). Created mesh entity Entity(85:15) with GameObject 'GeneratedTerrain_84' containing 3 vertices and 1 triangles.
ENABLEABLE SOLUTION: Disabled MeshDataComponent for entity 84:17 - component preserved for tests but marked as processed
]]></output>
                </test-case>
                <test-case id="1007" name="MeshCreationSystem_WithCustomMaterials_AppliesCorrectly" fullname="TinyWalnutGames.TTG.TerrainGeneration.Tests.MeshCreationSystemTests.MeshCreationSystem_WithCustomMaterials_AppliesCorrectly" methodname="MeshCreationSystem_WithCustomMaterials_AppliesCorrectly" classname="TinyWalnutGames.TTG.TerrainGeneration.Tests.MeshCreationSystemTests" runstate="Runnable" seed="2023408000" result="Passed" start-time="2025-07-27 22:32:38Z" end-time="2025-07-27 22:32:38Z" duration="0.009089" asserts="0">
                  <properties>
                    <property name="retryIteration" value="0" />
                    <property name="repeatIteration" value="0" />
                  </properties>
                  <output><![CDATA[MeshCreationSystem: Created URP Lit default material for terrain rendering.
Terrain generation completed for entity Entity(84:19). Created mesh entity Entity(85:17) with GameObject 'GeneratedTerrain_84' containing 3 vertices and 1 triangles.
ENABLEABLE SOLUTION: Disabled MeshDataComponent for entity 84:19 - component preserved for tests but marked as processed
]]></output>
                </test-case>
              </test-suite>
              <test-suite type="TestFixture" id="1015" name="RuntimeDebugConsoleTests" fullname="TinyWalnutGames.TTG.TerrainGeneration.Tests.RuntimeDebugConsoleTests" classname="TinyWalnutGames.TTG.TerrainGeneration.Tests.RuntimeDebugConsoleTests" runstate="Runnable" testcasecount="19" result="Passed" start-time="2025-07-27 22:32:38Z" end-time="2025-07-27 22:32:38Z" duration="0.192988" total="19" passed="19" failed="0" inconclusive="0" skipped="0" asserts="0">
                <properties />
                <test-case id="1022" name="RuntimeDebugConsole_AutoScroll_CanBeToggled" fullname="TinyWalnutGames.TTG.TerrainGeneration.Tests.RuntimeDebugConsoleTests.RuntimeDebugConsole_AutoScroll_CanBeToggled" methodname="RuntimeDebugConsole_AutoScroll_CanBeToggled" classname="TinyWalnutGames.TTG.TerrainGeneration.Tests.RuntimeDebugConsoleTests" runstate="Runnable" seed="947278131" result="Passed" start-time="2025-07-27 22:32:38Z" end-time="2025-07-27 22:32:38Z" duration="0.060040" asserts="0">
                  <properties>
                    <property name="retryIteration" value="0" />
                    <property name="repeatIteration" value="0" />
                  </properties>
                  <output><![CDATA[RuntimeDebugConsole: Using NewInputSystem for input handling.
RuntimeDebugConsole: Using NewInputSystem for input handling.
Runtime Debug Console initialized. Press BackQuote to toggle visibility.
Console will automatically find and integrate with RuntimeTerrainManager if present.
]]></output>
                </test-case>
                <test-case id="1021" name="RuntimeDebugConsole_BackgroundOpacity_CanBeSet" fullname="TinyWalnutGames.TTG.TerrainGeneration.Tests.RuntimeDebugConsoleTests.RuntimeDebugConsole_BackgroundOpacity_CanBeSet" methodname="RuntimeDebugConsole_BackgroundOpacity_CanBeSet" classname="TinyWalnutGames.TTG.TerrainGeneration.Tests.RuntimeDebugConsoleTests" runstate="Runnable" seed="1204479503" result="Passed" start-time="2025-07-27 22:32:38Z" end-time="2025-07-27 22:32:38Z" duration="0.004610" asserts="0">
                  <properties>
                    <property name="retryIteration" value="0" />
                    <property name="repeatIteration" value="0" />
                  </properties>
                  <output><![CDATA[RuntimeDebugConsole: Using NewInputSystem for input handling.
RuntimeDebugConsole: Using NewInputSystem for input handling.
Runtime Debug Console initialized. Press BackQuote to toggle visibility.
Console will automatically find and integrate with RuntimeTerrainManager if present.
]]></output>
                </test-case>
                <test-case id="1029" name="RuntimeDebugConsole_ComponentDestruction_HandlesCorrectly" fullname="TinyWalnutGames.TTG.TerrainGeneration.Tests.RuntimeDebugConsoleTests.RuntimeDebugConsole_ComponentDestruction_HandlesCorrectly" methodname="RuntimeDebugConsole_ComponentDestruction_HandlesCorrectly" classname="TinyWalnutGames.TTG.TerrainGeneration.Tests.RuntimeDebugConsoleTests" runstate="Runnable" seed="1328749060" result="Passed" start-time="2025-07-27 22:32:38Z" end-time="2025-07-27 22:32:38Z" duration="0.007324" asserts="0">
                  <properties>
                    <property name="retryIteration" value="0" />
                    <property name="repeatIteration" value="0" />
                  </properties>
                  <output><![CDATA[RuntimeDebugConsole: Using NewInputSystem for input handling.
RuntimeDebugConsole: Using NewInputSystem for input handling.
Runtime Debug Console initialized. Press BackQuote to toggle visibility.
Console will automatically find and integrate with RuntimeTerrainManager if present.
RuntimeDebugConsole: Using NewInputSystem for input handling.
]]></output>
                </test-case>
                <test-case id="1017" name="RuntimeDebugConsole_Configuration_CanBeModified" fullname="TinyWalnutGames.TTG.TerrainGeneration.Tests.RuntimeDebugConsoleTests.RuntimeDebugConsole_Configuration_CanBeModified" methodname="RuntimeDebugConsole_Configuration_CanBeModified" classname="TinyWalnutGames.TTG.TerrainGeneration.Tests.RuntimeDebugConsoleTests" runstate="Runnable" seed="1946164295" result="Passed" start-time="2025-07-27 22:32:38Z" end-time="2025-07-27 22:32:38Z" duration="0.004851" asserts="0">
                  <properties>
                    <property name="retryIteration" value="0" />
                    <property name="repeatIteration" value="0" />
                  </properties>
                  <output><![CDATA[RuntimeDebugConsole: Using NewInputSystem for input handling.
RuntimeDebugConsole: Using NewInputSystem for input handling.
Runtime Debug Console initialized. Press BackQuote to toggle visibility.
Console will automatically find and integrate with RuntimeTerrainManager if present.
]]></output>
                </test-case>
                <test-case id="1025" name="RuntimeDebugConsole_ConsoleComponents_CanBeAccessed" fullname="TinyWalnutGames.TTG.TerrainGeneration.Tests.RuntimeDebugConsoleTests.RuntimeDebugConsole_ConsoleComponents_CanBeAccessed" methodname="RuntimeDebugConsole_ConsoleComponents_CanBeAccessed" classname="TinyWalnutGames.TTG.TerrainGeneration.Tests.RuntimeDebugConsoleTests" runstate="Runnable" seed="432999032" result="Passed" start-time="2025-07-27 22:32:38Z" end-time="2025-07-27 22:32:38Z" duration="0.006674" asserts="0">
                  <properties>
                    <property name="retryIteration" value="0" />
                    <property name="repeatIteration" value="0" />
                  </properties>
                  <output><![CDATA[RuntimeDebugConsole: Using NewInputSystem for input handling.
RuntimeDebugConsole: Using NewInputSystem for input handling.
Runtime Debug Console initialized. Press BackQuote to toggle visibility.
Console will automatically find and integrate with RuntimeTerrainManager if present.
]]></output>
                </test-case>
                <test-case id="1030" name="RuntimeDebugConsole_ErrorHandling_GracefulDegradation" fullname="TinyWalnutGames.TTG.TerrainGeneration.Tests.RuntimeDebugConsoleTests.RuntimeDebugConsole_ErrorHandling_GracefulDegradation" methodname="RuntimeDebugConsole_ErrorHandling_GracefulDegradation" classname="TinyWalnutGames.TTG.TerrainGeneration.Tests.RuntimeDebugConsoleTests" runstate="Runnable" seed="1288270841" result="Passed" start-time="2025-07-27 22:32:38Z" end-time="2025-07-27 22:32:38Z" duration="0.010887" asserts="0">
                  <properties>
                    <property name="retryIteration" value="0" />
                    <property name="repeatIteration" value="0" />
                  </properties>
                  <output><![CDATA[RuntimeDebugConsole: Using NewInputSystem for input handling.
RuntimeDebugConsole: Using NewInputSystem for input handling.
Runtime Debug Console initialized. Press BackQuote to toggle visibility.
Console will automatically find and integrate with RuntimeTerrainManager if present.
RuntimeDebugConsole: Using NewInputSystem for input handling.
[Empty log message]
[Empty log message]
   
]]></output>
                </test-case>
                <test-case id="1028" name="RuntimeDebugConsole_GameObjectCreation_WorksCorrectly" fullname="TinyWalnutGames.TTG.TerrainGeneration.Tests.RuntimeDebugConsoleTests.RuntimeDebugConsole_GameObjectCreation_WorksCorrectly" methodname="RuntimeDebugConsole_GameObjectCreation_WorksCorrectly" classname="TinyWalnutGames.TTG.TerrainGeneration.Tests.RuntimeDebugConsoleTests" runstate="Runnable" seed="735677784" result="Passed" start-time="2025-07-27 22:32:38Z" end-time="2025-07-27 22:32:38Z" duration="0.006369" asserts="0">
                  <properties>
                    <property name="retryIteration" value="0" />
                    <property name="repeatIteration" value="0" />
                  </properties>
                  <output><![CDATA[RuntimeDebugConsole: Using NewInputSystem for input handling.
RuntimeDebugConsole: Using NewInputSystem for input handling.
Runtime Debug Console initialized. Press BackQuote to toggle visibility.
Console will automatically find and integrate with RuntimeTerrainManager if present.
RuntimeDebugConsole: Using NewInputSystem for input handling.
]]></output>
                </test-case>
                <test-case id="1016" name="RuntimeDebugConsole_InitialState_IsCorrect" fullname="TinyWalnutGames.TTG.TerrainGeneration.Tests.RuntimeDebugConsoleTests.RuntimeDebugConsole_InitialState_IsCorrect" methodname="RuntimeDebugConsole_InitialState_IsCorrect" classname="TinyWalnutGames.TTG.TerrainGeneration.Tests.RuntimeDebugConsoleTests" runstate="Runnable" seed="319725885" result="Passed" start-time="2025-07-27 22:32:38Z" end-time="2025-07-27 22:32:38Z" duration="0.005409" asserts="0">
                  <properties>
                    <property name="retryIteration" value="0" />
                    <property name="repeatIteration" value="0" />
                  </properties>
                  <output><![CDATA[RuntimeDebugConsole: Using NewInputSystem for input handling.
RuntimeDebugConsole: Using NewInputSystem for input handling.
Runtime Debug Console initialized. Press BackQuote to toggle visibility.
Console will automatically find and integrate with RuntimeTerrainManager if present.
]]></output>
                </test-case>
                <test-case id="1033" name="RuntimeDebugConsole_InputMethodEnum_IsValid" fullname="TinyWalnutGames.TTG.TerrainGeneration.Tests.RuntimeDebugConsoleTests.RuntimeDebugConsole_InputMethodEnum_IsValid" methodname="RuntimeDebugConsole_InputMethodEnum_IsValid" classname="TinyWalnutGames.TTG.TerrainGeneration.Tests.RuntimeDebugConsoleTests" runstate="Runnable" seed="516125001" result="Passed" start-time="2025-07-27 22:32:38Z" end-time="2025-07-27 22:32:38Z" duration="0.004509" asserts="0">
                  <properties>
                    <property name="retryIteration" value="0" />
                    <property name="repeatIteration" value="0" />
                  </properties>
                  <output><![CDATA[RuntimeDebugConsole: Using NewInputSystem for input handling.
RuntimeDebugConsole: Using NewInputSystem for input handling.
Runtime Debug Console initialized. Press BackQuote to toggle visibility.
Console will automatically find and integrate with RuntimeTerrainManager if present.
]]></output>
                </test-case>
                <test-case id="1018" name="RuntimeDebugConsole_InputMode_Configuration" fullname="TinyWalnutGames.TTG.TerrainGeneration.Tests.RuntimeDebugConsoleTests.RuntimeDebugConsole_InputMode_Configuration" methodname="RuntimeDebugConsole_InputMode_Configuration" classname="TinyWalnutGames.TTG.TerrainGeneration.Tests.RuntimeDebugConsoleTests" runstate="Runnable" seed="680396507" result="Passed" start-time="2025-07-27 22:32:38Z" end-time="2025-07-27 22:32:38Z" duration="0.004666" asserts="0">
                  <properties>
                    <property name="retryIteration" value="0" />
                    <property name="repeatIteration" value="0" />
                  </properties>
                  <output><![CDATA[RuntimeDebugConsole: Using NewInputSystem for input handling.
RuntimeDebugConsole: Using NewInputSystem for input handling.
Runtime Debug Console initialized. Press BackQuote to toggle visibility.
Console will automatically find and integrate with RuntimeTerrainManager if present.
]]></output>
                </test-case>
                <test-case id="1024" name="RuntimeDebugConsole_InputSystemSettings_CanBeConfigured" fullname="TinyWalnutGames.TTG.TerrainGeneration.Tests.RuntimeDebugConsoleTests.RuntimeDebugConsole_InputSystemSettings_CanBeConfigured" methodname="RuntimeDebugConsole_InputSystemSettings_CanBeConfigured" classname="TinyWalnutGames.TTG.TerrainGeneration.Tests.RuntimeDebugConsoleTests" runstate="Runnable" seed="1686333643" result="Passed" start-time="2025-07-27 22:32:38Z" end-time="2025-07-27 22:32:38Z" duration="0.011225" asserts="0">
                  <properties>
                    <property name="retryIteration" value="0" />
                    <property name="repeatIteration" value="0" />
                  </properties>
                  <reason>
                    <message><![CDATA[Input System configuration test completed]]></message>
                  </reason>
                  <output><![CDATA[RuntimeDebugConsole: Using NewInputSystem for input handling.
RuntimeDebugConsole: Using NewInputSystem for input handling.
Runtime Debug Console initialized. Press BackQuote to toggle visibility.
Console will automatically find and integrate with RuntimeTerrainManager if present.
]]></output>
                </test-case>
                <test-case id="1019" name="RuntimeDebugConsole_MaxLogEntries_CanBeSet" fullname="TinyWalnutGames.TTG.TerrainGeneration.Tests.RuntimeDebugConsoleTests.RuntimeDebugConsole_MaxLogEntries_CanBeSet" methodname="RuntimeDebugConsole_MaxLogEntries_CanBeSet" classname="TinyWalnutGames.TTG.TerrainGeneration.Tests.RuntimeDebugConsoleTests" runstate="Runnable" seed="1138295890" result="Passed" start-time="2025-07-27 22:32:38Z" end-time="2025-07-27 22:32:38Z" duration="0.005083" asserts="0">
                  <properties>
                    <property name="retryIteration" value="0" />
                    <property name="repeatIteration" value="0" />
                  </properties>
                  <output><![CDATA[RuntimeDebugConsole: Using NewInputSystem for input handling.
RuntimeDebugConsole: Using NewInputSystem for input handling.
Runtime Debug Console initialized. Press BackQuote to toggle visibility.
Console will automatically find and integrate with RuntimeTerrainManager if present.
]]></output>
                </test-case>
                <test-case id="1032" name="RuntimeDebugConsole_MultipleInstances_HandleCorrectly" fullname="TinyWalnutGames.TTG.TerrainGeneration.Tests.RuntimeDebugConsoleTests.RuntimeDebugConsole_MultipleInstances_HandleCorrectly" methodname="RuntimeDebugConsole_MultipleInstances_HandleCorrectly" classname="TinyWalnutGames.TTG.TerrainGeneration.Tests.RuntimeDebugConsoleTests" runstate="Runnable" seed="250616045" result="Passed" start-time="2025-07-27 22:32:38Z" end-time="2025-07-27 22:32:38Z" duration="0.007880" asserts="0">
                  <properties>
                    <property name="retryIteration" value="0" />
                    <property name="repeatIteration" value="0" />
                  </properties>
                  <output><![CDATA[RuntimeDebugConsole: Using NewInputSystem for input handling.
RuntimeDebugConsole: Using NewInputSystem for input handling.
Runtime Debug Console initialized. Press BackQuote to toggle visibility.
Console will automatically find and integrate with RuntimeTerrainManager if present.
RuntimeDebugConsole: Using NewInputSystem for input handling.
RuntimeDebugConsole: Using NewInputSystem for input handling.
]]></output>
                </test-case>
                <test-case id="1034" name="RuntimeDebugConsole_RangeValidation_WorksCorrectly" fullname="TinyWalnutGames.TTG.TerrainGeneration.Tests.RuntimeDebugConsoleTests.RuntimeDebugConsole_RangeValidation_WorksCorrectly" methodname="RuntimeDebugConsole_RangeValidation_WorksCorrectly" classname="TinyWalnutGames.TTG.TerrainGeneration.Tests.RuntimeDebugConsoleTests" runstate="Runnable" seed="315632436" result="Passed" start-time="2025-07-27 22:32:38Z" end-time="2025-07-27 22:32:38Z" duration="0.004439" asserts="0">
                  <properties>
                    <property name="retryIteration" value="0" />
                    <property name="repeatIteration" value="0" />
                  </properties>
                  <output><![CDATA[RuntimeDebugConsole: Using NewInputSystem for input handling.
RuntimeDebugConsole: Using NewInputSystem for input handling.
Runtime Debug Console initialized. Press BackQuote to toggle visibility.
Console will automatically find and integrate with RuntimeTerrainManager if present.
]]></output>
                </test-case>
                <test-case id="1023" name="RuntimeDebugConsole_ShowTimestamps_CanBeToggled" fullname="TinyWalnutGames.TTG.TerrainGeneration.Tests.RuntimeDebugConsoleTests.RuntimeDebugConsole_ShowTimestamps_CanBeToggled" methodname="RuntimeDebugConsole_ShowTimestamps_CanBeToggled" classname="TinyWalnutGames.TTG.TerrainGeneration.Tests.RuntimeDebugConsoleTests" runstate="Runnable" seed="1734146541" result="Passed" start-time="2025-07-27 22:32:38Z" end-time="2025-07-27 22:32:38Z" duration="0.006667" asserts="0">
                  <properties>
                    <property name="retryIteration" value="0" />
                    <property name="repeatIteration" value="0" />
                  </properties>
                  <output><![CDATA[RuntimeDebugConsole: Using NewInputSystem for input handling.
RuntimeDebugConsole: Using NewInputSystem for input handling.
Runtime Debug Console initialized. Press BackQuote to toggle visibility.
Console will automatically find and integrate with RuntimeTerrainManager if present.
]]></output>
                </test-case>
                <test-case id="1031" name="RuntimeDebugConsole_TerrainManagerIntegration_HandlesCorrectly" fullname="TinyWalnutGames.TTG.TerrainGeneration.Tests.RuntimeDebugConsoleTests.RuntimeDebugConsole_TerrainManagerIntegration_HandlesCorrectly" methodname="RuntimeDebugConsole_TerrainManagerIntegration_HandlesCorrectly" classname="TinyWalnutGames.TTG.TerrainGeneration.Tests.RuntimeDebugConsoleTests" runstate="Runnable" seed="1704647817" result="Passed" start-time="2025-07-27 22:32:38Z" end-time="2025-07-27 22:32:38Z" duration="0.008485" asserts="0">
                  <properties>
                    <property name="retryIteration" value="0" />
                    <property name="repeatIteration" value="0" />
                  </properties>
                  <output><![CDATA[RuntimeDebugConsole: Using NewInputSystem for input handling.
RuntimeDebugConsole: Using NewInputSystem for input handling.
Runtime Debug Console initialized. Press BackQuote to toggle visibility.
Console will automatically find and integrate with RuntimeTerrainManager if present.
Test with terrain manager
]]></output>
                </test-case>
                <test-case id="1020" name="RuntimeDebugConsole_ToggleKey_CanBeSet" fullname="TinyWalnutGames.TTG.TerrainGeneration.Tests.RuntimeDebugConsoleTests.RuntimeDebugConsole_ToggleKey_CanBeSet" methodname="RuntimeDebugConsole_ToggleKey_CanBeSet" classname="TinyWalnutGames.TTG.TerrainGeneration.Tests.RuntimeDebugConsoleTests" runstate="Runnable" seed="1101436593" result="Passed" start-time="2025-07-27 22:32:38Z" end-time="2025-07-27 22:32:38Z" duration="0.005417" asserts="0">
                  <properties>
                    <property name="retryIteration" value="0" />
                    <property name="repeatIteration" value="0" />
                  </properties>
                  <output><![CDATA[RuntimeDebugConsole: Using NewInputSystem for input handling.
RuntimeDebugConsole: Using NewInputSystem for input handling.
Runtime Debug Console initialized. Press BackQuote to toggle visibility.
Console will automatically find and integrate with RuntimeTerrainManager if present.
]]></output>
                </test-case>
                <test-case id="1027" name="RuntimeDebugConsoleSetup_GetConsoleInstance_HandlesCorrectly" fullname="TinyWalnutGames.TTG.TerrainGeneration.Tests.RuntimeDebugConsoleTests.RuntimeDebugConsoleSetup_GetConsoleInstance_HandlesCorrectly" methodname="RuntimeDebugConsoleSetup_GetConsoleInstance_HandlesCorrectly" classname="TinyWalnutGames.TTG.TerrainGeneration.Tests.RuntimeDebugConsoleTests" runstate="Runnable" seed="536939895" result="Passed" start-time="2025-07-27 22:32:38Z" end-time="2025-07-27 22:32:38Z" duration="0.004670" asserts="0">
                  <properties>
                    <property name="retryIteration" value="0" />
                    <property name="repeatIteration" value="0" />
                  </properties>
                  <output><![CDATA[RuntimeDebugConsole: Using NewInputSystem for input handling.
RuntimeDebugConsole: Using NewInputSystem for input handling.
Runtime Debug Console initialized. Press BackQuote to toggle visibility.
Console will automatically find and integrate with RuntimeTerrainManager if present.
]]></output>
                </test-case>
                <test-case id="1026" name="RuntimeDebugConsoleSetup_StaticMethods_WorkCorrectly" fullname="TinyWalnutGames.TTG.TerrainGeneration.Tests.RuntimeDebugConsoleTests.RuntimeDebugConsoleSetup_StaticMethods_WorkCorrectly" methodname="RuntimeDebugConsoleSetup_StaticMethods_WorkCorrectly" classname="TinyWalnutGames.TTG.TerrainGeneration.Tests.RuntimeDebugConsoleTests" runstate="Runnable" seed="1723199165" result="Passed" start-time="2025-07-27 22:32:38Z" end-time="2025-07-27 22:32:38Z" duration="0.005398" asserts="0">
                  <properties>
                    <property name="retryIteration" value="0" />
                    <property name="repeatIteration" value="0" />
                  </properties>
                  <output><![CDATA[RuntimeDebugConsole: Using NewInputSystem for input handling.
RuntimeDebugConsole: Using NewInputSystem for input handling.
Runtime Debug Console initialized. Press BackQuote to toggle visibility.
Console will automatically find and integrate with RuntimeTerrainManager if present.
Test message
]]></output>
                </test-case>
              </test-suite>
              <test-suite type="TestFixture" id="1035" name="RuntimeEntityLoaderSystemTests" fullname="TinyWalnutGames.TTG.TerrainGeneration.Tests.RuntimeEntityLoaderSystemTests" classname="TinyWalnutGames.TTG.TerrainGeneration.Tests.RuntimeEntityLoaderSystemTests" runstate="Runnable" testcasecount="13" result="Failed" site="Child" start-time="2025-07-27 22:32:38Z" end-time="2025-07-27 22:32:40Z" duration="1.966032" total="13" passed="11" failed="2" inconclusive="0" skipped="0" asserts="0">
                <properties />
                <failure>
                  <message><![CDATA[One or more child tests had errors]]></message>
                </failure>
                <output><![CDATA[RuntimeDebugConsole: Input System actions initialized successfully.
SetConsoleVisibility called with visible: False
Console canvas active set to: False
RuntimeDebugConsole: Input System actions initialized successfully.
SetConsoleVisibility called with visible: False
Console canvas active set to: False
RuntimeDebugConsole: Input System actions initialized successfully.
SetConsoleVisibility called with visible: False
Console canvas active set to: False
RuntimeDebugConsole: Input System actions initialized successfully.
SetConsoleVisibility called with visible: False
Console canvas active set to: False
RuntimeDebugConsole: Input System actions initialized successfully.
SetConsoleVisibility called with visible: False
Console canvas active set to: False
RuntimeDebugConsole: Input System actions initialized successfully.
SetConsoleVisibility called with visible: False
Console canvas active set to: False
RuntimeDebugConsole: Input System actions initialized successfully.
SetConsoleVisibility called with visible: False
Console canvas active set to: False
RuntimeDebugConsole: Input System actions initialized successfully.
SetConsoleVisibility called with visible: False
Console canvas active set to: False
RuntimeDebugConsole: Input System actions initialized successfully.
SetConsoleVisibility called with visible: False
Console canvas active set to: False
RuntimeDebugConsole: Input System actions initialized successfully.
SetConsoleVisibility called with visible: False
Console canvas active set to: False
RuntimeDebugConsole: Input System actions initialized successfully.
SetConsoleVisibility called with visible: False
Console canvas active set to: False
RuntimeDebugConsole: Input System actions initialized successfully.
SetConsoleVisibility called with visible: False
Console canvas active set to: False
RuntimeDebugConsole: Input System actions initialized successfully.
SetConsoleVisibility called with visible: False
Console canvas active set to: False
RuntimeDebugConsole: Input System actions initialized successfully.
SetConsoleVisibility called with visible: False
Console canvas active set to: False
RuntimeDebugConsole: Input System actions initialized successfully.
SetConsoleVisibility called with visible: False
Console canvas active set to: False
RuntimeDebugConsole: Input System actions initialized successfully.
SetConsoleVisibility called with visible: False
Console canvas active set to: False
RuntimeDebugConsole: Input System actions initialized successfully.
SetConsoleVisibility called with visible: False
Console canvas active set to: False
RuntimeDebugConsole: Input System actions initialized successfully.
SetConsoleVisibility called with visible: False
Console canvas active set to: False
RuntimeDebugConsole: Input System actions initialized successfully.
SetConsoleVisibility called with visible: False
Console canvas active set to: False
]]></output>
                <test-case id="1041" name="RuntimeEntityLoaderSystem_DifferentLoadingMethods_ProcessesBoth" fullname="TinyWalnutGames.TTG.TerrainGeneration.Tests.RuntimeEntityLoaderSystemTests.RuntimeEntityLoaderSystem_DifferentLoadingMethods_ProcessesBoth" methodname="RuntimeEntityLoaderSystem_DifferentLoadingMethods_ProcessesBoth" classname="TinyWalnutGames.TTG.TerrainGeneration.Tests.RuntimeEntityLoaderSystemTests" runstate="Runnable" seed="463369924" result="Passed" start-time="2025-07-27 22:32:38Z" end-time="2025-07-27 22:32:38Z" duration="0.022918" asserts="0">
                  <properties>
                    <property name="retryIteration" value="0" />
                    <property name="repeatIteration" value="0" />
                  </properties>
                  <output><![CDATA[RuntimeEntityLoaderSystem: Processing scene loading requests for runtime build...
Processing scene loading request for: Scene1
Scene loading request processed for: Scene1
Processing scene loading request for: Scene2
Scene loading request processed for: Scene2
RuntimeEntityLoaderSystem: Scene loading request processing complete.
]]></output>
                </test-case>
                <test-case id="1039" name="RuntimeEntityLoaderSystem_EmptySceneName_HandlesGracefully" fullname="TinyWalnutGames.TTG.TerrainGeneration.Tests.RuntimeEntityLoaderSystemTests.RuntimeEntityLoaderSystem_EmptySceneName_HandlesGracefully" methodname="RuntimeEntityLoaderSystem_EmptySceneName_HandlesGracefully" classname="TinyWalnutGames.TTG.TerrainGeneration.Tests.RuntimeEntityLoaderSystemTests" runstate="Runnable" seed="1070655113" result="Passed" start-time="2025-07-27 22:32:38Z" end-time="2025-07-27 22:32:38Z" duration="0.012136" asserts="0">
                  <properties>
                    <property name="retryIteration" value="0" />
                    <property name="repeatIteration" value="0" />
                  </properties>
                  <output><![CDATA[RuntimeEntityLoaderSystem: Processing scene loading requests for runtime build...
Processing scene loading request for: 
Scene loading request processed for: 
RuntimeEntityLoaderSystem: Scene loading request processing complete.
]]></output>
                </test-case>
                <test-case id="1045" name="RuntimeEntityLoaderSystem_EntityDestruction_UpdatesCountsCorrectly" fullname="TinyWalnutGames.TTG.TerrainGeneration.Tests.RuntimeEntityLoaderSystemTests.RuntimeEntityLoaderSystem_EntityDestruction_UpdatesCountsCorrectly" methodname="RuntimeEntityLoaderSystem_EntityDestruction_UpdatesCountsCorrectly" classname="TinyWalnutGames.TTG.TerrainGeneration.Tests.RuntimeEntityLoaderSystemTests" runstate="Runnable" seed="1877839392" result="Passed" start-time="2025-07-27 22:32:38Z" end-time="2025-07-27 22:32:38Z" duration="0.013173" asserts="0">
                  <properties>
                    <property name="retryIteration" value="0" />
                    <property name="repeatIteration" value="0" />
                  </properties>
                  <output><![CDATA[RuntimeEntityLoaderSystem: Processing scene loading requests for runtime build...
Processing scene loading request for: TestScene
Scene loading request processed for: TestScene
RuntimeEntityLoaderSystem: Scene loading request processing complete.
]]></output>
                </test-case>
                <test-case id="1048" name="RuntimeEntityLoaderSystem_ErrorHandling_ContinuesProcessingOtherRequests" fullname="TinyWalnutGames.TTG.TerrainGeneration.Tests.RuntimeEntityLoaderSystemTests.RuntimeEntityLoaderSystem_ErrorHandling_ContinuesProcessingOtherRequests" methodname="RuntimeEntityLoaderSystem_ErrorHandling_ContinuesProcessingOtherRequests" classname="TinyWalnutGames.TTG.TerrainGeneration.Tests.RuntimeEntityLoaderSystemTests" runstate="Runnable" seed="744924315" result="Passed" start-time="2025-07-27 22:32:38Z" end-time="2025-07-27 22:32:38Z" duration="0.019847" asserts="0">
                  <properties>
                    <property name="retryIteration" value="0" />
                    <property name="repeatIteration" value="0" />
                  </properties>
                  <output><![CDATA[RuntimeEntityLoaderSystem: Processing scene loading requests for runtime build...
Processing scene loading request for: ValidScene
Scene loading request processed for: ValidScene
Processing scene loading request for: 
Scene loading request processed for: 
RuntimeEntityLoaderSystem: Scene loading request processing complete.
]]></output>
                </test-case>
                <test-case id="1036" name="RuntimeEntityLoaderSystem_InitialState_HasCorrectDefaults" fullname="TinyWalnutGames.TTG.TerrainGeneration.Tests.RuntimeEntityLoaderSystemTests.RuntimeEntityLoaderSystem_InitialState_HasCorrectDefaults" methodname="RuntimeEntityLoaderSystem_InitialState_HasCorrectDefaults" classname="TinyWalnutGames.TTG.TerrainGeneration.Tests.RuntimeEntityLoaderSystemTests" runstate="Runnable" seed="1925409794" result="Passed" start-time="2025-07-27 22:32:38Z" end-time="2025-07-27 22:32:38Z" duration="0.001206" asserts="0">
                  <properties>
                    <property name="retryIteration" value="0" />
                    <property name="repeatIteration" value="0" />
                  </properties>
                </test-case>
                <test-case id="1040" name="RuntimeEntityLoaderSystem_InvalidSceneIndex_HandlesGracefully" fullname="TinyWalnutGames.TTG.TerrainGeneration.Tests.RuntimeEntityLoaderSystemTests.RuntimeEntityLoaderSystem_InvalidSceneIndex_HandlesGracefully" methodname="RuntimeEntityLoaderSystem_InvalidSceneIndex_HandlesGracefully" classname="TinyWalnutGames.TTG.TerrainGeneration.Tests.RuntimeEntityLoaderSystemTests" runstate="Runnable" seed="172459330" result="Passed" start-time="2025-07-27 22:32:38Z" end-time="2025-07-27 22:32:38Z" duration="0.013791" asserts="0">
                  <properties>
                    <property name="retryIteration" value="0" />
                    <property name="repeatIteration" value="0" />
                  </properties>
                  <output><![CDATA[RuntimeEntityLoaderSystem: Processing scene loading requests for runtime build...
Processing scene loading request for: ValidScene
Scene loading request processed for: ValidScene
RuntimeEntityLoaderSystem: Scene loading request processing complete.
]]></output>
                </test-case>
                <test-case id="1044" name="RuntimeEntityLoaderSystem_LargeNumberOfRequests_HandlesEfficiently" fullname="TinyWalnutGames.TTG.TerrainGeneration.Tests.RuntimeEntityLoaderSystemTests.RuntimeEntityLoaderSystem_LargeNumberOfRequests_HandlesEfficiently" methodname="RuntimeEntityLoaderSystem_LargeNumberOfRequests_HandlesEfficiently" classname="TinyWalnutGames.TTG.TerrainGeneration.Tests.RuntimeEntityLoaderSystemTests" runstate="Runnable" seed="365341848" result="Failed" start-time="2025-07-27 22:32:38Z" end-time="2025-07-27 22:32:40Z" duration="1.420946" asserts="0">
                  <properties>
                    <property name="retryIteration" value="0" />
                    <property name="repeatIteration" value="0" />
                  </properties>
                  <failure>
                    <message><![CDATA[  Processing should complete efficiently
  Expected: less than 1000
  But was:  1416
]]></message>
                    <stack-trace><![CDATA[at TinyWalnutGames.TTG.TerrainGeneration.Tests.RuntimeEntityLoaderSystemTests.RuntimeEntityLoaderSystem_LargeNumberOfRequests_HandlesEfficiently () [0x000a7] in D:\Tiny Walnut Games\TWG-DOTS-TTG\Assets\TinyWalnutGames.TTG\Tests\RuntimeEntityLoaderSystemTests.cs:271
]]></stack-trace>
                  </failure>
                  <output><![CDATA[RuntimeEntityLoaderSystem: Processing scene loading requests for runtime build...
Processing scene loading request for: Scene_0
Scene loading request processed for: Scene_0
Processing scene loading request for: Scene_1
Scene loading request processed for: Scene_1
Processing scene loading request for: Scene_2
Scene loading request processed for: Scene_2
Processing scene loading request for: Scene_3
Scene loading request processed for: Scene_3
Processing scene loading request for: Scene_4
Scene loading request processed for: Scene_4
Processing scene loading request for: Scene_5
Scene loading request processed for: Scene_5
Processing scene loading request for: Scene_6
Scene loading request processed for: Scene_6
Processing scene loading request for: Scene_7
Scene loading request processed for: Scene_7
Processing scene loading request for: Scene_8
Scene loading request processed for: Scene_8
Processing scene loading request for: Scene_9
Scene loading request processed for: Scene_9
Processing scene loading request for: Scene_10
Scene loading request processed for: Scene_10
Processing scene loading request for: Scene_11
Scene loading request processed for: Scene_11
Processing scene loading request for: Scene_12
Scene loading request processed for: Scene_12
Processing scene loading request for: Scene_13
Scene loading request processed for: Scene_13
Processing scene loading request for: Scene_14
Scene loading request processed for: Scene_14
Processing scene loading request for: Scene_15
Scene loading request processed for: Scene_15
Processing scene loading request for: Scene_16
Scene loading request processed for: Scene_16
Processing scene loading request for: Scene_17
Scene loading request processed for: Scene_17
Processing scene loading request for: Scene_18
Scene loading request processed for: Scene_18
Processing scene loading request for: Scene_19
Scene loading request processed for: Scene_19
Processing scene loading request for: Scene_20
Scene loading request processed for: Scene_20
Processing scene loading request for: Scene_21
Scene loading request processed for: Scene_21
Processing scene loading request for: Scene_22
Scene loading request processed for: Scene_22
Processing scene loading request for: Scene_23
Scene loading request processed for: Scene_23
Processing scene loading request for: Scene_24
Scene loading request processed for: Scene_24
Processing scene loading request for: Scene_25
Scene loading request processed for: Scene_25
Processing scene loading request for: Scene_26
Scene loading request processed for: Scene_26
Processing scene loading request for: Scene_27
Scene loading request processed for: Scene_27
Processing scene loading request for: Scene_28
Scene loading request processed for: Scene_28
Processing scene loading request for: Scene_29
Scene loading request processed for: Scene_29
Processing scene loading request for: Scene_30
Scene loading request processed for: Scene_30
Processing scene loading request for: Scene_31
Scene loading request processed for: Scene_31
Processing scene loading request for: Scene_32
Scene loading request processed for: Scene_32
Processing scene loading request for: Scene_33
Scene loading request processed for: Scene_33
Processing scene loading request for: Scene_34
Scene loading request processed for: Scene_34
Processing scene loading request for: Scene_35
Scene loading request processed for: Scene_35
Processing scene loading request for: Scene_36
Scene loading request processed for: Scene_36
Processing scene loading request for: Scene_37
Scene loading request processed for: Scene_37
Processing scene loading request for: Scene_38
Scene loading request processed for: Scene_38
Processing scene loading request for: Scene_39
Scene loading request processed for: Scene_39
Processing scene loading request for: Scene_40
Scene loading request processed for: Scene_40
Processing scene loading request for: Scene_41
Scene loading request processed for: Scene_41
Processing scene loading request for: Scene_42
Scene loading request processed for: Scene_42
Processing scene loading request for: Scene_43
Scene loading request processed for: Scene_43
Processing scene loading request for: Scene_44
Scene loading request processed for: Scene_44
Processing scene loading request for: Scene_45
Scene loading request processed for: Scene_45
Processing scene loading request for: Scene_46
Scene loading request processed for: Scene_46
Processing scene loading request for: Scene_47
Scene loading request processed for: Scene_47
Processing scene loading request for: Scene_48
Scene loading request processed for: Scene_48
Processing scene loading request for: Scene_49
Scene loading request processed for: Scene_49
Processing scene loading request for: Scene_50
Scene loading request processed for: Scene_50
Processing scene loading request for: Scene_51
Scene loading request processed for: Scene_51
Processing scene loading request for: Scene_52
Scene loading request processed for: Scene_52
Processing scene loading request for: Scene_53
Scene loading request processed for: Scene_53
Processing scene loading request for: Scene_54
Scene loading request processed for: Scene_54
Processing scene loading request for: Scene_55
Scene loading request processed for: Scene_55
Processing scene loading request for: Scene_56
Scene loading request processed for: Scene_56
Processing scene loading request for: Scene_57
Scene loading request processed for: Scene_57
Processing scene loading request for: Scene_58
Scene loading request processed for: Scene_58
Processing scene loading request for: Scene_59
Scene loading request processed for: Scene_59
Processing scene loading request for: Scene_60
Scene loading request processed for: Scene_60
Processing scene loading request for: Scene_61
Scene loading request processed for: Scene_61
Processing scene loading request for: Scene_62
Scene loading request processed for: Scene_62
Processing scene loading request for: Scene_63
Scene loading request processed for: Scene_63
Processing scene loading request for: Scene_64
Scene loading request processed for: Scene_64
Processing scene loading request for: Scene_65
Scene loading request processed for: Scene_65
Processing scene loading request for: Scene_66
Scene loading request processed for: Scene_66
Processing scene loading request for: Scene_67
Scene loading request processed for: Scene_67
Processing scene loading request for: Scene_68
Scene loading request processed for: Scene_68
Processing scene loading request for: Scene_69
Scene loading request processed for: Scene_69
Processing scene loading request for: Scene_70
Scene loading request processed for: Scene_70
Processing scene loading request for: Scene_71
Scene loading request processed for: Scene_71
Processing scene loading request for: Scene_72
Scene loading request processed for: Scene_72
Processing scene loading request for: Scene_73
Scene loading request processed for: Scene_73
Processing scene loading request for: Scene_74
Scene loading request processed for: Scene_74
Processing scene loading request for: Scene_75
Scene loading request processed for: Scene_75
Processing scene loading request for: Scene_76
Scene loading request processed for: Scene_76
Processing scene loading request for: Scene_77
Scene loading request processed for: Scene_77
Processing scene loading request for: Scene_78
Scene loading request processed for: Scene_78
Processing scene loading request for: Scene_79
Scene loading request processed for: Scene_79
Processing scene loading request for: Scene_80
Scene loading request processed for: Scene_80
Processing scene loading request for: Scene_81
Scene loading request processed for: Scene_81
Processing scene loading request for: Scene_82
Scene loading request processed for: Scene_82
Processing scene loading request for: Scene_83
Scene loading request processed for: Scene_83
Processing scene loading request for: Scene_84
Scene loading request processed for: Scene_84
Processing scene loading request for: Scene_85
Scene loading request processed for: Scene_85
Processing scene loading request for: Scene_86
Scene loading request processed for: Scene_86
Processing scene loading request for: Scene_87
Scene loading request processed for: Scene_87
Processing scene loading request for: Scene_88
Scene loading request processed for: Scene_88
Processing scene loading request for: Scene_89
Scene loading request processed for: Scene_89
Processing scene loading request for: Scene_90
Scene loading request processed for: Scene_90
Processing scene loading request for: Scene_91
Scene loading request processed for: Scene_91
Processing scene loading request for: Scene_92
Scene loading request processed for: Scene_92
Processing scene loading request for: Scene_93
Scene loading request processed for: Scene_93
Processing scene loading request for: Scene_94
Scene loading request processed for: Scene_94
Processing scene loading request for: Scene_95
Scene loading request processed for: Scene_95
Processing scene loading request for: Scene_96
Scene loading request processed for: Scene_96
Processing scene loading request for: Scene_97
Scene loading request processed for: Scene_97
Processing scene loading request for: Scene_98
Scene loading request processed for: Scene_98
Processing scene loading request for: Scene_99
Scene loading request processed for: Scene_99
RuntimeEntityLoaderSystem: Scene loading request processing complete.
]]></output>
                </test-case>
                <test-case id="1046" name="RuntimeEntityLoaderSystem_MixedEntities_ProcessesOnlySceneRequests" fullname="TinyWalnutGames.TTG.TerrainGeneration.Tests.RuntimeEntityLoaderSystemTests.RuntimeEntityLoaderSystem_MixedEntities_ProcessesOnlySceneRequests" methodname="RuntimeEntityLoaderSystem_MixedEntities_ProcessesOnlySceneRequests" classname="TinyWalnutGames.TTG.TerrainGeneration.Tests.RuntimeEntityLoaderSystemTests" runstate="Runnable" seed="1121163328" result="Passed" start-time="2025-07-27 22:32:40Z" end-time="2025-07-27 22:32:40Z" duration="0.035289" asserts="0">
                  <properties>
                    <property name="retryIteration" value="0" />
                    <property name="repeatIteration" value="0" />
                  </properties>
                  <output><![CDATA[RuntimeEntityLoaderSystem: Processing scene loading requests for runtime build...
Processing scene loading request for: TestScene
Scene loading request processed for: TestScene
RuntimeEntityLoaderSystem: Scene loading request processing complete.
]]></output>
                </test-case>
                <test-case id="1038" name="RuntimeEntityLoaderSystem_MultipleRequests_ProcessesAll" fullname="TinyWalnutGames.TTG.TerrainGeneration.Tests.RuntimeEntityLoaderSystemTests.RuntimeEntityLoaderSystem_MultipleRequests_ProcessesAll" methodname="RuntimeEntityLoaderSystem_MultipleRequests_ProcessesAll" classname="TinyWalnutGames.TTG.TerrainGeneration.Tests.RuntimeEntityLoaderSystemTests" runstate="Runnable" seed="1791886862" result="Passed" start-time="2025-07-27 22:32:40Z" end-time="2025-07-27 22:32:40Z" duration="0.150875" asserts="0">
                  <properties>
                    <property name="retryIteration" value="0" />
                    <property name="repeatIteration" value="0" />
                  </properties>
                  <output><![CDATA[RuntimeEntityLoaderSystem: Processing scene loading requests for runtime build...
Processing scene loading request for: TestScene_0
Scene loading request processed for: TestScene_0
Processing scene loading request for: TestScene_1
Scene loading request processed for: TestScene_1
Processing scene loading request for: TestScene_2
Scene loading request processed for: TestScene_2
Processing scene loading request for: TestScene_3
Scene loading request processed for: TestScene_3
Processing scene loading request for: TestScene_4
Scene loading request processed for: TestScene_4
RuntimeEntityLoaderSystem: Scene loading request processing complete.
]]></output>
                </test-case>
                <test-case id="1043" name="RuntimeEntityLoaderSystem_NewRequestsAfterProcessing_ProcessesNewOnes" fullname="TinyWalnutGames.TTG.TerrainGeneration.Tests.RuntimeEntityLoaderSystemTests.RuntimeEntityLoaderSystem_NewRequestsAfterProcessing_ProcessesNewOnes" methodname="RuntimeEntityLoaderSystem_NewRequestsAfterProcessing_ProcessesNewOnes" classname="TinyWalnutGames.TTG.TerrainGeneration.Tests.RuntimeEntityLoaderSystemTests" runstate="Runnable" seed="1305294207" result="Failed" start-time="2025-07-27 22:32:40Z" end-time="2025-07-27 22:32:40Z" duration="0.033922" asserts="0">
                  <properties>
                    <property name="retryIteration" value="0" />
                    <property name="repeatIteration" value="0" />
                  </properties>
                  <failure>
                    <message><![CDATA[  Expected: 2
  But was:  1
]]></message>
                    <stack-trace><![CDATA[at TinyWalnutGames.TTG.TerrainGeneration.Tests.RuntimeEntityLoaderSystemTests.RuntimeEntityLoaderSystem_NewRequestsAfterProcessing_ProcessesNewOnes () [0x000fd] in D:\Tiny Walnut Games\TWG-DOTS-TTG\Assets\TinyWalnutGames.TTG\Tests\RuntimeEntityLoaderSystemTests.cs:239
]]></stack-trace>
                  </failure>
                  <output><![CDATA[RuntimeEntityLoaderSystem: Processing scene loading requests for runtime build...
Processing scene loading request for: Scene1
Scene loading request processed for: Scene1
RuntimeEntityLoaderSystem: Scene loading request processing complete.
]]></output>
                </test-case>
                <test-case id="1042" name="RuntimeEntityLoaderSystem_RepeatedUpdates_DoesNotReprocessRequests" fullname="TinyWalnutGames.TTG.TerrainGeneration.Tests.RuntimeEntityLoaderSystemTests.RuntimeEntityLoaderSystem_RepeatedUpdates_DoesNotReprocessRequests" methodname="RuntimeEntityLoaderSystem_RepeatedUpdates_DoesNotReprocessRequests" classname="TinyWalnutGames.TTG.TerrainGeneration.Tests.RuntimeEntityLoaderSystemTests" runstate="Runnable" seed="1169133542" result="Passed" start-time="2025-07-27 22:32:40Z" end-time="2025-07-27 22:32:40Z" duration="0.030326" asserts="0">
                  <properties>
                    <property name="retryIteration" value="0" />
                    <property name="repeatIteration" value="0" />
                  </properties>
                  <output><![CDATA[RuntimeEntityLoaderSystem: Processing scene loading requests for runtime build...
Processing scene loading request for: TestScene
Scene loading request processed for: TestScene
RuntimeEntityLoaderSystem: Scene loading request processing complete.
]]></output>
                </test-case>
                <test-case id="1037" name="RuntimeEntityLoaderSystem_SceneLoadingRequest_ProcessesCorrectly" fullname="TinyWalnutGames.TTG.TerrainGeneration.Tests.RuntimeEntityLoaderSystemTests.RuntimeEntityLoaderSystem_SceneLoadingRequest_ProcessesCorrectly" methodname="RuntimeEntityLoaderSystem_SceneLoadingRequest_ProcessesCorrectly" classname="TinyWalnutGames.TTG.TerrainGeneration.Tests.RuntimeEntityLoaderSystemTests" runstate="Runnable" seed="2034085815" result="Passed" start-time="2025-07-27 22:32:40Z" end-time="2025-07-27 22:32:40Z" duration="0.028875" asserts="0">
                  <properties>
                    <property name="retryIteration" value="0" />
                    <property name="repeatIteration" value="0" />
                  </properties>
                  <output><![CDATA[RuntimeEntityLoaderSystem: Processing scene loading requests for runtime build...
Processing scene loading request for: TestScene
Scene loading request processed for: TestScene
RuntimeEntityLoaderSystem: Scene loading request processing complete.
]]></output>
                </test-case>
                <test-case id="1047" name="RuntimeEntityLoaderSystem_StatusMonitoring_ReflectsCurrentState" fullname="TinyWalnutGames.TTG.TerrainGeneration.Tests.RuntimeEntityLoaderSystemTests.RuntimeEntityLoaderSystem_StatusMonitoring_ReflectsCurrentState" methodname="RuntimeEntityLoaderSystem_StatusMonitoring_ReflectsCurrentState" classname="TinyWalnutGames.TTG.TerrainGeneration.Tests.RuntimeEntityLoaderSystemTests" runstate="Runnable" seed="530311776" result="Passed" start-time="2025-07-27 22:32:40Z" end-time="2025-07-27 22:32:40Z" duration="0.045090" asserts="0">
                  <properties>
                    <property name="retryIteration" value="0" />
                    <property name="repeatIteration" value="0" />
                  </properties>
                  <output><![CDATA[RuntimeEntityLoaderSystem: Processing scene loading requests for runtime build...
Processing scene loading request for: Scene1
Scene loading request processed for: Scene1
Processing scene loading request for: Scene2
Scene loading request processed for: Scene2
RuntimeEntityLoaderSystem: Scene loading request processing complete.
]]></output>
                </test-case>
              </test-suite>
              <test-suite type="TestFixture" id="1049" name="RuntimeTerrainManagerTests" fullname="TinyWalnutGames.TTG.TerrainGeneration.Tests.RuntimeTerrainManagerTests" classname="TinyWalnutGames.TTG.TerrainGeneration.Tests.RuntimeTerrainManagerTests" runstate="Runnable" testcasecount="20" result="Passed" start-time="2025-07-27 22:32:40Z" end-time="2025-07-27 22:32:40Z" duration="0.035488" total="20" passed="20" failed="0" inconclusive="0" skipped="0" asserts="0">
                <properties />
                <test-case id="1062" name="RuntimeTerrainManager_AutoInitializeOnStart_CanBeToggled" fullname="TinyWalnutGames.TTG.TerrainGeneration.Tests.RuntimeTerrainManagerTests.RuntimeTerrainManager_AutoInitializeOnStart_CanBeToggled" methodname="RuntimeTerrainManager_AutoInitializeOnStart_CanBeToggled" classname="TinyWalnutGames.TTG.TerrainGeneration.Tests.RuntimeTerrainManagerTests" runstate="Runnable" seed="1904720142" result="Passed" start-time="2025-07-27 22:32:40Z" end-time="2025-07-27 22:32:40Z" duration="0.000498" asserts="0">
                  <properties>
                    <property name="retryIteration" value="0" />
                    <property name="repeatIteration" value="0" />
                  </properties>
                </test-case>
                <test-case id="1065" name="RuntimeTerrainManager_CreateDefaultTerrainEntity_CanBeToggled" fullname="TinyWalnutGames.TTG.TerrainGeneration.Tests.RuntimeTerrainManagerTests.RuntimeTerrainManager_CreateDefaultTerrainEntity_CanBeToggled" methodname="RuntimeTerrainManager_CreateDefaultTerrainEntity_CanBeToggled" classname="TinyWalnutGames.TTG.TerrainGeneration.Tests.RuntimeTerrainManagerTests" runstate="Runnable" seed="241802116" result="Passed" start-time="2025-07-27 22:32:40Z" end-time="2025-07-27 22:32:40Z" duration="0.000219" asserts="0">
                  <properties>
                    <property name="retryIteration" value="0" />
                    <property name="repeatIteration" value="0" />
                  </properties>
                </test-case>
                <test-case id="1056" name="RuntimeTerrainManager_CreateTerrainGenerationRequest_WorksCorrectly" fullname="TinyWalnutGames.TTG.TerrainGeneration.Tests.RuntimeTerrainManagerTests.RuntimeTerrainManager_CreateTerrainGenerationRequest_WorksCorrectly" methodname="RuntimeTerrainManager_CreateTerrainGenerationRequest_WorksCorrectly" classname="TinyWalnutGames.TTG.TerrainGeneration.Tests.RuntimeTerrainManagerTests" runstate="Runnable" seed="872096399" result="Passed" start-time="2025-07-27 22:32:40Z" end-time="2025-07-27 22:32:40Z" duration="0.006436" asserts="0">
                  <properties>
                    <property name="retryIteration" value="0" />
                    <property name="repeatIteration" value="0" />
                  </properties>
                </test-case>
                <test-case id="1061" name="RuntimeTerrainManager_DebugLogging_CanBeToggled" fullname="TinyWalnutGames.TTG.TerrainGeneration.Tests.RuntimeTerrainManagerTests.RuntimeTerrainManager_DebugLogging_CanBeToggled" methodname="RuntimeTerrainManager_DebugLogging_CanBeToggled" classname="TinyWalnutGames.TTG.TerrainGeneration.Tests.RuntimeTerrainManagerTests" runstate="Runnable" seed="128161019" result="Passed" start-time="2025-07-27 22:32:40Z" end-time="2025-07-27 22:32:40Z" duration="0.000221" asserts="0">
                  <properties>
                    <property name="retryIteration" value="0" />
                    <property name="repeatIteration" value="0" />
                  </properties>
                </test-case>
                <test-case id="1054" name="RuntimeTerrainManager_DefaultTerrainData_HasValidValues" fullname="TinyWalnutGames.TTG.TerrainGeneration.Tests.RuntimeTerrainManagerTests.RuntimeTerrainManager_DefaultTerrainData_HasValidValues" methodname="RuntimeTerrainManager_DefaultTerrainData_HasValidValues" classname="TinyWalnutGames.TTG.TerrainGeneration.Tests.RuntimeTerrainManagerTests" runstate="Runnable" seed="186581161" result="Passed" start-time="2025-07-27 22:32:40Z" end-time="2025-07-27 22:32:40Z" duration="0.001051" asserts="0">
                  <properties>
                    <property name="retryIteration" value="0" />
                    <property name="repeatIteration" value="0" />
                  </properties>
                </test-case>
                <test-case id="1066" name="RuntimeTerrainManager_DestroyBehavior_HandlesCleanup" fullname="TinyWalnutGames.TTG.TerrainGeneration.Tests.RuntimeTerrainManagerTests.RuntimeTerrainManager_DestroyBehavior_HandlesCleanup" methodname="RuntimeTerrainManager_DestroyBehavior_HandlesCleanup" classname="TinyWalnutGames.TTG.TerrainGeneration.Tests.RuntimeTerrainManagerTests" runstate="Runnable" seed="59479265" result="Passed" start-time="2025-07-27 22:32:40Z" end-time="2025-07-27 22:32:40Z" duration="0.000487" asserts="0">
                  <properties>
                    <property name="retryIteration" value="0" />
                    <property name="repeatIteration" value="0" />
                  </properties>
                  <reason>
                    <message><![CDATA[GameObject destruction handled without errors]]></message>
                  </reason>
                </test-case>
                <test-case id="1068" name="RuntimeTerrainManager_ExtremeDelayValues_HandlesCorrectly" fullname="TinyWalnutGames.TTG.TerrainGeneration.Tests.RuntimeTerrainManagerTests.RuntimeTerrainManager_ExtremeDelayValues_HandlesCorrectly" methodname="RuntimeTerrainManager_ExtremeDelayValues_HandlesCorrectly" classname="TinyWalnutGames.TTG.TerrainGeneration.Tests.RuntimeTerrainManagerTests" runstate="Runnable" seed="1062001674" result="Passed" start-time="2025-07-27 22:32:40Z" end-time="2025-07-27 22:32:40Z" duration="0.000342" asserts="0">
                  <properties>
                    <property name="retryIteration" value="0" />
                    <property name="repeatIteration" value="0" />
                  </properties>
                </test-case>
                <test-case id="1052" name="RuntimeTerrainManager_GetSystemStatusInfo_ReturnsValidInfo" fullname="TinyWalnutGames.TTG.TerrainGeneration.Tests.RuntimeTerrainManagerTests.RuntimeTerrainManager_GetSystemStatusInfo_ReturnsValidInfo" methodname="RuntimeTerrainManager_GetSystemStatusInfo_ReturnsValidInfo" classname="TinyWalnutGames.TTG.TerrainGeneration.Tests.RuntimeTerrainManagerTests" runstate="Runnable" seed="671386549" result="Passed" start-time="2025-07-27 22:32:40Z" end-time="2025-07-27 22:32:40Z" duration="0.001004" asserts="0">
                  <properties>
                    <property name="retryIteration" value="0" />
                    <property name="repeatIteration" value="0" />
                  </properties>
                </test-case>
                <test-case id="1059" name="RuntimeTerrainManager_GetTerrainEntityCount_ReturnsValidCount" fullname="TinyWalnutGames.TTG.TerrainGeneration.Tests.RuntimeTerrainManagerTests.RuntimeTerrainManager_GetTerrainEntityCount_ReturnsValidCount" methodname="RuntimeTerrainManager_GetTerrainEntityCount_ReturnsValidCount" classname="TinyWalnutGames.TTG.TerrainGeneration.Tests.RuntimeTerrainManagerTests" runstate="Runnable" seed="1830140970" result="Passed" start-time="2025-07-27 22:32:40Z" end-time="2025-07-27 22:32:40Z" duration="0.000177" asserts="0">
                  <properties>
                    <property name="retryIteration" value="0" />
                    <property name="repeatIteration" value="0" />
                  </properties>
                </test-case>
                <test-case id="1064" name="RuntimeTerrainManager_InitializationDelay_CanBeSet" fullname="TinyWalnutGames.TTG.TerrainGeneration.Tests.RuntimeTerrainManagerTests.RuntimeTerrainManager_InitializationDelay_CanBeSet" methodname="RuntimeTerrainManager_InitializationDelay_CanBeSet" classname="TinyWalnutGames.TTG.TerrainGeneration.Tests.RuntimeTerrainManagerTests" runstate="Runnable" seed="1608500833" result="Passed" start-time="2025-07-27 22:32:40Z" end-time="2025-07-27 22:32:40Z" duration="0.000203" asserts="0">
                  <properties>
                    <property name="retryIteration" value="0" />
                    <property name="repeatIteration" value="0" />
                  </properties>
                </test-case>
                <test-case id="1050" name="RuntimeTerrainManager_InitialState_HasCorrectDefaults" fullname="TinyWalnutGames.TTG.TerrainGeneration.Tests.RuntimeTerrainManagerTests.RuntimeTerrainManager_InitialState_HasCorrectDefaults" methodname="RuntimeTerrainManager_InitialState_HasCorrectDefaults" classname="TinyWalnutGames.TTG.TerrainGeneration.Tests.RuntimeTerrainManagerTests" runstate="Runnable" seed="814143522" result="Passed" start-time="2025-07-27 22:32:40Z" end-time="2025-07-27 22:32:40Z" duration="0.000517" asserts="0">
                  <properties>
                    <property name="retryIteration" value="0" />
                    <property name="repeatIteration" value="0" />
                  </properties>
                </test-case>
                <test-case id="1067" name="RuntimeTerrainManager_InvalidSceneConfiguration_HandlesGracefully" fullname="TinyWalnutGames.TTG.TerrainGeneration.Tests.RuntimeTerrainManagerTests.RuntimeTerrainManager_InvalidSceneConfiguration_HandlesGracefully" methodname="RuntimeTerrainManager_InvalidSceneConfiguration_HandlesGracefully" classname="TinyWalnutGames.TTG.TerrainGeneration.Tests.RuntimeTerrainManagerTests" runstate="Runnable" seed="451068900" result="Passed" start-time="2025-07-27 22:32:40Z" end-time="2025-07-27 22:32:40Z" duration="0.000282" asserts="0">
                  <properties>
                    <property name="retryIteration" value="0" />
                    <property name="repeatIteration" value="0" />
                  </properties>
                </test-case>
                <test-case id="1069" name="RuntimeTerrainManager_IsInitialized_ReflectsState" fullname="TinyWalnutGames.TTG.TerrainGeneration.Tests.RuntimeTerrainManagerTests.RuntimeTerrainManager_IsInitialized_ReflectsState" methodname="RuntimeTerrainManager_IsInitialized_ReflectsState" classname="TinyWalnutGames.TTG.TerrainGeneration.Tests.RuntimeTerrainManagerTests" runstate="Runnable" seed="523522773" result="Passed" start-time="2025-07-27 22:32:40Z" end-time="2025-07-27 22:32:40Z" duration="0.000280" asserts="0">
                  <properties>
                    <property name="retryIteration" value="0" />
                    <property name="repeatIteration" value="0" />
                  </properties>
                </test-case>
                <test-case id="1060" name="RuntimeTerrainManager_IsTerrainSystemAvailable_WorksCorrectly" fullname="TinyWalnutGames.TTG.TerrainGeneration.Tests.RuntimeTerrainManagerTests.RuntimeTerrainManager_IsTerrainSystemAvailable_WorksCorrectly" methodname="RuntimeTerrainManager_IsTerrainSystemAvailable_WorksCorrectly" classname="TinyWalnutGames.TTG.TerrainGeneration.Tests.RuntimeTerrainManagerTests" runstate="Runnable" seed="556933296" result="Passed" start-time="2025-07-27 22:32:40Z" end-time="2025-07-27 22:32:40Z" duration="0.000190" asserts="0">
                  <properties>
                    <property name="retryIteration" value="0" />
                    <property name="repeatIteration" value="0" />
                  </properties>
                </test-case>
                <test-case id="1051" name="RuntimeTerrainManager_ManualInitialization_UpdatesStatus" fullname="TinyWalnutGames.TTG.TerrainGeneration.Tests.RuntimeTerrainManagerTests.RuntimeTerrainManager_ManualInitialization_UpdatesStatus" methodname="RuntimeTerrainManager_ManualInitialization_UpdatesStatus" classname="TinyWalnutGames.TTG.TerrainGeneration.Tests.RuntimeTerrainManagerTests" runstate="Runnable" seed="1736360705" result="Passed" start-time="2025-07-27 22:32:40Z" end-time="2025-07-27 22:32:40Z" duration="0.000247" asserts="0">
                  <properties>
                    <property name="retryIteration" value="0" />
                    <property name="repeatIteration" value="0" />
                  </properties>
                </test-case>
                <test-case id="1053" name="RuntimeTerrainManager_MultipleInitialization_HandlesSafely" fullname="TinyWalnutGames.TTG.TerrainGeneration.Tests.RuntimeTerrainManagerTests.RuntimeTerrainManager_MultipleInitialization_HandlesSafely" methodname="RuntimeTerrainManager_MultipleInitialization_HandlesSafely" classname="TinyWalnutGames.TTG.TerrainGeneration.Tests.RuntimeTerrainManagerTests" runstate="Runnable" seed="1447753684" result="Passed" start-time="2025-07-27 22:32:40Z" end-time="2025-07-27 22:32:40Z" duration="0.000309" asserts="0">
                  <properties>
                    <property name="retryIteration" value="0" />
                    <property name="repeatIteration" value="0" />
                  </properties>
                </test-case>
                <test-case id="1058" name="RuntimeTerrainManager_ReloadUsingUnitySceneManager_WorksCorrectly" fullname="TinyWalnutGames.TTG.TerrainGeneration.Tests.RuntimeTerrainManagerTests.RuntimeTerrainManager_ReloadUsingUnitySceneManager_WorksCorrectly" methodname="RuntimeTerrainManager_ReloadUsingUnitySceneManager_WorksCorrectly" classname="TinyWalnutGames.TTG.TerrainGeneration.Tests.RuntimeTerrainManagerTests" runstate="Runnable" seed="1704597380" result="Passed" start-time="2025-07-27 22:32:40Z" end-time="2025-07-27 22:32:40Z" duration="0.001825" asserts="0">
                  <properties>
                    <property name="retryIteration" value="0" />
                    <property name="repeatIteration" value="0" />
                  </properties>
                </test-case>
                <test-case id="1055" name="RuntimeTerrainManager_TerrainSceneConfiguration_IsValid" fullname="TinyWalnutGames.TTG.TerrainGeneration.Tests.RuntimeTerrainManagerTests.RuntimeTerrainManager_TerrainSceneConfiguration_IsValid" methodname="RuntimeTerrainManager_TerrainSceneConfiguration_IsValid" classname="TinyWalnutGames.TTG.TerrainGeneration.Tests.RuntimeTerrainManagerTests" runstate="Runnable" seed="1295763070" result="Passed" start-time="2025-07-27 22:32:40Z" end-time="2025-07-27 22:32:40Z" duration="0.000249" asserts="0">
                  <properties>
                    <property name="retryIteration" value="0" />
                    <property name="repeatIteration" value="0" />
                  </properties>
                </test-case>
                <test-case id="1057" name="RuntimeTerrainManager_UpdateTerrainEntityCount_WorksCorrectly" fullname="TinyWalnutGames.TTG.TerrainGeneration.Tests.RuntimeTerrainManagerTests.RuntimeTerrainManager_UpdateTerrainEntityCount_WorksCorrectly" methodname="RuntimeTerrainManager_UpdateTerrainEntityCount_WorksCorrectly" classname="TinyWalnutGames.TTG.TerrainGeneration.Tests.RuntimeTerrainManagerTests" runstate="Runnable" seed="1599497757" result="Passed" start-time="2025-07-27 22:32:40Z" end-time="2025-07-27 22:32:40Z" duration="0.000250" asserts="0">
                  <properties>
                    <property name="retryIteration" value="0" />
                    <property name="repeatIteration" value="0" />
                  </properties>
                </test-case>
                <test-case id="1063" name="RuntimeTerrainManager_UseUnitySceneLoading_CanBeToggled" fullname="TinyWalnutGames.TTG.TerrainGeneration.Tests.RuntimeTerrainManagerTests.RuntimeTerrainManager_UseUnitySceneLoading_CanBeToggled" methodname="RuntimeTerrainManager_UseUnitySceneLoading_CanBeToggled" classname="TinyWalnutGames.TTG.TerrainGeneration.Tests.RuntimeTerrainManagerTests" runstate="Runnable" seed="1682381653" result="Passed" start-time="2025-07-27 22:32:40Z" end-time="2025-07-27 22:32:40Z" duration="0.000194" asserts="0">
                  <properties>
                    <property name="retryIteration" value="0" />
                    <property name="repeatIteration" value="0" />
                  </properties>
                </test-case>
              </test-suite>
              <test-suite type="TestFixture" id="1070" name="TerrainCleanupSystemTests" fullname="TinyWalnutGames.TTG.TerrainGeneration.Tests.TerrainCleanupSystemTests" classname="TinyWalnutGames.TTG.TerrainGeneration.Tests.TerrainCleanupSystemTests" runstate="Runnable" testcasecount="11" result="Passed" start-time="2025-07-27 22:32:40Z" end-time="2025-07-27 22:32:42Z" duration="1.558715" total="11" passed="11" failed="0" inconclusive="0" skipped="0" asserts="0">
                <properties />
                <output><![CDATA[RuntimeEntityLoaderSystem: Processing scene loading requests for runtime build...
Processing scene loading request for: TerrainGenerationScene
Scene loading request processed for: TerrainGenerationScene
Processing scene loading request for: TerrainGenerationScene
Scene loading request processed for: TerrainGenerationScene
Processing scene loading request for: TerrainGenerationScene
Scene loading request processed for: TerrainGenerationScene
Processing scene loading request for: DefaultTerrainScene
Scene loading request processed for: DefaultTerrainScene
Processing scene loading request for: TerrainGenerationScene
Scene loading request processed for: TerrainGenerationScene
Processing scene loading request for: TerrainGenerationScene
Scene loading request processed for: TerrainGenerationScene
Processing scene loading request for: TerrainGenerationScene
Scene loading request processed for: TerrainGenerationScene
RuntimeEntityLoaderSystem: Scene loading request processing complete.
]]></output>
                <test-case id="1075" name="TerrainCleanupSystem_AlreadyDisposedBlobAssets_HandlesGracefully" fullname="TinyWalnutGames.TTG.TerrainGeneration.Tests.TerrainCleanupSystemTests.TerrainCleanupSystem_AlreadyDisposedBlobAssets_HandlesGracefully" methodname="TerrainCleanupSystem_AlreadyDisposedBlobAssets_HandlesGracefully" classname="TinyWalnutGames.TTG.TerrainGeneration.Tests.TerrainCleanupSystemTests" runstate="Runnable" seed="1036235232" result="Passed" start-time="2025-07-27 22:32:40Z" end-time="2025-07-27 22:32:40Z" duration="0.003857" asserts="0">
                  <properties>
                    <property name="retryIteration" value="0" />
                    <property name="repeatIteration" value="0" />
                  </properties>
                </test-case>
                <test-case id="1076" name="TerrainCleanupSystem_EmptyWorld_HandlesGracefully" fullname="TinyWalnutGames.TTG.TerrainGeneration.Tests.TerrainCleanupSystemTests.TerrainCleanupSystem_EmptyWorld_HandlesGracefully" methodname="TerrainCleanupSystem_EmptyWorld_HandlesGracefully" classname="TinyWalnutGames.TTG.TerrainGeneration.Tests.TerrainCleanupSystemTests" runstate="Runnable" seed="1488677004" result="Passed" start-time="2025-07-27 22:32:40Z" end-time="2025-07-27 22:32:40Z" duration="0.001211" asserts="0">
                  <properties>
                    <property name="retryIteration" value="0" />
                    <property name="repeatIteration" value="0" />
                  </properties>
                </test-case>
                <test-case id="1077" name="TerrainCleanupSystem_EntitiesWithoutBlobAssets_IgnoresCorrectly" fullname="TinyWalnutGames.TTG.TerrainGeneration.Tests.TerrainCleanupSystemTests.TerrainCleanupSystem_EntitiesWithoutBlobAssets_IgnoresCorrectly" methodname="TerrainCleanupSystem_EntitiesWithoutBlobAssets_IgnoresCorrectly" classname="TinyWalnutGames.TTG.TerrainGeneration.Tests.TerrainCleanupSystemTests" runstate="Runnable" seed="608940966" result="Passed" start-time="2025-07-27 22:32:40Z" end-time="2025-07-27 22:32:40Z" duration="0.001271" asserts="0">
                  <properties>
                    <property name="retryIteration" value="0" />
                    <property name="repeatIteration" value="0" />
                  </properties>
                </test-case>
                <test-case id="1080" name="TerrainCleanupSystem_LargeNumberOfEntities_PerformsEfficiently" fullname="TinyWalnutGames.TTG.TerrainGeneration.Tests.TerrainCleanupSystemTests.TerrainCleanupSystem_LargeNumberOfEntities_PerformsEfficiently" methodname="TerrainCleanupSystem_LargeNumberOfEntities_PerformsEfficiently" classname="TinyWalnutGames.TTG.TerrainGeneration.Tests.TerrainCleanupSystemTests" runstate="Runnable" seed="27045617" result="Passed" start-time="2025-07-27 22:32:40Z" end-time="2025-07-27 22:32:40Z" duration="0.002665" asserts="0">
                  <properties>
                    <property name="retryIteration" value="0" />
                    <property name="repeatIteration" value="0" />
                  </properties>
                </test-case>
                <test-case id="1073" name="TerrainCleanupSystem_MaterialDataBlobAssets_DisposesCorrectly" fullname="TinyWalnutGames.TTG.TerrainGeneration.Tests.TerrainCleanupSystemTests.TerrainCleanupSystem_MaterialDataBlobAssets_DisposesCorrectly" methodname="TerrainCleanupSystem_MaterialDataBlobAssets_DisposesCorrectly" classname="TinyWalnutGames.TTG.TerrainGeneration.Tests.TerrainCleanupSystemTests" runstate="Runnable" seed="1269949902" result="Passed" start-time="2025-07-27 22:32:40Z" end-time="2025-07-27 22:32:40Z" duration="0.012091" asserts="0">
                  <properties>
                    <property name="retryIteration" value="0" />
                    <property name="repeatIteration" value="0" />
                  </properties>
                  <reason>
                    <message><![CDATA[Material data cleanup completed without errors]]></message>
                  </reason>
                  <output><![CDATA[Cleaned up orphaned material data for entity Entity(92:9)
]]></output>
                </test-case>
                <test-case id="1081" name="TerrainCleanupSystem_MemoryUsage_DoesNotLeak" fullname="TinyWalnutGames.TTG.TerrainGeneration.Tests.TerrainCleanupSystemTests.TerrainCleanupSystem_MemoryUsage_DoesNotLeak" methodname="TerrainCleanupSystem_MemoryUsage_DoesNotLeak" classname="TinyWalnutGames.TTG.TerrainGeneration.Tests.TerrainCleanupSystemTests" runstate="Runnable" seed="1057315501" result="Passed" start-time="2025-07-27 22:32:40Z" end-time="2025-07-27 22:32:42Z" duration="1.261555" asserts="0">
                  <properties>
                    <property name="retryIteration" value="0" />
                    <property name="repeatIteration" value="0" />
                  </properties>
                </test-case>
                <test-case id="1071" name="TerrainCleanupSystem_MeshDataBlobAssets_DisposesCorrectly" fullname="TinyWalnutGames.TTG.TerrainGeneration.Tests.TerrainCleanupSystemTests.TerrainCleanupSystem_MeshDataBlobAssets_DisposesCorrectly" methodname="TerrainCleanupSystem_MeshDataBlobAssets_DisposesCorrectly" classname="TinyWalnutGames.TTG.TerrainGeneration.Tests.TerrainCleanupSystemTests" runstate="Runnable" seed="699077770" result="Passed" start-time="2025-07-27 22:32:42Z" end-time="2025-07-27 22:32:42Z" duration="0.001493" asserts="0">
                  <properties>
                    <property name="retryIteration" value="0" />
                    <property name="repeatIteration" value="0" />
                  </properties>
                </test-case>
                <test-case id="1078" name="TerrainCleanupSystem_MixedEntities_CleansOnlyBlobAssetEntities" fullname="TinyWalnutGames.TTG.TerrainGeneration.Tests.TerrainCleanupSystemTests.TerrainCleanupSystem_MixedEntities_CleansOnlyBlobAssetEntities" methodname="TerrainCleanupSystem_MixedEntities_CleansOnlyBlobAssetEntities" classname="TinyWalnutGames.TTG.TerrainGeneration.Tests.TerrainCleanupSystemTests" runstate="Runnable" seed="2063979376" result="Passed" start-time="2025-07-27 22:32:42Z" end-time="2025-07-27 22:32:42Z" duration="0.011077" asserts="0">
                  <properties>
                    <property name="retryIteration" value="0" />
                    <property name="repeatIteration" value="0" />
                  </properties>
                  <output><![CDATA[Cleaned up orphaned terrace config for entity Entity(94:7)
]]></output>
                </test-case>
                <test-case id="1074" name="TerrainCleanupSystem_MultipleEntities_CleansAllBlobAssets" fullname="TinyWalnutGames.TTG.TerrainGeneration.Tests.TerrainCleanupSystemTests.TerrainCleanupSystem_MultipleEntities_CleansAllBlobAssets" methodname="TerrainCleanupSystem_MultipleEntities_CleansAllBlobAssets" classname="TinyWalnutGames.TTG.TerrainGeneration.Tests.TerrainCleanupSystemTests" runstate="Runnable" seed="1967132328" result="Passed" start-time="2025-07-27 22:32:42Z" end-time="2025-07-27 22:32:42Z" duration="0.017498" asserts="0">
                  <properties>
                    <property name="retryIteration" value="0" />
                    <property name="repeatIteration" value="0" />
                  </properties>
                  <reason>
                    <message><![CDATA[Multi-entity cleanup completed without errors]]></message>
                  </reason>
                  <output><![CDATA[Cleaned up orphaned terrace config for entity Entity(93:11)
Cleaned up orphaned material data for entity Entity(94:9)
]]></output>
                </test-case>
                <test-case id="1079" name="TerrainCleanupSystem_RepeatedCleanup_HandlesGracefully" fullname="TinyWalnutGames.TTG.TerrainGeneration.Tests.TerrainCleanupSystemTests.TerrainCleanupSystem_RepeatedCleanup_HandlesGracefully" methodname="TerrainCleanupSystem_RepeatedCleanup_HandlesGracefully" classname="TinyWalnutGames.TTG.TerrainGeneration.Tests.TerrainCleanupSystemTests" runstate="Runnable" seed="1698342901" result="Passed" start-time="2025-07-27 22:32:42Z" end-time="2025-07-27 22:32:42Z" duration="0.001499" asserts="0">
                  <properties>
                    <property name="retryIteration" value="0" />
                    <property name="repeatIteration" value="0" />
                  </properties>
                </test-case>
                <test-case id="1072" name="TerrainCleanupSystem_TerraceConfigBlobAssets_DisposesCorrectly" fullname="TinyWalnutGames.TTG.TerrainGeneration.Tests.TerrainCleanupSystemTests.TerrainCleanupSystem_TerraceConfigBlobAssets_DisposesCorrectly" methodname="TerrainCleanupSystem_TerraceConfigBlobAssets_DisposesCorrectly" classname="TinyWalnutGames.TTG.TerrainGeneration.Tests.TerrainCleanupSystemTests" runstate="Runnable" seed="1531108550" result="Passed" start-time="2025-07-27 22:32:42Z" end-time="2025-07-27 22:32:42Z" duration="0.009126" asserts="0">
                  <properties>
                    <property name="retryIteration" value="0" />
                    <property name="repeatIteration" value="0" />
                  </properties>
                  <reason>
                    <message><![CDATA[Terrace config cleanup completed without errors]]></message>
                  </reason>
                  <output><![CDATA[Cleaned up orphaned terrace config for entity Entity(92:21)
]]></output>
                </test-case>
              </test-suite>
              <test-suite type="TestFixture" id="1082" name="TerrainGenerationAuthoringTests" fullname="TinyWalnutGames.TTG.TerrainGeneration.Tests.TerrainGenerationAuthoringTests" classname="TinyWalnutGames.TTG.TerrainGeneration.Tests.TerrainGenerationAuthoringTests" runstate="Runnable" testcasecount="13" result="Passed" start-time="2025-07-27 22:32:42Z" end-time="2025-07-27 22:32:42Z" duration="0.118091" total="13" passed="13" failed="0" inconclusive="0" skipped="0" asserts="0">
                <properties />
                <output><![CDATA[RuntimeDebugConsole: Using NewInputSystem for input handling.
Runtime Debug Console initialized. Press BackQuote to toggle visibility.
Console will automatically find and integrate with RuntimeTerrainManager if present.
RuntimeDebugConsole: Input System actions initialized successfully.
SetConsoleVisibility called with visible: False
Console canvas active set to: False
RuntimeTerrainManager: Waiting 0.5s before initialization...
]]></output>
                <test-case id="1091" name="TerrainGenerationAuthoring_BlobAssetMemoryManagement_NoLeaks" fullname="TinyWalnutGames.TTG.TerrainGeneration.Tests.TerrainGenerationAuthoringTests.TerrainGenerationAuthoring_BlobAssetMemoryManagement_NoLeaks" methodname="TerrainGenerationAuthoring_BlobAssetMemoryManagement_NoLeaks" classname="TinyWalnutGames.TTG.TerrainGeneration.Tests.TerrainGenerationAuthoringTests" runstate="Runnable" seed="267699304" result="Passed" start-time="2025-07-27 22:32:42Z" end-time="2025-07-27 22:32:42Z" duration="0.003844" asserts="0">
                  <properties>
                    <property name="retryIteration" value="0" />
                    <property name="repeatIteration" value="0" />
                  </properties>
                  <reason>
                    <message><![CDATA[Memory management test completed successfully]]></message>
                  </reason>
                </test-case>
                <test-case id="1095" name="TerrainGenerationAuthoring_DataConsistency_AcrossMultipleCalls" fullname="TinyWalnutGames.TTG.TerrainGeneration.Tests.TerrainGenerationAuthoringTests.TerrainGenerationAuthoring_DataConsistency_AcrossMultipleCalls" methodname="TerrainGenerationAuthoring_DataConsistency_AcrossMultipleCalls" classname="TinyWalnutGames.TTG.TerrainGeneration.Tests.TerrainGenerationAuthoringTests" runstate="Runnable" seed="679197550" result="Passed" start-time="2025-07-27 22:32:42Z" end-time="2025-07-27 22:32:42Z" duration="0.001927" asserts="0">
                  <properties>
                    <property name="retryIteration" value="0" />
                    <property name="repeatIteration" value="0" />
                  </properties>
                </test-case>
                <test-case id="1092" name="TerrainGenerationAuthoring_DefaultTerraceHeights_AreValid" fullname="TinyWalnutGames.TTG.TerrainGeneration.Tests.TerrainGenerationAuthoringTests.TerrainGenerationAuthoring_DefaultTerraceHeights_AreValid" methodname="TerrainGenerationAuthoring_DefaultTerraceHeights_AreValid" classname="TinyWalnutGames.TTG.TerrainGeneration.Tests.TerrainGenerationAuthoringTests" runstate="Runnable" seed="83205273" result="Passed" start-time="2025-07-27 22:32:42Z" end-time="2025-07-27 22:32:42Z" duration="0.001400" asserts="0">
                  <properties>
                    <property name="retryIteration" value="0" />
                    <property name="repeatIteration" value="0" />
                  </properties>
                </test-case>
                <test-case id="1083" name="TerrainGenerationAuthoring_DefaultValues_AreValid" fullname="TinyWalnutGames.TTG.TerrainGeneration.Tests.TerrainGenerationAuthoringTests.TerrainGenerationAuthoring_DefaultValues_AreValid" methodname="TerrainGenerationAuthoring_DefaultValues_AreValid" classname="TinyWalnutGames.TTG.TerrainGeneration.Tests.TerrainGenerationAuthoringTests" runstate="Runnable" seed="942727739" result="Passed" start-time="2025-07-27 22:32:42Z" end-time="2025-07-27 22:32:42Z" duration="0.001615" asserts="0">
                  <properties>
                    <property name="retryIteration" value="0" />
                    <property name="repeatIteration" value="0" />
                  </properties>
                </test-case>
                <test-case id="1093" name="TerrainGenerationAuthoring_ExtremeBounds_HandledCorrectly" fullname="TinyWalnutGames.TTG.TerrainGeneration.Tests.TerrainGenerationAuthoringTests.TerrainGenerationAuthoring_ExtremeBounds_HandledCorrectly" methodname="TerrainGenerationAuthoring_ExtremeBounds_HandledCorrectly" classname="TinyWalnutGames.TTG.TerrainGeneration.Tests.TerrainGenerationAuthoringTests" runstate="Runnable" seed="1766340774" result="Passed" start-time="2025-07-27 22:32:42Z" end-time="2025-07-27 22:32:42Z" duration="0.001123" asserts="0">
                  <properties>
                    <property name="retryIteration" value="0" />
                    <property name="repeatIteration" value="0" />
                  </properties>
                </test-case>
                <test-case id="1087" name="TerrainGenerationAuthoring_ToTerraceConfigData_EmptyHeights" fullname="TinyWalnutGames.TTG.TerrainGeneration.Tests.TerrainGenerationAuthoringTests.TerrainGenerationAuthoring_ToTerraceConfigData_EmptyHeights" methodname="TerrainGenerationAuthoring_ToTerraceConfigData_EmptyHeights" classname="TinyWalnutGames.TTG.TerrainGeneration.Tests.TerrainGenerationAuthoringTests" runstate="Runnable" seed="388129628" result="Passed" start-time="2025-07-27 22:32:42Z" end-time="2025-07-27 22:32:42Z" duration="0.001121" asserts="0">
                  <properties>
                    <property name="retryIteration" value="0" />
                    <property name="repeatIteration" value="0" />
                  </properties>
                </test-case>
                <test-case id="1086" name="TerrainGenerationAuthoring_ToTerraceConfigData_RelativeHeightsConversion" fullname="TinyWalnutGames.TTG.TerrainGeneration.Tests.TerrainGenerationAuthoringTests.TerrainGenerationAuthoring_ToTerraceConfigData_RelativeHeightsConversion" methodname="TerrainGenerationAuthoring_ToTerraceConfigData_RelativeHeightsConversion" classname="TinyWalnutGames.TTG.TerrainGeneration.Tests.TerrainGenerationAuthoringTests" runstate="Runnable" seed="1259399213" result="Passed" start-time="2025-07-27 22:32:42Z" end-time="2025-07-27 22:32:42Z" duration="0.001280" asserts="0">
                  <properties>
                    <property name="retryIteration" value="0" />
                    <property name="repeatIteration" value="0" />
                  </properties>
                </test-case>
                <test-case id="1088" name="TerrainGenerationAuthoring_ToTerraceConfigData_SingleHeight" fullname="TinyWalnutGames.TTG.TerrainGeneration.Tests.TerrainGenerationAuthoringTests.TerrainGenerationAuthoring_ToTerraceConfigData_SingleHeight" methodname="TerrainGenerationAuthoring_ToTerraceConfigData_SingleHeight" classname="TinyWalnutGames.TTG.TerrainGeneration.Tests.TerrainGenerationAuthoringTests" runstate="Runnable" seed="636350695" result="Passed" start-time="2025-07-27 22:32:42Z" end-time="2025-07-27 22:32:42Z" duration="0.001056" asserts="0">
                  <properties>
                    <property name="retryIteration" value="0" />
                    <property name="repeatIteration" value="0" />
                  </properties>
                </test-case>
                <test-case id="1084" name="TerrainGenerationAuthoring_ToTerrainGenerationData_PlanarConfiguration" fullname="TinyWalnutGames.TTG.TerrainGeneration.Tests.TerrainGenerationAuthoringTests.TerrainGenerationAuthoring_ToTerrainGenerationData_PlanarConfiguration" methodname="TerrainGenerationAuthoring_ToTerrainGenerationData_PlanarConfiguration" classname="TinyWalnutGames.TTG.TerrainGeneration.Tests.TerrainGenerationAuthoringTests" runstate="Runnable" seed="358753652" result="Passed" start-time="2025-07-27 22:32:42Z" end-time="2025-07-27 22:32:42Z" duration="0.001488" asserts="0">
                  <properties>
                    <property name="retryIteration" value="0" />
                    <property name="repeatIteration" value="0" />
                  </properties>
                </test-case>
                <test-case id="1085" name="TerrainGenerationAuthoring_ToTerrainGenerationData_SphericalConfiguration" fullname="TinyWalnutGames.TTG.TerrainGeneration.Tests.TerrainGenerationAuthoringTests.TerrainGenerationAuthoring_ToTerrainGenerationData_SphericalConfiguration" methodname="TerrainGenerationAuthoring_ToTerrainGenerationData_SphericalConfiguration" classname="TinyWalnutGames.TTG.TerrainGeneration.Tests.TerrainGenerationAuthoringTests" runstate="Runnable" seed="396370403" result="Passed" start-time="2025-07-27 22:32:42Z" end-time="2025-07-27 22:32:42Z" duration="0.001983" asserts="0">
                  <properties>
                    <property name="retryIteration" value="0" />
                    <property name="repeatIteration" value="0" />
                  </properties>
                </test-case>
                <test-case id="1090" name="TerrainGenerationAuthoring_ToTerrainGenerationRequest_AsyncDisabled" fullname="TinyWalnutGames.TTG.TerrainGeneration.Tests.TerrainGenerationAuthoringTests.TerrainGenerationAuthoring_ToTerrainGenerationRequest_AsyncDisabled" methodname="TerrainGenerationAuthoring_ToTerrainGenerationRequest_AsyncDisabled" classname="TinyWalnutGames.TTG.TerrainGeneration.Tests.TerrainGenerationAuthoringTests" runstate="Runnable" seed="821910992" result="Passed" start-time="2025-07-27 22:32:42Z" end-time="2025-07-27 22:32:42Z" duration="0.001395" asserts="0">
                  <properties>
                    <property name="retryIteration" value="0" />
                    <property name="repeatIteration" value="0" />
                  </properties>
                </test-case>
                <test-case id="1089" name="TerrainGenerationAuthoring_ToTerrainGenerationRequest_AsyncEnabled" fullname="TinyWalnutGames.TTG.TerrainGeneration.Tests.TerrainGenerationAuthoringTests.TerrainGenerationAuthoring_ToTerrainGenerationRequest_AsyncEnabled" methodname="TerrainGenerationAuthoring_ToTerrainGenerationRequest_AsyncEnabled" classname="TinyWalnutGames.TTG.TerrainGeneration.Tests.TerrainGenerationAuthoringTests" runstate="Runnable" seed="2080232230" result="Passed" start-time="2025-07-27 22:32:42Z" end-time="2025-07-27 22:32:42Z" duration="0.001284" asserts="0">
                  <properties>
                    <property name="retryIteration" value="0" />
                    <property name="repeatIteration" value="0" />
                  </properties>
                </test-case>
                <test-case id="1094" name="TerrainGenerationAuthoring_ZeroHeightDelta_HandledCorrectly" fullname="TinyWalnutGames.TTG.TerrainGeneration.Tests.TerrainGenerationAuthoringTests.TerrainGenerationAuthoring_ZeroHeightDelta_HandledCorrectly" methodname="TerrainGenerationAuthoring_ZeroHeightDelta_HandledCorrectly" classname="TinyWalnutGames.TTG.TerrainGeneration.Tests.TerrainGenerationAuthoringTests" runstate="Runnable" seed="1937572713" result="Passed" start-time="2025-07-27 22:32:42Z" end-time="2025-07-27 22:32:42Z" duration="0.001257" asserts="0">
                  <properties>
                    <property name="retryIteration" value="0" />
                    <property name="repeatIteration" value="0" />
                  </properties>
                </test-case>
              </test-suite>
              <test-suite type="TestFixture" id="1096" name="TerrainGenerationComponentTests" fullname="TinyWalnutGames.TTG.TerrainGeneration.Tests.TerrainGenerationComponentTests" classname="TinyWalnutGames.TTG.TerrainGeneration.Tests.TerrainGenerationComponentTests" runstate="Runnable" testcasecount="14" result="Passed" start-time="2025-07-27 22:32:42Z" end-time="2025-07-27 22:32:43Z" duration="1.032164" total="14" passed="14" failed="0" inconclusive="0" skipped="0" asserts="0">
                <properties />
                <test-case id="1110" name="ComponentArchetypeChanges_HandleGracefully" fullname="TinyWalnutGames.TTG.TerrainGeneration.Tests.TerrainGenerationComponentTests.ComponentArchetypeChanges_HandleGracefully" methodname="ComponentArchetypeChanges_HandleGracefully" classname="TinyWalnutGames.TTG.TerrainGeneration.Tests.TerrainGenerationComponentTests" runstate="Runnable" seed="1047733263" result="Passed" start-time="2025-07-27 22:32:43Z" end-time="2025-07-27 22:32:43Z" duration="0.001724" asserts="0">
                  <properties>
                    <property name="retryIteration" value="0" />
                    <property name="repeatIteration" value="0" />
                  </properties>
                </test-case>
                <test-case id="1107" name="ComponentCombinations_AllTerrainComponents_WorkTogether" fullname="TinyWalnutGames.TTG.TerrainGeneration.Tests.TerrainGenerationComponentTests.ComponentCombinations_AllTerrainComponents_WorkTogether" methodname="ComponentCombinations_AllTerrainComponents_WorkTogether" classname="TinyWalnutGames.TTG.TerrainGeneration.Tests.TerrainGenerationComponentTests" runstate="Runnable" seed="1306335278" result="Passed" start-time="2025-07-27 22:32:43Z" end-time="2025-07-27 22:32:43Z" duration="0.002266" asserts="0">
                  <properties>
                    <property name="retryIteration" value="0" />
                    <property name="repeatIteration" value="0" />
                  </properties>
                </test-case>
                <test-case id="1108" name="ComponentQuery_FiltersByComponents_WorksCorrectly" fullname="TinyWalnutGames.TTG.TerrainGeneration.Tests.TerrainGenerationComponentTests.ComponentQuery_FiltersByComponents_WorksCorrectly" methodname="ComponentQuery_FiltersByComponents_WorksCorrectly" classname="TinyWalnutGames.TTG.TerrainGeneration.Tests.TerrainGenerationComponentTests" runstate="Runnable" seed="543673360" result="Passed" start-time="2025-07-27 22:32:43Z" end-time="2025-07-27 22:32:43Z" duration="0.001706" asserts="0">
                  <properties>
                    <property name="retryIteration" value="0" />
                    <property name="repeatIteration" value="0" />
                  </properties>
                </test-case>
                <test-case id="1109" name="ComponentRemoval_CleansUpCorrectly" fullname="TinyWalnutGames.TTG.TerrainGeneration.Tests.TerrainGenerationComponentTests.ComponentRemoval_CleansUpCorrectly" methodname="ComponentRemoval_CleansUpCorrectly" classname="TinyWalnutGames.TTG.TerrainGeneration.Tests.TerrainGenerationComponentTests" runstate="Runnable" seed="2086167266" result="Passed" start-time="2025-07-27 22:32:43Z" end-time="2025-07-27 22:32:43Z" duration="0.001810" asserts="0">
                  <properties>
                    <property name="retryIteration" value="0" />
                    <property name="repeatIteration" value="0" />
                  </properties>
                </test-case>
                <test-case id="1106" name="GeneratedTerrainMeshTag_TagFunctionality_WorksCorrectly" fullname="TinyWalnutGames.TTG.TerrainGeneration.Tests.TerrainGenerationComponentTests.GeneratedTerrainMeshTag_TagFunctionality_WorksCorrectly" methodname="GeneratedTerrainMeshTag_TagFunctionality_WorksCorrectly" classname="TinyWalnutGames.TTG.TerrainGeneration.Tests.TerrainGenerationComponentTests" runstate="Runnable" seed="1682311119" result="Passed" start-time="2025-07-27 22:32:43Z" end-time="2025-07-27 22:32:43Z" duration="0.001213" asserts="0">
                  <properties>
                    <property name="retryIteration" value="0" />
                    <property name="repeatIteration" value="0" />
                  </properties>
                </test-case>
                <test-case id="1104" name="MeshDataComponent_BlobAssetManagement_WorksCorrectly" fullname="TinyWalnutGames.TTG.TerrainGeneration.Tests.TerrainGenerationComponentTests.MeshDataComponent_BlobAssetManagement_WorksCorrectly" methodname="MeshDataComponent_BlobAssetManagement_WorksCorrectly" classname="TinyWalnutGames.TTG.TerrainGeneration.Tests.TerrainGenerationComponentTests" runstate="Runnable" seed="1371482482" result="Passed" start-time="2025-07-27 22:32:43Z" end-time="2025-07-27 22:32:43Z" duration="0.002007" asserts="0">
                  <properties>
                    <property name="retryIteration" value="0" />
                    <property name="repeatIteration" value="0" />
                  </properties>
                </test-case>
                <test-case id="1105" name="MeshGameObjectReference_ComponentFunctionality_WorksCorrectly" fullname="TinyWalnutGames.TTG.TerrainGeneration.Tests.TerrainGenerationComponentTests.MeshGameObjectReference_ComponentFunctionality_WorksCorrectly" methodname="MeshGameObjectReference_ComponentFunctionality_WorksCorrectly" classname="TinyWalnutGames.TTG.TerrainGeneration.Tests.TerrainGenerationComponentTests" runstate="Runnable" seed="1719039232" result="Passed" start-time="2025-07-27 22:32:43Z" end-time="2025-07-27 22:32:43Z" duration="0.001665" asserts="0">
                  <properties>
                    <property name="retryIteration" value="0" />
                    <property name="repeatIteration" value="0" />
                  </properties>
                </test-case>
                <test-case id="1099" name="TerraceConfigData_BlobAssetLifecycle_ManagedCorrectly" fullname="TinyWalnutGames.TTG.TerrainGeneration.Tests.TerrainGenerationComponentTests.TerraceConfigData_BlobAssetLifecycle_ManagedCorrectly" methodname="TerraceConfigData_BlobAssetLifecycle_ManagedCorrectly" classname="TinyWalnutGames.TTG.TerrainGeneration.Tests.TerrainGenerationComponentTests" runstate="Runnable" seed="518198807" result="Passed" start-time="2025-07-27 22:32:43Z" end-time="2025-07-27 22:32:43Z" duration="0.001198" asserts="0">
                  <properties>
                    <property name="retryIteration" value="0" />
                    <property name="repeatIteration" value="0" />
                  </properties>
                </test-case>
                <test-case id="1100" name="TerraceConfigData_BlobAssetReplacement_HandledCorrectly" fullname="TinyWalnutGames.TTG.TerrainGeneration.Tests.TerrainGenerationComponentTests.TerraceConfigData_BlobAssetReplacement_HandledCorrectly" methodname="TerraceConfigData_BlobAssetReplacement_HandledCorrectly" classname="TinyWalnutGames.TTG.TerrainGeneration.Tests.TerrainGenerationComponentTests" runstate="Runnable" seed="2078210325" result="Passed" start-time="2025-07-27 22:32:43Z" end-time="2025-07-27 22:32:43Z" duration="0.001220" asserts="0">
                  <properties>
                    <property name="retryIteration" value="0" />
                    <property name="repeatIteration" value="0" />
                  </properties>
                </test-case>
                <test-case id="1097" name="TerrainGenerationData_ComponentAddition_WorksCorrectly" fullname="TinyWalnutGames.TTG.TerrainGeneration.Tests.TerrainGenerationComponentTests.TerrainGenerationData_ComponentAddition_WorksCorrectly" methodname="TerrainGenerationData_ComponentAddition_WorksCorrectly" classname="TinyWalnutGames.TTG.TerrainGeneration.Tests.TerrainGenerationComponentTests" runstate="Runnable" seed="147751848" result="Passed" start-time="2025-07-27 22:32:43Z" end-time="2025-07-27 22:32:43Z" duration="0.001287" asserts="0">
                  <properties>
                    <property name="retryIteration" value="0" />
                    <property name="repeatIteration" value="0" />
                  </properties>
                </test-case>
                <test-case id="1098" name="TerrainGenerationData_ComponentModification_UpdatesCorrectly" fullname="TinyWalnutGames.TTG.TerrainGeneration.Tests.TerrainGenerationComponentTests.TerrainGenerationData_ComponentModification_UpdatesCorrectly" methodname="TerrainGenerationData_ComponentModification_UpdatesCorrectly" classname="TinyWalnutGames.TTG.TerrainGeneration.Tests.TerrainGenerationComponentTests" runstate="Runnable" seed="1363315843" result="Passed" start-time="2025-07-27 22:32:43Z" end-time="2025-07-27 22:32:43Z" duration="0.001209" asserts="0">
                  <properties>
                    <property name="retryIteration" value="0" />
                    <property name="repeatIteration" value="0" />
                  </properties>
                </test-case>
                <test-case id="1103" name="TerrainGenerationRequest_ComponentBehavior_WorksCorrectly" fullname="TinyWalnutGames.TTG.TerrainGeneration.Tests.TerrainGenerationComponentTests.TerrainGenerationRequest_ComponentBehavior_WorksCorrectly" methodname="TerrainGenerationRequest_ComponentBehavior_WorksCorrectly" classname="TinyWalnutGames.TTG.TerrainGeneration.Tests.TerrainGenerationComponentTests" runstate="Runnable" seed="208511605" result="Passed" start-time="2025-07-27 22:32:43Z" end-time="2025-07-27 22:32:43Z" duration="0.001295" asserts="0">
                  <properties>
                    <property name="retryIteration" value="0" />
                    <property name="repeatIteration" value="0" />
                  </properties>
                </test-case>
                <test-case id="1102" name="TerrainGenerationState_ErrorHandling_WorksCorrectly" fullname="TinyWalnutGames.TTG.TerrainGeneration.Tests.TerrainGenerationComponentTests.TerrainGenerationState_ErrorHandling_WorksCorrectly" methodname="TerrainGenerationState_ErrorHandling_WorksCorrectly" classname="TinyWalnutGames.TTG.TerrainGeneration.Tests.TerrainGenerationComponentTests" runstate="Runnable" seed="1150887604" result="Passed" start-time="2025-07-27 22:32:43Z" end-time="2025-07-27 22:32:43Z" duration="0.001174" asserts="0">
                  <properties>
                    <property name="retryIteration" value="0" />
                    <property name="repeatIteration" value="0" />
                  </properties>
                </test-case>
                <test-case id="1101" name="TerrainGenerationState_StateTransitions_WorkCorrectly" fullname="TinyWalnutGames.TTG.TerrainGeneration.Tests.TerrainGenerationComponentTests.TerrainGenerationState_StateTransitions_WorkCorrectly" methodname="TerrainGenerationState_StateTransitions_WorkCorrectly" classname="TinyWalnutGames.TTG.TerrainGeneration.Tests.TerrainGenerationComponentTests" runstate="Runnable" seed="1647972957" result="Passed" start-time="2025-07-27 22:32:43Z" end-time="2025-07-27 22:32:43Z" duration="0.001262" asserts="0">
                  <properties>
                    <property name="retryIteration" value="0" />
                    <property name="repeatIteration" value="0" />
                  </properties>
                </test-case>
              </test-suite>
              <test-suite type="TestFixture" id="1111" name="TerrainGenerationDataTests" fullname="TinyWalnutGames.TTG.TerrainGeneration.Tests.TerrainGenerationDataTests" classname="TinyWalnutGames.TTG.TerrainGeneration.Tests.TerrainGenerationDataTests" runstate="Runnable" testcasecount="13" result="Passed" start-time="2025-07-27 22:32:43Z" end-time="2025-07-27 22:32:43Z" duration="0.060486" total="13" passed="13" failed="0" inconclusive="0" skipped="0" asserts="0">
                <properties />
                <test-case id="1124" name="EntityComponentIntegration_AllComponents_CanBeAddedToEntity" fullname="TinyWalnutGames.TTG.TerrainGeneration.Tests.TerrainGenerationDataTests.EntityComponentIntegration_AllComponents_CanBeAddedToEntity" methodname="EntityComponentIntegration_AllComponents_CanBeAddedToEntity" classname="TinyWalnutGames.TTG.TerrainGeneration.Tests.TerrainGenerationDataTests" runstate="Runnable" seed="614341074" result="Passed" start-time="2025-07-27 22:32:43Z" end-time="2025-07-27 22:32:43Z" duration="0.001691" asserts="0">
                  <properties>
                    <property name="retryIteration" value="0" />
                    <property name="repeatIteration" value="0" />
                  </properties>
                </test-case>
                <test-case id="1121" name="GeneratedTerrainMeshTag_IsValidComponent" fullname="TinyWalnutGames.TTG.TerrainGeneration.Tests.TerrainGenerationDataTests.GeneratedTerrainMeshTag_IsValidComponent" methodname="GeneratedTerrainMeshTag_IsValidComponent" classname="TinyWalnutGames.TTG.TerrainGeneration.Tests.TerrainGenerationDataTests" runstate="Runnable" seed="1629952541" result="Passed" start-time="2025-07-27 22:32:43Z" end-time="2025-07-27 22:32:43Z" duration="0.001028" asserts="0">
                  <properties>
                    <property name="retryIteration" value="0" />
                    <property name="repeatIteration" value="0" />
                  </properties>
                </test-case>
                <test-case id="1123" name="GenerationPhase_EnumValues_AreCorrect" fullname="TinyWalnutGames.TTG.TerrainGeneration.Tests.TerrainGenerationDataTests.GenerationPhase_EnumValues_AreCorrect" methodname="GenerationPhase_EnumValues_AreCorrect" classname="TinyWalnutGames.TTG.TerrainGeneration.Tests.TerrainGenerationDataTests" runstate="Runnable" seed="1346277817" result="Passed" start-time="2025-07-27 22:32:43Z" end-time="2025-07-27 22:32:43Z" duration="0.001236" asserts="0">
                  <properties>
                    <property name="retryIteration" value="0" />
                    <property name="repeatIteration" value="0" />
                  </properties>
                </test-case>
                <test-case id="1119" name="MeshDataComponent_BlobAssetCreation_WorksCorrectly" fullname="TinyWalnutGames.TTG.TerrainGeneration.Tests.TerrainGenerationDataTests.MeshDataComponent_BlobAssetCreation_WorksCorrectly" methodname="MeshDataComponent_BlobAssetCreation_WorksCorrectly" classname="TinyWalnutGames.TTG.TerrainGeneration.Tests.TerrainGenerationDataTests" runstate="Runnable" seed="1570756004" result="Passed" start-time="2025-07-27 22:32:43Z" end-time="2025-07-27 22:32:43Z" duration="0.002474" asserts="0">
                  <properties>
                    <property name="retryIteration" value="0" />
                    <property name="repeatIteration" value="0" />
                  </properties>
                </test-case>
                <test-case id="1120" name="MeshGameObjectReference_InstanceID_IsValid" fullname="TinyWalnutGames.TTG.TerrainGeneration.Tests.TerrainGenerationDataTests.MeshGameObjectReference_InstanceID_IsValid" methodname="MeshGameObjectReference_InstanceID_IsValid" classname="TinyWalnutGames.TTG.TerrainGeneration.Tests.TerrainGenerationDataTests" runstate="Runnable" seed="693223884" result="Passed" start-time="2025-07-27 22:32:43Z" end-time="2025-07-27 22:32:43Z" duration="0.001347" asserts="0">
                  <properties>
                    <property name="retryIteration" value="0" />
                    <property name="repeatIteration" value="0" />
                  </properties>
                </test-case>
                <test-case id="1115" name="TerraceConfigData_BlobAssetCreation_WorksCorrectly" fullname="TinyWalnutGames.TTG.TerrainGeneration.Tests.TerrainGenerationDataTests.TerraceConfigData_BlobAssetCreation_WorksCorrectly" methodname="TerraceConfigData_BlobAssetCreation_WorksCorrectly" classname="TinyWalnutGames.TTG.TerrainGeneration.Tests.TerrainGenerationDataTests" runstate="Runnable" seed="1370033837" result="Passed" start-time="2025-07-27 22:32:43Z" end-time="2025-07-27 22:32:43Z" duration="0.001574" asserts="0">
                  <properties>
                    <property name="retryIteration" value="0" />
                    <property name="repeatIteration" value="0" />
                  </properties>
                </test-case>
                <test-case id="1112" name="TerrainGenerationData_DefaultValues_AreValid" fullname="TinyWalnutGames.TTG.TerrainGeneration.Tests.TerrainGenerationDataTests.TerrainGenerationData_DefaultValues_AreValid" methodname="TerrainGenerationData_DefaultValues_AreValid" classname="TinyWalnutGames.TTG.TerrainGeneration.Tests.TerrainGenerationDataTests" runstate="Runnable" seed="417947512" result="Passed" start-time="2025-07-27 22:32:43Z" end-time="2025-07-27 22:32:43Z" duration="0.001417" asserts="0">
                  <properties>
                    <property name="retryIteration" value="0" />
                    <property name="repeatIteration" value="0" />
                  </properties>
                </test-case>
                <test-case id="1113" name="TerrainGenerationData_PlanarConfiguration_IsValid" fullname="TinyWalnutGames.TTG.TerrainGeneration.Tests.TerrainGenerationDataTests.TerrainGenerationData_PlanarConfiguration_IsValid" methodname="TerrainGenerationData_PlanarConfiguration_IsValid" classname="TinyWalnutGames.TTG.TerrainGeneration.Tests.TerrainGenerationDataTests" runstate="Runnable" seed="1150088534" result="Passed" start-time="2025-07-27 22:32:43Z" end-time="2025-07-27 22:32:43Z" duration="0.001371" asserts="0">
                  <properties>
                    <property name="retryIteration" value="0" />
                    <property name="repeatIteration" value="0" />
                  </properties>
                </test-case>
                <test-case id="1114" name="TerrainGenerationData_SphericalConfiguration_IsValid" fullname="TinyWalnutGames.TTG.TerrainGeneration.Tests.TerrainGenerationDataTests.TerrainGenerationData_SphericalConfiguration_IsValid" methodname="TerrainGenerationData_SphericalConfiguration_IsValid" classname="TinyWalnutGames.TTG.TerrainGeneration.Tests.TerrainGenerationDataTests" runstate="Runnable" seed="1585344989" result="Passed" start-time="2025-07-27 22:32:43Z" end-time="2025-07-27 22:32:43Z" duration="0.001340" asserts="0">
                  <properties>
                    <property name="retryIteration" value="0" />
                    <property name="repeatIteration" value="0" />
                  </properties>
                </test-case>
                <test-case id="1118" name="TerrainGenerationRequest_Configuration_IsValid" fullname="TinyWalnutGames.TTG.TerrainGeneration.Tests.TerrainGenerationDataTests.TerrainGenerationRequest_Configuration_IsValid" methodname="TerrainGenerationRequest_Configuration_IsValid" classname="TinyWalnutGames.TTG.TerrainGeneration.Tests.TerrainGenerationDataTests" runstate="Runnable" seed="296233299" result="Passed" start-time="2025-07-27 22:32:43Z" end-time="2025-07-27 22:32:43Z" duration="0.001083" asserts="0">
                  <properties>
                    <property name="retryIteration" value="0" />
                    <property name="repeatIteration" value="0" />
                  </properties>
                </test-case>
                <test-case id="1116" name="TerrainGenerationState_DefaultValues_AreCorrect" fullname="TinyWalnutGames.TTG.TerrainGeneration.Tests.TerrainGenerationDataTests.TerrainGenerationState_DefaultValues_AreCorrect" methodname="TerrainGenerationState_DefaultValues_AreCorrect" classname="TinyWalnutGames.TTG.TerrainGeneration.Tests.TerrainGenerationDataTests" runstate="Runnable" seed="2008921340" result="Passed" start-time="2025-07-27 22:32:43Z" end-time="2025-07-27 22:32:43Z" duration="0.001143" asserts="0">
                  <properties>
                    <property name="retryIteration" value="0" />
                    <property name="repeatIteration" value="0" />
                  </properties>
                </test-case>
                <test-case id="1117" name="TerrainGenerationState_PhaseProgression_WorksCorrectly" fullname="TinyWalnutGames.TTG.TerrainGeneration.Tests.TerrainGenerationDataTests.TerrainGenerationState_PhaseProgression_WorksCorrectly" methodname="TerrainGenerationState_PhaseProgression_WorksCorrectly" classname="TinyWalnutGames.TTG.TerrainGeneration.Tests.TerrainGenerationDataTests" runstate="Runnable" seed="1205639238" result="Passed" start-time="2025-07-27 22:32:43Z" end-time="2025-07-27 22:32:43Z" duration="0.001349" asserts="0">
                  <properties>
                    <property name="retryIteration" value="0" />
                    <property name="repeatIteration" value="0" />
                  </properties>
                </test-case>
                <test-case id="1122" name="TerrainType_EnumValues_AreCorrect" fullname="TinyWalnutGames.TTG.TerrainGeneration.Tests.TerrainGenerationDataTests.TerrainType_EnumValues_AreCorrect" methodname="TerrainType_EnumValues_AreCorrect" classname="TinyWalnutGames.TTG.TerrainGeneration.Tests.TerrainGenerationDataTests" runstate="Runnable" seed="1566759228" result="Passed" start-time="2025-07-27 22:32:43Z" end-time="2025-07-27 22:32:43Z" duration="0.000877" asserts="0">
                  <properties>
                    <property name="retryIteration" value="0" />
                    <property name="repeatIteration" value="0" />
                  </properties>
                </test-case>
              </test-suite>
              <test-suite type="TestFixture" id="1125" name="TerrainGenerationEdgeCaseTests" fullname="TinyWalnutGames.TTG.TerrainGeneration.Tests.TerrainGenerationEdgeCaseTests" classname="TinyWalnutGames.TTG.TerrainGeneration.Tests.TerrainGenerationEdgeCaseTests" runstate="Runnable" testcasecount="19" result="Passed" start-time="2025-07-27 22:32:43Z" end-time="2025-07-27 22:32:43Z" duration="0.057395" total="19" passed="19" failed="0" inconclusive="0" skipped="0" asserts="0">
                <properties />
                <test-case id="1142" name="EdgeCase_DuplicateTerraceHeights_HandledCorrectly" fullname="TinyWalnutGames.TTG.TerrainGeneration.Tests.TerrainGenerationEdgeCaseTests.EdgeCase_DuplicateTerraceHeights_HandledCorrectly" methodname="EdgeCase_DuplicateTerraceHeights_HandledCorrectly" classname="TinyWalnutGames.TTG.TerrainGeneration.Tests.TerrainGenerationEdgeCaseTests" runstate="Runnable" seed="364504955" result="Passed" start-time="2025-07-27 22:32:43Z" end-time="2025-07-27 22:32:43Z" duration="0.002472" asserts="0">
                  <properties>
                    <property name="retryIteration" value="0" />
                    <property name="repeatIteration" value="0" />
                  </properties>
                </test-case>
                <test-case id="1138" name="EdgeCase_EmptyTerraceHeights_HandledCorrectly" fullname="TinyWalnutGames.TTG.TerrainGeneration.Tests.TerrainGenerationEdgeCaseTests.EdgeCase_EmptyTerraceHeights_HandledCorrectly" methodname="EdgeCase_EmptyTerraceHeights_HandledCorrectly" classname="TinyWalnutGames.TTG.TerrainGeneration.Tests.TerrainGenerationEdgeCaseTests" runstate="Runnable" seed="1692160542" result="Passed" start-time="2025-07-27 22:32:43Z" end-time="2025-07-27 22:32:43Z" duration="0.001449" asserts="0">
                  <properties>
                    <property name="retryIteration" value="0" />
                    <property name="repeatIteration" value="0" />
                  </properties>
                </test-case>
                <test-case id="1144" name="EdgeCase_EntityWithoutRequiredComponents_HandledGracefully" fullname="TinyWalnutGames.TTG.TerrainGeneration.Tests.TerrainGenerationEdgeCaseTests.EdgeCase_EntityWithoutRequiredComponents_HandledGracefully" methodname="EdgeCase_EntityWithoutRequiredComponents_HandledGracefully" classname="TinyWalnutGames.TTG.TerrainGeneration.Tests.TerrainGenerationEdgeCaseTests" runstate="Runnable" seed="1746762700" result="Passed" start-time="2025-07-27 22:32:43Z" end-time="2025-07-27 22:32:43Z" duration="0.001535" asserts="0">
                  <properties>
                    <property name="retryIteration" value="0" />
                    <property name="repeatIteration" value="0" />
                  </properties>
                </test-case>
                <test-case id="1135" name="EdgeCase_ExtremeNoiseParameters_HandledGracefully" fullname="TinyWalnutGames.TTG.TerrainGeneration.Tests.TerrainGenerationEdgeCaseTests.EdgeCase_ExtremeNoiseParameters_HandledGracefully" methodname="EdgeCase_ExtremeNoiseParameters_HandledGracefully" classname="TinyWalnutGames.TTG.TerrainGeneration.Tests.TerrainGenerationEdgeCaseTests" runstate="Runnable" seed="1371707767" result="Passed" start-time="2025-07-27 22:32:43Z" end-time="2025-07-27 22:32:43Z" duration="0.001749" asserts="0">
                  <properties>
                    <property name="retryIteration" value="0" />
                    <property name="repeatIteration" value="0" />
                  </properties>
                </test-case>
                <test-case id="1133" name="EdgeCase_InvertedHeightRange_HandledGracefully" fullname="TinyWalnutGames.TTG.TerrainGeneration.Tests.TerrainGenerationEdgeCaseTests.EdgeCase_InvertedHeightRange_HandledGracefully" methodname="EdgeCase_InvertedHeightRange_HandledGracefully" classname="TinyWalnutGames.TTG.TerrainGeneration.Tests.TerrainGenerationEdgeCaseTests" runstate="Runnable" seed="1004203116" result="Passed" start-time="2025-07-27 22:32:43Z" end-time="2025-07-27 22:32:43Z" duration="0.003624" asserts="0">
                  <properties>
                    <property name="retryIteration" value="0" />
                    <property name="repeatIteration" value="0" />
                  </properties>
                </test-case>
                <test-case id="1137" name="EdgeCase_MaximumDepth_WorksCorrectly" fullname="TinyWalnutGames.TTG.TerrainGeneration.Tests.TerrainGenerationEdgeCaseTests.EdgeCase_MaximumDepth_WorksCorrectly" methodname="EdgeCase_MaximumDepth_WorksCorrectly" classname="TinyWalnutGames.TTG.TerrainGeneration.Tests.TerrainGenerationEdgeCaseTests" runstate="Runnable" seed="1148698351" result="Passed" start-time="2025-07-27 22:32:43Z" end-time="2025-07-27 22:32:43Z" duration="0.001379" asserts="0">
                  <properties>
                    <property name="retryIteration" value="0" />
                    <property name="repeatIteration" value="0" />
                  </properties>
                </test-case>
                <test-case id="1127" name="EdgeCase_MaximumSides_Decagon_GeneratesCorrectly" fullname="TinyWalnutGames.TTG.TerrainGeneration.Tests.TerrainGenerationEdgeCaseTests.EdgeCase_MaximumSides_Decagon_GeneratesCorrectly" methodname="EdgeCase_MaximumSides_Decagon_GeneratesCorrectly" classname="TinyWalnutGames.TTG.TerrainGeneration.Tests.TerrainGenerationEdgeCaseTests" runstate="Runnable" seed="1061786154" result="Passed" start-time="2025-07-27 22:32:43Z" end-time="2025-07-27 22:32:43Z" duration="0.001646" asserts="0">
                  <properties>
                    <property name="retryIteration" value="0" />
                    <property name="repeatIteration" value="0" />
                  </properties>
                </test-case>
                <test-case id="1126" name="EdgeCase_MinimumSides_Triangle_GeneratesCorrectly" fullname="TinyWalnutGames.TTG.TerrainGeneration.Tests.TerrainGenerationEdgeCaseTests.EdgeCase_MinimumSides_Triangle_GeneratesCorrectly" methodname="EdgeCase_MinimumSides_Triangle_GeneratesCorrectly" classname="TinyWalnutGames.TTG.TerrainGeneration.Tests.TerrainGenerationEdgeCaseTests" runstate="Runnable" seed="1897252153" result="Passed" start-time="2025-07-27 22:32:43Z" end-time="2025-07-27 22:32:43Z" duration="0.001631" asserts="0">
                  <properties>
                    <property name="retryIteration" value="0" />
                    <property name="repeatIteration" value="0" />
                  </properties>
                </test-case>
                <test-case id="1132" name="EdgeCase_NegativeHeights_HandledCorrectly" fullname="TinyWalnutGames.TTG.TerrainGeneration.Tests.TerrainGenerationEdgeCaseTests.EdgeCase_NegativeHeights_HandledCorrectly" methodname="EdgeCase_NegativeHeights_HandledCorrectly" classname="TinyWalnutGames.TTG.TerrainGeneration.Tests.TerrainGenerationEdgeCaseTests" runstate="Runnable" seed="499184567" result="Passed" start-time="2025-07-27 22:32:43Z" end-time="2025-07-27 22:32:43Z" duration="0.001470" asserts="0">
                  <properties>
                    <property name="retryIteration" value="0" />
                    <property name="repeatIteration" value="0" />
                  </properties>
                </test-case>
                <test-case id="1131" name="EdgeCase_NegativeRadius_HandledGracefully" fullname="TinyWalnutGames.TTG.TerrainGeneration.Tests.TerrainGenerationEdgeCaseTests.EdgeCase_NegativeRadius_HandledGracefully" methodname="EdgeCase_NegativeRadius_HandledGracefully" classname="TinyWalnutGames.TTG.TerrainGeneration.Tests.TerrainGenerationEdgeCaseTests" runstate="Runnable" seed="180230252" result="Passed" start-time="2025-07-27 22:32:43Z" end-time="2025-07-27 22:32:43Z" duration="0.001299" asserts="0">
                  <properties>
                    <property name="retryIteration" value="0" />
                    <property name="repeatIteration" value="0" />
                  </properties>
                </test-case>
                <test-case id="1139" name="EdgeCase_SingleTerraceHeight_WorksCorrectly" fullname="TinyWalnutGames.TTG.TerrainGeneration.Tests.TerrainGenerationEdgeCaseTests.EdgeCase_SingleTerraceHeight_WorksCorrectly" methodname="EdgeCase_SingleTerraceHeight_WorksCorrectly" classname="TinyWalnutGames.TTG.TerrainGeneration.Tests.TerrainGenerationEdgeCaseTests" runstate="Runnable" seed="494815040" result="Passed" start-time="2025-07-27 22:32:43Z" end-time="2025-07-27 22:32:43Z" duration="0.001441" asserts="0">
                  <properties>
                    <property name="retryIteration" value="0" />
                    <property name="repeatIteration" value="0" />
                  </properties>
                </test-case>
                <test-case id="1141" name="EdgeCase_UnsortedTerraceHeights_HandledGracefully" fullname="TinyWalnutGames.TTG.TerrainGeneration.Tests.TerrainGenerationEdgeCaseTests.EdgeCase_UnsortedTerraceHeights_HandledGracefully" methodname="EdgeCase_UnsortedTerraceHeights_HandledGracefully" classname="TinyWalnutGames.TTG.TerrainGeneration.Tests.TerrainGenerationEdgeCaseTests" runstate="Runnable" seed="482635298" result="Passed" start-time="2025-07-27 22:32:43Z" end-time="2025-07-27 22:32:43Z" duration="0.001502" asserts="0">
                  <properties>
                    <property name="retryIteration" value="0" />
                    <property name="repeatIteration" value="0" />
                  </properties>
                </test-case>
                <test-case id="1130" name="EdgeCase_VeryLargeRadius_GeneratesCorrectly" fullname="TinyWalnutGames.TTG.TerrainGeneration.Tests.TerrainGenerationEdgeCaseTests.EdgeCase_VeryLargeRadius_GeneratesCorrectly" methodname="EdgeCase_VeryLargeRadius_GeneratesCorrectly" classname="TinyWalnutGames.TTG.TerrainGeneration.Tests.TerrainGenerationEdgeCaseTests" runstate="Runnable" seed="1983753160" result="Passed" start-time="2025-07-27 22:32:43Z" end-time="2025-07-27 22:32:43Z" duration="0.001471" asserts="0">
                  <properties>
                    <property name="retryIteration" value="0" />
                    <property name="repeatIteration" value="0" />
                  </properties>
                </test-case>
                <test-case id="1140" name="EdgeCase_VeryLargeTerraceCount_HandledCorrectly" fullname="TinyWalnutGames.TTG.TerrainGeneration.Tests.TerrainGenerationEdgeCaseTests.EdgeCase_VeryLargeTerraceCount_HandledCorrectly" methodname="EdgeCase_VeryLargeTerraceCount_HandledCorrectly" classname="TinyWalnutGames.TTG.TerrainGeneration.Tests.TerrainGenerationEdgeCaseTests" runstate="Runnable" seed="1554456416" result="Passed" start-time="2025-07-27 22:32:43Z" end-time="2025-07-27 22:32:43Z" duration="0.001413" asserts="0">
                  <properties>
                    <property name="retryIteration" value="0" />
                    <property name="repeatIteration" value="0" />
                  </properties>
                </test-case>
                <test-case id="1143" name="EdgeCase_VeryLargeTerraceHeights_HandledCorrectly" fullname="TinyWalnutGames.TTG.TerrainGeneration.Tests.TerrainGenerationEdgeCaseTests.EdgeCase_VeryLargeTerraceHeights_HandledCorrectly" methodname="EdgeCase_VeryLargeTerraceHeights_HandledCorrectly" classname="TinyWalnutGames.TTG.TerrainGeneration.Tests.TerrainGenerationEdgeCaseTests" runstate="Runnable" seed="1117838736" result="Passed" start-time="2025-07-27 22:32:43Z" end-time="2025-07-27 22:32:43Z" duration="0.001433" asserts="0">
                  <properties>
                    <property name="retryIteration" value="0" />
                    <property name="repeatIteration" value="0" />
                  </properties>
                </test-case>
                <test-case id="1129" name="EdgeCase_VerySmallRadius_GeneratesCorrectly" fullname="TinyWalnutGames.TTG.TerrainGeneration.Tests.TerrainGenerationEdgeCaseTests.EdgeCase_VerySmallRadius_GeneratesCorrectly" methodname="EdgeCase_VerySmallRadius_GeneratesCorrectly" classname="TinyWalnutGames.TTG.TerrainGeneration.Tests.TerrainGenerationEdgeCaseTests" runstate="Runnable" seed="1942730328" result="Passed" start-time="2025-07-27 22:32:43Z" end-time="2025-07-27 22:32:43Z" duration="0.001458" asserts="0">
                  <properties>
                    <property name="retryIteration" value="0" />
                    <property name="repeatIteration" value="0" />
                  </properties>
                </test-case>
                <test-case id="1136" name="EdgeCase_ZeroDepth_HandledGracefully" fullname="TinyWalnutGames.TTG.TerrainGeneration.Tests.TerrainGenerationEdgeCaseTests.EdgeCase_ZeroDepth_HandledGracefully" methodname="EdgeCase_ZeroDepth_HandledGracefully" classname="TinyWalnutGames.TTG.TerrainGeneration.Tests.TerrainGenerationEdgeCaseTests" runstate="Runnable" seed="1819286939" result="Passed" start-time="2025-07-27 22:32:43Z" end-time="2025-07-27 22:32:43Z" duration="0.001402" asserts="0">
                  <properties>
                    <property name="retryIteration" value="0" />
                    <property name="repeatIteration" value="0" />
                  </properties>
                </test-case>
                <test-case id="1134" name="EdgeCase_ZeroHeightRange_HandledCorrectly" fullname="TinyWalnutGames.TTG.TerrainGeneration.Tests.TerrainGenerationEdgeCaseTests.EdgeCase_ZeroHeightRange_HandledCorrectly" methodname="EdgeCase_ZeroHeightRange_HandledCorrectly" classname="TinyWalnutGames.TTG.TerrainGeneration.Tests.TerrainGenerationEdgeCaseTests" runstate="Runnable" seed="234165945" result="Passed" start-time="2025-07-27 22:32:43Z" end-time="2025-07-27 22:32:43Z" duration="0.001438" asserts="0">
                  <properties>
                    <property name="retryIteration" value="0" />
                    <property name="repeatIteration" value="0" />
                  </properties>
                </test-case>
                <test-case id="1128" name="EdgeCase_ZeroRadius_HandledGracefully" fullname="TinyWalnutGames.TTG.TerrainGeneration.Tests.TerrainGenerationEdgeCaseTests.EdgeCase_ZeroRadius_HandledGracefully" methodname="EdgeCase_ZeroRadius_HandledGracefully" classname="TinyWalnutGames.TTG.TerrainGeneration.Tests.TerrainGenerationEdgeCaseTests" runstate="Runnable" seed="1966689801" result="Passed" start-time="2025-07-27 22:32:43Z" end-time="2025-07-27 22:32:43Z" duration="0.001301" asserts="0">
                  <properties>
                    <property name="retryIteration" value="0" />
                    <property name="repeatIteration" value="0" />
                  </properties>
                </test-case>
              </test-suite>
              <test-suite type="TestFixture" id="1145" name="TerrainGenerationIntegrationTests" fullname="TinyWalnutGames.TTG.TerrainGeneration.Tests.TerrainGenerationIntegrationTests" classname="TinyWalnutGames.TTG.TerrainGeneration.Tests.TerrainGenerationIntegrationTests" runstate="Runnable" testcasecount="11" result="Passed" start-time="2025-07-27 22:32:43Z" end-time="2025-07-27 22:32:44Z" duration="0.702082" total="11" passed="11" failed="0" inconclusive="0" skipped="0" asserts="0">
                <properties />
                <output><![CDATA[RuntimeTerrainManager: Initializing terrain system for runtime build...
RuntimeTerrainManager: Using Unity SceneManager for additional scene loading...
Loading scene: TerrainGeneration
Using scene name: TerrainGeneration
Created scene loading request for tracking: TerrainGeneration
Found 2 existing terrain entities. Skipping default creation.
RuntimeTerrainManager: Initialization complete in 0.038s
Terrain entity count updated: 2
SceneLoadingSystem: 1 pending requests, 7 processed
SceneLoadingSystem: Validated scene 'TerrainGeneration' for loading
Terrain entity count updated: 2
]]></output>
                <test-case id="1146" name="BasicFixture_CanCreateEntitiesAndSystems" fullname="TinyWalnutGames.TTG.TerrainGeneration.Tests.TerrainGenerationIntegrationTests.BasicFixture_CanCreateEntitiesAndSystems" methodname="BasicFixture_CanCreateEntitiesAndSystems" classname="TinyWalnutGames.TTG.TerrainGeneration.Tests.TerrainGenerationIntegrationTests" runstate="Runnable" seed="828248692" result="Passed" start-time="2025-07-27 22:32:43Z" end-time="2025-07-27 22:32:43Z" duration="0.001467" asserts="0">
                  <properties>
                    <property name="retryIteration" value="0" />
                    <property name="repeatIteration" value="0" />
                  </properties>
                </test-case>
                <test-case id="1155" name="ComponentQueries_WorkCorrectlyWithManyEntities" fullname="TinyWalnutGames.TTG.TerrainGeneration.Tests.TerrainGenerationIntegrationTests.ComponentQueries_WorkCorrectlyWithManyEntities" methodname="ComponentQueries_WorkCorrectlyWithManyEntities" classname="TinyWalnutGames.TTG.TerrainGeneration.Tests.TerrainGenerationIntegrationTests" runstate="Runnable" seed="749752575" result="Passed" start-time="2025-07-27 22:32:43Z" end-time="2025-07-27 22:32:43Z" duration="0.002005" asserts="0">
                  <properties>
                    <property name="retryIteration" value="0" />
                    <property name="repeatIteration" value="0" />
                  </properties>
                </test-case>
                <test-case id="1153" name="ErrorRecovery_EntityDestructionHandledGracefully" fullname="TinyWalnutGames.TTG.TerrainGeneration.Tests.TerrainGenerationIntegrationTests.ErrorRecovery_EntityDestructionHandledGracefully" methodname="ErrorRecovery_EntityDestructionHandledGracefully" classname="TinyWalnutGames.TTG.TerrainGeneration.Tests.TerrainGenerationIntegrationTests" runstate="Runnable" seed="972238837" result="Passed" start-time="2025-07-27 22:32:43Z" end-time="2025-07-27 22:32:43Z" duration="0.001235" asserts="0">
                  <properties>
                    <property name="retryIteration" value="0" />
                    <property name="repeatIteration" value="0" />
                  </properties>
                </test-case>
                <test-case id="1149" name="JobCompletion_WorksCorrectly" fullname="TinyWalnutGames.TTG.TerrainGeneration.Tests.TerrainGenerationIntegrationTests.JobCompletion_WorksCorrectly" methodname="JobCompletion_WorksCorrectly" classname="TinyWalnutGames.TTG.TerrainGeneration.Tests.TerrainGenerationIntegrationTests" runstate="Runnable" seed="659409499" result="Passed" start-time="2025-07-27 22:32:43Z" end-time="2025-07-27 22:32:43Z" duration="0.000840" asserts="0">
                  <properties>
                    <property name="retryIteration" value="0" />
                    <property name="repeatIteration" value="0" />
                  </properties>
                </test-case>
                <test-case id="1154" name="LargeScaleIntegration_ManyEntitiesProcessCorrectly" fullname="TinyWalnutGames.TTG.TerrainGeneration.Tests.TerrainGenerationIntegrationTests.LargeScaleIntegration_ManyEntitiesProcessCorrectly" methodname="LargeScaleIntegration_ManyEntitiesProcessCorrectly" classname="TinyWalnutGames.TTG.TerrainGeneration.Tests.TerrainGenerationIntegrationTests" runstate="Runnable" seed="1818509620" result="Passed" start-time="2025-07-27 22:32:43Z" end-time="2025-07-27 22:32:43Z" duration="0.001445" asserts="0">
                  <properties>
                    <property name="retryIteration" value="0" />
                    <property name="repeatIteration" value="0" />
                  </properties>
                </test-case>
                <test-case id="1148" name="MultipleEntities_CanBeCreatedAndManaged" fullname="TinyWalnutGames.TTG.TerrainGeneration.Tests.TerrainGenerationIntegrationTests.MultipleEntities_CanBeCreatedAndManaged" methodname="MultipleEntities_CanBeCreatedAndManaged" classname="TinyWalnutGames.TTG.TerrainGeneration.Tests.TerrainGenerationIntegrationTests" runstate="Runnable" seed="2124411948" result="Passed" start-time="2025-07-27 22:32:43Z" end-time="2025-07-27 22:32:43Z" duration="0.000939" asserts="0">
                  <properties>
                    <property name="retryIteration" value="0" />
                    <property name="repeatIteration" value="0" />
                  </properties>
                </test-case>
                <test-case id="1151" name="MultiTerrainWorkflow_EntitiesProcessIndependently" fullname="TinyWalnutGames.TTG.TerrainGeneration.Tests.TerrainGenerationIntegrationTests.MultiTerrainWorkflow_EntitiesProcessIndependently" methodname="MultiTerrainWorkflow_EntitiesProcessIndependently" classname="TinyWalnutGames.TTG.TerrainGeneration.Tests.TerrainGenerationIntegrationTests" runstate="Runnable" seed="384225573" result="Passed" start-time="2025-07-27 22:32:43Z" end-time="2025-07-27 22:32:43Z" duration="0.001205" asserts="0">
                  <properties>
                    <property name="retryIteration" value="0" />
                    <property name="repeatIteration" value="0" />
                  </properties>
                </test-case>
                <test-case id="1156" name="SystemStress_HandlesManyUpdates" fullname="TinyWalnutGames.TTG.TerrainGeneration.Tests.TerrainGenerationIntegrationTests.SystemStress_HandlesManyUpdates" methodname="SystemStress_HandlesManyUpdates" classname="TinyWalnutGames.TTG.TerrainGeneration.Tests.TerrainGenerationIntegrationTests" runstate="Runnable" seed="193548101" result="Passed" start-time="2025-07-27 22:32:43Z" end-time="2025-07-27 22:32:43Z" duration="0.001250" asserts="0">
                  <properties>
                    <property name="retryIteration" value="0" />
                    <property name="repeatIteration" value="0" />
                  </properties>
                </test-case>
                <test-case id="1150" name="TerrainEntityLifecycle_CompleteWorkflow" fullname="TinyWalnutGames.TTG.TerrainGeneration.Tests.TerrainGenerationIntegrationTests.TerrainEntityLifecycle_CompleteWorkflow" methodname="TerrainEntityLifecycle_CompleteWorkflow" classname="TinyWalnutGames.TTG.TerrainGeneration.Tests.TerrainGenerationIntegrationTests" runstate="Runnable" seed="1986230881" result="Passed" start-time="2025-07-27 22:32:43Z" end-time="2025-07-27 22:32:43Z" duration="0.001099" asserts="0">
                  <properties>
                    <property name="retryIteration" value="0" />
                    <property name="repeatIteration" value="0" />
                  </properties>
                </test-case>
                <test-case id="1152" name="TerrainGeneration_FrameByFrameProcessing" fullname="TinyWalnutGames.TTG.TerrainGeneration.Tests.TerrainGenerationIntegrationTests.TerrainGeneration_FrameByFrameProcessing" methodname="TerrainGeneration_FrameByFrameProcessing" classname="TinyWalnutGames.TTG.TerrainGeneration.Tests.TerrainGenerationIntegrationTests" runstate="Runnable" seed="1804947343" result="Passed" start-time="2025-07-27 22:32:43Z" end-time="2025-07-27 22:32:44Z" duration="0.603835" asserts="0">
                  <properties>
                    <property name="_JOINTYPE" value="UnityCombinatorial" />
                    <property name="retryIteration" value="0" />
                    <property name="repeatIteration" value="0" />
                  </properties>
                  <output><![CDATA[SceneLoadingSystem: 1 pending requests, 7 processed
SceneLoadingSystem: Validated scene 'TerrainGeneration' for loading
Scene loading completed: TerrainGeneration
Terrain entity count updated: 2
SceneLoadingSystem: 1 pending requests, 7 processed
SceneLoadingSystem: Scene 'TerrainGeneration' is already loaded
SceneLoadingSystem: 1 pending requests, 7 processed
SceneLoadingSystem: Scene 'TerrainGeneration' is already loaded
SceneLoadingSystem: 1 pending requests, 7 processed
SceneLoadingSystem: Scene 'TerrainGeneration' is already loaded
SceneLoadingSystem: 1 pending requests, 7 processed
SceneLoadingSystem: Scene 'TerrainGeneration' is already loaded
SceneLoadingSystem: 1 pending requests, 7 processed
SceneLoadingSystem: Scene 'TerrainGeneration' is already loaded
]]></output>
                </test-case>
                <test-case id="1147" name="TerrainGenerationWorkflow_CanCompleteBasicSteps" fullname="TinyWalnutGames.TTG.TerrainGeneration.Tests.TerrainGenerationIntegrationTests.TerrainGenerationWorkflow_CanCompleteBasicSteps" methodname="TerrainGenerationWorkflow_CanCompleteBasicSteps" classname="TinyWalnutGames.TTG.TerrainGeneration.Tests.TerrainGenerationIntegrationTests" runstate="Runnable" seed="187344757" result="Passed" start-time="2025-07-27 22:32:44Z" end-time="2025-07-27 22:32:44Z" duration="0.001495" asserts="0">
                  <properties>
                    <property name="retryIteration" value="0" />
                    <property name="repeatIteration" value="0" />
                  </properties>
                </test-case>
              </test-suite>
              <test-suite type="TestFixture" id="1157" name="TerrainGenerationPerformanceTests" fullname="TinyWalnutGames.TTG.TerrainGeneration.Tests.TerrainGenerationPerformanceTests" classname="TinyWalnutGames.TTG.TerrainGeneration.Tests.TerrainGenerationPerformanceTests" runstate="Runnable" testcasecount="12" result="Passed" start-time="2025-07-27 22:32:44Z" end-time="2025-07-27 22:32:58Z" duration="14.371286" total="12" passed="12" failed="0" inconclusive="0" skipped="0" asserts="0">
                <properties />
                <output><![CDATA[SceneLoadingSystem: 1 pending requests, 7 processed
SceneLoadingSystem: Scene 'TerrainGeneration' is already loaded
]]></output>
                <test-case id="1168" name="EdgeCase_EmptyTerraceHeights_HandledCorrectly" fullname="TinyWalnutGames.TTG.TerrainGeneration.Tests.TerrainGenerationPerformanceTests.EdgeCase_EmptyTerraceHeights_HandledCorrectly" methodname="EdgeCase_EmptyTerraceHeights_HandledCorrectly" classname="TinyWalnutGames.TTG.TerrainGeneration.Tests.TerrainGenerationPerformanceTests" runstate="Runnable" seed="211482248" result="Passed" start-time="2025-07-27 22:32:47Z" end-time="2025-07-27 22:32:47Z" duration="0.024522" asserts="0">
                  <properties>
                    <property name="retryIteration" value="0" />
                    <property name="repeatIteration" value="0" />
                  </properties>
                  <output><![CDATA[MeshCreationSystem: Created URP Lit default material for terrain rendering.
Terrain generation completed for entity Entity(123:11). Created mesh entity Entity(124:11) with GameObject 'GeneratedTerrain_123' containing 6 vertices and 4 triangles.
ENABLEABLE SOLUTION: Disabled MeshDataComponent for entity 123:11 - component preserved for tests but marked as processed
]]></output>
                </test-case>
                <test-case id="1167" name="EdgeCase_ExtremeNoise_Parameters_WorkCorrectly" fullname="TinyWalnutGames.TTG.TerrainGeneration.Tests.TerrainGenerationPerformanceTests.EdgeCase_ExtremeNoise_Parameters_WorkCorrectly" methodname="EdgeCase_ExtremeNoise_Parameters_WorkCorrectly" classname="TinyWalnutGames.TTG.TerrainGeneration.Tests.TerrainGenerationPerformanceTests" runstate="Runnable" seed="1748704087" result="Passed" start-time="2025-07-27 22:32:47Z" end-time="2025-07-27 22:32:47Z" duration="0.023903" asserts="0">
                  <properties>
                    <property name="retryIteration" value="0" />
                    <property name="repeatIteration" value="0" />
                  </properties>
                  <output><![CDATA[MeshCreationSystem: Created URP Lit default material for terrain rendering.
Terrain generation completed for entity Entity(123:13). Created mesh entity Entity(124:13) with GameObject 'GeneratedTerrain_123' containing 6 vertices and 4 triangles.
ENABLEABLE SOLUTION: Disabled MeshDataComponent for entity 123:13 - component preserved for tests but marked as processed
]]></output>
                </test-case>
                <test-case id="1164" name="EdgeCase_MaximumSides_WorksCorrectly" fullname="TinyWalnutGames.TTG.TerrainGeneration.Tests.TerrainGenerationPerformanceTests.EdgeCase_MaximumSides_WorksCorrectly" methodname="EdgeCase_MaximumSides_WorksCorrectly" classname="TinyWalnutGames.TTG.TerrainGeneration.Tests.TerrainGenerationPerformanceTests" runstate="Runnable" seed="974507512" result="Passed" start-time="2025-07-27 22:32:47Z" end-time="2025-07-27 22:32:47Z" duration="0.085217" asserts="0">
                  <properties>
                    <property name="retryIteration" value="0" />
                    <property name="repeatIteration" value="0" />
                  </properties>
                  <output><![CDATA[MeshCreationSystem: Created URP Lit default material for terrain rendering.
Terrain generation completed for entity Entity(123:15). Created mesh entity Entity(124:15) with GameObject 'GeneratedTerrain_123' containing 10 vertices and 8 triangles.
ENABLEABLE SOLUTION: Disabled MeshDataComponent for entity 123:15 - component preserved for tests but marked as processed
]]></output>
                </test-case>
                <test-case id="1163" name="EdgeCase_MinimumSides_WorksCorrectly" fullname="TinyWalnutGames.TTG.TerrainGeneration.Tests.TerrainGenerationPerformanceTests.EdgeCase_MinimumSides_WorksCorrectly" methodname="EdgeCase_MinimumSides_WorksCorrectly" classname="TinyWalnutGames.TTG.TerrainGeneration.Tests.TerrainGenerationPerformanceTests" runstate="Runnable" seed="663869758" result="Passed" start-time="2025-07-27 22:32:47Z" end-time="2025-07-27 22:32:47Z" duration="0.024534" asserts="0">
                  <properties>
                    <property name="retryIteration" value="0" />
                    <property name="repeatIteration" value="0" />
                  </properties>
                  <output><![CDATA[MeshCreationSystem: Created URP Lit default material for terrain rendering.
Terrain generation completed for entity Entity(123:17). Created mesh entity Entity(124:17) with GameObject 'GeneratedTerrain_123' containing 3 vertices and 1 triangles.
ENABLEABLE SOLUTION: Disabled MeshDataComponent for entity 123:17 - component preserved for tests but marked as processed
]]></output>
                </test-case>
                <test-case id="1166" name="EdgeCase_NegativeHeight_HandledCorrectly" fullname="TinyWalnutGames.TTG.TerrainGeneration.Tests.TerrainGenerationPerformanceTests.EdgeCase_NegativeHeight_HandledCorrectly" methodname="EdgeCase_NegativeHeight_HandledCorrectly" classname="TinyWalnutGames.TTG.TerrainGeneration.Tests.TerrainGenerationPerformanceTests" runstate="Runnable" seed="1685087498" result="Passed" start-time="2025-07-27 22:32:47Z" end-time="2025-07-27 22:32:47Z" duration="0.033680" asserts="0">
                  <properties>
                    <property name="retryIteration" value="0" />
                    <property name="repeatIteration" value="0" />
                  </properties>
                  <output><![CDATA[MeshCreationSystem: Created URP Lit default material for terrain rendering.
Terrain generation completed for entity Entity(123:19). Created mesh entity Entity(124:19) with GameObject 'GeneratedTerrain_123' containing 162 vertices and 320 triangles.
ENABLEABLE SOLUTION: Disabled MeshDataComponent for entity 123:19 - component preserved for tests but marked as processed
]]></output>
                </test-case>
                <test-case id="1165" name="EdgeCase_ZeroRadius_HandledGracefully" fullname="TinyWalnutGames.TTG.TerrainGeneration.Tests.TerrainGenerationPerformanceTests.EdgeCase_ZeroRadius_HandledGracefully" methodname="EdgeCase_ZeroRadius_HandledGracefully" classname="TinyWalnutGames.TTG.TerrainGeneration.Tests.TerrainGenerationPerformanceTests" runstate="Runnable" seed="1885712646" result="Passed" start-time="2025-07-27 22:32:47Z" end-time="2025-07-27 22:32:47Z" duration="0.024278" asserts="0">
                  <properties>
                    <property name="retryIteration" value="0" />
                    <property name="repeatIteration" value="0" />
                  </properties>
                  <output><![CDATA[MeshCreationSystem: Created URP Lit default material for terrain rendering.
Terrain generation completed for entity Entity(123:21). Created mesh entity Entity(124:21) with GameObject 'GeneratedTerrain_123' containing 6 vertices and 4 triangles.
ENABLEABLE SOLUTION: Disabled MeshDataComponent for entity 123:21 - component preserved for tests but marked as processed
]]></output>
                </test-case>
                <test-case id="1162" name="Performance_LargeTerrainGeneration_CompletesSuccessfully" fullname="TinyWalnutGames.TTG.TerrainGeneration.Tests.TerrainGenerationPerformanceTests.Performance_LargeTerrainGeneration_CompletesSuccessfully" methodname="Performance_LargeTerrainGeneration_CompletesSuccessfully" classname="TinyWalnutGames.TTG.TerrainGeneration.Tests.TerrainGenerationPerformanceTests" runstate="Runnable" seed="1802631539" result="Passed" start-time="2025-07-27 22:32:47Z" end-time="2025-07-27 22:32:54Z" duration="6.917849" asserts="0">
                  <properties>
                    <property name="retryIteration" value="0" />
                    <property name="repeatIteration" value="0" />
                  </properties>
                  <output><![CDATA[MeshCreationSystem: Created URP Lit default material for terrain rendering.
Terrain generation completed for entity Entity(123:23). Created mesh entity Entity(124:23) with GameObject 'GeneratedTerrain_123' containing 6976 vertices and 12056 triangles.
ENABLEABLE SOLUTION: Disabled MeshDataComponent for entity 123:23 - component preserved for tests but marked as processed
]]></output>
                </test-case>
                <test-case id="1161" name="Performance_MemoryAllocation_WithinReasonableLimits" fullname="TinyWalnutGames.TTG.TerrainGeneration.Tests.TerrainGenerationPerformanceTests.Performance_MemoryAllocation_WithinReasonableLimits" methodname="Performance_MemoryAllocation_WithinReasonableLimits" classname="TinyWalnutGames.TTG.TerrainGeneration.Tests.TerrainGenerationPerformanceTests" runstate="Runnable" seed="589801440" result="Passed" start-time="2025-07-27 22:32:54Z" end-time="2025-07-27 22:32:55Z" duration="1.285055" asserts="0">
                  <properties>
                    <property name="retryIteration" value="0" />
                    <property name="repeatIteration" value="0" />
                  </properties>
                  <output><![CDATA[MeshCreationSystem: Created URP Lit default material for terrain rendering.
Terrain generation completed for entity Entity(123:25). Created mesh entity Entity(143:9) with GameObject 'GeneratedTerrain_123' containing 45 vertices and 64 triangles.
ENABLEABLE SOLUTION: Disabled MeshDataComponent for entity 123:25 - component preserved for tests but marked as processed
Terrain generation completed for entity Entity(124:25). Created mesh entity Entity(144:9) with GameObject 'GeneratedTerrain_124' containing 45 vertices and 64 triangles.
ENABLEABLE SOLUTION: Disabled MeshDataComponent for entity 124:25 - component preserved for tests but marked as processed
Terrain generation completed for entity Entity(125:11). Created mesh entity Entity(145:9) with GameObject 'GeneratedTerrain_125' containing 45 vertices and 64 triangles.
ENABLEABLE SOLUTION: Disabled MeshDataComponent for entity 125:11 - component preserved for tests but marked as processed
Terrain generation completed for entity Entity(126:11). Created mesh entity Entity(146:7) with GameObject 'GeneratedTerrain_126' containing 45 vertices and 64 triangles.
ENABLEABLE SOLUTION: Disabled MeshDataComponent for entity 126:11 - component preserved for tests but marked as processed
Terrain generation completed for entity Entity(127:11). Created mesh entity Entity(147:7) with GameObject 'GeneratedTerrain_127' containing 45 vertices and 64 triangles.
ENABLEABLE SOLUTION: Disabled MeshDataComponent for entity 127:11 - component preserved for tests but marked as processed
Terrain generation completed for entity Entity(128:11). Created mesh entity Entity(148:7) with GameObject 'GeneratedTerrain_128' containing 45 vertices and 64 triangles.
ENABLEABLE SOLUTION: Disabled MeshDataComponent for entity 128:11 - component preserved for tests but marked as processed
Terrain generation completed for entity Entity(129:11). Created mesh entity Entity(149:7) with GameObject 'GeneratedTerrain_129' containing 45 vertices and 64 triangles.
ENABLEABLE SOLUTION: Disabled MeshDataComponent for entity 129:11 - component preserved for tests but marked as processed
Terrain generation completed for entity Entity(130:11). Created mesh entity Entity(150:7) with GameObject 'GeneratedTerrain_130' containing 45 vertices and 64 triangles.
ENABLEABLE SOLUTION: Disabled MeshDataComponent for entity 130:11 - component preserved for tests but marked as processed
Terrain generation completed for entity Entity(131:11). Created mesh entity Entity(151:7) with GameObject 'GeneratedTerrain_131' containing 45 vertices and 64 triangles.
ENABLEABLE SOLUTION: Disabled MeshDataComponent for entity 131:11 - component preserved for tests but marked as processed
Terrain generation completed for entity Entity(132:11). Created mesh entity Entity(152:7) with GameObject 'GeneratedTerrain_132' containing 45 vertices and 64 triangles.
ENABLEABLE SOLUTION: Disabled MeshDataComponent for entity 132:11 - component preserved for tests but marked as processed
Terrain generation completed for entity Entity(133:11). Created mesh entity Entity(153:7) with GameObject 'GeneratedTerrain_133' containing 45 vertices and 64 triangles.
ENABLEABLE SOLUTION: Disabled MeshDataComponent for entity 133:11 - component preserved for tests but marked as processed
Terrain generation completed for entity Entity(134:11). Created mesh entity Entity(154:7) with GameObject 'GeneratedTerrain_134' containing 45 vertices and 64 triangles.
ENABLEABLE SOLUTION: Disabled MeshDataComponent for entity 134:11 - component preserved for tests but marked as processed
Terrain generation completed for entity Entity(135:11). Created mesh entity Entity(155:7) with GameObject 'GeneratedTerrain_135' containing 45 vertices and 64 triangles.
ENABLEABLE SOLUTION: Disabled MeshDataComponent for entity 135:11 - component preserved for tests but marked as processed
Terrain generation completed for entity Entity(136:11). Created mesh entity Entity(156:7) with GameObject 'GeneratedTerrain_136' containing 45 vertices and 64 triangles.
ENABLEABLE SOLUTION: Disabled MeshDataComponent for entity 136:11 - component preserved for tests but marked as processed
Terrain generation completed for entity Entity(137:11). Created mesh entity Entity(157:7) with GameObject 'GeneratedTerrain_137' containing 45 vertices and 64 triangles.
ENABLEABLE SOLUTION: Disabled MeshDataComponent for entity 137:11 - component preserved for tests but marked as processed
Terrain generation completed for entity Entity(138:11). Created mesh entity Entity(158:7) with GameObject 'GeneratedTerrain_138' containing 45 vertices and 64 triangles.
ENABLEABLE SOLUTION: Disabled MeshDataComponent for entity 138:11 - component preserved for tests but marked as processed
Terrain generation completed for entity Entity(139:11). Created mesh entity Entity(159:7) with GameObject 'GeneratedTerrain_139' containing 45 vertices and 64 triangles.
ENABLEABLE SOLUTION: Disabled MeshDataComponent for entity 139:11 - component preserved for tests but marked as processed
Terrain generation completed for entity Entity(140:11). Created mesh entity Entity(160:7) with GameObject 'GeneratedTerrain_140' containing 45 vertices and 64 triangles.
ENABLEABLE SOLUTION: Disabled MeshDataComponent for entity 140:11 - component preserved for tests but marked as processed
Terrain generation completed for entity Entity(141:11). Created mesh entity Entity(161:7) with GameObject 'GeneratedTerrain_141' containing 45 vertices and 64 triangles.
ENABLEABLE SOLUTION: Disabled MeshDataComponent for entity 141:11 - component preserved for tests but marked as processed
Terrain generation completed for entity Entity(142:9). Created mesh entity Entity(162:7) with GameObject 'GeneratedTerrain_142' containing 45 vertices and 64 triangles.
ENABLEABLE SOLUTION: Disabled MeshDataComponent for entity 142:9 - component preserved for tests but marked as processed
]]></output>
                </test-case>
                <test-case id="1160" name="Performance_MultipleTerrainsSimultaneous_ScalesLinearlyish" fullname="TinyWalnutGames.TTG.TerrainGeneration.Tests.TerrainGenerationPerformanceTests.Performance_MultipleTerrainsSimultaneous_ScalesLinearlyish" methodname="Performance_MultipleTerrainsSimultaneous_ScalesLinearlyish" classname="TinyWalnutGames.TTG.TerrainGeneration.Tests.TerrainGenerationPerformanceTests" runstate="Runnable" seed="491641274" result="Passed" start-time="2025-07-27 22:32:55Z" end-time="2025-07-27 22:32:56Z" duration="0.373935" asserts="0">
                  <properties>
                    <property name="retryIteration" value="0" />
                    <property name="repeatIteration" value="0" />
                  </properties>
                  <output><![CDATA[MeshCreationSystem: Created URP Lit default material for terrain rendering.
Terrain generation completed for entity Entity(123:27). Created mesh entity Entity(133:13) with GameObject 'GeneratedTerrain_123' containing 45 vertices and 64 triangles.
ENABLEABLE SOLUTION: Disabled MeshDataComponent for entity 123:27 - component preserved for tests but marked as processed
Terrain generation completed for entity Entity(124:27). Created mesh entity Entity(134:13) with GameObject 'GeneratedTerrain_124' containing 303 vertices and 520 triangles.
ENABLEABLE SOLUTION: Disabled MeshDataComponent for entity 124:27 - component preserved for tests but marked as processed
Terrain generation completed for entity Entity(125:13). Created mesh entity Entity(135:13) with GameObject 'GeneratedTerrain_125' containing 45 vertices and 64 triangles.
ENABLEABLE SOLUTION: Disabled MeshDataComponent for entity 125:13 - component preserved for tests but marked as processed
Terrain generation completed for entity Entity(126:13). Created mesh entity Entity(136:13) with GameObject 'GeneratedTerrain_126' containing 303 vertices and 520 triangles.
ENABLEABLE SOLUTION: Disabled MeshDataComponent for entity 126:13 - component preserved for tests but marked as processed
Terrain generation completed for entity Entity(127:13). Created mesh entity Entity(137:13) with GameObject 'GeneratedTerrain_127' containing 45 vertices and 64 triangles.
ENABLEABLE SOLUTION: Disabled MeshDataComponent for entity 127:13 - component preserved for tests but marked as processed
Terrain generation completed for entity Entity(128:13). Created mesh entity Entity(138:13) with GameObject 'GeneratedTerrain_128' containing 303 vertices and 520 triangles.
ENABLEABLE SOLUTION: Disabled MeshDataComponent for entity 128:13 - component preserved for tests but marked as processed
Terrain generation completed for entity Entity(129:13). Created mesh entity Entity(139:13) with GameObject 'GeneratedTerrain_129' containing 45 vertices and 64 triangles.
ENABLEABLE SOLUTION: Disabled MeshDataComponent for entity 129:13 - component preserved for tests but marked as processed
Terrain generation completed for entity Entity(130:13). Created mesh entity Entity(140:13) with GameObject 'GeneratedTerrain_130' containing 303 vertices and 520 triangles.
ENABLEABLE SOLUTION: Disabled MeshDataComponent for entity 130:13 - component preserved for tests but marked as processed
Terrain generation completed for entity Entity(131:13). Created mesh entity Entity(141:13) with GameObject 'GeneratedTerrain_131' containing 45 vertices and 64 triangles.
ENABLEABLE SOLUTION: Disabled MeshDataComponent for entity 131:13 - component preserved for tests but marked as processed
Terrain generation completed for entity Entity(132:13). Created mesh entity Entity(142:11) with GameObject 'GeneratedTerrain_132' containing 303 vertices and 520 triangles.
ENABLEABLE SOLUTION: Disabled MeshDataComponent for entity 132:13 - component preserved for tests but marked as processed
]]></output>
                </test-case>
                <test-case id="1158" name="Performance_SinglePlanarTerrain_CompletesInReasonableTime" fullname="TinyWalnutGames.TTG.TerrainGeneration.Tests.TerrainGenerationPerformanceTests.Performance_SinglePlanarTerrain_CompletesInReasonableTime" methodname="Performance_SinglePlanarTerrain_CompletesInReasonableTime" classname="TinyWalnutGames.TTG.TerrainGeneration.Tests.TerrainGenerationPerformanceTests" runstate="Runnable" seed="1868912842" result="Passed" start-time="2025-07-27 22:32:56Z" end-time="2025-07-27 22:32:56Z" duration="0.027566" asserts="0">
                  <properties>
                    <property name="retryIteration" value="0" />
                    <property name="repeatIteration" value="0" />
                  </properties>
                  <output><![CDATA[MeshCreationSystem: Created URP Lit default material for terrain rendering.
Terrain generation completed for entity Entity(123:29). Created mesh entity Entity(124:29) with GameObject 'GeneratedTerrain_123' containing 45 vertices and 64 triangles.
ENABLEABLE SOLUTION: Disabled MeshDataComponent for entity 123:29 - component preserved for tests but marked as processed
]]></output>
                </test-case>
                <test-case id="1159" name="Performance_SingleSphericalTerrain_CompletesInReasonableTime" fullname="TinyWalnutGames.TTG.TerrainGeneration.Tests.TerrainGenerationPerformanceTests.Performance_SingleSphericalTerrain_CompletesInReasonableTime" methodname="Performance_SingleSphericalTerrain_CompletesInReasonableTime" classname="TinyWalnutGames.TTG.TerrainGeneration.Tests.TerrainGenerationPerformanceTests" runstate="Runnable" seed="474725517" result="Passed" start-time="2025-07-27 22:32:56Z" end-time="2025-07-27 22:32:56Z" duration="0.064832" asserts="0">
                  <properties>
                    <property name="retryIteration" value="0" />
                    <property name="repeatIteration" value="0" />
                  </properties>
                  <output><![CDATA[MeshCreationSystem: Created URP Lit default material for terrain rendering.
Terrain generation completed for entity Entity(123:31). Created mesh entity Entity(124:31) with GameObject 'GeneratedTerrain_123' containing 303 vertices and 520 triangles.
ENABLEABLE SOLUTION: Disabled MeshDataComponent for entity 123:31 - component preserved for tests but marked as processed
]]></output>
                </test-case>
                <test-case id="1169" name="StressTest_ManyTerrainsOverTime_StablePerformance" fullname="TinyWalnutGames.TTG.TerrainGeneration.Tests.TerrainGenerationPerformanceTests.StressTest_ManyTerrainsOverTime_StablePerformance" methodname="StressTest_ManyTerrainsOverTime_StablePerformance" classname="TinyWalnutGames.TTG.TerrainGeneration.Tests.TerrainGenerationPerformanceTests" runstate="Runnable" seed="1858528196" result="Passed" start-time="2025-07-27 22:32:56Z" end-time="2025-07-27 22:32:58Z" duration="2.197782" asserts="0">
                  <properties>
                    <property name="_JOINTYPE" value="UnityCombinatorial" />
                    <property name="retryIteration" value="0" />
                    <property name="repeatIteration" value="0" />
                  </properties>
                  <output><![CDATA[MeshCreationSystem: Created URP Lit default material for terrain rendering.
Terrain generation completed for entity Entity(84:45). Created mesh entity Entity(123:33) with GameObject 'GeneratedTerrain_84' containing 342 vertices and 461 triangles.
ENABLEABLE SOLUTION: Disabled MeshDataComponent for entity 84:45 - component preserved for tests but marked as processed
Terrain generation completed for entity Entity(95:29). Created mesh entity Entity(124:33) with GameObject 'GeneratedTerrain_95' containing 8089 vertices and 12144 triangles.
ENABLEABLE SOLUTION: Disabled MeshDataComponent for entity 95:29 - component preserved for tests but marked as processed
ULTRA-CLEANUP: Disposed terrace config for completed/errored entity Entity(84:45)
ULTRA-CLEANUP: Disposed terrace config for completed/errored entity Entity(95:29)
ULTRA-CLEANUP: Disposed material data for completed/errored entity Entity(95:29)
SceneLoadingSystem: 1 pending requests, 7 processed
SceneLoadingSystem: Scene 'TerrainGeneration' is already loaded
Terrain entity count updated: 2
SceneLoadingSystem: 1 pending requests, 7 processed
SceneLoadingSystem: Scene 'TerrainGeneration' is already loaded
Terrain generation completed for entity Entity(125:15). Created mesh entity Entity(130:15) with GameObject 'GeneratedTerrain_125' containing 45 vertices and 64 triangles.
ENABLEABLE SOLUTION: Disabled MeshDataComponent for entity 125:15 - component preserved for tests but marked as processed
Terrain generation completed for entity Entity(126:15). Created mesh entity Entity(131:15) with GameObject 'GeneratedTerrain_126' containing 303 vertices and 520 triangles.
ENABLEABLE SOLUTION: Disabled MeshDataComponent for entity 126:15 - component preserved for tests but marked as processed
Terrain generation completed for entity Entity(127:15). Created mesh entity Entity(132:15) with GameObject 'GeneratedTerrain_127' containing 45 vertices and 64 triangles.
ENABLEABLE SOLUTION: Disabled MeshDataComponent for entity 127:15 - component preserved for tests but marked as processed
Terrain generation completed for entity Entity(128:15). Created mesh entity Entity(133:15) with GameObject 'GeneratedTerrain_128' containing 303 vertices and 520 triangles.
ENABLEABLE SOLUTION: Disabled MeshDataComponent for entity 128:15 - component preserved for tests but marked as processed
Terrain generation completed for entity Entity(129:15). Created mesh entity Entity(134:15) with GameObject 'GeneratedTerrain_129' containing 45 vertices and 64 triangles.
ENABLEABLE SOLUTION: Disabled MeshDataComponent for entity 129:15 - component preserved for tests but marked as processed
SceneLoadingSystem: 1 pending requests, 7 processed
SceneLoadingSystem: Scene 'TerrainGeneration' is already loaded
Terrain generation completed for entity Entity(135:15). Created mesh entity Entity(140:15) with GameObject 'GeneratedTerrain_135' containing 45 vertices and 64 triangles.
ENABLEABLE SOLUTION: Disabled MeshDataComponent for entity 135:15 - component preserved for tests but marked as processed
Terrain generation completed for entity Entity(136:15). Created mesh entity Entity(141:15) with GameObject 'GeneratedTerrain_136' containing 303 vertices and 520 triangles.
ENABLEABLE SOLUTION: Disabled MeshDataComponent for entity 136:15 - component preserved for tests but marked as processed
Terrain generation completed for entity Entity(137:15). Created mesh entity Entity(142:13) with GameObject 'GeneratedTerrain_137' containing 45 vertices and 64 triangles.
ENABLEABLE SOLUTION: Disabled MeshDataComponent for entity 137:15 - component preserved for tests but marked as processed
Terrain generation completed for entity Entity(138:15). Created mesh entity Entity(143:11) with GameObject 'GeneratedTerrain_138' containing 303 vertices and 520 triangles.
ENABLEABLE SOLUTION: Disabled MeshDataComponent for entity 138:15 - component preserved for tests but marked as processed
Terrain generation completed for entity Entity(139:15). Created mesh entity Entity(144:11) with GameObject 'GeneratedTerrain_139' containing 45 vertices and 64 triangles.
ENABLEABLE SOLUTION: Disabled MeshDataComponent for entity 139:15 - component preserved for tests but marked as processed
SceneLoadingSystem: 1 pending requests, 7 processed
SceneLoadingSystem: Scene 'TerrainGeneration' is already loaded
Terrain generation completed for entity Entity(145:11). Created mesh entity Entity(150:9) with GameObject 'GeneratedTerrain_145' containing 45 vertices and 64 triangles.
ENABLEABLE SOLUTION: Disabled MeshDataComponent for entity 145:11 - component preserved for tests but marked as processed
Terrain generation completed for entity Entity(146:9). Created mesh entity Entity(151:9) with GameObject 'GeneratedTerrain_146' containing 303 vertices and 520 triangles.
ENABLEABLE SOLUTION: Disabled MeshDataComponent for entity 146:9 - component preserved for tests but marked as processed
Terrain generation completed for entity Entity(147:9). Created mesh entity Entity(152:9) with GameObject 'GeneratedTerrain_147' containing 45 vertices and 64 triangles.
ENABLEABLE SOLUTION: Disabled MeshDataComponent for entity 147:9 - component preserved for tests but marked as processed
Terrain generation completed for entity Entity(148:9). Created mesh entity Entity(153:9) with GameObject 'GeneratedTerrain_148' containing 303 vertices and 520 triangles.
ENABLEABLE SOLUTION: Disabled MeshDataComponent for entity 148:9 - component preserved for tests but marked as processed
Terrain generation completed for entity Entity(149:9). Created mesh entity Entity(154:9) with GameObject 'GeneratedTerrain_149' containing 45 vertices and 64 triangles.
ENABLEABLE SOLUTION: Disabled MeshDataComponent for entity 149:9 - component preserved for tests but marked as processed
SceneLoadingSystem: 1 pending requests, 7 processed
SceneLoadingSystem: Scene 'TerrainGeneration' is already loaded
Terrain generation completed for entity Entity(155:9). Created mesh entity Entity(160:9) with GameObject 'GeneratedTerrain_155' containing 45 vertices and 64 triangles.
ENABLEABLE SOLUTION: Disabled MeshDataComponent for entity 155:9 - component preserved for tests but marked as processed
Terrain generation completed for entity Entity(156:9). Created mesh entity Entity(161:9) with GameObject 'GeneratedTerrain_156' containing 303 vertices and 520 triangles.
ENABLEABLE SOLUTION: Disabled MeshDataComponent for entity 156:9 - component preserved for tests but marked as processed
Terrain generation completed for entity Entity(157:9). Created mesh entity Entity(162:9) with GameObject 'GeneratedTerrain_157' containing 45 vertices and 64 triangles.
ENABLEABLE SOLUTION: Disabled MeshDataComponent for entity 157:9 - component preserved for tests but marked as processed
Terrain generation completed for entity Entity(158:9). Created mesh entity Entity(163:7) with GameObject 'GeneratedTerrain_158' containing 303 vertices and 520 triangles.
ENABLEABLE SOLUTION: Disabled MeshDataComponent for entity 158:9 - component preserved for tests but marked as processed
Terrain generation completed for entity Entity(159:9). Created mesh entity Entity(164:7) with GameObject 'GeneratedTerrain_159' containing 45 vertices and 64 triangles.
ENABLEABLE SOLUTION: Disabled MeshDataComponent for entity 159:9 - component preserved for tests but marked as processed
SceneLoadingSystem: 1 pending requests, 7 processed
SceneLoadingSystem: Scene 'TerrainGeneration' is already loaded
Terrain generation completed for entity Entity(165:7). Created mesh entity Entity(170:7) with GameObject 'GeneratedTerrain_165' containing 45 vertices and 64 triangles.
ENABLEABLE SOLUTION: Disabled MeshDataComponent for entity 165:7 - component preserved for tests but marked as processed
Terrain generation completed for entity Entity(166:7). Created mesh entity Entity(171:7) with GameObject 'GeneratedTerrain_166' containing 303 vertices and 520 triangles.
ENABLEABLE SOLUTION: Disabled MeshDataComponent for entity 166:7 - component preserved for tests but marked as processed
Terrain generation completed for entity Entity(167:7). Created mesh entity Entity(172:7) with GameObject 'GeneratedTerrain_167' containing 45 vertices and 64 triangles.
ENABLEABLE SOLUTION: Disabled MeshDataComponent for entity 167:7 - component preserved for tests but marked as processed
Terrain generation completed for entity Entity(168:7). Created mesh entity Entity(173:7) with GameObject 'GeneratedTerrain_168' containing 303 vertices and 520 triangles.
ENABLEABLE SOLUTION: Disabled MeshDataComponent for entity 168:7 - component preserved for tests but marked as processed
Terrain generation completed for entity Entity(169:7). Created mesh entity Entity(174:7) with GameObject 'GeneratedTerrain_169' containing 45 vertices and 64 triangles.
ENABLEABLE SOLUTION: Disabled MeshDataComponent for entity 169:7 - component preserved for tests but marked as processed
SceneLoadingSystem: 1 pending requests, 7 processed
SceneLoadingSystem: Scene 'TerrainGeneration' is already loaded
Terrain entity count updated: 2
Terrain generation completed for entity Entity(175:7). Created mesh entity Entity(180:7) with GameObject 'GeneratedTerrain_175' containing 45 vertices and 64 triangles.
ENABLEABLE SOLUTION: Disabled MeshDataComponent for entity 175:7 - component preserved for tests but marked as processed
Terrain generation completed for entity Entity(176:7). Created mesh entity Entity(181:7) with GameObject 'GeneratedTerrain_176' containing 303 vertices and 520 triangles.
ENABLEABLE SOLUTION: Disabled MeshDataComponent for entity 176:7 - component preserved for tests but marked as processed
Terrain generation completed for entity Entity(177:7). Created mesh entity Entity(182:7) with GameObject 'GeneratedTerrain_177' containing 45 vertices and 64 triangles.
ENABLEABLE SOLUTION: Disabled MeshDataComponent for entity 177:7 - component preserved for tests but marked as processed
Terrain generation completed for entity Entity(178:7). Created mesh entity Entity(183:7) with GameObject 'GeneratedTerrain_178' containing 303 vertices and 520 triangles.
ENABLEABLE SOLUTION: Disabled MeshDataComponent for entity 178:7 - component preserved for tests but marked as processed
Terrain generation completed for entity Entity(179:7). Created mesh entity Entity(184:5) with GameObject 'GeneratedTerrain_179' containing 45 vertices and 64 triangles.
ENABLEABLE SOLUTION: Disabled MeshDataComponent for entity 179:7 - component preserved for tests but marked as processed
SceneLoadingSystem: 1 pending requests, 7 processed
SceneLoadingSystem: Scene 'TerrainGeneration' is already loaded
Terrain generation completed for entity Entity(185:5). Created mesh entity Entity(190:5) with GameObject 'GeneratedTerrain_185' containing 45 vertices and 64 triangles.
ENABLEABLE SOLUTION: Disabled MeshDataComponent for entity 185:5 - component preserved for tests but marked as processed
Terrain generation completed for entity Entity(186:5). Created mesh entity Entity(191:5) with GameObject 'GeneratedTerrain_186' containing 303 vertices and 520 triangles.
ENABLEABLE SOLUTION: Disabled MeshDataComponent for entity 186:5 - component preserved for tests but marked as processed
Terrain generation completed for entity Entity(187:5). Created mesh entity Entity(192:3) with GameObject 'GeneratedTerrain_187' containing 45 vertices and 64 triangles.
ENABLEABLE SOLUTION: Disabled MeshDataComponent for entity 187:5 - component preserved for tests but marked as processed
Terrain generation completed for entity Entity(188:5). Created mesh entity Entity(193:3) with GameObject 'GeneratedTerrain_188' containing 303 vertices and 520 triangles.
ENABLEABLE SOLUTION: Disabled MeshDataComponent for entity 188:5 - component preserved for tests but marked as processed
Terrain generation completed for entity Entity(189:5). Created mesh entity Entity(194:3) with GameObject 'GeneratedTerrain_189' containing 45 vertices and 64 triangles.
ENABLEABLE SOLUTION: Disabled MeshDataComponent for entity 189:5 - component preserved for tests but marked as processed
SceneLoadingSystem: 1 pending requests, 7 processed
SceneLoadingSystem: Scene 'TerrainGeneration' is already loaded
Terrain generation completed for entity Entity(195:3). Created mesh entity Entity(200:1) with GameObject 'GeneratedTerrain_195' containing 45 vertices and 64 triangles.
ENABLEABLE SOLUTION: Disabled MeshDataComponent for entity 195:3 - component preserved for tests but marked as processed
Terrain generation completed for entity Entity(196:1). Created mesh entity Entity(201:1) with GameObject 'GeneratedTerrain_196' containing 303 vertices and 520 triangles.
ENABLEABLE SOLUTION: Disabled MeshDataComponent for entity 196:1 - component preserved for tests but marked as processed
Terrain generation completed for entity Entity(197:1). Created mesh entity Entity(202:1) with GameObject 'GeneratedTerrain_197' containing 45 vertices and 64 triangles.
ENABLEABLE SOLUTION: Disabled MeshDataComponent for entity 197:1 - component preserved for tests but marked as processed
Terrain generation completed for entity Entity(198:1). Created mesh entity Entity(203:1) with GameObject 'GeneratedTerrain_198' containing 303 vertices and 520 triangles.
ENABLEABLE SOLUTION: Disabled MeshDataComponent for entity 198:1 - component preserved for tests but marked as processed
Terrain generation completed for entity Entity(199:1). Created mesh entity Entity(204:1) with GameObject 'GeneratedTerrain_199' containing 45 vertices and 64 triangles.
ENABLEABLE SOLUTION: Disabled MeshDataComponent for entity 199:1 - component preserved for tests but marked as processed
SceneLoadingSystem: 1 pending requests, 7 processed
SceneLoadingSystem: Scene 'TerrainGeneration' is already loaded
Terrain generation completed for entity Entity(205:1). Created mesh entity Entity(210:1) with GameObject 'GeneratedTerrain_205' containing 45 vertices and 64 triangles.
ENABLEABLE SOLUTION: Disabled MeshDataComponent for entity 205:1 - component preserved for tests but marked as processed
Terrain generation completed for entity Entity(206:1). Created mesh entity Entity(211:1) with GameObject 'GeneratedTerrain_206' containing 303 vertices and 520 triangles.
ENABLEABLE SOLUTION: Disabled MeshDataComponent for entity 206:1 - component preserved for tests but marked as processed
Terrain generation completed for entity Entity(207:1). Created mesh entity Entity(212:1) with GameObject 'GeneratedTerrain_207' containing 45 vertices and 64 triangles.
ENABLEABLE SOLUTION: Disabled MeshDataComponent for entity 207:1 - component preserved for tests but marked as processed
Terrain generation completed for entity Entity(208:1). Created mesh entity Entity(213:1) with GameObject 'GeneratedTerrain_208' containing 303 vertices and 520 triangles.
ENABLEABLE SOLUTION: Disabled MeshDataComponent for entity 208:1 - component preserved for tests but marked as processed
Terrain generation completed for entity Entity(209:1). Created mesh entity Entity(214:1) with GameObject 'GeneratedTerrain_209' containing 45 vertices and 64 triangles.
ENABLEABLE SOLUTION: Disabled MeshDataComponent for entity 209:1 - component preserved for tests but marked as processed
SceneLoadingSystem: 1 pending requests, 7 processed
SceneLoadingSystem: Scene 'TerrainGeneration' is already loaded
Terrain generation completed for entity Entity(215:1). Created mesh entity Entity(220:1) with GameObject 'GeneratedTerrain_215' containing 45 vertices and 64 triangles.
ENABLEABLE SOLUTION: Disabled MeshDataComponent for entity 215:1 - component preserved for tests but marked as processed
Terrain generation completed for entity Entity(216:1). Created mesh entity Entity(221:1) with GameObject 'GeneratedTerrain_216' containing 303 vertices and 520 triangles.
ENABLEABLE SOLUTION: Disabled MeshDataComponent for entity 216:1 - component preserved for tests but marked as processed
Terrain generation completed for entity Entity(217:1). Created mesh entity Entity(222:1) with GameObject 'GeneratedTerrain_217' containing 45 vertices and 64 triangles.
ENABLEABLE SOLUTION: Disabled MeshDataComponent for entity 217:1 - component preserved for tests but marked as processed
Terrain generation completed for entity Entity(218:1). Created mesh entity Entity(223:1) with GameObject 'GeneratedTerrain_218' containing 303 vertices and 520 triangles.
ENABLEABLE SOLUTION: Disabled MeshDataComponent for entity 218:1 - component preserved for tests but marked as processed
Terrain generation completed for entity Entity(219:1). Created mesh entity Entity(224:1) with GameObject 'GeneratedTerrain_219' containing 45 vertices and 64 triangles.
ENABLEABLE SOLUTION: Disabled MeshDataComponent for entity 219:1 - component preserved for tests but marked as processed
SceneLoadingSystem: 1 pending requests, 7 processed
SceneLoadingSystem: Scene 'TerrainGeneration' is already loaded
Terrain entity count updated: 2
]]></output>
                </test-case>
              </test-suite>
              <test-suite type="TestFixture" id="1170" name="TerrainGenerationSystemTests" fullname="TinyWalnutGames.TTG.TerrainGeneration.Tests.TerrainGenerationSystemTests" classname="TinyWalnutGames.TTG.TerrainGeneration.Tests.TerrainGenerationSystemTests" runstate="Runnable" testcasecount="11" result="Failed" site="Child" start-time="2025-07-27 22:32:58Z" end-time="2025-07-27 22:32:58Z" duration="0.044288" total="11" passed="10" failed="1" inconclusive="0" skipped="0" asserts="0">
                <properties />
                <failure>
                  <message><![CDATA[One or more child tests had errors]]></message>
                </failure>
                <output><![CDATA[SceneLoadingSystem: 1 pending requests, 7 processed
SceneLoadingSystem: Scene 'TerrainGeneration' is already loaded
]]></output>
                <test-case id="1180" name="TerrainGenerationSystem_AlreadyHasMeshData_NoReprocessing" fullname="TinyWalnutGames.TTG.TerrainGeneration.Tests.TerrainGenerationSystemTests.TerrainGenerationSystem_AlreadyHasMeshData_NoReprocessing" methodname="TerrainGenerationSystem_AlreadyHasMeshData_NoReprocessing" classname="TinyWalnutGames.TTG.TerrainGeneration.Tests.TerrainGenerationSystemTests" runstate="Runnable" seed="1150801145" result="Passed" start-time="2025-07-27 22:32:58Z" end-time="2025-07-27 22:32:58Z" duration="0.002711" asserts="0">
                  <properties>
                    <property name="retryIteration" value="0" />
                    <property name="repeatIteration" value="0" />
                  </properties>
                </test-case>
                <test-case id="1176" name="TerrainGenerationSystem_CompleteWorkflow_ProgressesThroughAllPhases" fullname="TinyWalnutGames.TTG.TerrainGeneration.Tests.TerrainGenerationSystemTests.TerrainGenerationSystem_CompleteWorkflow_ProgressesThroughAllPhases" methodname="TerrainGenerationSystem_CompleteWorkflow_ProgressesThroughAllPhases" classname="TinyWalnutGames.TTG.TerrainGeneration.Tests.TerrainGenerationSystemTests" runstate="Runnable" seed="1271784828" result="Passed" start-time="2025-07-27 22:32:58Z" end-time="2025-07-27 22:32:58Z" duration="0.003331" asserts="0">
                  <properties>
                    <property name="retryIteration" value="0" />
                    <property name="repeatIteration" value="0" />
                  </properties>
                </test-case>
                <test-case id="1181" name="TerrainGenerationSystem_DifferentSides_GeneratesDifferentMeshes" fullname="TinyWalnutGames.TTG.TerrainGeneration.Tests.TerrainGenerationSystemTests.TerrainGenerationSystem_DifferentSides_GeneratesDifferentMeshes" methodname="TerrainGenerationSystem_DifferentSides_GeneratesDifferentMeshes" classname="TinyWalnutGames.TTG.TerrainGeneration.Tests.TerrainGenerationSystemTests" runstate="Runnable" seed="1859698883" result="Passed" start-time="2025-07-27 22:32:58Z" end-time="2025-07-27 22:32:58Z" duration="0.001550" asserts="0">
                  <properties>
                    <property name="retryIteration" value="0" />
                    <property name="repeatIteration" value="0" />
                  </properties>
                </test-case>
                <test-case id="1177" name="TerrainGenerationSystem_MultipleEntities_ProcessedIndependently" fullname="TinyWalnutGames.TTG.TerrainGeneration.Tests.TerrainGenerationSystemTests.TerrainGenerationSystem_MultipleEntities_ProcessedIndependently" methodname="TerrainGenerationSystem_MultipleEntities_ProcessedIndependently" classname="TinyWalnutGames.TTG.TerrainGeneration.Tests.TerrainGenerationSystemTests" runstate="Runnable" seed="2015799215" result="Passed" start-time="2025-07-27 22:32:58Z" end-time="2025-07-27 22:32:58Z" duration="0.001747" asserts="0">
                  <properties>
                    <property name="retryIteration" value="0" />
                    <property name="repeatIteration" value="0" />
                  </properties>
                </test-case>
                <test-case id="1171" name="TerrainGenerationSystem_NewRequest_CreatesGenerationState" fullname="TinyWalnutGames.TTG.TerrainGeneration.Tests.TerrainGenerationSystemTests.TerrainGenerationSystem_NewRequest_CreatesGenerationState" methodname="TerrainGenerationSystem_NewRequest_CreatesGenerationState" classname="TinyWalnutGames.TTG.TerrainGeneration.Tests.TerrainGenerationSystemTests" runstate="Runnable" seed="1704168751" result="Passed" start-time="2025-07-27 22:32:58Z" end-time="2025-07-27 22:32:58Z" duration="0.001459" asserts="0">
                  <properties>
                    <property name="retryIteration" value="0" />
                    <property name="repeatIteration" value="0" />
                  </properties>
                </test-case>
                <test-case id="1178" name="TerrainGenerationSystem_NoRequestComponent_NoProcessing" fullname="TinyWalnutGames.TTG.TerrainGeneration.Tests.TerrainGenerationSystemTests.TerrainGenerationSystem_NoRequestComponent_NoProcessing" methodname="TerrainGenerationSystem_NoRequestComponent_NoProcessing" classname="TinyWalnutGames.TTG.TerrainGeneration.Tests.TerrainGenerationSystemTests" runstate="Runnable" seed="1955937282" result="Passed" start-time="2025-07-27 22:32:58Z" end-time="2025-07-27 22:32:58Z" duration="0.001404" asserts="0">
                  <properties>
                    <property name="retryIteration" value="0" />
                    <property name="repeatIteration" value="0" />
                  </properties>
                </test-case>
                <test-case id="1174" name="TerrainGenerationSystem_PlanarMeshGeometry_IsValid" fullname="TinyWalnutGames.TTG.TerrainGeneration.Tests.TerrainGenerationSystemTests.TerrainGenerationSystem_PlanarMeshGeometry_IsValid" methodname="TerrainGenerationSystem_PlanarMeshGeometry_IsValid" classname="TinyWalnutGames.TTG.TerrainGeneration.Tests.TerrainGenerationSystemTests" runstate="Runnable" seed="155070400" result="Passed" start-time="2025-07-27 22:32:58Z" end-time="2025-07-27 22:32:58Z" duration="0.001508" asserts="0">
                  <properties>
                    <property name="retryIteration" value="0" />
                    <property name="repeatIteration" value="0" />
                  </properties>
                </test-case>
                <test-case id="1172" name="TerrainGenerationSystem_PlanarShapeGeneration_CreatesMeshData" fullname="TinyWalnutGames.TTG.TerrainGeneration.Tests.TerrainGenerationSystemTests.TerrainGenerationSystem_PlanarShapeGeneration_CreatesMeshData" methodname="TerrainGenerationSystem_PlanarShapeGeneration_CreatesMeshData" classname="TinyWalnutGames.TTG.TerrainGeneration.Tests.TerrainGenerationSystemTests" runstate="Runnable" seed="1567928010" result="Passed" start-time="2025-07-27 22:32:58Z" end-time="2025-07-27 22:32:58Z" duration="0.001310" asserts="0">
                  <properties>
                    <property name="retryIteration" value="0" />
                    <property name="repeatIteration" value="0" />
                  </properties>
                </test-case>
                <test-case id="1175" name="TerrainGenerationSystem_SphericalMeshGeometry_IsValid" fullname="TinyWalnutGames.TTG.TerrainGeneration.Tests.TerrainGenerationSystemTests.TerrainGenerationSystem_SphericalMeshGeometry_IsValid" methodname="TerrainGenerationSystem_SphericalMeshGeometry_IsValid" classname="TinyWalnutGames.TTG.TerrainGeneration.Tests.TerrainGenerationSystemTests" runstate="Runnable" seed="1420783913" result="Failed" start-time="2025-07-27 22:32:58Z" end-time="2025-07-27 22:32:58Z" duration="0.001956" asserts="0">
                  <properties>
                    <property name="retryIteration" value="0" />
                    <property name="repeatIteration" value="0" />
                  </properties>
                  <failure>
                    <message><![CDATA[  Expected: True
  But was:  False
]]></message>
                    <stack-trace><![CDATA[at TinyWalnutGames.TTG.TerrainGeneration.Tests.TerrainGenerationSystemTests.TerrainGenerationSystem_SphericalMeshGeometry_IsValid () [0x000d8] in D:\Tiny Walnut Games\TWG-DOTS-TTG\Assets\TinyWalnutGames.TTG\Tests\TerrainGenerationSystemTests.cs:160
]]></stack-trace>
                  </failure>
                </test-case>
                <test-case id="1173" name="TerrainGenerationSystem_SphericalShapeGeneration_CreatesMeshData" fullname="TinyWalnutGames.TTG.TerrainGeneration.Tests.TerrainGenerationSystemTests.TerrainGenerationSystem_SphericalShapeGeneration_CreatesMeshData" methodname="TerrainGenerationSystem_SphericalShapeGeneration_CreatesMeshData" classname="TinyWalnutGames.TTG.TerrainGeneration.Tests.TerrainGenerationSystemTests" runstate="Runnable" seed="384710157" result="Passed" start-time="2025-07-27 22:32:58Z" end-time="2025-07-27 22:32:58Z" duration="0.001378" asserts="0">
                  <properties>
                    <property name="retryIteration" value="0" />
                    <property name="repeatIteration" value="0" />
                  </properties>
                </test-case>
                <test-case id="1179" name="TerrainGenerationSystem_WrongPhase_NoProcessing" fullname="TinyWalnutGames.TTG.TerrainGeneration.Tests.TerrainGenerationSystemTests.TerrainGenerationSystem_WrongPhase_NoProcessing" methodname="TerrainGenerationSystem_WrongPhase_NoProcessing" classname="TinyWalnutGames.TTG.TerrainGeneration.Tests.TerrainGenerationSystemTests" runstate="Runnable" seed="2039001015" result="Passed" start-time="2025-07-27 22:32:58Z" end-time="2025-07-27 22:32:58Z" duration="0.001400" asserts="0">
                  <properties>
                    <property name="retryIteration" value="0" />
                    <property name="repeatIteration" value="0" />
                  </properties>
                </test-case>
              </test-suite>
              <test-suite type="TestFixture" id="1182" name="TerrainGenerationWorkflowTests" fullname="TinyWalnutGames.TTG.TerrainGeneration.Tests.TerrainGenerationWorkflowTests" classname="TinyWalnutGames.TTG.TerrainGeneration.Tests.TerrainGenerationWorkflowTests" runstate="Runnable" testcasecount="7" result="Passed" start-time="2025-07-27 22:32:58Z" end-time="2025-07-27 22:32:59Z" duration="1.067732" total="7" passed="7" failed="0" inconclusive="0" skipped="0" asserts="0">
                <properties />
                <output><![CDATA[SceneLoadingSystem: 1 pending requests, 7 processed
SceneLoadingSystem: Scene 'TerrainGeneration' is already loaded
]]></output>
                <test-case id="1186" name="MultipleTerrainWorkflow_DifferentTypes_ProcessIndependently" fullname="TinyWalnutGames.TTG.TerrainGeneration.Tests.TerrainGenerationWorkflowTests.MultipleTerrainWorkflow_DifferentTypes_ProcessIndependently" methodname="MultipleTerrainWorkflow_DifferentTypes_ProcessIndependently" classname="TinyWalnutGames.TTG.TerrainGeneration.Tests.TerrainGenerationWorkflowTests" runstate="Runnable" seed="1051753029" result="Passed" start-time="2025-07-27 22:32:58Z" end-time="2025-07-27 22:32:58Z" duration="0.098476" asserts="0">
                  <properties>
                    <property name="retryIteration" value="0" />
                    <property name="repeatIteration" value="0" />
                  </properties>
                  <output><![CDATA[MeshCreationSystem: Created URP Lit default material for terrain rendering.
Terrain generation completed for entity Entity(125:21). Created mesh entity Entity(128:17) with GameObject 'GeneratedTerrain_125' containing 25 vertices and 32 triangles.
ENABLEABLE SOLUTION: Disabled MeshDataComponent for entity 125:21 - component preserved for tests but marked as processed
Terrain generation completed for entity Entity(126:19). Created mesh entity Entity(129:17) with GameObject 'GeneratedTerrain_126' containing 313 vertices and 536 triangles.
ENABLEABLE SOLUTION: Disabled MeshDataComponent for entity 126:19 - component preserved for tests but marked as processed
Terrain generation completed for entity Entity(127:17). Created mesh entity Entity(130:17) with GameObject 'GeneratedTerrain_127' containing 65 vertices and 96 triangles.
ENABLEABLE SOLUTION: Disabled MeshDataComponent for entity 127:17 - component preserved for tests but marked as processed
]]></output>
                </test-case>
                <test-case id="1183" name="PlanarTerrainWorkflow_CompleteEndToEnd_CreatesValidMesh" fullname="TinyWalnutGames.TTG.TerrainGeneration.Tests.TerrainGenerationWorkflowTests.PlanarTerrainWorkflow_CompleteEndToEnd_CreatesValidMesh" methodname="PlanarTerrainWorkflow_CompleteEndToEnd_CreatesValidMesh" classname="TinyWalnutGames.TTG.TerrainGeneration.Tests.TerrainGenerationWorkflowTests" runstate="Runnable" seed="668741443" result="Passed" start-time="2025-07-27 22:32:58Z" end-time="2025-07-27 22:32:58Z" duration="0.024332" asserts="0">
                  <properties>
                    <property name="retryIteration" value="0" />
                    <property name="repeatIteration" value="0" />
                  </properties>
                  <output><![CDATA[MeshCreationSystem: Created URP Lit default material for terrain rendering.
Terrain generation completed for entity Entity(125:23). Created mesh entity Entity(126:21) with GameObject 'GeneratedTerrain_125' containing 15 vertices and 16 triangles.
ENABLEABLE SOLUTION: Disabled MeshDataComponent for entity 125:23 - component preserved for tests but marked as processed
]]></output>
                </test-case>
                <test-case id="1185" name="PlanarTerrainWorkflow_FrameByFrame_ProgressesCorrectly" fullname="TinyWalnutGames.TTG.TerrainGeneration.Tests.TerrainGenerationWorkflowTests.PlanarTerrainWorkflow_FrameByFrame_ProgressesCorrectly" methodname="PlanarTerrainWorkflow_FrameByFrame_ProgressesCorrectly" classname="TinyWalnutGames.TTG.TerrainGeneration.Tests.TerrainGenerationWorkflowTests" runstate="Runnable" seed="1860749924" result="Passed" start-time="2025-07-27 22:32:58Z" end-time="2025-07-27 22:32:58Z" duration="0.260578" asserts="0">
                  <properties>
                    <property name="_JOINTYPE" value="UnityCombinatorial" />
                    <property name="retryIteration" value="0" />
                    <property name="repeatIteration" value="0" />
                  </properties>
                  <output><![CDATA[MeshCreationSystem: Created URP Lit default material for terrain rendering.
SceneLoadingSystem: 1 pending requests, 7 processed
SceneLoadingSystem: Scene 'TerrainGeneration' is already loaded
SceneLoadingSystem: 1 pending requests, 7 processed
SceneLoadingSystem: Scene 'TerrainGeneration' is already loaded
SceneLoadingSystem: 1 pending requests, 7 processed
SceneLoadingSystem: Scene 'TerrainGeneration' is already loaded
SceneLoadingSystem: 1 pending requests, 7 processed
SceneLoadingSystem: Scene 'TerrainGeneration' is already loaded
SceneLoadingSystem: 1 pending requests, 7 processed
SceneLoadingSystem: Scene 'TerrainGeneration' is already loaded
SceneLoadingSystem: 1 pending requests, 7 processed
SceneLoadingSystem: Scene 'TerrainGeneration' is already loaded
SceneLoadingSystem: 1 pending requests, 7 processed
SceneLoadingSystem: Scene 'TerrainGeneration' is already loaded
SceneLoadingSystem: 1 pending requests, 7 processed
SceneLoadingSystem: Scene 'TerrainGeneration' is already loaded
Terrain generation completed for entity Entity(125:25). Created mesh entity Entity(126:23) with GameObject 'GeneratedTerrain_125' containing 45 vertices and 64 triangles.
ENABLEABLE SOLUTION: Disabled MeshDataComponent for entity 125:25 - component preserved for tests but marked as processed
SceneLoadingSystem: 1 pending requests, 7 processed
SceneLoadingSystem: Scene 'TerrainGeneration' is already loaded
]]></output>
                </test-case>
                <test-case id="1184" name="SphericalTerrainWorkflow_CompleteEndToEnd_CreatesValidMesh" fullname="TinyWalnutGames.TTG.TerrainGeneration.Tests.TerrainGenerationWorkflowTests.SphericalTerrainWorkflow_CompleteEndToEnd_CreatesValidMesh" methodname="SphericalTerrainWorkflow_CompleteEndToEnd_CreatesValidMesh" classname="TinyWalnutGames.TTG.TerrainGeneration.Tests.TerrainGenerationWorkflowTests" runstate="Runnable" seed="811831416" result="Passed" start-time="2025-07-27 22:32:58Z" end-time="2025-07-27 22:32:58Z" duration="0.029274" asserts="0">
                  <properties>
                    <property name="retryIteration" value="0" />
                    <property name="repeatIteration" value="0" />
                  </properties>
                  <output><![CDATA[MeshCreationSystem: Created URP Lit default material for terrain rendering.
Terrain generation completed for entity Entity(125:27). Created mesh entity Entity(126:25) with GameObject 'GeneratedTerrain_125' containing 95 vertices and 154 triangles.
ENABLEABLE SOLUTION: Disabled MeshDataComponent for entity 125:27 - component preserved for tests but marked as processed
]]></output>
                </test-case>
                <test-case id="1189" name="TerrainWorkflow_RepeatedExecution_ProducesConsistentResults" fullname="TinyWalnutGames.TTG.TerrainGeneration.Tests.TerrainGenerationWorkflowTests.TerrainWorkflow_RepeatedExecution_ProducesConsistentResults" methodname="TerrainWorkflow_RepeatedExecution_ProducesConsistentResults" classname="TinyWalnutGames.TTG.TerrainGeneration.Tests.TerrainGenerationWorkflowTests" runstate="Runnable" seed="1608931434" result="Passed" start-time="2025-07-27 22:32:58Z" end-time="2025-07-27 22:32:59Z" duration="0.044866" asserts="0">
                  <properties>
                    <property name="retryIteration" value="0" />
                    <property name="repeatIteration" value="0" />
                  </properties>
                  <output><![CDATA[MeshCreationSystem: Created URP Lit default material for terrain rendering.
Terrain generation completed for entity Entity(125:29). Created mesh entity Entity(126:27) with GameObject 'GeneratedTerrain_125' containing 45 vertices and 64 triangles.
ENABLEABLE SOLUTION: Disabled MeshDataComponent for entity 125:29 - component preserved for tests but marked as processed
Terrain generation completed for entity Entity(127:19). Created mesh entity Entity(128:19) with GameObject 'GeneratedTerrain_127' containing 45 vertices and 64 triangles.
ENABLEABLE SOLUTION: Disabled MeshDataComponent for entity 127:19 - component preserved for tests but marked as processed
]]></output>
                </test-case>
                <test-case id="1187" name="TerrainWorkflow_WithCustomTerraces_AppliesCorrectly" fullname="TinyWalnutGames.TTG.TerrainGeneration.Tests.TerrainGenerationWorkflowTests.TerrainWorkflow_WithCustomTerraces_AppliesCorrectly" methodname="TerrainWorkflow_WithCustomTerraces_AppliesCorrectly" classname="TinyWalnutGames.TTG.TerrainGeneration.Tests.TerrainGenerationWorkflowTests" runstate="Runnable" seed="950245012" result="Passed" start-time="2025-07-27 22:32:59Z" end-time="2025-07-27 22:32:59Z" duration="0.026961" asserts="0">
                  <properties>
                    <property name="retryIteration" value="0" />
                    <property name="repeatIteration" value="0" />
                  </properties>
                  <output><![CDATA[MeshCreationSystem: Created URP Lit default material for terrain rendering.
Terrain generation completed for entity Entity(125:31). Created mesh entity Entity(126:29) with GameObject 'GeneratedTerrain_125' containing 71 vertices and 100 triangles.
ENABLEABLE SOLUTION: Disabled MeshDataComponent for entity 125:31 - component preserved for tests but marked as processed
]]></output>
                </test-case>
                <test-case id="1188" name="TerrainWorkflow_WithHighDetail_CompletesSuccessfully" fullname="TinyWalnutGames.TTG.TerrainGeneration.Tests.TerrainGenerationWorkflowTests.TerrainWorkflow_WithHighDetail_CompletesSuccessfully" methodname="TerrainWorkflow_WithHighDetail_CompletesSuccessfully" classname="TinyWalnutGames.TTG.TerrainGeneration.Tests.TerrainGenerationWorkflowTests" runstate="Runnable" seed="1310469252" result="Passed" start-time="2025-07-27 22:32:59Z" end-time="2025-07-27 22:32:59Z" duration="0.506322" asserts="0">
                  <properties>
                    <property name="retryIteration" value="0" />
                    <property name="repeatIteration" value="0" />
                  </properties>
                  <output><![CDATA[MeshCreationSystem: Created URP Lit default material for terrain rendering.
Terrain generation completed for entity Entity(125:33). Created mesh entity Entity(126:31) with GameObject 'GeneratedTerrain_125' containing 1835 vertices and 3079 triangles.
ENABLEABLE SOLUTION: Disabled MeshDataComponent for entity 125:33 - component preserved for tests but marked as processed
Saving results to: C:/Users/Jerry/AppData/LocalLow/Tiny Walnut Games/TWG-DOTS-TTG\TestResults.xml
]]></output>
                </test-case>
              </test-suite>
            </test-suite>
          </test-suite>
        </test-suite>
      </test-suite>
    </test-suite>
  </test-suite>
</test-run>