<?xml version="1.0" encoding="utf-8"?>
<test-run id="2" testcasecount="175" result="Failed(Child)" total="175" passed="162" failed="13" inconclusive="0" skipped="0" asserts="0" engine-version="3.5.0.0" clr-version="4.0.30319.42000" start-time="2025-07-31 23:37:56Z" end-time="2025-07-31 23:38:14Z" duration="18.4155195">
  <test-suite type="TestSuite" id="1198" name="TWG-DOTS-TTG" fullname="TWG-DOTS-TTG" runstate="Runnable" testcasecount="175" result="Failed" site="Child" start-time="2025-07-31 23:37:56Z" end-time="2025-07-31 23:38:14Z" duration="18.415520" total="175" passed="162" failed="13" inconclusive="0" skipped="0" asserts="0">
    <properties>
      <property name="platform" value="PlayMode" />
    </properties>
    <failure>
      <message><![CDATA[One or more child tests had errors]]></message>
    </failure>
    <test-suite type="Assembly" id="1190" name="TinyWalnutGames.TTG.TerrainGeneration.Tests.dll" fullname="D:/Tiny Walnut Games/TWG-DOTS-TTG/Library/ScriptAssemblies/TinyWalnutGames.TTG.TerrainGeneration.Tests.dll" runstate="Runnable" testcasecount="175" result="Failed" site="Child" start-time="2025-07-31 23:37:56Z" end-time="2025-07-31 23:38:14Z" duration="18.396429" total="175" passed="162" failed="13" inconclusive="0" skipped="0" asserts="0">
      <properties>
        <property name="_PID" value="18828" />
        <property name="_APPDOMAIN" value="Unity Child Domain" />
        <property name="platform" value="PlayMode" />
        <property name="EditorOnly" value="False" />
      </properties>
      <failure>
        <message><![CDATA[One or more child tests had errors]]></message>
      </failure>
      <test-suite type="TestSuite" id="1191" name="TinyWalnutGames" fullname="TinyWalnutGames" runstate="Runnable" testcasecount="175" result="Failed" site="Child" start-time="2025-07-31 23:37:56Z" end-time="2025-07-31 23:38:14Z" duration="18.387291" total="175" passed="162" failed="13" inconclusive="0" skipped="0" asserts="0">
        <properties />
        <failure>
          <message><![CDATA[One or more child tests had errors]]></message>
        </failure>
        <test-suite type="TestSuite" id="1192" name="TTG" fullname="TinyWalnutGames.TTG" runstate="Runnable" testcasecount="175" result="Failed" site="Child" start-time="2025-07-31 23:37:56Z" end-time="2025-07-31 23:38:14Z" duration="18.380466" total="175" passed="162" failed="13" inconclusive="0" skipped="0" asserts="0">
          <properties />
          <failure>
            <message><![CDATA[One or more child tests had errors]]></message>
          </failure>
          <test-suite type="TestSuite" id="1193" name="TerrainGeneration" fullname="TinyWalnutGames.TTG.TerrainGeneration" runstate="Runnable" testcasecount="175" result="Failed" site="Child" start-time="2025-07-31 23:37:56Z" end-time="2025-07-31 23:38:14Z" duration="18.371477" total="175" passed="162" failed="13" inconclusive="0" skipped="0" asserts="0">
            <properties />
            <failure>
              <message><![CDATA[One or more child tests had errors]]></message>
            </failure>
            <test-suite type="TestSuite" id="1194" name="Tests" fullname="TinyWalnutGames.TTG.TerrainGeneration.Tests" runstate="Runnable" testcasecount="175" result="Failed" site="Child" start-time="2025-07-31 23:37:56Z" end-time="2025-07-31 23:38:14Z" duration="18.363380" total="175" passed="162" failed="13" inconclusive="0" skipped="0" asserts="0">
              <properties />
              <failure>
                <message><![CDATA[One or more child tests had errors]]></message>
              </failure>
              <test-suite type="TestFixture" id="1001" name="ECSTestsFixtureVerificationTests" fullname="TinyWalnutGames.TTG.TerrainGeneration.Tests.ECSTestsFixtureVerificationTests" classname="TinyWalnutGames.TTG.TerrainGeneration.Tests.ECSTestsFixtureVerificationTests" runstate="Runnable" testcasecount="2" result="Passed" start-time="2025-07-31 23:37:56Z" end-time="2025-07-31 23:37:56Z" duration="0.088507" total="2" passed="2" failed="0" inconclusive="0" skipped="0" asserts="0">
                <properties />
                <test-case id="1002" name="ECSTestsFixture_CanCreateEntities" fullname="TinyWalnutGames.TTG.TerrainGeneration.Tests.ECSTestsFixtureVerificationTests.ECSTestsFixture_CanCreateEntities" methodname="ECSTestsFixture_CanCreateEntities" classname="TinyWalnutGames.TTG.TerrainGeneration.Tests.ECSTestsFixtureVerificationTests" runstate="Runnable" seed="1074822698" result="Passed" start-time="2025-07-31 23:37:56Z" end-time="2025-07-31 23:37:56Z" duration="0.054558" asserts="0">
                  <properties>
                    <property name="retryIteration" value="0" />
                    <property name="repeatIteration" value="0" />
                  </properties>
                </test-case>
                <test-case id="1003" name="ECSTestsFixture_WorldIsValid" fullname="TinyWalnutGames.TTG.TerrainGeneration.Tests.ECSTestsFixtureVerificationTests.ECSTestsFixture_WorldIsValid" methodname="ECSTestsFixture_WorldIsValid" classname="TinyWalnutGames.TTG.TerrainGeneration.Tests.ECSTestsFixtureVerificationTests" runstate="Runnable" seed="1177958225" result="Passed" start-time="2025-07-31 23:37:56Z" end-time="2025-07-31 23:37:56Z" duration="0.001669" asserts="0">
                  <properties>
                    <property name="retryIteration" value="0" />
                    <property name="repeatIteration" value="0" />
                  </properties>
                </test-case>
              </test-suite>
              <test-suite type="TestFixture" id="1004" name="MeshCreationSystemTests" fullname="TinyWalnutGames.TTG.TerrainGeneration.Tests.MeshCreationSystemTests" classname="TinyWalnutGames.TTG.TerrainGeneration.Tests.MeshCreationSystemTests" runstate="Runnable" testcasecount="10" result="Passed" start-time="2025-07-31 23:37:56Z" end-time="2025-07-31 23:37:56Z" duration="0.220868" total="10" passed="10" failed="0" inconclusive="0" skipped="0" asserts="0">
                <properties />
                <test-case id="1010" name="MeshCreationSystem_AlreadyProcessed_DoesNotReprocess" fullname="TinyWalnutGames.TTG.TerrainGeneration.Tests.MeshCreationSystemTests.MeshCreationSystem_AlreadyProcessed_DoesNotReprocess" methodname="MeshCreationSystem_AlreadyProcessed_DoesNotReprocess" classname="TinyWalnutGames.TTG.TerrainGeneration.Tests.MeshCreationSystemTests" runstate="Runnable" seed="846030187" result="Passed" start-time="2025-07-31 23:37:56Z" end-time="2025-07-31 23:37:56Z" duration="0.057031" asserts="0">
                  <properties>
                    <property name="retryIteration" value="0" />
                    <property name="repeatIteration" value="0" />
                  </properties>
                  <output><![CDATA[MeshCreationSystem: Created URP Lit default material for terrain rendering.
Terrain generation completed for entity Entity(84:1). Created mesh entity Entity(85:1) with GameObject 'GeneratedTerrain_84' containing 3 vertices and 1 triangles.
ENABLEABLE SOLUTION: Disabled MeshDataComponent for entity 84:1 - component preserved for tests but marked as processed
]]></output>
                </test-case>
                <test-case id="1008" name="MeshCreationSystem_BlobAssetCleanup_DisposesCorrectly" fullname="TinyWalnutGames.TTG.TerrainGeneration.Tests.MeshCreationSystemTests.MeshCreationSystem_BlobAssetCleanup_DisposesCorrectly" methodname="MeshCreationSystem_BlobAssetCleanup_DisposesCorrectly" classname="TinyWalnutGames.TTG.TerrainGeneration.Tests.MeshCreationSystemTests" runstate="Runnable" seed="1297901825" result="Passed" start-time="2025-07-31 23:37:56Z" end-time="2025-07-31 23:37:56Z" duration="0.015161" asserts="0">
                  <properties>
                    <property name="retryIteration" value="0" />
                    <property name="repeatIteration" value="0" />
                  </properties>
                  <output><![CDATA[MeshCreationSystem: Created URP Lit default material for terrain rendering.
Terrain generation completed for entity Entity(84:3). Created mesh entity Entity(85:3) with GameObject 'GeneratedTerrain_84' containing 3 vertices and 1 triangles.
ENABLEABLE SOLUTION: Disabled MeshDataComponent for entity 84:3 - component preserved for tests but marked as processed
]]></output>
                </test-case>
                <test-case id="1005" name="MeshCreationSystem_CompleteTerrain_CreatesMeshAndGameObject" fullname="TinyWalnutGames.TTG.TerrainGeneration.Tests.MeshCreationSystemTests.MeshCreationSystem_CompleteTerrain_CreatesMeshAndGameObject" methodname="MeshCreationSystem_CompleteTerrain_CreatesMeshAndGameObject" classname="TinyWalnutGames.TTG.TerrainGeneration.Tests.MeshCreationSystemTests" runstate="Runnable" seed="673760501" result="Passed" start-time="2025-07-31 23:37:56Z" end-time="2025-07-31 23:37:56Z" duration="0.017403" asserts="0">
                  <properties>
                    <property name="retryIteration" value="0" />
                    <property name="repeatIteration" value="0" />
                  </properties>
                  <output><![CDATA[MeshCreationSystem: Created URP Lit default material for terrain rendering.
Terrain generation completed for entity Entity(84:5). Created mesh entity Entity(85:5) with GameObject 'GeneratedTerrain_84' containing 3 vertices and 1 triangles.
ENABLEABLE SOLUTION: Disabled MeshDataComponent for entity 84:5 - component preserved for tests but marked as processed
]]></output>
                </test-case>
                <test-case id="1013" name="MeshCreationSystem_CreatedMesh_HasValidGeometry" fullname="TinyWalnutGames.TTG.TerrainGeneration.Tests.MeshCreationSystemTests.MeshCreationSystem_CreatedMesh_HasValidGeometry" methodname="MeshCreationSystem_CreatedMesh_HasValidGeometry" classname="TinyWalnutGames.TTG.TerrainGeneration.Tests.MeshCreationSystemTests" runstate="Runnable" seed="1838215909" result="Passed" start-time="2025-07-31 23:37:56Z" end-time="2025-07-31 23:37:56Z" duration="0.016157" asserts="0">
                  <properties>
                    <property name="retryIteration" value="0" />
                    <property name="repeatIteration" value="0" />
                  </properties>
                  <output><![CDATA[MeshCreationSystem: Created URP Lit default material for terrain rendering.
Terrain generation completed for entity Entity(84:7). Created mesh entity Entity(85:7) with GameObject 'GeneratedTerrain_84' containing 4 vertices and 2 triangles.
ENABLEABLE SOLUTION: Disabled MeshDataComponent for entity 84:7 - component preserved for tests but marked as processed
]]></output>
                </test-case>
                <test-case id="1014" name="MeshCreationSystem_GameObjectNaming_IsConsistent" fullname="TinyWalnutGames.TTG.TerrainGeneration.Tests.MeshCreationSystemTests.MeshCreationSystem_GameObjectNaming_IsConsistent" methodname="MeshCreationSystem_GameObjectNaming_IsConsistent" classname="TinyWalnutGames.TTG.TerrainGeneration.Tests.MeshCreationSystemTests" runstate="Runnable" seed="272603778" result="Passed" start-time="2025-07-31 23:37:56Z" end-time="2025-07-31 23:37:56Z" duration="0.022595" asserts="0">
                  <properties>
                    <property name="retryIteration" value="0" />
                    <property name="repeatIteration" value="0" />
                  </properties>
                  <output><![CDATA[MeshCreationSystem: Created URP Lit default material for terrain rendering.
Terrain generation completed for entity Entity(84:9). Created mesh entity Entity(86:1) with GameObject 'GeneratedTerrain_84' containing 3 vertices and 1 triangles.
ENABLEABLE SOLUTION: Disabled MeshDataComponent for entity 84:9 - component preserved for tests but marked as processed
Terrain generation completed for entity Entity(85:9). Created mesh entity Entity(87:1) with GameObject 'GeneratedTerrain_85' containing 3 vertices and 1 triangles.
ENABLEABLE SOLUTION: Disabled MeshDataComponent for entity 85:9 - component preserved for tests but marked as processed
]]></output>
                </test-case>
                <test-case id="1009" name="MeshCreationSystem_IncompleteGeneration_DoesNotProcess" fullname="TinyWalnutGames.TTG.TerrainGeneration.Tests.MeshCreationSystemTests.MeshCreationSystem_IncompleteGeneration_DoesNotProcess" methodname="MeshCreationSystem_IncompleteGeneration_DoesNotProcess" classname="TinyWalnutGames.TTG.TerrainGeneration.Tests.MeshCreationSystemTests" runstate="Runnable" seed="1727635581" result="Passed" start-time="2025-07-31 23:37:56Z" end-time="2025-07-31 23:37:56Z" duration="0.006283" asserts="0">
                  <properties>
                    <property name="retryIteration" value="0" />
                    <property name="repeatIteration" value="0" />
                  </properties>
                  <output><![CDATA[MeshCreationSystem: Created URP Lit default material for terrain rendering.
]]></output>
                </test-case>
                <test-case id="1012" name="MeshCreationSystem_MeshEntity_HasCorrectComponents" fullname="TinyWalnutGames.TTG.TerrainGeneration.Tests.MeshCreationSystemTests.MeshCreationSystem_MeshEntity_HasCorrectComponents" methodname="MeshCreationSystem_MeshEntity_HasCorrectComponents" classname="TinyWalnutGames.TTG.TerrainGeneration.Tests.MeshCreationSystemTests" runstate="Runnable" seed="990568378" result="Passed" start-time="2025-07-31 23:37:56Z" end-time="2025-07-31 23:37:56Z" duration="0.014285" asserts="0">
                  <properties>
                    <property name="retryIteration" value="0" />
                    <property name="repeatIteration" value="0" />
                  </properties>
                  <output><![CDATA[MeshCreationSystem: Created URP Lit default material for terrain rendering.
Terrain generation completed for entity Entity(84:13). Created mesh entity Entity(85:11) with GameObject 'GeneratedTerrain_84' containing 3 vertices and 1 triangles.
ENABLEABLE SOLUTION: Disabled MeshDataComponent for entity 84:13 - component preserved for tests but marked as processed
]]></output>
                </test-case>
                <test-case id="1011" name="MeshCreationSystem_MultipleEntities_ProcessesAll" fullname="TinyWalnutGames.TTG.TerrainGeneration.Tests.MeshCreationSystemTests.MeshCreationSystem_MultipleEntities_ProcessesAll" methodname="MeshCreationSystem_MultipleEntities_ProcessesAll" classname="TinyWalnutGames.TTG.TerrainGeneration.Tests.MeshCreationSystemTests" runstate="Runnable" seed="1787105605" result="Passed" start-time="2025-07-31 23:37:56Z" end-time="2025-07-31 23:37:56Z" duration="0.028530" asserts="0">
                  <properties>
                    <property name="retryIteration" value="0" />
                    <property name="repeatIteration" value="0" />
                  </properties>
                  <output><![CDATA[MeshCreationSystem: Created URP Lit default material for terrain rendering.
Terrain generation completed for entity Entity(84:15). Created mesh entity Entity(87:3) with GameObject 'GeneratedTerrain_84' containing 3 vertices and 1 triangles.
ENABLEABLE SOLUTION: Disabled MeshDataComponent for entity 84:15 - component preserved for tests but marked as processed
Terrain generation completed for entity Entity(85:13). Created mesh entity Entity(88:1) with GameObject 'GeneratedTerrain_85' containing 4 vertices and 1 triangles.
ENABLEABLE SOLUTION: Disabled MeshDataComponent for entity 85:13 - component preserved for tests but marked as processed
Terrain generation completed for entity Entity(86:3). Created mesh entity Entity(89:1) with GameObject 'GeneratedTerrain_86' containing 3 vertices and 1 triangles.
ENABLEABLE SOLUTION: Disabled MeshDataComponent for entity 86:3 - component preserved for tests but marked as processed
]]></output>
                </test-case>
                <test-case id="1006" name="MeshCreationSystem_URPMaterialFallback_CreatesValidMaterial" fullname="TinyWalnutGames.TTG.TerrainGeneration.Tests.MeshCreationSystemTests.MeshCreationSystem_URPMaterialFallback_CreatesValidMaterial" methodname="MeshCreationSystem_URPMaterialFallback_CreatesValidMaterial" classname="TinyWalnutGames.TTG.TerrainGeneration.Tests.MeshCreationSystemTests" runstate="Runnable" seed="1053854674" result="Passed" start-time="2025-07-31 23:37:56Z" end-time="2025-07-31 23:37:56Z" duration="0.013771" asserts="0">
                  <properties>
                    <property name="retryIteration" value="0" />
                    <property name="repeatIteration" value="0" />
                  </properties>
                  <output><![CDATA[MeshCreationSystem: Created URP Lit default material for terrain rendering.
Terrain generation completed for entity Entity(84:17). Created mesh entity Entity(85:15) with GameObject 'GeneratedTerrain_84' containing 3 vertices and 1 triangles.
ENABLEABLE SOLUTION: Disabled MeshDataComponent for entity 84:17 - component preserved for tests but marked as processed
]]></output>
                </test-case>
                <test-case id="1007" name="MeshCreationSystem_WithCustomMaterials_AppliesCorrectly" fullname="TinyWalnutGames.TTG.TerrainGeneration.Tests.MeshCreationSystemTests.MeshCreationSystem_WithCustomMaterials_AppliesCorrectly" methodname="MeshCreationSystem_WithCustomMaterials_AppliesCorrectly" classname="TinyWalnutGames.TTG.TerrainGeneration.Tests.MeshCreationSystemTests" runstate="Runnable" seed="810151501" result="Passed" start-time="2025-07-31 23:37:56Z" end-time="2025-07-31 23:37:56Z" duration="0.019407" asserts="0">
                  <properties>
                    <property name="retryIteration" value="0" />
                    <property name="repeatIteration" value="0" />
                  </properties>
                  <output><![CDATA[MeshCreationSystem: Created URP Lit default material for terrain rendering.
Terrain generation completed for entity Entity(84:19). Created mesh entity Entity(85:17) with GameObject 'GeneratedTerrain_84' containing 3 vertices and 1 triangles.
ENABLEABLE SOLUTION: Disabled MeshDataComponent for entity 84:19 - component preserved for tests but marked as processed
]]></output>
                </test-case>
              </test-suite>
              <test-suite type="TestFixture" id="1015" name="RuntimeDebugConsoleTests" fullname="TinyWalnutGames.TTG.TerrainGeneration.Tests.RuntimeDebugConsoleTests" classname="TinyWalnutGames.TTG.TerrainGeneration.Tests.RuntimeDebugConsoleTests" runstate="Runnable" testcasecount="19" result="Passed" start-time="2025-07-31 23:37:56Z" end-time="2025-07-31 23:37:57Z" duration="0.596195" total="19" passed="19" failed="0" inconclusive="0" skipped="0" asserts="0">
                <properties />
                <test-case id="1022" name="RuntimeDebugConsole_AutoScroll_CanBeToggled" fullname="TinyWalnutGames.TTG.TerrainGeneration.Tests.RuntimeDebugConsoleTests.RuntimeDebugConsole_AutoScroll_CanBeToggled" methodname="RuntimeDebugConsole_AutoScroll_CanBeToggled" classname="TinyWalnutGames.TTG.TerrainGeneration.Tests.RuntimeDebugConsoleTests" runstate="Runnable" seed="504052840" result="Passed" start-time="2025-07-31 23:37:56Z" end-time="2025-07-31 23:37:56Z" duration="0.067855" asserts="0">
                  <properties>
                    <property name="retryIteration" value="0" />
                    <property name="repeatIteration" value="0" />
                  </properties>
                  <output><![CDATA[RuntimeDebugConsole: Using NewInputSystem for input handling.
RuntimeDebugConsole: Using NewInputSystem for input handling.
Runtime Debug Console initialized. Press BackQuote to toggle visibility.
Console will automatically find and integrate with RuntimeTerrainManager if present.
]]></output>
                </test-case>
                <test-case id="1021" name="RuntimeDebugConsole_BackgroundOpacity_CanBeSet" fullname="TinyWalnutGames.TTG.TerrainGeneration.Tests.RuntimeDebugConsoleTests.RuntimeDebugConsole_BackgroundOpacity_CanBeSet" methodname="RuntimeDebugConsole_BackgroundOpacity_CanBeSet" classname="TinyWalnutGames.TTG.TerrainGeneration.Tests.RuntimeDebugConsoleTests" runstate="Runnable" seed="462288642" result="Passed" start-time="2025-07-31 23:37:56Z" end-time="2025-07-31 23:37:56Z" duration="0.025655" asserts="0">
                  <properties>
                    <property name="retryIteration" value="0" />
                    <property name="repeatIteration" value="0" />
                  </properties>
                  <output><![CDATA[RuntimeDebugConsole: Using NewInputSystem for input handling.
RuntimeDebugConsole: Using NewInputSystem for input handling.
Runtime Debug Console initialized. Press BackQuote to toggle visibility.
Console will automatically find and integrate with RuntimeTerrainManager if present.
]]></output>
                </test-case>
                <test-case id="1029" name="RuntimeDebugConsole_ComponentDestruction_HandlesCorrectly" fullname="TinyWalnutGames.TTG.TerrainGeneration.Tests.RuntimeDebugConsoleTests.RuntimeDebugConsole_ComponentDestruction_HandlesCorrectly" methodname="RuntimeDebugConsole_ComponentDestruction_HandlesCorrectly" classname="TinyWalnutGames.TTG.TerrainGeneration.Tests.RuntimeDebugConsoleTests" runstate="Runnable" seed="787963193" result="Passed" start-time="2025-07-31 23:37:56Z" end-time="2025-07-31 23:37:56Z" duration="0.030859" asserts="0">
                  <properties>
                    <property name="retryIteration" value="0" />
                    <property name="repeatIteration" value="0" />
                  </properties>
                  <output><![CDATA[RuntimeDebugConsole: Using NewInputSystem for input handling.
RuntimeDebugConsole: Using NewInputSystem for input handling.
Runtime Debug Console initialized. Press BackQuote to toggle visibility.
Console will automatically find and integrate with RuntimeTerrainManager if present.
RuntimeDebugConsole: Using NewInputSystem for input handling.
]]></output>
                </test-case>
                <test-case id="1017" name="RuntimeDebugConsole_Configuration_CanBeModified" fullname="TinyWalnutGames.TTG.TerrainGeneration.Tests.RuntimeDebugConsoleTests.RuntimeDebugConsole_Configuration_CanBeModified" methodname="RuntimeDebugConsole_Configuration_CanBeModified" classname="TinyWalnutGames.TTG.TerrainGeneration.Tests.RuntimeDebugConsoleTests" runstate="Runnable" seed="191523093" result="Passed" start-time="2025-07-31 23:37:56Z" end-time="2025-07-31 23:37:56Z" duration="0.025762" asserts="0">
                  <properties>
                    <property name="retryIteration" value="0" />
                    <property name="repeatIteration" value="0" />
                  </properties>
                  <output><![CDATA[RuntimeDebugConsole: Using NewInputSystem for input handling.
RuntimeDebugConsole: Using NewInputSystem for input handling.
Runtime Debug Console initialized. Press BackQuote to toggle visibility.
Console will automatically find and integrate with RuntimeTerrainManager if present.
]]></output>
                </test-case>
                <test-case id="1025" name="RuntimeDebugConsole_ConsoleComponents_CanBeAccessed" fullname="TinyWalnutGames.TTG.TerrainGeneration.Tests.RuntimeDebugConsoleTests.RuntimeDebugConsole_ConsoleComponents_CanBeAccessed" methodname="RuntimeDebugConsole_ConsoleComponents_CanBeAccessed" classname="TinyWalnutGames.TTG.TerrainGeneration.Tests.RuntimeDebugConsoleTests" runstate="Runnable" seed="849573296" result="Passed" start-time="2025-07-31 23:37:56Z" end-time="2025-07-31 23:37:56Z" duration="0.027241" asserts="0">
                  <properties>
                    <property name="retryIteration" value="0" />
                    <property name="repeatIteration" value="0" />
                  </properties>
                  <output><![CDATA[RuntimeDebugConsole: Using NewInputSystem for input handling.
RuntimeDebugConsole: Using NewInputSystem for input handling.
Runtime Debug Console initialized. Press BackQuote to toggle visibility.
Console will automatically find and integrate with RuntimeTerrainManager if present.
]]></output>
                </test-case>
                <test-case id="1030" name="RuntimeDebugConsole_ErrorHandling_GracefulDegradation" fullname="TinyWalnutGames.TTG.TerrainGeneration.Tests.RuntimeDebugConsoleTests.RuntimeDebugConsole_ErrorHandling_GracefulDegradation" methodname="RuntimeDebugConsole_ErrorHandling_GracefulDegradation" classname="TinyWalnutGames.TTG.TerrainGeneration.Tests.RuntimeDebugConsoleTests" runstate="Runnable" seed="1726167741" result="Passed" start-time="2025-07-31 23:37:56Z" end-time="2025-07-31 23:37:56Z" duration="0.043020" asserts="0">
                  <properties>
                    <property name="retryIteration" value="0" />
                    <property name="repeatIteration" value="0" />
                  </properties>
                  <output><![CDATA[RuntimeDebugConsole: Using NewInputSystem for input handling.
RuntimeDebugConsole: Using NewInputSystem for input handling.
Runtime Debug Console initialized. Press BackQuote to toggle visibility.
Console will automatically find and integrate with RuntimeTerrainManager if present.
RuntimeDebugConsole: Using NewInputSystem for input handling.
[Empty log message]
[Empty log message]
[Empty log message]
]]></output>
                </test-case>
                <test-case id="1028" name="RuntimeDebugConsole_GameObjectCreation_WorksCorrectly" fullname="TinyWalnutGames.TTG.TerrainGeneration.Tests.RuntimeDebugConsoleTests.RuntimeDebugConsole_GameObjectCreation_WorksCorrectly" methodname="RuntimeDebugConsole_GameObjectCreation_WorksCorrectly" classname="TinyWalnutGames.TTG.TerrainGeneration.Tests.RuntimeDebugConsoleTests" runstate="Runnable" seed="222274890" result="Passed" start-time="2025-07-31 23:37:56Z" end-time="2025-07-31 23:37:56Z" duration="0.029626" asserts="0">
                  <properties>
                    <property name="retryIteration" value="0" />
                    <property name="repeatIteration" value="0" />
                  </properties>
                  <output><![CDATA[RuntimeDebugConsole: Using NewInputSystem for input handling.
RuntimeDebugConsole: Using NewInputSystem for input handling.
Runtime Debug Console initialized. Press BackQuote to toggle visibility.
Console will automatically find and integrate with RuntimeTerrainManager if present.
RuntimeDebugConsole: Using NewInputSystem for input handling.
]]></output>
                </test-case>
                <test-case id="1016" name="RuntimeDebugConsole_InitialState_IsCorrect" fullname="TinyWalnutGames.TTG.TerrainGeneration.Tests.RuntimeDebugConsoleTests.RuntimeDebugConsole_InitialState_IsCorrect" methodname="RuntimeDebugConsole_InitialState_IsCorrect" classname="TinyWalnutGames.TTG.TerrainGeneration.Tests.RuntimeDebugConsoleTests" runstate="Runnable" seed="688988437" result="Passed" start-time="2025-07-31 23:37:56Z" end-time="2025-07-31 23:37:56Z" duration="0.026078" asserts="0">
                  <properties>
                    <property name="retryIteration" value="0" />
                    <property name="repeatIteration" value="0" />
                  </properties>
                  <output><![CDATA[RuntimeDebugConsole: Using NewInputSystem for input handling.
RuntimeDebugConsole: Using NewInputSystem for input handling.
Runtime Debug Console initialized. Press BackQuote to toggle visibility.
Console will automatically find and integrate with RuntimeTerrainManager if present.
]]></output>
                </test-case>
                <test-case id="1033" name="RuntimeDebugConsole_InputMethodEnum_IsValid" fullname="TinyWalnutGames.TTG.TerrainGeneration.Tests.RuntimeDebugConsoleTests.RuntimeDebugConsole_InputMethodEnum_IsValid" methodname="RuntimeDebugConsole_InputMethodEnum_IsValid" classname="TinyWalnutGames.TTG.TerrainGeneration.Tests.RuntimeDebugConsoleTests" runstate="Runnable" seed="858741274" result="Passed" start-time="2025-07-31 23:37:56Z" end-time="2025-07-31 23:37:56Z" duration="0.023314" asserts="0">
                  <properties>
                    <property name="retryIteration" value="0" />
                    <property name="repeatIteration" value="0" />
                  </properties>
                  <output><![CDATA[RuntimeDebugConsole: Using NewInputSystem for input handling.
RuntimeDebugConsole: Using NewInputSystem for input handling.
Runtime Debug Console initialized. Press BackQuote to toggle visibility.
Console will automatically find and integrate with RuntimeTerrainManager if present.
]]></output>
                </test-case>
                <test-case id="1018" name="RuntimeDebugConsole_InputMode_Configuration" fullname="TinyWalnutGames.TTG.TerrainGeneration.Tests.RuntimeDebugConsoleTests.RuntimeDebugConsole_InputMode_Configuration" methodname="RuntimeDebugConsole_InputMode_Configuration" classname="TinyWalnutGames.TTG.TerrainGeneration.Tests.RuntimeDebugConsoleTests" runstate="Runnable" seed="1894616680" result="Passed" start-time="2025-07-31 23:37:56Z" end-time="2025-07-31 23:37:56Z" duration="0.025021" asserts="0">
                  <properties>
                    <property name="retryIteration" value="0" />
                    <property name="repeatIteration" value="0" />
                  </properties>
                  <output><![CDATA[RuntimeDebugConsole: Using NewInputSystem for input handling.
RuntimeDebugConsole: Using NewInputSystem for input handling.
Runtime Debug Console initialized. Press BackQuote to toggle visibility.
Console will automatically find and integrate with RuntimeTerrainManager if present.
]]></output>
                </test-case>
                <test-case id="1024" name="RuntimeDebugConsole_InputSystemSettings_CanBeConfigured" fullname="TinyWalnutGames.TTG.TerrainGeneration.Tests.RuntimeDebugConsoleTests.RuntimeDebugConsole_InputSystemSettings_CanBeConfigured" methodname="RuntimeDebugConsole_InputSystemSettings_CanBeConfigured" classname="TinyWalnutGames.TTG.TerrainGeneration.Tests.RuntimeDebugConsoleTests" runstate="Runnable" seed="897141113" result="Passed" start-time="2025-07-31 23:37:56Z" end-time="2025-07-31 23:37:56Z" duration="0.030382" asserts="0">
                  <properties>
                    <property name="retryIteration" value="0" />
                    <property name="repeatIteration" value="0" />
                  </properties>
                  <reason>
                    <message><![CDATA[Input System configuration test completed]]></message>
                  </reason>
                  <output><![CDATA[RuntimeDebugConsole: Using NewInputSystem for input handling.
RuntimeDebugConsole: Using NewInputSystem for input handling.
Runtime Debug Console initialized. Press BackQuote to toggle visibility.
Console will automatically find and integrate with RuntimeTerrainManager if present.
]]></output>
                </test-case>
                <test-case id="1019" name="RuntimeDebugConsole_MaxLogEntries_CanBeSet" fullname="TinyWalnutGames.TTG.TerrainGeneration.Tests.RuntimeDebugConsoleTests.RuntimeDebugConsole_MaxLogEntries_CanBeSet" methodname="RuntimeDebugConsole_MaxLogEntries_CanBeSet" classname="TinyWalnutGames.TTG.TerrainGeneration.Tests.RuntimeDebugConsoleTests" runstate="Runnable" seed="701349384" result="Passed" start-time="2025-07-31 23:37:56Z" end-time="2025-07-31 23:37:56Z" duration="0.025968" asserts="0">
                  <properties>
                    <property name="retryIteration" value="0" />
                    <property name="repeatIteration" value="0" />
                  </properties>
                  <output><![CDATA[RuntimeDebugConsole: Using NewInputSystem for input handling.
RuntimeDebugConsole: Using NewInputSystem for input handling.
Runtime Debug Console initialized. Press BackQuote to toggle visibility.
Console will automatically find and integrate with RuntimeTerrainManager if present.
]]></output>
                </test-case>
                <test-case id="1032" name="RuntimeDebugConsole_MultipleInstances_HandleCorrectly" fullname="TinyWalnutGames.TTG.TerrainGeneration.Tests.RuntimeDebugConsoleTests.RuntimeDebugConsole_MultipleInstances_HandleCorrectly" methodname="RuntimeDebugConsole_MultipleInstances_HandleCorrectly" classname="TinyWalnutGames.TTG.TerrainGeneration.Tests.RuntimeDebugConsoleTests" runstate="Runnable" seed="1606972158" result="Passed" start-time="2025-07-31 23:37:56Z" end-time="2025-07-31 23:37:56Z" duration="0.038792" asserts="0">
                  <properties>
                    <property name="retryIteration" value="0" />
                    <property name="repeatIteration" value="0" />
                  </properties>
                  <output><![CDATA[RuntimeDebugConsole: Using NewInputSystem for input handling.
RuntimeDebugConsole: Using NewInputSystem for input handling.
Runtime Debug Console initialized. Press BackQuote to toggle visibility.
Console will automatically find and integrate with RuntimeTerrainManager if present.
RuntimeDebugConsole: Using NewInputSystem for input handling.
RuntimeDebugConsole: Using NewInputSystem for input handling.
]]></output>
                </test-case>
                <test-case id="1034" name="RuntimeDebugConsole_RangeValidation_WorksCorrectly" fullname="TinyWalnutGames.TTG.TerrainGeneration.Tests.RuntimeDebugConsoleTests.RuntimeDebugConsole_RangeValidation_WorksCorrectly" methodname="RuntimeDebugConsole_RangeValidation_WorksCorrectly" classname="TinyWalnutGames.TTG.TerrainGeneration.Tests.RuntimeDebugConsoleTests" runstate="Runnable" seed="1458108788" result="Passed" start-time="2025-07-31 23:37:56Z" end-time="2025-07-31 23:37:56Z" duration="0.026172" asserts="0">
                  <properties>
                    <property name="retryIteration" value="0" />
                    <property name="repeatIteration" value="0" />
                  </properties>
                  <output><![CDATA[RuntimeDebugConsole: Using NewInputSystem for input handling.
RuntimeDebugConsole: Using NewInputSystem for input handling.
Runtime Debug Console initialized. Press BackQuote to toggle visibility.
Console will automatically find and integrate with RuntimeTerrainManager if present.
]]></output>
                </test-case>
                <test-case id="1023" name="RuntimeDebugConsole_ShowTimestamps_CanBeToggled" fullname="TinyWalnutGames.TTG.TerrainGeneration.Tests.RuntimeDebugConsoleTests.RuntimeDebugConsole_ShowTimestamps_CanBeToggled" methodname="RuntimeDebugConsole_ShowTimestamps_CanBeToggled" classname="TinyWalnutGames.TTG.TerrainGeneration.Tests.RuntimeDebugConsoleTests" runstate="Runnable" seed="268138056" result="Passed" start-time="2025-07-31 23:37:56Z" end-time="2025-07-31 23:37:56Z" duration="0.024167" asserts="0">
                  <properties>
                    <property name="retryIteration" value="0" />
                    <property name="repeatIteration" value="0" />
                  </properties>
                  <output><![CDATA[RuntimeDebugConsole: Using NewInputSystem for input handling.
RuntimeDebugConsole: Using NewInputSystem for input handling.
Runtime Debug Console initialized. Press BackQuote to toggle visibility.
Console will automatically find and integrate with RuntimeTerrainManager if present.
]]></output>
                </test-case>
                <test-case id="1031" name="RuntimeDebugConsole_TerrainManagerIntegration_HandlesCorrectly" fullname="TinyWalnutGames.TTG.TerrainGeneration.Tests.RuntimeDebugConsoleTests.RuntimeDebugConsole_TerrainManagerIntegration_HandlesCorrectly" methodname="RuntimeDebugConsole_TerrainManagerIntegration_HandlesCorrectly" classname="TinyWalnutGames.TTG.TerrainGeneration.Tests.RuntimeDebugConsoleTests" runstate="Runnable" seed="2005104323" result="Passed" start-time="2025-07-31 23:37:56Z" end-time="2025-07-31 23:37:57Z" duration="0.027240" asserts="0">
                  <properties>
                    <property name="retryIteration" value="0" />
                    <property name="repeatIteration" value="0" />
                  </properties>
                  <output><![CDATA[RuntimeDebugConsole: Using NewInputSystem for input handling.
RuntimeDebugConsole: Using NewInputSystem for input handling.
Runtime Debug Console initialized. Press BackQuote to toggle visibility.
Console will automatically find and integrate with RuntimeTerrainManager if present.
Test with terrain manager
]]></output>
                </test-case>
                <test-case id="1020" name="RuntimeDebugConsole_ToggleKey_CanBeSet" fullname="TinyWalnutGames.TTG.TerrainGeneration.Tests.RuntimeDebugConsoleTests.RuntimeDebugConsole_ToggleKey_CanBeSet" methodname="RuntimeDebugConsole_ToggleKey_CanBeSet" classname="TinyWalnutGames.TTG.TerrainGeneration.Tests.RuntimeDebugConsoleTests" runstate="Runnable" seed="919895835" result="Passed" start-time="2025-07-31 23:37:57Z" end-time="2025-07-31 23:37:57Z" duration="0.023848" asserts="0">
                  <properties>
                    <property name="retryIteration" value="0" />
                    <property name="repeatIteration" value="0" />
                  </properties>
                  <output><![CDATA[RuntimeDebugConsole: Using NewInputSystem for input handling.
RuntimeDebugConsole: Using NewInputSystem for input handling.
Runtime Debug Console initialized. Press BackQuote to toggle visibility.
Console will automatically find and integrate with RuntimeTerrainManager if present.
]]></output>
                </test-case>
                <test-case id="1027" name="RuntimeDebugConsoleSetup_GetConsoleInstance_HandlesCorrectly" fullname="TinyWalnutGames.TTG.TerrainGeneration.Tests.RuntimeDebugConsoleTests.RuntimeDebugConsoleSetup_GetConsoleInstance_HandlesCorrectly" methodname="RuntimeDebugConsoleSetup_GetConsoleInstance_HandlesCorrectly" classname="TinyWalnutGames.TTG.TerrainGeneration.Tests.RuntimeDebugConsoleTests" runstate="Runnable" seed="1686760810" result="Passed" start-time="2025-07-31 23:37:57Z" end-time="2025-07-31 23:37:57Z" duration="0.024150" asserts="0">
                  <properties>
                    <property name="retryIteration" value="0" />
                    <property name="repeatIteration" value="0" />
                  </properties>
                  <output><![CDATA[RuntimeDebugConsole: Using NewInputSystem for input handling.
RuntimeDebugConsole: Using NewInputSystem for input handling.
Runtime Debug Console initialized. Press BackQuote to toggle visibility.
Console will automatically find and integrate with RuntimeTerrainManager if present.
]]></output>
                </test-case>
                <test-case id="1026" name="RuntimeDebugConsoleSetup_StaticMethods_WorkCorrectly" fullname="TinyWalnutGames.TTG.TerrainGeneration.Tests.RuntimeDebugConsoleTests.RuntimeDebugConsoleSetup_StaticMethods_WorkCorrectly" methodname="RuntimeDebugConsoleSetup_StaticMethods_WorkCorrectly" classname="TinyWalnutGames.TTG.TerrainGeneration.Tests.RuntimeDebugConsoleTests" runstate="Runnable" seed="1352260061" result="Passed" start-time="2025-07-31 23:37:57Z" end-time="2025-07-31 23:37:57Z" duration="0.031327" asserts="0">
                  <properties>
                    <property name="retryIteration" value="0" />
                    <property name="repeatIteration" value="0" />
                  </properties>
                  <output><![CDATA[RuntimeDebugConsole: Using NewInputSystem for input handling.
RuntimeDebugConsole: Using NewInputSystem for input handling.
Runtime Debug Console initialized. Press BackQuote to toggle visibility.
Console will automatically find and integrate with RuntimeTerrainManager if present.
Test message
]]></output>
                </test-case>
              </test-suite>
              <test-suite type="TestFixture" id="1035" name="RuntimeEntityLoaderSystemTests" fullname="TinyWalnutGames.TTG.TerrainGeneration.Tests.RuntimeEntityLoaderSystemTests" classname="TinyWalnutGames.TTG.TerrainGeneration.Tests.RuntimeEntityLoaderSystemTests" runstate="Runnable" testcasecount="13" result="Failed" site="Child" start-time="2025-07-31 23:37:57Z" end-time="2025-07-31 23:38:00Z" duration="3.114716" total="13" passed="12" failed="1" inconclusive="0" skipped="0" asserts="0">
                <properties />
                <failure>
                  <message><![CDATA[One or more child tests had errors]]></message>
                </failure>
                <output><![CDATA[RuntimeDebugConsole: Input System actions initialized successfully.
SetConsoleVisibility called with visible: False
Console canvas active set to: False
RuntimeDebugConsole: Input System actions initialized successfully.
SetConsoleVisibility called with visible: False
Console canvas active set to: False
RuntimeDebugConsole: Input System actions initialized successfully.
SetConsoleVisibility called with visible: False
Console canvas active set to: False
RuntimeDebugConsole: Input System actions initialized successfully.
SetConsoleVisibility called with visible: False
Console canvas active set to: False
RuntimeDebugConsole: Input System actions initialized successfully.
SetConsoleVisibility called with visible: False
Console canvas active set to: False
RuntimeDebugConsole: Input System actions initialized successfully.
SetConsoleVisibility called with visible: False
Console canvas active set to: False
RuntimeDebugConsole: Input System actions initialized successfully.
SetConsoleVisibility called with visible: False
Console canvas active set to: False
RuntimeDebugConsole: Input System actions initialized successfully.
SetConsoleVisibility called with visible: False
Console canvas active set to: False
RuntimeDebugConsole: Input System actions initialized successfully.
SetConsoleVisibility called with visible: False
Console canvas active set to: False
RuntimeDebugConsole: Input System actions initialized successfully.
SetConsoleVisibility called with visible: False
Console canvas active set to: False
RuntimeDebugConsole: Input System actions initialized successfully.
SetConsoleVisibility called with visible: False
Console canvas active set to: False
RuntimeDebugConsole: Input System actions initialized successfully.
SetConsoleVisibility called with visible: False
Console canvas active set to: False
RuntimeDebugConsole: Input System actions initialized successfully.
SetConsoleVisibility called with visible: False
Console canvas active set to: False
RuntimeDebugConsole: Input System actions initialized successfully.
SetConsoleVisibility called with visible: False
Console canvas active set to: False
RuntimeDebugConsole: Input System actions initialized successfully.
SetConsoleVisibility called with visible: False
Console canvas active set to: False
RuntimeDebugConsole: Input System actions initialized successfully.
SetConsoleVisibility called with visible: False
Console canvas active set to: False
RuntimeDebugConsole: Input System actions initialized successfully.
SetConsoleVisibility called with visible: False
Console canvas active set to: False
RuntimeDebugConsole: Input System actions initialized successfully.
SetConsoleVisibility called with visible: False
Console canvas active set to: False
RuntimeDebugConsole: Input System actions initialized successfully.
SetConsoleVisibility called with visible: False
Console canvas active set to: False
]]></output>
                <test-case id="1041" name="RuntimeEntityLoaderSystem_DifferentLoadingMethods_ProcessesBoth" fullname="TinyWalnutGames.TTG.TerrainGeneration.Tests.RuntimeEntityLoaderSystemTests.RuntimeEntityLoaderSystem_DifferentLoadingMethods_ProcessesBoth" methodname="RuntimeEntityLoaderSystem_DifferentLoadingMethods_ProcessesBoth" classname="TinyWalnutGames.TTG.TerrainGeneration.Tests.RuntimeEntityLoaderSystemTests" runstate="Runnable" seed="1269176832" result="Passed" start-time="2025-07-31 23:37:57Z" end-time="2025-07-31 23:37:57Z" duration="0.042536" asserts="0">
                  <properties>
                    <property name="retryIteration" value="0" />
                    <property name="repeatIteration" value="0" />
                  </properties>
                  <output><![CDATA[RuntimeEntityLoaderSystem: Processing scene loading requests for runtime build...
Processing scene loading request for: Scene1
Scene loading request processed for: Scene1
Processing scene loading request for: Scene2
Scene loading request processed for: Scene2
RuntimeEntityLoaderSystem: Scene loading request processing complete.
]]></output>
                </test-case>
                <test-case id="1039" name="RuntimeEntityLoaderSystem_EmptySceneName_HandlesGracefully" fullname="TinyWalnutGames.TTG.TerrainGeneration.Tests.RuntimeEntityLoaderSystemTests.RuntimeEntityLoaderSystem_EmptySceneName_HandlesGracefully" methodname="RuntimeEntityLoaderSystem_EmptySceneName_HandlesGracefully" classname="TinyWalnutGames.TTG.TerrainGeneration.Tests.RuntimeEntityLoaderSystemTests" runstate="Runnable" seed="246938961" result="Passed" start-time="2025-07-31 23:37:57Z" end-time="2025-07-31 23:37:57Z" duration="0.027688" asserts="0">
                  <properties>
                    <property name="retryIteration" value="0" />
                    <property name="repeatIteration" value="0" />
                  </properties>
                  <output><![CDATA[RuntimeEntityLoaderSystem: Processing scene loading requests for runtime build...
Processing scene loading request for: 
Scene loading request processed for: 
RuntimeEntityLoaderSystem: Scene loading request processing complete.
]]></output>
                </test-case>
                <test-case id="1045" name="RuntimeEntityLoaderSystem_EntityDestruction_UpdatesCountsCorrectly" fullname="TinyWalnutGames.TTG.TerrainGeneration.Tests.RuntimeEntityLoaderSystemTests.RuntimeEntityLoaderSystem_EntityDestruction_UpdatesCountsCorrectly" methodname="RuntimeEntityLoaderSystem_EntityDestruction_UpdatesCountsCorrectly" classname="TinyWalnutGames.TTG.TerrainGeneration.Tests.RuntimeEntityLoaderSystemTests" runstate="Runnable" seed="2116543178" result="Passed" start-time="2025-07-31 23:37:57Z" end-time="2025-07-31 23:37:57Z" duration="0.030869" asserts="0">
                  <properties>
                    <property name="retryIteration" value="0" />
                    <property name="repeatIteration" value="0" />
                  </properties>
                  <output><![CDATA[RuntimeEntityLoaderSystem: Processing scene loading requests for runtime build...
Processing scene loading request for: TestScene
Scene loading request processed for: TestScene
RuntimeEntityLoaderSystem: Scene loading request processing complete.
]]></output>
                </test-case>
                <test-case id="1048" name="RuntimeEntityLoaderSystem_ErrorHandling_ContinuesProcessingOtherRequests" fullname="TinyWalnutGames.TTG.TerrainGeneration.Tests.RuntimeEntityLoaderSystemTests.RuntimeEntityLoaderSystem_ErrorHandling_ContinuesProcessingOtherRequests" methodname="RuntimeEntityLoaderSystem_ErrorHandling_ContinuesProcessingOtherRequests" classname="TinyWalnutGames.TTG.TerrainGeneration.Tests.RuntimeEntityLoaderSystemTests" runstate="Runnable" seed="1624570565" result="Passed" start-time="2025-07-31 23:37:57Z" end-time="2025-07-31 23:37:57Z" duration="0.042611" asserts="0">
                  <properties>
                    <property name="retryIteration" value="0" />
                    <property name="repeatIteration" value="0" />
                  </properties>
                  <output><![CDATA[RuntimeEntityLoaderSystem: Processing scene loading requests for runtime build...
Processing scene loading request for: ValidScene
Scene loading request processed for: ValidScene
Processing scene loading request for: 
Scene loading request processed for: 
RuntimeEntityLoaderSystem: Scene loading request processing complete.
]]></output>
                </test-case>
                <test-case id="1036" name="RuntimeEntityLoaderSystem_InitialState_HasCorrectDefaults" fullname="TinyWalnutGames.TTG.TerrainGeneration.Tests.RuntimeEntityLoaderSystemTests.RuntimeEntityLoaderSystem_InitialState_HasCorrectDefaults" methodname="RuntimeEntityLoaderSystem_InitialState_HasCorrectDefaults" classname="TinyWalnutGames.TTG.TerrainGeneration.Tests.RuntimeEntityLoaderSystemTests" runstate="Runnable" seed="1224525993" result="Passed" start-time="2025-07-31 23:37:57Z" end-time="2025-07-31 23:37:57Z" duration="0.002577" asserts="0">
                  <properties>
                    <property name="retryIteration" value="0" />
                    <property name="repeatIteration" value="0" />
                  </properties>
                </test-case>
                <test-case id="1040" name="RuntimeEntityLoaderSystem_InvalidSceneIndex_HandlesGracefully" fullname="TinyWalnutGames.TTG.TerrainGeneration.Tests.RuntimeEntityLoaderSystemTests.RuntimeEntityLoaderSystem_InvalidSceneIndex_HandlesGracefully" methodname="RuntimeEntityLoaderSystem_InvalidSceneIndex_HandlesGracefully" classname="TinyWalnutGames.TTG.TerrainGeneration.Tests.RuntimeEntityLoaderSystemTests" runstate="Runnable" seed="1066751913" result="Passed" start-time="2025-07-31 23:37:57Z" end-time="2025-07-31 23:37:57Z" duration="0.028273" asserts="0">
                  <properties>
                    <property name="retryIteration" value="0" />
                    <property name="repeatIteration" value="0" />
                  </properties>
                  <output><![CDATA[RuntimeEntityLoaderSystem: Processing scene loading requests for runtime build...
Processing scene loading request for: ValidScene
Scene loading request processed for: ValidScene
RuntimeEntityLoaderSystem: Scene loading request processing complete.
]]></output>
                </test-case>
                <test-case id="1044" name="RuntimeEntityLoaderSystem_LargeNumberOfRequests_HandlesEfficiently" fullname="TinyWalnutGames.TTG.TerrainGeneration.Tests.RuntimeEntityLoaderSystemTests.RuntimeEntityLoaderSystem_LargeNumberOfRequests_HandlesEfficiently" methodname="RuntimeEntityLoaderSystem_LargeNumberOfRequests_HandlesEfficiently" classname="TinyWalnutGames.TTG.TerrainGeneration.Tests.RuntimeEntityLoaderSystemTests" runstate="Runnable" seed="230148619" result="Failed" start-time="2025-07-31 23:37:57Z" end-time="2025-07-31 23:37:59Z" duration="2.215245" asserts="0">
                  <properties>
                    <property name="retryIteration" value="0" />
                    <property name="repeatIteration" value="0" />
                  </properties>
                  <failure>
                    <message><![CDATA[  Processing should complete efficiently
  Expected: less than 2000
  But was:  2209
]]></message>
                    <stack-trace><![CDATA[at TinyWalnutGames.TTG.TerrainGeneration.Tests.RuntimeEntityLoaderSystemTests.RuntimeEntityLoaderSystem_LargeNumberOfRequests_HandlesEfficiently () [0x000a7] in D:\Tiny Walnut Games\TWG-DOTS-TTG\Assets\TinyWalnutGames.TTG\Tests\RuntimeEntityLoaderSystemTests.cs:271
]]></stack-trace>
                  </failure>
                  <output><![CDATA[RuntimeEntityLoaderSystem: Processing scene loading requests for runtime build...
Processing scene loading request for: Scene_0
Scene loading request processed for: Scene_0
Processing scene loading request for: Scene_1
Scene loading request processed for: Scene_1
Processing scene loading request for: Scene_2
Scene loading request processed for: Scene_2
Processing scene loading request for: Scene_3
Scene loading request processed for: Scene_3
Processing scene loading request for: Scene_4
Scene loading request processed for: Scene_4
Processing scene loading request for: Scene_5
Scene loading request processed for: Scene_5
Processing scene loading request for: Scene_6
Scene loading request processed for: Scene_6
Processing scene loading request for: Scene_7
Scene loading request processed for: Scene_7
Processing scene loading request for: Scene_8
Scene loading request processed for: Scene_8
Processing scene loading request for: Scene_9
Scene loading request processed for: Scene_9
Processing scene loading request for: Scene_10
Scene loading request processed for: Scene_10
Processing scene loading request for: Scene_11
Scene loading request processed for: Scene_11
Processing scene loading request for: Scene_12
Scene loading request processed for: Scene_12
Processing scene loading request for: Scene_13
Scene loading request processed for: Scene_13
Processing scene loading request for: Scene_14
Scene loading request processed for: Scene_14
Processing scene loading request for: Scene_15
Scene loading request processed for: Scene_15
Processing scene loading request for: Scene_16
Scene loading request processed for: Scene_16
Processing scene loading request for: Scene_17
Scene loading request processed for: Scene_17
Processing scene loading request for: Scene_18
Scene loading request processed for: Scene_18
Processing scene loading request for: Scene_19
Scene loading request processed for: Scene_19
Processing scene loading request for: Scene_20
Scene loading request processed for: Scene_20
Processing scene loading request for: Scene_21
Scene loading request processed for: Scene_21
Processing scene loading request for: Scene_22
Scene loading request processed for: Scene_22
Processing scene loading request for: Scene_23
Scene loading request processed for: Scene_23
Processing scene loading request for: Scene_24
Scene loading request processed for: Scene_24
Processing scene loading request for: Scene_25
Scene loading request processed for: Scene_25
Processing scene loading request for: Scene_26
Scene loading request processed for: Scene_26
Processing scene loading request for: Scene_27
Scene loading request processed for: Scene_27
Processing scene loading request for: Scene_28
Scene loading request processed for: Scene_28
Processing scene loading request for: Scene_29
Scene loading request processed for: Scene_29
Processing scene loading request for: Scene_30
Scene loading request processed for: Scene_30
Processing scene loading request for: Scene_31
Scene loading request processed for: Scene_31
Processing scene loading request for: Scene_32
Scene loading request processed for: Scene_32
Processing scene loading request for: Scene_33
Scene loading request processed for: Scene_33
Processing scene loading request for: Scene_34
Scene loading request processed for: Scene_34
Processing scene loading request for: Scene_35
Scene loading request processed for: Scene_35
Processing scene loading request for: Scene_36
Scene loading request processed for: Scene_36
Processing scene loading request for: Scene_37
Scene loading request processed for: Scene_37
Processing scene loading request for: Scene_38
Scene loading request processed for: Scene_38
Processing scene loading request for: Scene_39
Scene loading request processed for: Scene_39
Processing scene loading request for: Scene_40
Scene loading request processed for: Scene_40
Processing scene loading request for: Scene_41
Scene loading request processed for: Scene_41
Processing scene loading request for: Scene_42
Scene loading request processed for: Scene_42
Processing scene loading request for: Scene_43
Scene loading request processed for: Scene_43
Processing scene loading request for: Scene_44
Scene loading request processed for: Scene_44
Processing scene loading request for: Scene_45
Scene loading request processed for: Scene_45
Processing scene loading request for: Scene_46
Scene loading request processed for: Scene_46
Processing scene loading request for: Scene_47
Scene loading request processed for: Scene_47
Processing scene loading request for: Scene_48
Scene loading request processed for: Scene_48
Processing scene loading request for: Scene_49
Scene loading request processed for: Scene_49
Processing scene loading request for: Scene_50
Scene loading request processed for: Scene_50
Processing scene loading request for: Scene_51
Scene loading request processed for: Scene_51
Processing scene loading request for: Scene_52
Scene loading request processed for: Scene_52
Processing scene loading request for: Scene_53
Scene loading request processed for: Scene_53
Processing scene loading request for: Scene_54
Scene loading request processed for: Scene_54
Processing scene loading request for: Scene_55
Scene loading request processed for: Scene_55
Processing scene loading request for: Scene_56
Scene loading request processed for: Scene_56
Processing scene loading request for: Scene_57
Scene loading request processed for: Scene_57
Processing scene loading request for: Scene_58
Scene loading request processed for: Scene_58
Processing scene loading request for: Scene_59
Scene loading request processed for: Scene_59
Processing scene loading request for: Scene_60
Scene loading request processed for: Scene_60
Processing scene loading request for: Scene_61
Scene loading request processed for: Scene_61
Processing scene loading request for: Scene_62
Scene loading request processed for: Scene_62
Processing scene loading request for: Scene_63
Scene loading request processed for: Scene_63
Processing scene loading request for: Scene_64
Scene loading request processed for: Scene_64
Processing scene loading request for: Scene_65
Scene loading request processed for: Scene_65
Processing scene loading request for: Scene_66
Scene loading request processed for: Scene_66
Processing scene loading request for: Scene_67
Scene loading request processed for: Scene_67
Processing scene loading request for: Scene_68
Scene loading request processed for: Scene_68
Processing scene loading request for: Scene_69
Scene loading request processed for: Scene_69
Processing scene loading request for: Scene_70
Scene loading request processed for: Scene_70
Processing scene loading request for: Scene_71
Scene loading request processed for: Scene_71
Processing scene loading request for: Scene_72
Scene loading request processed for: Scene_72
Processing scene loading request for: Scene_73
Scene loading request processed for: Scene_73
Processing scene loading request for: Scene_74
Scene loading request processed for: Scene_74
Processing scene loading request for: Scene_75
Scene loading request processed for: Scene_75
Processing scene loading request for: Scene_76
Scene loading request processed for: Scene_76
Processing scene loading request for: Scene_77
Scene loading request processed for: Scene_77
Processing scene loading request for: Scene_78
Scene loading request processed for: Scene_78
Processing scene loading request for: Scene_79
Scene loading request processed for: Scene_79
Processing scene loading request for: Scene_80
Scene loading request processed for: Scene_80
Processing scene loading request for: Scene_81
Scene loading request processed for: Scene_81
Processing scene loading request for: Scene_82
Scene loading request processed for: Scene_82
Processing scene loading request for: Scene_83
Scene loading request processed for: Scene_83
Processing scene loading request for: Scene_84
Scene loading request processed for: Scene_84
Processing scene loading request for: Scene_85
Scene loading request processed for: Scene_85
Processing scene loading request for: Scene_86
Scene loading request processed for: Scene_86
Processing scene loading request for: Scene_87
Scene loading request processed for: Scene_87
Processing scene loading request for: Scene_88
Scene loading request processed for: Scene_88
Processing scene loading request for: Scene_89
Scene loading request processed for: Scene_89
Processing scene loading request for: Scene_90
Scene loading request processed for: Scene_90
Processing scene loading request for: Scene_91
Scene loading request processed for: Scene_91
Processing scene loading request for: Scene_92
Scene loading request processed for: Scene_92
Processing scene loading request for: Scene_93
Scene loading request processed for: Scene_93
Processing scene loading request for: Scene_94
Scene loading request processed for: Scene_94
Processing scene loading request for: Scene_95
Scene loading request processed for: Scene_95
Processing scene loading request for: Scene_96
Scene loading request processed for: Scene_96
Processing scene loading request for: Scene_97
Scene loading request processed for: Scene_97
Processing scene loading request for: Scene_98
Scene loading request processed for: Scene_98
Processing scene loading request for: Scene_99
Scene loading request processed for: Scene_99
RuntimeEntityLoaderSystem: Scene loading request processing complete.
]]></output>
                </test-case>
                <test-case id="1046" name="RuntimeEntityLoaderSystem_MixedEntities_ProcessesOnlySceneRequests" fullname="TinyWalnutGames.TTG.TerrainGeneration.Tests.RuntimeEntityLoaderSystemTests.RuntimeEntityLoaderSystem_MixedEntities_ProcessesOnlySceneRequests" methodname="RuntimeEntityLoaderSystem_MixedEntities_ProcessesOnlySceneRequests" classname="TinyWalnutGames.TTG.TerrainGeneration.Tests.RuntimeEntityLoaderSystemTests" runstate="Runnable" seed="753691884" result="Passed" start-time="2025-07-31 23:37:59Z" end-time="2025-07-31 23:37:59Z" duration="0.042271" asserts="0">
                  <properties>
                    <property name="retryIteration" value="0" />
                    <property name="repeatIteration" value="0" />
                  </properties>
                  <output><![CDATA[RuntimeEntityLoaderSystem: Processing scene loading requests for runtime build...
Processing scene loading request for: TestScene
Scene loading request processed for: TestScene
RuntimeEntityLoaderSystem: Scene loading request processing complete.
]]></output>
                </test-case>
                <test-case id="1038" name="RuntimeEntityLoaderSystem_MultipleRequests_ProcessesAll" fullname="TinyWalnutGames.TTG.TerrainGeneration.Tests.RuntimeEntityLoaderSystemTests.RuntimeEntityLoaderSystem_MultipleRequests_ProcessesAll" methodname="RuntimeEntityLoaderSystem_MultipleRequests_ProcessesAll" classname="TinyWalnutGames.TTG.TerrainGeneration.Tests.RuntimeEntityLoaderSystemTests" runstate="Runnable" seed="1691543329" result="Passed" start-time="2025-07-31 23:37:59Z" end-time="2025-07-31 23:37:59Z" duration="0.123466" asserts="0">
                  <properties>
                    <property name="retryIteration" value="0" />
                    <property name="repeatIteration" value="0" />
                  </properties>
                  <output><![CDATA[RuntimeEntityLoaderSystem: Processing scene loading requests for runtime build...
Processing scene loading request for: TestScene_0
Scene loading request processed for: TestScene_0
Processing scene loading request for: TestScene_1
Scene loading request processed for: TestScene_1
Processing scene loading request for: TestScene_2
Scene loading request processed for: TestScene_2
Processing scene loading request for: TestScene_3
Scene loading request processed for: TestScene_3
Processing scene loading request for: TestScene_4
Scene loading request processed for: TestScene_4
RuntimeEntityLoaderSystem: Scene loading request processing complete.
]]></output>
                </test-case>
                <test-case id="1043" name="RuntimeEntityLoaderSystem_NewRequestsAfterProcessing_ProcessesNewOnes" fullname="TinyWalnutGames.TTG.TerrainGeneration.Tests.RuntimeEntityLoaderSystemTests.RuntimeEntityLoaderSystem_NewRequestsAfterProcessing_ProcessesNewOnes" methodname="RuntimeEntityLoaderSystem_NewRequestsAfterProcessing_ProcessesNewOnes" classname="TinyWalnutGames.TTG.TerrainGeneration.Tests.RuntimeEntityLoaderSystemTests" runstate="Runnable" seed="254766176" result="Passed" start-time="2025-07-31 23:37:59Z" end-time="2025-07-31 23:38:00Z" duration="0.082651" asserts="0">
                  <properties>
                    <property name="retryIteration" value="0" />
                    <property name="repeatIteration" value="0" />
                  </properties>
                  <output><![CDATA[RuntimeEntityLoaderSystem: Processing scene loading requests for runtime build...
Processing scene loading request for: Scene1
Scene loading request processed for: Scene1
RuntimeEntityLoaderSystem: Scene loading request processing complete.
RuntimeEntityLoaderSystem: Processing scene loading requests for runtime build...
Processing scene loading request for: Scene2
Scene loading request processed for: Scene2
RuntimeEntityLoaderSystem: Scene loading request processing complete.
]]></output>
                </test-case>
                <test-case id="1042" name="RuntimeEntityLoaderSystem_RepeatedUpdates_DoesNotReprocessRequests" fullname="TinyWalnutGames.TTG.TerrainGeneration.Tests.RuntimeEntityLoaderSystemTests.RuntimeEntityLoaderSystem_RepeatedUpdates_DoesNotReprocessRequests" methodname="RuntimeEntityLoaderSystem_RepeatedUpdates_DoesNotReprocessRequests" classname="TinyWalnutGames.TTG.TerrainGeneration.Tests.RuntimeEntityLoaderSystemTests" runstate="Runnable" seed="2026999952" result="Passed" start-time="2025-07-31 23:38:00Z" end-time="2025-07-31 23:38:00Z" duration="0.044097" asserts="0">
                  <properties>
                    <property name="retryIteration" value="0" />
                    <property name="repeatIteration" value="0" />
                  </properties>
                  <output><![CDATA[RuntimeEntityLoaderSystem: Processing scene loading requests for runtime build...
Processing scene loading request for: TestScene
Scene loading request processed for: TestScene
RuntimeEntityLoaderSystem: Scene loading request processing complete.
]]></output>
                </test-case>
                <test-case id="1037" name="RuntimeEntityLoaderSystem_SceneLoadingRequest_ProcessesCorrectly" fullname="TinyWalnutGames.TTG.TerrainGeneration.Tests.RuntimeEntityLoaderSystemTests.RuntimeEntityLoaderSystem_SceneLoadingRequest_ProcessesCorrectly" methodname="RuntimeEntityLoaderSystem_SceneLoadingRequest_ProcessesCorrectly" classname="TinyWalnutGames.TTG.TerrainGeneration.Tests.RuntimeEntityLoaderSystemTests" runstate="Runnable" seed="2087784584" result="Passed" start-time="2025-07-31 23:38:00Z" end-time="2025-07-31 23:38:00Z" duration="0.041673" asserts="0">
                  <properties>
                    <property name="retryIteration" value="0" />
                    <property name="repeatIteration" value="0" />
                  </properties>
                  <output><![CDATA[RuntimeEntityLoaderSystem: Processing scene loading requests for runtime build...
Processing scene loading request for: TestScene
Scene loading request processed for: TestScene
RuntimeEntityLoaderSystem: Scene loading request processing complete.
]]></output>
                </test-case>
                <test-case id="1047" name="RuntimeEntityLoaderSystem_StatusMonitoring_ReflectsCurrentState" fullname="TinyWalnutGames.TTG.TerrainGeneration.Tests.RuntimeEntityLoaderSystemTests.RuntimeEntityLoaderSystem_StatusMonitoring_ReflectsCurrentState" methodname="RuntimeEntityLoaderSystem_StatusMonitoring_ReflectsCurrentState" classname="TinyWalnutGames.TTG.TerrainGeneration.Tests.RuntimeEntityLoaderSystemTests" runstate="Runnable" seed="1588492605" result="Passed" start-time="2025-07-31 23:38:00Z" end-time="2025-07-31 23:38:00Z" duration="0.079270" asserts="0">
                  <properties>
                    <property name="retryIteration" value="0" />
                    <property name="repeatIteration" value="0" />
                  </properties>
                  <output><![CDATA[RuntimeEntityLoaderSystem: Processing scene loading requests for runtime build...
Processing scene loading request for: Scene1
Scene loading request processed for: Scene1
Processing scene loading request for: Scene2
Scene loading request processed for: Scene2
RuntimeEntityLoaderSystem: Scene loading request processing complete.
]]></output>
                </test-case>
              </test-suite>
              <test-suite type="TestFixture" id="1049" name="RuntimeTerrainManagerTests" fullname="TinyWalnutGames.TTG.TerrainGeneration.Tests.RuntimeTerrainManagerTests" classname="TinyWalnutGames.TTG.TerrainGeneration.Tests.RuntimeTerrainManagerTests" runstate="Runnable" testcasecount="20" result="Passed" start-time="2025-07-31 23:38:00Z" end-time="2025-07-31 23:38:00Z" duration="0.173967" total="20" passed="20" failed="0" inconclusive="0" skipped="0" asserts="0">
                <properties />
                <test-case id="1062" name="RuntimeTerrainManager_AutoInitializeOnStart_CanBeToggled" fullname="TinyWalnutGames.TTG.TerrainGeneration.Tests.RuntimeTerrainManagerTests.RuntimeTerrainManager_AutoInitializeOnStart_CanBeToggled" methodname="RuntimeTerrainManager_AutoInitializeOnStart_CanBeToggled" classname="TinyWalnutGames.TTG.TerrainGeneration.Tests.RuntimeTerrainManagerTests" runstate="Runnable" seed="2095042627" result="Passed" start-time="2025-07-31 23:38:00Z" end-time="2025-07-31 23:38:00Z" duration="0.000857" asserts="0">
                  <properties>
                    <property name="retryIteration" value="0" />
                    <property name="repeatIteration" value="0" />
                  </properties>
                </test-case>
                <test-case id="1065" name="RuntimeTerrainManager_CreateDefaultTerrainEntity_CanBeToggled" fullname="TinyWalnutGames.TTG.TerrainGeneration.Tests.RuntimeTerrainManagerTests.RuntimeTerrainManager_CreateDefaultTerrainEntity_CanBeToggled" methodname="RuntimeTerrainManager_CreateDefaultTerrainEntity_CanBeToggled" classname="TinyWalnutGames.TTG.TerrainGeneration.Tests.RuntimeTerrainManagerTests" runstate="Runnable" seed="1504913700" result="Passed" start-time="2025-07-31 23:38:00Z" end-time="2025-07-31 23:38:00Z" duration="0.000579" asserts="0">
                  <properties>
                    <property name="retryIteration" value="0" />
                    <property name="repeatIteration" value="0" />
                  </properties>
                </test-case>
                <test-case id="1056" name="RuntimeTerrainManager_CreateTerrainGenerationRequest_WorksCorrectly" fullname="TinyWalnutGames.TTG.TerrainGeneration.Tests.RuntimeTerrainManagerTests.RuntimeTerrainManager_CreateTerrainGenerationRequest_WorksCorrectly" methodname="RuntimeTerrainManager_CreateTerrainGenerationRequest_WorksCorrectly" classname="TinyWalnutGames.TTG.TerrainGeneration.Tests.RuntimeTerrainManagerTests" runstate="Runnable" seed="1746108033" result="Passed" start-time="2025-07-31 23:38:00Z" end-time="2025-07-31 23:38:00Z" duration="0.008058" asserts="0">
                  <properties>
                    <property name="retryIteration" value="0" />
                    <property name="repeatIteration" value="0" />
                  </properties>
                </test-case>
                <test-case id="1061" name="RuntimeTerrainManager_DebugLogging_CanBeToggled" fullname="TinyWalnutGames.TTG.TerrainGeneration.Tests.RuntimeTerrainManagerTests.RuntimeTerrainManager_DebugLogging_CanBeToggled" methodname="RuntimeTerrainManager_DebugLogging_CanBeToggled" classname="TinyWalnutGames.TTG.TerrainGeneration.Tests.RuntimeTerrainManagerTests" runstate="Runnable" seed="715561599" result="Passed" start-time="2025-07-31 23:38:00Z" end-time="2025-07-31 23:38:00Z" duration="0.000422" asserts="0">
                  <properties>
                    <property name="retryIteration" value="0" />
                    <property name="repeatIteration" value="0" />
                  </properties>
                </test-case>
                <test-case id="1054" name="RuntimeTerrainManager_DefaultTerrainData_HasValidValues" fullname="TinyWalnutGames.TTG.TerrainGeneration.Tests.RuntimeTerrainManagerTests.RuntimeTerrainManager_DefaultTerrainData_HasValidValues" methodname="RuntimeTerrainManager_DefaultTerrainData_HasValidValues" classname="TinyWalnutGames.TTG.TerrainGeneration.Tests.RuntimeTerrainManagerTests" runstate="Runnable" seed="309396276" result="Passed" start-time="2025-07-31 23:38:00Z" end-time="2025-07-31 23:38:00Z" duration="0.001440" asserts="0">
                  <properties>
                    <property name="retryIteration" value="0" />
                    <property name="repeatIteration" value="0" />
                  </properties>
                </test-case>
                <test-case id="1066" name="RuntimeTerrainManager_DestroyBehavior_HandlesCleanup" fullname="TinyWalnutGames.TTG.TerrainGeneration.Tests.RuntimeTerrainManagerTests.RuntimeTerrainManager_DestroyBehavior_HandlesCleanup" methodname="RuntimeTerrainManager_DestroyBehavior_HandlesCleanup" classname="TinyWalnutGames.TTG.TerrainGeneration.Tests.RuntimeTerrainManagerTests" runstate="Runnable" seed="1398099217" result="Passed" start-time="2025-07-31 23:38:00Z" end-time="2025-07-31 23:38:00Z" duration="0.001229" asserts="0">
                  <properties>
                    <property name="retryIteration" value="0" />
                    <property name="repeatIteration" value="0" />
                  </properties>
                  <reason>
                    <message><![CDATA[GameObject destruction handled without errors]]></message>
                  </reason>
                </test-case>
                <test-case id="1068" name="RuntimeTerrainManager_ExtremeDelayValues_HandlesCorrectly" fullname="TinyWalnutGames.TTG.TerrainGeneration.Tests.RuntimeTerrainManagerTests.RuntimeTerrainManager_ExtremeDelayValues_HandlesCorrectly" methodname="RuntimeTerrainManager_ExtremeDelayValues_HandlesCorrectly" classname="TinyWalnutGames.TTG.TerrainGeneration.Tests.RuntimeTerrainManagerTests" runstate="Runnable" seed="1355075460" result="Passed" start-time="2025-07-31 23:38:00Z" end-time="2025-07-31 23:38:00Z" duration="0.000671" asserts="0">
                  <properties>
                    <property name="retryIteration" value="0" />
                    <property name="repeatIteration" value="0" />
                  </properties>
                </test-case>
                <test-case id="1052" name="RuntimeTerrainManager_GetSystemStatusInfo_ReturnsValidInfo" fullname="TinyWalnutGames.TTG.TerrainGeneration.Tests.RuntimeTerrainManagerTests.RuntimeTerrainManager_GetSystemStatusInfo_ReturnsValidInfo" methodname="RuntimeTerrainManager_GetSystemStatusInfo_ReturnsValidInfo" classname="TinyWalnutGames.TTG.TerrainGeneration.Tests.RuntimeTerrainManagerTests" runstate="Runnable" seed="198022197" result="Passed" start-time="2025-07-31 23:38:00Z" end-time="2025-07-31 23:38:00Z" duration="0.001926" asserts="0">
                  <properties>
                    <property name="retryIteration" value="0" />
                    <property name="repeatIteration" value="0" />
                  </properties>
                </test-case>
                <test-case id="1059" name="RuntimeTerrainManager_GetTerrainEntityCount_ReturnsValidCount" fullname="TinyWalnutGames.TTG.TerrainGeneration.Tests.RuntimeTerrainManagerTests.RuntimeTerrainManager_GetTerrainEntityCount_ReturnsValidCount" methodname="RuntimeTerrainManager_GetTerrainEntityCount_ReturnsValidCount" classname="TinyWalnutGames.TTG.TerrainGeneration.Tests.RuntimeTerrainManagerTests" runstate="Runnable" seed="269098020" result="Passed" start-time="2025-07-31 23:38:00Z" end-time="2025-07-31 23:38:00Z" duration="0.000482" asserts="0">
                  <properties>
                    <property name="retryIteration" value="0" />
                    <property name="repeatIteration" value="0" />
                  </properties>
                </test-case>
                <test-case id="1064" name="RuntimeTerrainManager_InitializationDelay_CanBeSet" fullname="TinyWalnutGames.TTG.TerrainGeneration.Tests.RuntimeTerrainManagerTests.RuntimeTerrainManager_InitializationDelay_CanBeSet" methodname="RuntimeTerrainManager_InitializationDelay_CanBeSet" classname="TinyWalnutGames.TTG.TerrainGeneration.Tests.RuntimeTerrainManagerTests" runstate="Runnable" seed="642087112" result="Passed" start-time="2025-07-31 23:38:00Z" end-time="2025-07-31 23:38:00Z" duration="0.000820" asserts="0">
                  <properties>
                    <property name="retryIteration" value="0" />
                    <property name="repeatIteration" value="0" />
                  </properties>
                </test-case>
                <test-case id="1050" name="RuntimeTerrainManager_InitialState_HasCorrectDefaults" fullname="TinyWalnutGames.TTG.TerrainGeneration.Tests.RuntimeTerrainManagerTests.RuntimeTerrainManager_InitialState_HasCorrectDefaults" methodname="RuntimeTerrainManager_InitialState_HasCorrectDefaults" classname="TinyWalnutGames.TTG.TerrainGeneration.Tests.RuntimeTerrainManagerTests" runstate="Runnable" seed="314442563" result="Passed" start-time="2025-07-31 23:38:00Z" end-time="2025-07-31 23:38:00Z" duration="0.001230" asserts="0">
                  <properties>
                    <property name="retryIteration" value="0" />
                    <property name="repeatIteration" value="0" />
                  </properties>
                </test-case>
                <test-case id="1067" name="RuntimeTerrainManager_InvalidSceneConfiguration_HandlesGracefully" fullname="TinyWalnutGames.TTG.TerrainGeneration.Tests.RuntimeTerrainManagerTests.RuntimeTerrainManager_InvalidSceneConfiguration_HandlesGracefully" methodname="RuntimeTerrainManager_InvalidSceneConfiguration_HandlesGracefully" classname="TinyWalnutGames.TTG.TerrainGeneration.Tests.RuntimeTerrainManagerTests" runstate="Runnable" seed="316790094" result="Passed" start-time="2025-07-31 23:38:00Z" end-time="2025-07-31 23:38:00Z" duration="0.000643" asserts="0">
                  <properties>
                    <property name="retryIteration" value="0" />
                    <property name="repeatIteration" value="0" />
                  </properties>
                </test-case>
                <test-case id="1069" name="RuntimeTerrainManager_IsInitialized_ReflectsState" fullname="TinyWalnutGames.TTG.TerrainGeneration.Tests.RuntimeTerrainManagerTests.RuntimeTerrainManager_IsInitialized_ReflectsState" methodname="RuntimeTerrainManager_IsInitialized_ReflectsState" classname="TinyWalnutGames.TTG.TerrainGeneration.Tests.RuntimeTerrainManagerTests" runstate="Runnable" seed="1218300179" result="Passed" start-time="2025-07-31 23:38:00Z" end-time="2025-07-31 23:38:00Z" duration="0.000601" asserts="0">
                  <properties>
                    <property name="retryIteration" value="0" />
                    <property name="repeatIteration" value="0" />
                  </properties>
                </test-case>
                <test-case id="1060" name="RuntimeTerrainManager_IsTerrainSystemAvailable_WorksCorrectly" fullname="TinyWalnutGames.TTG.TerrainGeneration.Tests.RuntimeTerrainManagerTests.RuntimeTerrainManager_IsTerrainSystemAvailable_WorksCorrectly" methodname="RuntimeTerrainManager_IsTerrainSystemAvailable_WorksCorrectly" classname="TinyWalnutGames.TTG.TerrainGeneration.Tests.RuntimeTerrainManagerTests" runstate="Runnable" seed="452803577" result="Passed" start-time="2025-07-31 23:38:00Z" end-time="2025-07-31 23:38:00Z" duration="0.000348" asserts="0">
                  <properties>
                    <property name="retryIteration" value="0" />
                    <property name="repeatIteration" value="0" />
                  </properties>
                </test-case>
                <test-case id="1051" name="RuntimeTerrainManager_ManualInitialization_UpdatesStatus" fullname="TinyWalnutGames.TTG.TerrainGeneration.Tests.RuntimeTerrainManagerTests.RuntimeTerrainManager_ManualInitialization_UpdatesStatus" methodname="RuntimeTerrainManager_ManualInitialization_UpdatesStatus" classname="TinyWalnutGames.TTG.TerrainGeneration.Tests.RuntimeTerrainManagerTests" runstate="Runnable" seed="1739302857" result="Passed" start-time="2025-07-31 23:38:00Z" end-time="2025-07-31 23:38:00Z" duration="0.000303" asserts="0">
                  <properties>
                    <property name="retryIteration" value="0" />
                    <property name="repeatIteration" value="0" />
                  </properties>
                </test-case>
                <test-case id="1053" name="RuntimeTerrainManager_MultipleInitialization_HandlesSafely" fullname="TinyWalnutGames.TTG.TerrainGeneration.Tests.RuntimeTerrainManagerTests.RuntimeTerrainManager_MultipleInitialization_HandlesSafely" methodname="RuntimeTerrainManager_MultipleInitialization_HandlesSafely" classname="TinyWalnutGames.TTG.TerrainGeneration.Tests.RuntimeTerrainManagerTests" runstate="Runnable" seed="648276258" result="Passed" start-time="2025-07-31 23:38:00Z" end-time="2025-07-31 23:38:00Z" duration="0.000275" asserts="0">
                  <properties>
                    <property name="retryIteration" value="0" />
                    <property name="repeatIteration" value="0" />
                  </properties>
                </test-case>
                <test-case id="1058" name="RuntimeTerrainManager_ReloadUsingUnitySceneManager_WorksCorrectly" fullname="TinyWalnutGames.TTG.TerrainGeneration.Tests.RuntimeTerrainManagerTests.RuntimeTerrainManager_ReloadUsingUnitySceneManager_WorksCorrectly" methodname="RuntimeTerrainManager_ReloadUsingUnitySceneManager_WorksCorrectly" classname="TinyWalnutGames.TTG.TerrainGeneration.Tests.RuntimeTerrainManagerTests" runstate="Runnable" seed="2131373444" result="Passed" start-time="2025-07-31 23:38:00Z" end-time="2025-07-31 23:38:00Z" duration="0.002615" asserts="0">
                  <properties>
                    <property name="retryIteration" value="0" />
                    <property name="repeatIteration" value="0" />
                  </properties>
                </test-case>
                <test-case id="1055" name="RuntimeTerrainManager_TerrainSceneConfiguration_IsValid" fullname="TinyWalnutGames.TTG.TerrainGeneration.Tests.RuntimeTerrainManagerTests.RuntimeTerrainManager_TerrainSceneConfiguration_IsValid" methodname="RuntimeTerrainManager_TerrainSceneConfiguration_IsValid" classname="TinyWalnutGames.TTG.TerrainGeneration.Tests.RuntimeTerrainManagerTests" runstate="Runnable" seed="1747069545" result="Passed" start-time="2025-07-31 23:38:00Z" end-time="2025-07-31 23:38:00Z" duration="0.000560" asserts="0">
                  <properties>
                    <property name="retryIteration" value="0" />
                    <property name="repeatIteration" value="0" />
                  </properties>
                </test-case>
                <test-case id="1057" name="RuntimeTerrainManager_UpdateTerrainEntityCount_WorksCorrectly" fullname="TinyWalnutGames.TTG.TerrainGeneration.Tests.RuntimeTerrainManagerTests.RuntimeTerrainManager_UpdateTerrainEntityCount_WorksCorrectly" methodname="RuntimeTerrainManager_UpdateTerrainEntityCount_WorksCorrectly" classname="TinyWalnutGames.TTG.TerrainGeneration.Tests.RuntimeTerrainManagerTests" runstate="Runnable" seed="1820551443" result="Passed" start-time="2025-07-31 23:38:00Z" end-time="2025-07-31 23:38:00Z" duration="0.000727" asserts="0">
                  <properties>
                    <property name="retryIteration" value="0" />
                    <property name="repeatIteration" value="0" />
                  </properties>
                </test-case>
                <test-case id="1063" name="RuntimeTerrainManager_UseUnitySceneLoading_CanBeToggled" fullname="TinyWalnutGames.TTG.TerrainGeneration.Tests.RuntimeTerrainManagerTests.RuntimeTerrainManager_UseUnitySceneLoading_CanBeToggled" methodname="RuntimeTerrainManager_UseUnitySceneLoading_CanBeToggled" classname="TinyWalnutGames.TTG.TerrainGeneration.Tests.RuntimeTerrainManagerTests" runstate="Runnable" seed="535652734" result="Passed" start-time="2025-07-31 23:38:00Z" end-time="2025-07-31 23:38:00Z" duration="0.000369" asserts="0">
                  <properties>
                    <property name="retryIteration" value="0" />
                    <property name="repeatIteration" value="0" />
                  </properties>
                </test-case>
              </test-suite>
              <test-suite type="TestFixture" id="1070" name="TerrainCleanupSystemTests" fullname="TinyWalnutGames.TTG.TerrainGeneration.Tests.TerrainCleanupSystemTests" classname="TinyWalnutGames.TTG.TerrainGeneration.Tests.TerrainCleanupSystemTests" runstate="Runnable" testcasecount="11" result="Passed" start-time="2025-07-31 23:38:00Z" end-time="2025-07-31 23:38:02Z" duration="2.345010" total="11" passed="11" failed="0" inconclusive="0" skipped="0" asserts="0">
                <properties />
                <output><![CDATA[RuntimeEntityLoaderSystem: Processing scene loading requests for runtime build...
Processing scene loading request for: TerrainGenerationScene
Scene loading request processed for: TerrainGenerationScene
Processing scene loading request for: TerrainGenerationScene
Scene loading request processed for: TerrainGenerationScene
Processing scene loading request for: TerrainGenerationScene
Scene loading request processed for: TerrainGenerationScene
Processing scene loading request for: DefaultTerrainScene
Scene loading request processed for: DefaultTerrainScene
Processing scene loading request for: TerrainGenerationScene
Scene loading request processed for: TerrainGenerationScene
Processing scene loading request for: TerrainGenerationScene
Scene loading request processed for: TerrainGenerationScene
Processing scene loading request for: TerrainGenerationScene
Scene loading request processed for: TerrainGenerationScene
RuntimeEntityLoaderSystem: Scene loading request processing complete.
]]></output>
                <test-case id="1075" name="TerrainCleanupSystem_AlreadyDisposedBlobAssets_HandlesGracefully" fullname="TinyWalnutGames.TTG.TerrainGeneration.Tests.TerrainCleanupSystemTests.TerrainCleanupSystem_AlreadyDisposedBlobAssets_HandlesGracefully" methodname="TerrainCleanupSystem_AlreadyDisposedBlobAssets_HandlesGracefully" classname="TinyWalnutGames.TTG.TerrainGeneration.Tests.TerrainCleanupSystemTests" runstate="Runnable" seed="467794396" result="Passed" start-time="2025-07-31 23:38:00Z" end-time="2025-07-31 23:38:00Z" duration="0.006380" asserts="0">
                  <properties>
                    <property name="retryIteration" value="0" />
                    <property name="repeatIteration" value="0" />
                  </properties>
                </test-case>
                <test-case id="1076" name="TerrainCleanupSystem_EmptyWorld_HandlesGracefully" fullname="TinyWalnutGames.TTG.TerrainGeneration.Tests.TerrainCleanupSystemTests.TerrainCleanupSystem_EmptyWorld_HandlesGracefully" methodname="TerrainCleanupSystem_EmptyWorld_HandlesGracefully" classname="TinyWalnutGames.TTG.TerrainGeneration.Tests.TerrainCleanupSystemTests" runstate="Runnable" seed="351822290" result="Passed" start-time="2025-07-31 23:38:00Z" end-time="2025-07-31 23:38:00Z" duration="0.002290" asserts="0">
                  <properties>
                    <property name="retryIteration" value="0" />
                    <property name="repeatIteration" value="0" />
                  </properties>
                </test-case>
                <test-case id="1077" name="TerrainCleanupSystem_EntitiesWithoutBlobAssets_IgnoresCorrectly" fullname="TinyWalnutGames.TTG.TerrainGeneration.Tests.TerrainCleanupSystemTests.TerrainCleanupSystem_EntitiesWithoutBlobAssets_IgnoresCorrectly" methodname="TerrainCleanupSystem_EntitiesWithoutBlobAssets_IgnoresCorrectly" classname="TinyWalnutGames.TTG.TerrainGeneration.Tests.TerrainCleanupSystemTests" runstate="Runnable" seed="1784965828" result="Passed" start-time="2025-07-31 23:38:00Z" end-time="2025-07-31 23:38:00Z" duration="0.002181" asserts="0">
                  <properties>
                    <property name="retryIteration" value="0" />
                    <property name="repeatIteration" value="0" />
                  </properties>
                </test-case>
                <test-case id="1080" name="TerrainCleanupSystem_LargeNumberOfEntities_PerformsEfficiently" fullname="TinyWalnutGames.TTG.TerrainGeneration.Tests.TerrainCleanupSystemTests.TerrainCleanupSystem_LargeNumberOfEntities_PerformsEfficiently" methodname="TerrainCleanupSystem_LargeNumberOfEntities_PerformsEfficiently" classname="TinyWalnutGames.TTG.TerrainGeneration.Tests.TerrainCleanupSystemTests" runstate="Runnable" seed="1545523563" result="Passed" start-time="2025-07-31 23:38:00Z" end-time="2025-07-31 23:38:00Z" duration="0.004583" asserts="0">
                  <properties>
                    <property name="retryIteration" value="0" />
                    <property name="repeatIteration" value="0" />
                  </properties>
                </test-case>
                <test-case id="1073" name="TerrainCleanupSystem_MaterialDataBlobAssets_DisposesCorrectly" fullname="TinyWalnutGames.TTG.TerrainGeneration.Tests.TerrainCleanupSystemTests.TerrainCleanupSystem_MaterialDataBlobAssets_DisposesCorrectly" methodname="TerrainCleanupSystem_MaterialDataBlobAssets_DisposesCorrectly" classname="TinyWalnutGames.TTG.TerrainGeneration.Tests.TerrainCleanupSystemTests" runstate="Runnable" seed="787345258" result="Passed" start-time="2025-07-31 23:38:00Z" end-time="2025-07-31 23:38:00Z" duration="0.016745" asserts="0">
                  <properties>
                    <property name="retryIteration" value="0" />
                    <property name="repeatIteration" value="0" />
                  </properties>
                  <reason>
                    <message><![CDATA[Material data cleanup completed without errors]]></message>
                  </reason>
                  <output><![CDATA[Cleaned up orphaned material data for entity Entity(92:9)
]]></output>
                </test-case>
                <test-case id="1081" name="TerrainCleanupSystem_MemoryUsage_DoesNotLeak" fullname="TinyWalnutGames.TTG.TerrainGeneration.Tests.TerrainCleanupSystemTests.TerrainCleanupSystem_MemoryUsage_DoesNotLeak" methodname="TerrainCleanupSystem_MemoryUsage_DoesNotLeak" classname="TinyWalnutGames.TTG.TerrainGeneration.Tests.TerrainCleanupSystemTests" runstate="Runnable" seed="1209918873" result="Passed" start-time="2025-07-31 23:38:00Z" end-time="2025-07-31 23:38:02Z" duration="2.077356" asserts="0">
                  <properties>
                    <property name="retryIteration" value="0" />
                    <property name="repeatIteration" value="0" />
                  </properties>
                </test-case>
                <test-case id="1071" name="TerrainCleanupSystem_MeshDataBlobAssets_DisposesCorrectly" fullname="TinyWalnutGames.TTG.TerrainGeneration.Tests.TerrainCleanupSystemTests.TerrainCleanupSystem_MeshDataBlobAssets_DisposesCorrectly" methodname="TerrainCleanupSystem_MeshDataBlobAssets_DisposesCorrectly" classname="TinyWalnutGames.TTG.TerrainGeneration.Tests.TerrainCleanupSystemTests" runstate="Runnable" seed="490334613" result="Passed" start-time="2025-07-31 23:38:02Z" end-time="2025-07-31 23:38:02Z" duration="0.002384" asserts="0">
                  <properties>
                    <property name="retryIteration" value="0" />
                    <property name="repeatIteration" value="0" />
                  </properties>
                </test-case>
                <test-case id="1078" name="TerrainCleanupSystem_MixedEntities_CleansOnlyBlobAssetEntities" fullname="TinyWalnutGames.TTG.TerrainGeneration.Tests.TerrainCleanupSystemTests.TerrainCleanupSystem_MixedEntities_CleansOnlyBlobAssetEntities" methodname="TerrainCleanupSystem_MixedEntities_CleansOnlyBlobAssetEntities" classname="TinyWalnutGames.TTG.TerrainGeneration.Tests.TerrainCleanupSystemTests" runstate="Runnable" seed="1020933679" result="Passed" start-time="2025-07-31 23:38:02Z" end-time="2025-07-31 23:38:02Z" duration="0.015749" asserts="0">
                  <properties>
                    <property name="retryIteration" value="0" />
                    <property name="repeatIteration" value="0" />
                  </properties>
                  <output><![CDATA[Cleaned up orphaned terrace config for entity Entity(94:7)
]]></output>
                </test-case>
                <test-case id="1074" name="TerrainCleanupSystem_MultipleEntities_CleansAllBlobAssets" fullname="TinyWalnutGames.TTG.TerrainGeneration.Tests.TerrainCleanupSystemTests.TerrainCleanupSystem_MultipleEntities_CleansAllBlobAssets" methodname="TerrainCleanupSystem_MultipleEntities_CleansAllBlobAssets" classname="TinyWalnutGames.TTG.TerrainGeneration.Tests.TerrainCleanupSystemTests" runstate="Runnable" seed="1112155310" result="Passed" start-time="2025-07-31 23:38:02Z" end-time="2025-07-31 23:38:02Z" duration="0.023329" asserts="0">
                  <properties>
                    <property name="retryIteration" value="0" />
                    <property name="repeatIteration" value="0" />
                  </properties>
                  <reason>
                    <message><![CDATA[Multi-entity cleanup completed without errors]]></message>
                  </reason>
                  <output><![CDATA[Cleaned up orphaned terrace config for entity Entity(93:11)
Cleaned up orphaned material data for entity Entity(94:9)
]]></output>
                </test-case>
                <test-case id="1079" name="TerrainCleanupSystem_RepeatedCleanup_HandlesGracefully" fullname="TinyWalnutGames.TTG.TerrainGeneration.Tests.TerrainCleanupSystemTests.TerrainCleanupSystem_RepeatedCleanup_HandlesGracefully" methodname="TerrainCleanupSystem_RepeatedCleanup_HandlesGracefully" classname="TinyWalnutGames.TTG.TerrainGeneration.Tests.TerrainCleanupSystemTests" runstate="Runnable" seed="1468080470" result="Passed" start-time="2025-07-31 23:38:02Z" end-time="2025-07-31 23:38:02Z" duration="0.003309" asserts="0">
                  <properties>
                    <property name="retryIteration" value="0" />
                    <property name="repeatIteration" value="0" />
                  </properties>
                </test-case>
                <test-case id="1072" name="TerrainCleanupSystem_TerraceConfigBlobAssets_DisposesCorrectly" fullname="TinyWalnutGames.TTG.TerrainGeneration.Tests.TerrainCleanupSystemTests.TerrainCleanupSystem_TerraceConfigBlobAssets_DisposesCorrectly" methodname="TerrainCleanupSystem_TerraceConfigBlobAssets_DisposesCorrectly" classname="TinyWalnutGames.TTG.TerrainGeneration.Tests.TerrainCleanupSystemTests" runstate="Runnable" seed="571747519" result="Passed" start-time="2025-07-31 23:38:02Z" end-time="2025-07-31 23:38:02Z" duration="0.012478" asserts="0">
                  <properties>
                    <property name="retryIteration" value="0" />
                    <property name="repeatIteration" value="0" />
                  </properties>
                  <reason>
                    <message><![CDATA[Terrace config cleanup completed without errors]]></message>
                  </reason>
                  <output><![CDATA[Cleaned up orphaned terrace config for entity Entity(92:21)
]]></output>
                </test-case>
              </test-suite>
              <test-suite type="TestFixture" id="1082" name="TerrainGenerationAuthoringTests" fullname="TinyWalnutGames.TTG.TerrainGeneration.Tests.TerrainGenerationAuthoringTests" classname="TinyWalnutGames.TTG.TerrainGeneration.Tests.TerrainGenerationAuthoringTests" runstate="Runnable" testcasecount="13" result="Passed" start-time="2025-07-31 23:38:02Z" end-time="2025-07-31 23:38:02Z" duration="0.172223" total="13" passed="13" failed="0" inconclusive="0" skipped="0" asserts="0">
                <properties />
                <output><![CDATA[RuntimeDebugConsole: Using NewInputSystem for input handling.
Runtime Debug Console initialized. Press BackQuote to toggle visibility.
Console will automatically find and integrate with RuntimeTerrainManager if present.
RuntimeDebugConsole: Input System actions initialized successfully.
SetConsoleVisibility called with visible: False
Console canvas active set to: False
RuntimeTerrainManager: Waiting 0.5s before initialization...
]]></output>
                <test-case id="1091" name="TerrainGenerationAuthoring_BlobAssetMemoryManagement_NoLeaks" fullname="TinyWalnutGames.TTG.TerrainGeneration.Tests.TerrainGenerationAuthoringTests.TerrainGenerationAuthoring_BlobAssetMemoryManagement_NoLeaks" methodname="TerrainGenerationAuthoring_BlobAssetMemoryManagement_NoLeaks" classname="TinyWalnutGames.TTG.TerrainGeneration.Tests.TerrainGenerationAuthoringTests" runstate="Runnable" seed="2130320430" result="Passed" start-time="2025-07-31 23:38:02Z" end-time="2025-07-31 23:38:02Z" duration="0.004666" asserts="0">
                  <properties>
                    <property name="retryIteration" value="0" />
                    <property name="repeatIteration" value="0" />
                  </properties>
                  <reason>
                    <message><![CDATA[Memory management test completed successfully]]></message>
                  </reason>
                </test-case>
                <test-case id="1095" name="TerrainGenerationAuthoring_DataConsistency_AcrossMultipleCalls" fullname="TinyWalnutGames.TTG.TerrainGeneration.Tests.TerrainGenerationAuthoringTests.TerrainGenerationAuthoring_DataConsistency_AcrossMultipleCalls" methodname="TerrainGenerationAuthoring_DataConsistency_AcrossMultipleCalls" classname="TinyWalnutGames.TTG.TerrainGeneration.Tests.TerrainGenerationAuthoringTests" runstate="Runnable" seed="1185980921" result="Passed" start-time="2025-07-31 23:38:02Z" end-time="2025-07-31 23:38:02Z" duration="0.002499" asserts="0">
                  <properties>
                    <property name="retryIteration" value="0" />
                    <property name="repeatIteration" value="0" />
                  </properties>
                </test-case>
                <test-case id="1092" name="TerrainGenerationAuthoring_DefaultTerraceHeights_AreValid" fullname="TinyWalnutGames.TTG.TerrainGeneration.Tests.TerrainGenerationAuthoringTests.TerrainGenerationAuthoring_DefaultTerraceHeights_AreValid" methodname="TerrainGenerationAuthoring_DefaultTerraceHeights_AreValid" classname="TinyWalnutGames.TTG.TerrainGeneration.Tests.TerrainGenerationAuthoringTests" runstate="Runnable" seed="775162892" result="Passed" start-time="2025-07-31 23:38:02Z" end-time="2025-07-31 23:38:02Z" duration="0.001900" asserts="0">
                  <properties>
                    <property name="retryIteration" value="0" />
                    <property name="repeatIteration" value="0" />
                  </properties>
                </test-case>
                <test-case id="1083" name="TerrainGenerationAuthoring_DefaultValues_AreValid" fullname="TinyWalnutGames.TTG.TerrainGeneration.Tests.TerrainGenerationAuthoringTests.TerrainGenerationAuthoring_DefaultValues_AreValid" methodname="TerrainGenerationAuthoring_DefaultValues_AreValid" classname="TinyWalnutGames.TTG.TerrainGeneration.Tests.TerrainGenerationAuthoringTests" runstate="Runnable" seed="1401470182" result="Passed" start-time="2025-07-31 23:38:02Z" end-time="2025-07-31 23:38:02Z" duration="0.002226" asserts="0">
                  <properties>
                    <property name="retryIteration" value="0" />
                    <property name="repeatIteration" value="0" />
                  </properties>
                </test-case>
                <test-case id="1093" name="TerrainGenerationAuthoring_ExtremeBounds_HandledCorrectly" fullname="TinyWalnutGames.TTG.TerrainGeneration.Tests.TerrainGenerationAuthoringTests.TerrainGenerationAuthoring_ExtremeBounds_HandledCorrectly" methodname="TerrainGenerationAuthoring_ExtremeBounds_HandledCorrectly" classname="TinyWalnutGames.TTG.TerrainGeneration.Tests.TerrainGenerationAuthoringTests" runstate="Runnable" seed="961595410" result="Passed" start-time="2025-07-31 23:38:02Z" end-time="2025-07-31 23:38:02Z" duration="0.002428" asserts="0">
                  <properties>
                    <property name="retryIteration" value="0" />
                    <property name="repeatIteration" value="0" />
                  </properties>
                </test-case>
                <test-case id="1087" name="TerrainGenerationAuthoring_ToTerraceConfigData_EmptyHeights" fullname="TinyWalnutGames.TTG.TerrainGeneration.Tests.TerrainGenerationAuthoringTests.TerrainGenerationAuthoring_ToTerraceConfigData_EmptyHeights" methodname="TerrainGenerationAuthoring_ToTerraceConfigData_EmptyHeights" classname="TinyWalnutGames.TTG.TerrainGeneration.Tests.TerrainGenerationAuthoringTests" runstate="Runnable" seed="1449477393" result="Passed" start-time="2025-07-31 23:38:02Z" end-time="2025-07-31 23:38:02Z" duration="0.002080" asserts="0">
                  <properties>
                    <property name="retryIteration" value="0" />
                    <property name="repeatIteration" value="0" />
                  </properties>
                </test-case>
                <test-case id="1086" name="TerrainGenerationAuthoring_ToTerraceConfigData_RelativeHeightsConversion" fullname="TinyWalnutGames.TTG.TerrainGeneration.Tests.TerrainGenerationAuthoringTests.TerrainGenerationAuthoring_ToTerraceConfigData_RelativeHeightsConversion" methodname="TerrainGenerationAuthoring_ToTerraceConfigData_RelativeHeightsConversion" classname="TinyWalnutGames.TTG.TerrainGeneration.Tests.TerrainGenerationAuthoringTests" runstate="Runnable" seed="546524259" result="Passed" start-time="2025-07-31 23:38:02Z" end-time="2025-07-31 23:38:02Z" duration="0.002996" asserts="0">
                  <properties>
                    <property name="retryIteration" value="0" />
                    <property name="repeatIteration" value="0" />
                  </properties>
                </test-case>
                <test-case id="1088" name="TerrainGenerationAuthoring_ToTerraceConfigData_SingleHeight" fullname="TinyWalnutGames.TTG.TerrainGeneration.Tests.TerrainGenerationAuthoringTests.TerrainGenerationAuthoring_ToTerraceConfigData_SingleHeight" methodname="TerrainGenerationAuthoring_ToTerraceConfigData_SingleHeight" classname="TinyWalnutGames.TTG.TerrainGeneration.Tests.TerrainGenerationAuthoringTests" runstate="Runnable" seed="2138358686" result="Passed" start-time="2025-07-31 23:38:02Z" end-time="2025-07-31 23:38:02Z" duration="0.001682" asserts="0">
                  <properties>
                    <property name="retryIteration" value="0" />
                    <property name="repeatIteration" value="0" />
                  </properties>
                </test-case>
                <test-case id="1084" name="TerrainGenerationAuthoring_ToTerrainGenerationData_PlanarConfiguration" fullname="TinyWalnutGames.TTG.TerrainGeneration.Tests.TerrainGenerationAuthoringTests.TerrainGenerationAuthoring_ToTerrainGenerationData_PlanarConfiguration" methodname="TerrainGenerationAuthoring_ToTerrainGenerationData_PlanarConfiguration" classname="TinyWalnutGames.TTG.TerrainGeneration.Tests.TerrainGenerationAuthoringTests" runstate="Runnable" seed="1714812952" result="Passed" start-time="2025-07-31 23:38:02Z" end-time="2025-07-31 23:38:02Z" duration="0.002043" asserts="0">
                  <properties>
                    <property name="retryIteration" value="0" />
                    <property name="repeatIteration" value="0" />
                  </properties>
                </test-case>
                <test-case id="1085" name="TerrainGenerationAuthoring_ToTerrainGenerationData_SphericalConfiguration" fullname="TinyWalnutGames.TTG.TerrainGeneration.Tests.TerrainGenerationAuthoringTests.TerrainGenerationAuthoring_ToTerrainGenerationData_SphericalConfiguration" methodname="TerrainGenerationAuthoring_ToTerrainGenerationData_SphericalConfiguration" classname="TinyWalnutGames.TTG.TerrainGeneration.Tests.TerrainGenerationAuthoringTests" runstate="Runnable" seed="1068504234" result="Passed" start-time="2025-07-31 23:38:02Z" end-time="2025-07-31 23:38:02Z" duration="0.001704" asserts="0">
                  <properties>
                    <property name="retryIteration" value="0" />
                    <property name="repeatIteration" value="0" />
                  </properties>
                </test-case>
                <test-case id="1090" name="TerrainGenerationAuthoring_ToTerrainGenerationRequest_AsyncDisabled" fullname="TinyWalnutGames.TTG.TerrainGeneration.Tests.TerrainGenerationAuthoringTests.TerrainGenerationAuthoring_ToTerrainGenerationRequest_AsyncDisabled" methodname="TerrainGenerationAuthoring_ToTerrainGenerationRequest_AsyncDisabled" classname="TinyWalnutGames.TTG.TerrainGeneration.Tests.TerrainGenerationAuthoringTests" runstate="Runnable" seed="1458930549" result="Passed" start-time="2025-07-31 23:38:02Z" end-time="2025-07-31 23:38:02Z" duration="0.001855" asserts="0">
                  <properties>
                    <property name="retryIteration" value="0" />
                    <property name="repeatIteration" value="0" />
                  </properties>
                </test-case>
                <test-case id="1089" name="TerrainGenerationAuthoring_ToTerrainGenerationRequest_AsyncEnabled" fullname="TinyWalnutGames.TTG.TerrainGeneration.Tests.TerrainGenerationAuthoringTests.TerrainGenerationAuthoring_ToTerrainGenerationRequest_AsyncEnabled" methodname="TerrainGenerationAuthoring_ToTerrainGenerationRequest_AsyncEnabled" classname="TinyWalnutGames.TTG.TerrainGeneration.Tests.TerrainGenerationAuthoringTests" runstate="Runnable" seed="988409072" result="Passed" start-time="2025-07-31 23:38:02Z" end-time="2025-07-31 23:38:02Z" duration="0.002380" asserts="0">
                  <properties>
                    <property name="retryIteration" value="0" />
                    <property name="repeatIteration" value="0" />
                  </properties>
                </test-case>
                <test-case id="1094" name="TerrainGenerationAuthoring_ZeroHeightDelta_HandledCorrectly" fullname="TinyWalnutGames.TTG.TerrainGeneration.Tests.TerrainGenerationAuthoringTests.TerrainGenerationAuthoring_ZeroHeightDelta_HandledCorrectly" methodname="TerrainGenerationAuthoring_ZeroHeightDelta_HandledCorrectly" classname="TinyWalnutGames.TTG.TerrainGeneration.Tests.TerrainGenerationAuthoringTests" runstate="Runnable" seed="949414268" result="Passed" start-time="2025-07-31 23:38:02Z" end-time="2025-07-31 23:38:02Z" duration="0.002018" asserts="0">
                  <properties>
                    <property name="retryIteration" value="0" />
                    <property name="repeatIteration" value="0" />
                  </properties>
                </test-case>
              </test-suite>
              <test-suite type="TestFixture" id="1096" name="TerrainGenerationComponentTests" fullname="TinyWalnutGames.TTG.TerrainGeneration.Tests.TerrainGenerationComponentTests" classname="TinyWalnutGames.TTG.TerrainGeneration.Tests.TerrainGenerationComponentTests" runstate="Runnable" testcasecount="14" result="Passed" start-time="2025-07-31 23:38:02Z" end-time="2025-07-31 23:38:04Z" duration="1.220767" total="14" passed="14" failed="0" inconclusive="0" skipped="0" asserts="0">
                <properties />
                <test-case id="1110" name="ComponentArchetypeChanges_HandleGracefully" fullname="TinyWalnutGames.TTG.TerrainGeneration.Tests.TerrainGenerationComponentTests.ComponentArchetypeChanges_HandleGracefully" methodname="ComponentArchetypeChanges_HandleGracefully" classname="TinyWalnutGames.TTG.TerrainGeneration.Tests.TerrainGenerationComponentTests" runstate="Runnable" seed="1773914727" result="Passed" start-time="2025-07-31 23:38:04Z" end-time="2025-07-31 23:38:04Z" duration="0.002461" asserts="0">
                  <properties>
                    <property name="retryIteration" value="0" />
                    <property name="repeatIteration" value="0" />
                  </properties>
                </test-case>
                <test-case id="1107" name="ComponentCombinations_AllTerrainComponents_WorkTogether" fullname="TinyWalnutGames.TTG.TerrainGeneration.Tests.TerrainGenerationComponentTests.ComponentCombinations_AllTerrainComponents_WorkTogether" methodname="ComponentCombinations_AllTerrainComponents_WorkTogether" classname="TinyWalnutGames.TTG.TerrainGeneration.Tests.TerrainGenerationComponentTests" runstate="Runnable" seed="564207495" result="Passed" start-time="2025-07-31 23:38:04Z" end-time="2025-07-31 23:38:04Z" duration="0.002813" asserts="0">
                  <properties>
                    <property name="retryIteration" value="0" />
                    <property name="repeatIteration" value="0" />
                  </properties>
                </test-case>
                <test-case id="1108" name="ComponentQuery_FiltersByComponents_WorksCorrectly" fullname="TinyWalnutGames.TTG.TerrainGeneration.Tests.TerrainGenerationComponentTests.ComponentQuery_FiltersByComponents_WorksCorrectly" methodname="ComponentQuery_FiltersByComponents_WorksCorrectly" classname="TinyWalnutGames.TTG.TerrainGeneration.Tests.TerrainGenerationComponentTests" runstate="Runnable" seed="1942097154" result="Passed" start-time="2025-07-31 23:38:04Z" end-time="2025-07-31 23:38:04Z" duration="0.002551" asserts="0">
                  <properties>
                    <property name="retryIteration" value="0" />
                    <property name="repeatIteration" value="0" />
                  </properties>
                </test-case>
                <test-case id="1109" name="ComponentRemoval_CleansUpCorrectly" fullname="TinyWalnutGames.TTG.TerrainGeneration.Tests.TerrainGenerationComponentTests.ComponentRemoval_CleansUpCorrectly" methodname="ComponentRemoval_CleansUpCorrectly" classname="TinyWalnutGames.TTG.TerrainGeneration.Tests.TerrainGenerationComponentTests" runstate="Runnable" seed="1312744216" result="Passed" start-time="2025-07-31 23:38:04Z" end-time="2025-07-31 23:38:04Z" duration="0.002516" asserts="0">
                  <properties>
                    <property name="retryIteration" value="0" />
                    <property name="repeatIteration" value="0" />
                  </properties>
                </test-case>
                <test-case id="1106" name="GeneratedTerrainMeshTag_TagFunctionality_WorksCorrectly" fullname="TinyWalnutGames.TTG.TerrainGeneration.Tests.TerrainGenerationComponentTests.GeneratedTerrainMeshTag_TagFunctionality_WorksCorrectly" methodname="GeneratedTerrainMeshTag_TagFunctionality_WorksCorrectly" classname="TinyWalnutGames.TTG.TerrainGeneration.Tests.TerrainGenerationComponentTests" runstate="Runnable" seed="1293177356" result="Passed" start-time="2025-07-31 23:38:04Z" end-time="2025-07-31 23:38:04Z" duration="0.002349" asserts="0">
                  <properties>
                    <property name="retryIteration" value="0" />
                    <property name="repeatIteration" value="0" />
                  </properties>
                </test-case>
                <test-case id="1104" name="MeshDataComponent_BlobAssetManagement_WorksCorrectly" fullname="TinyWalnutGames.TTG.TerrainGeneration.Tests.TerrainGenerationComponentTests.MeshDataComponent_BlobAssetManagement_WorksCorrectly" methodname="MeshDataComponent_BlobAssetManagement_WorksCorrectly" classname="TinyWalnutGames.TTG.TerrainGeneration.Tests.TerrainGenerationComponentTests" runstate="Runnable" seed="1154696191" result="Passed" start-time="2025-07-31 23:38:04Z" end-time="2025-07-31 23:38:04Z" duration="0.003221" asserts="0">
                  <properties>
                    <property name="retryIteration" value="0" />
                    <property name="repeatIteration" value="0" />
                  </properties>
                </test-case>
                <test-case id="1105" name="MeshGameObjectReference_ComponentFunctionality_WorksCorrectly" fullname="TinyWalnutGames.TTG.TerrainGeneration.Tests.TerrainGenerationComponentTests.MeshGameObjectReference_ComponentFunctionality_WorksCorrectly" methodname="MeshGameObjectReference_ComponentFunctionality_WorksCorrectly" classname="TinyWalnutGames.TTG.TerrainGeneration.Tests.TerrainGenerationComponentTests" runstate="Runnable" seed="1932903608" result="Passed" start-time="2025-07-31 23:38:04Z" end-time="2025-07-31 23:38:04Z" duration="0.002252" asserts="0">
                  <properties>
                    <property name="retryIteration" value="0" />
                    <property name="repeatIteration" value="0" />
                  </properties>
                </test-case>
                <test-case id="1099" name="TerraceConfigData_BlobAssetLifecycle_ManagedCorrectly" fullname="TinyWalnutGames.TTG.TerrainGeneration.Tests.TerrainGenerationComponentTests.TerraceConfigData_BlobAssetLifecycle_ManagedCorrectly" methodname="TerraceConfigData_BlobAssetLifecycle_ManagedCorrectly" classname="TinyWalnutGames.TTG.TerrainGeneration.Tests.TerrainGenerationComponentTests" runstate="Runnable" seed="2133272611" result="Passed" start-time="2025-07-31 23:38:04Z" end-time="2025-07-31 23:38:04Z" duration="0.001683" asserts="0">
                  <properties>
                    <property name="retryIteration" value="0" />
                    <property name="repeatIteration" value="0" />
                  </properties>
                </test-case>
                <test-case id="1100" name="TerraceConfigData_BlobAssetReplacement_HandledCorrectly" fullname="TinyWalnutGames.TTG.TerrainGeneration.Tests.TerrainGenerationComponentTests.TerraceConfigData_BlobAssetReplacement_HandledCorrectly" methodname="TerraceConfigData_BlobAssetReplacement_HandledCorrectly" classname="TinyWalnutGames.TTG.TerrainGeneration.Tests.TerrainGenerationComponentTests" runstate="Runnable" seed="1112854751" result="Passed" start-time="2025-07-31 23:38:04Z" end-time="2025-07-31 23:38:04Z" duration="0.001800" asserts="0">
                  <properties>
                    <property name="retryIteration" value="0" />
                    <property name="repeatIteration" value="0" />
                  </properties>
                </test-case>
                <test-case id="1097" name="TerrainGenerationData_ComponentAddition_WorksCorrectly" fullname="TinyWalnutGames.TTG.TerrainGeneration.Tests.TerrainGenerationComponentTests.TerrainGenerationData_ComponentAddition_WorksCorrectly" methodname="TerrainGenerationData_ComponentAddition_WorksCorrectly" classname="TinyWalnutGames.TTG.TerrainGeneration.Tests.TerrainGenerationComponentTests" runstate="Runnable" seed="1173382062" result="Passed" start-time="2025-07-31 23:38:04Z" end-time="2025-07-31 23:38:04Z" duration="0.001688" asserts="0">
                  <properties>
                    <property name="retryIteration" value="0" />
                    <property name="repeatIteration" value="0" />
                  </properties>
                </test-case>
                <test-case id="1098" name="TerrainGenerationData_ComponentModification_UpdatesCorrectly" fullname="TinyWalnutGames.TTG.TerrainGeneration.Tests.TerrainGenerationComponentTests.TerrainGenerationData_ComponentModification_UpdatesCorrectly" methodname="TerrainGenerationData_ComponentModification_UpdatesCorrectly" classname="TinyWalnutGames.TTG.TerrainGeneration.Tests.TerrainGenerationComponentTests" runstate="Runnable" seed="864682942" result="Passed" start-time="2025-07-31 23:38:04Z" end-time="2025-07-31 23:38:04Z" duration="0.002361" asserts="0">
                  <properties>
                    <property name="retryIteration" value="0" />
                    <property name="repeatIteration" value="0" />
                  </properties>
                </test-case>
                <test-case id="1103" name="TerrainGenerationRequest_ComponentBehavior_WorksCorrectly" fullname="TinyWalnutGames.TTG.TerrainGeneration.Tests.TerrainGenerationComponentTests.TerrainGenerationRequest_ComponentBehavior_WorksCorrectly" methodname="TerrainGenerationRequest_ComponentBehavior_WorksCorrectly" classname="TinyWalnutGames.TTG.TerrainGeneration.Tests.TerrainGenerationComponentTests" runstate="Runnable" seed="209965967" result="Passed" start-time="2025-07-31 23:38:04Z" end-time="2025-07-31 23:38:04Z" duration="0.002061" asserts="0">
                  <properties>
                    <property name="retryIteration" value="0" />
                    <property name="repeatIteration" value="0" />
                  </properties>
                </test-case>
                <test-case id="1102" name="TerrainGenerationState_ErrorHandling_WorksCorrectly" fullname="TinyWalnutGames.TTG.TerrainGeneration.Tests.TerrainGenerationComponentTests.TerrainGenerationState_ErrorHandling_WorksCorrectly" methodname="TerrainGenerationState_ErrorHandling_WorksCorrectly" classname="TinyWalnutGames.TTG.TerrainGeneration.Tests.TerrainGenerationComponentTests" runstate="Runnable" seed="1626831266" result="Passed" start-time="2025-07-31 23:38:04Z" end-time="2025-07-31 23:38:04Z" duration="0.002178" asserts="0">
                  <properties>
                    <property name="retryIteration" value="0" />
                    <property name="repeatIteration" value="0" />
                  </properties>
                </test-case>
                <test-case id="1101" name="TerrainGenerationState_StateTransitions_WorkCorrectly" fullname="TinyWalnutGames.TTG.TerrainGeneration.Tests.TerrainGenerationComponentTests.TerrainGenerationState_StateTransitions_WorkCorrectly" methodname="TerrainGenerationState_StateTransitions_WorkCorrectly" classname="TinyWalnutGames.TTG.TerrainGeneration.Tests.TerrainGenerationComponentTests" runstate="Runnable" seed="895329075" result="Passed" start-time="2025-07-31 23:38:04Z" end-time="2025-07-31 23:38:04Z" duration="0.001910" asserts="0">
                  <properties>
                    <property name="retryIteration" value="0" />
                    <property name="repeatIteration" value="0" />
                  </properties>
                </test-case>
              </test-suite>
              <test-suite type="TestFixture" id="1111" name="TerrainGenerationDataTests" fullname="TinyWalnutGames.TTG.TerrainGeneration.Tests.TerrainGenerationDataTests" classname="TinyWalnutGames.TTG.TerrainGeneration.Tests.TerrainGenerationDataTests" runstate="Runnable" testcasecount="13" result="Passed" start-time="2025-07-31 23:38:04Z" end-time="2025-07-31 23:38:04Z" duration="0.068942" total="13" passed="13" failed="0" inconclusive="0" skipped="0" asserts="0">
                <properties />
                <test-case id="1124" name="EntityComponentIntegration_AllComponents_CanBeAddedToEntity" fullname="TinyWalnutGames.TTG.TerrainGeneration.Tests.TerrainGenerationDataTests.EntityComponentIntegration_AllComponents_CanBeAddedToEntity" methodname="EntityComponentIntegration_AllComponents_CanBeAddedToEntity" classname="TinyWalnutGames.TTG.TerrainGeneration.Tests.TerrainGenerationDataTests" runstate="Runnable" seed="1278516121" result="Passed" start-time="2025-07-31 23:38:04Z" end-time="2025-07-31 23:38:04Z" duration="0.002550" asserts="0">
                  <properties>
                    <property name="retryIteration" value="0" />
                    <property name="repeatIteration" value="0" />
                  </properties>
                </test-case>
                <test-case id="1121" name="GeneratedTerrainMeshTag_IsValidComponent" fullname="TinyWalnutGames.TTG.TerrainGeneration.Tests.TerrainGenerationDataTests.GeneratedTerrainMeshTag_IsValidComponent" methodname="GeneratedTerrainMeshTag_IsValidComponent" classname="TinyWalnutGames.TTG.TerrainGeneration.Tests.TerrainGenerationDataTests" runstate="Runnable" seed="672931052" result="Passed" start-time="2025-07-31 23:38:04Z" end-time="2025-07-31 23:38:04Z" duration="0.001603" asserts="0">
                  <properties>
                    <property name="retryIteration" value="0" />
                    <property name="repeatIteration" value="0" />
                  </properties>
                </test-case>
                <test-case id="1123" name="GenerationPhase_EnumValues_AreCorrect" fullname="TinyWalnutGames.TTG.TerrainGeneration.Tests.TerrainGenerationDataTests.GenerationPhase_EnumValues_AreCorrect" methodname="GenerationPhase_EnumValues_AreCorrect" classname="TinyWalnutGames.TTG.TerrainGeneration.Tests.TerrainGenerationDataTests" runstate="Runnable" seed="435966536" result="Passed" start-time="2025-07-31 23:38:04Z" end-time="2025-07-31 23:38:04Z" duration="0.002390" asserts="0">
                  <properties>
                    <property name="retryIteration" value="0" />
                    <property name="repeatIteration" value="0" />
                  </properties>
                </test-case>
                <test-case id="1119" name="MeshDataComponent_BlobAssetCreation_WorksCorrectly" fullname="TinyWalnutGames.TTG.TerrainGeneration.Tests.TerrainGenerationDataTests.MeshDataComponent_BlobAssetCreation_WorksCorrectly" methodname="MeshDataComponent_BlobAssetCreation_WorksCorrectly" classname="TinyWalnutGames.TTG.TerrainGeneration.Tests.TerrainGenerationDataTests" runstate="Runnable" seed="866864799" result="Passed" start-time="2025-07-31 23:38:04Z" end-time="2025-07-31 23:38:04Z" duration="0.002270" asserts="0">
                  <properties>
                    <property name="retryIteration" value="0" />
                    <property name="repeatIteration" value="0" />
                  </properties>
                </test-case>
                <test-case id="1120" name="MeshGameObjectReference_InstanceID_IsValid" fullname="TinyWalnutGames.TTG.TerrainGeneration.Tests.TerrainGenerationDataTests.MeshGameObjectReference_InstanceID_IsValid" methodname="MeshGameObjectReference_InstanceID_IsValid" classname="TinyWalnutGames.TTG.TerrainGeneration.Tests.TerrainGenerationDataTests" runstate="Runnable" seed="1384670947" result="Passed" start-time="2025-07-31 23:38:04Z" end-time="2025-07-31 23:38:04Z" duration="0.001475" asserts="0">
                  <properties>
                    <property name="retryIteration" value="0" />
                    <property name="repeatIteration" value="0" />
                  </properties>
                </test-case>
                <test-case id="1115" name="TerraceConfigData_BlobAssetCreation_WorksCorrectly" fullname="TinyWalnutGames.TTG.TerrainGeneration.Tests.TerrainGenerationDataTests.TerraceConfigData_BlobAssetCreation_WorksCorrectly" methodname="TerraceConfigData_BlobAssetCreation_WorksCorrectly" classname="TinyWalnutGames.TTG.TerrainGeneration.Tests.TerrainGenerationDataTests" runstate="Runnable" seed="1682202514" result="Passed" start-time="2025-07-31 23:38:04Z" end-time="2025-07-31 23:38:04Z" duration="0.001734" asserts="0">
                  <properties>
                    <property name="retryIteration" value="0" />
                    <property name="repeatIteration" value="0" />
                  </properties>
                </test-case>
                <test-case id="1112" name="TerrainGenerationData_DefaultValues_AreValid" fullname="TinyWalnutGames.TTG.TerrainGeneration.Tests.TerrainGenerationDataTests.TerrainGenerationData_DefaultValues_AreValid" methodname="TerrainGenerationData_DefaultValues_AreValid" classname="TinyWalnutGames.TTG.TerrainGeneration.Tests.TerrainGenerationDataTests" runstate="Runnable" seed="1269641171" result="Passed" start-time="2025-07-31 23:38:04Z" end-time="2025-07-31 23:38:04Z" duration="0.001521" asserts="0">
                  <properties>
                    <property name="retryIteration" value="0" />
                    <property name="repeatIteration" value="0" />
                  </properties>
                </test-case>
                <test-case id="1113" name="TerrainGenerationData_PlanarConfiguration_IsValid" fullname="TinyWalnutGames.TTG.TerrainGeneration.Tests.TerrainGenerationDataTests.TerrainGenerationData_PlanarConfiguration_IsValid" methodname="TerrainGenerationData_PlanarConfiguration_IsValid" classname="TinyWalnutGames.TTG.TerrainGeneration.Tests.TerrainGenerationDataTests" runstate="Runnable" seed="858911353" result="Passed" start-time="2025-07-31 23:38:04Z" end-time="2025-07-31 23:38:04Z" duration="0.002004" asserts="0">
                  <properties>
                    <property name="retryIteration" value="0" />
                    <property name="repeatIteration" value="0" />
                  </properties>
                </test-case>
                <test-case id="1114" name="TerrainGenerationData_SphericalConfiguration_IsValid" fullname="TinyWalnutGames.TTG.TerrainGeneration.Tests.TerrainGenerationDataTests.TerrainGenerationData_SphericalConfiguration_IsValid" methodname="TerrainGenerationData_SphericalConfiguration_IsValid" classname="TinyWalnutGames.TTG.TerrainGeneration.Tests.TerrainGenerationDataTests" runstate="Runnable" seed="1845277594" result="Passed" start-time="2025-07-31 23:38:04Z" end-time="2025-07-31 23:38:04Z" duration="0.001777" asserts="0">
                  <properties>
                    <property name="retryIteration" value="0" />
                    <property name="repeatIteration" value="0" />
                  </properties>
                </test-case>
                <test-case id="1118" name="TerrainGenerationRequest_Configuration_IsValid" fullname="TinyWalnutGames.TTG.TerrainGeneration.Tests.TerrainGenerationDataTests.TerrainGenerationRequest_Configuration_IsValid" methodname="TerrainGenerationRequest_Configuration_IsValid" classname="TinyWalnutGames.TTG.TerrainGeneration.Tests.TerrainGenerationDataTests" runstate="Runnable" seed="175296988" result="Passed" start-time="2025-07-31 23:38:04Z" end-time="2025-07-31 23:38:04Z" duration="0.001301" asserts="0">
                  <properties>
                    <property name="retryIteration" value="0" />
                    <property name="repeatIteration" value="0" />
                  </properties>
                </test-case>
                <test-case id="1116" name="TerrainGenerationState_DefaultValues_AreCorrect" fullname="TinyWalnutGames.TTG.TerrainGeneration.Tests.TerrainGenerationDataTests.TerrainGenerationState_DefaultValues_AreCorrect" methodname="TerrainGenerationState_DefaultValues_AreCorrect" classname="TinyWalnutGames.TTG.TerrainGeneration.Tests.TerrainGenerationDataTests" runstate="Runnable" seed="1694985427" result="Passed" start-time="2025-07-31 23:38:04Z" end-time="2025-07-31 23:38:04Z" duration="0.002121" asserts="0">
                  <properties>
                    <property name="retryIteration" value="0" />
                    <property name="repeatIteration" value="0" />
                  </properties>
                </test-case>
                <test-case id="1117" name="TerrainGenerationState_PhaseProgression_WorksCorrectly" fullname="TinyWalnutGames.TTG.TerrainGeneration.Tests.TerrainGenerationDataTests.TerrainGenerationState_PhaseProgression_WorksCorrectly" methodname="TerrainGenerationState_PhaseProgression_WorksCorrectly" classname="TinyWalnutGames.TTG.TerrainGeneration.Tests.TerrainGenerationDataTests" runstate="Runnable" seed="738524345" result="Passed" start-time="2025-07-31 23:38:04Z" end-time="2025-07-31 23:38:04Z" duration="0.001992" asserts="0">
                  <properties>
                    <property name="retryIteration" value="0" />
                    <property name="repeatIteration" value="0" />
                  </properties>
                </test-case>
                <test-case id="1122" name="TerrainType_EnumValues_AreCorrect" fullname="TinyWalnutGames.TTG.TerrainGeneration.Tests.TerrainGenerationDataTests.TerrainType_EnumValues_AreCorrect" methodname="TerrainType_EnumValues_AreCorrect" classname="TinyWalnutGames.TTG.TerrainGeneration.Tests.TerrainGenerationDataTests" runstate="Runnable" seed="855106961" result="Passed" start-time="2025-07-31 23:38:04Z" end-time="2025-07-31 23:38:04Z" duration="0.001275" asserts="0">
                  <properties>
                    <property name="retryIteration" value="0" />
                    <property name="repeatIteration" value="0" />
                  </properties>
                </test-case>
              </test-suite>
              <test-suite type="TestFixture" id="1125" name="TerrainGenerationEdgeCaseTests" fullname="TinyWalnutGames.TTG.TerrainGeneration.Tests.TerrainGenerationEdgeCaseTests" classname="TinyWalnutGames.TTG.TerrainGeneration.Tests.TerrainGenerationEdgeCaseTests" runstate="Runnable" testcasecount="19" result="Passed" start-time="2025-07-31 23:38:04Z" end-time="2025-07-31 23:38:04Z" duration="0.206950" total="19" passed="19" failed="0" inconclusive="0" skipped="0" asserts="0">
                <properties />
                <output><![CDATA[RuntimeTerrainManager: Initializing terrain system for runtime build...
RuntimeTerrainManager: Using Unity SceneManager for additional scene loading...
Loading scene: TerrainGeneration
Using scene name: TerrainGeneration
Created scene loading request for tracking: TerrainGeneration
Found 2 existing terrain entities. Skipping default creation.
RuntimeTerrainManager: Initialization complete in 0.054s
Terrain entity count updated: 2
RuntimeEntityLoaderSystem: Processing scene loading requests for runtime build...
Processing scene loading request for: TerrainGeneration
Scene loading request processed for: TerrainGeneration
RuntimeEntityLoaderSystem: Scene loading request processing complete.
Terrain entity count updated: 2
]]></output>
                <test-case id="1142" name="EdgeCase_DuplicateTerraceHeights_HandledCorrectly" fullname="TinyWalnutGames.TTG.TerrainGeneration.Tests.TerrainGenerationEdgeCaseTests.EdgeCase_DuplicateTerraceHeights_HandledCorrectly" methodname="EdgeCase_DuplicateTerraceHeights_HandledCorrectly" classname="TinyWalnutGames.TTG.TerrainGeneration.Tests.TerrainGenerationEdgeCaseTests" runstate="Runnable" seed="701610434" result="Passed" start-time="2025-07-31 23:38:04Z" end-time="2025-07-31 23:38:04Z" duration="0.004753" asserts="0">
                  <properties>
                    <property name="retryIteration" value="0" />
                    <property name="repeatIteration" value="0" />
                  </properties>
                </test-case>
                <test-case id="1138" name="EdgeCase_EmptyTerraceHeights_HandledCorrectly" fullname="TinyWalnutGames.TTG.TerrainGeneration.Tests.TerrainGenerationEdgeCaseTests.EdgeCase_EmptyTerraceHeights_HandledCorrectly" methodname="EdgeCase_EmptyTerraceHeights_HandledCorrectly" classname="TinyWalnutGames.TTG.TerrainGeneration.Tests.TerrainGenerationEdgeCaseTests" runstate="Runnable" seed="394603269" result="Passed" start-time="2025-07-31 23:38:04Z" end-time="2025-07-31 23:38:04Z" duration="0.002565" asserts="0">
                  <properties>
                    <property name="retryIteration" value="0" />
                    <property name="repeatIteration" value="0" />
                  </properties>
                </test-case>
                <test-case id="1144" name="EdgeCase_EntityWithoutRequiredComponents_HandledGracefully" fullname="TinyWalnutGames.TTG.TerrainGeneration.Tests.TerrainGenerationEdgeCaseTests.EdgeCase_EntityWithoutRequiredComponents_HandledGracefully" methodname="EdgeCase_EntityWithoutRequiredComponents_HandledGracefully" classname="TinyWalnutGames.TTG.TerrainGeneration.Tests.TerrainGenerationEdgeCaseTests" runstate="Runnable" seed="1329358187" result="Passed" start-time="2025-07-31 23:38:04Z" end-time="2025-07-31 23:38:04Z" duration="0.002372" asserts="0">
                  <properties>
                    <property name="retryIteration" value="0" />
                    <property name="repeatIteration" value="0" />
                  </properties>
                </test-case>
                <test-case id="1135" name="EdgeCase_ExtremeNoiseParameters_HandledGracefully" fullname="TinyWalnutGames.TTG.TerrainGeneration.Tests.TerrainGenerationEdgeCaseTests.EdgeCase_ExtremeNoiseParameters_HandledGracefully" methodname="EdgeCase_ExtremeNoiseParameters_HandledGracefully" classname="TinyWalnutGames.TTG.TerrainGeneration.Tests.TerrainGenerationEdgeCaseTests" runstate="Runnable" seed="282969062" result="Passed" start-time="2025-07-31 23:38:04Z" end-time="2025-07-31 23:38:04Z" duration="0.002879" asserts="0">
                  <properties>
                    <property name="retryIteration" value="0" />
                    <property name="repeatIteration" value="0" />
                  </properties>
                </test-case>
                <test-case id="1133" name="EdgeCase_InvertedHeightRange_HandledGracefully" fullname="TinyWalnutGames.TTG.TerrainGeneration.Tests.TerrainGenerationEdgeCaseTests.EdgeCase_InvertedHeightRange_HandledGracefully" methodname="EdgeCase_InvertedHeightRange_HandledGracefully" classname="TinyWalnutGames.TTG.TerrainGeneration.Tests.TerrainGenerationEdgeCaseTests" runstate="Runnable" seed="2086527033" result="Passed" start-time="2025-07-31 23:38:04Z" end-time="2025-07-31 23:38:04Z" duration="0.004626" asserts="0">
                  <properties>
                    <property name="retryIteration" value="0" />
                    <property name="repeatIteration" value="0" />
                  </properties>
                </test-case>
                <test-case id="1137" name="EdgeCase_MaximumDepth_WorksCorrectly" fullname="TinyWalnutGames.TTG.TerrainGeneration.Tests.TerrainGenerationEdgeCaseTests.EdgeCase_MaximumDepth_WorksCorrectly" methodname="EdgeCase_MaximumDepth_WorksCorrectly" classname="TinyWalnutGames.TTG.TerrainGeneration.Tests.TerrainGenerationEdgeCaseTests" runstate="Runnable" seed="887806457" result="Passed" start-time="2025-07-31 23:38:04Z" end-time="2025-07-31 23:38:04Z" duration="0.003208" asserts="0">
                  <properties>
                    <property name="retryIteration" value="0" />
                    <property name="repeatIteration" value="0" />
                  </properties>
                </test-case>
                <test-case id="1127" name="EdgeCase_MaximumSides_Decagon_GeneratesCorrectly" fullname="TinyWalnutGames.TTG.TerrainGeneration.Tests.TerrainGenerationEdgeCaseTests.EdgeCase_MaximumSides_Decagon_GeneratesCorrectly" methodname="EdgeCase_MaximumSides_Decagon_GeneratesCorrectly" classname="TinyWalnutGames.TTG.TerrainGeneration.Tests.TerrainGenerationEdgeCaseTests" runstate="Runnable" seed="1537872908" result="Passed" start-time="2025-07-31 23:38:04Z" end-time="2025-07-31 23:38:04Z" duration="0.002675" asserts="0">
                  <properties>
                    <property name="retryIteration" value="0" />
                    <property name="repeatIteration" value="0" />
                  </properties>
                </test-case>
                <test-case id="1126" name="EdgeCase_MinimumSides_Triangle_GeneratesCorrectly" fullname="TinyWalnutGames.TTG.TerrainGeneration.Tests.TerrainGenerationEdgeCaseTests.EdgeCase_MinimumSides_Triangle_GeneratesCorrectly" methodname="EdgeCase_MinimumSides_Triangle_GeneratesCorrectly" classname="TinyWalnutGames.TTG.TerrainGeneration.Tests.TerrainGenerationEdgeCaseTests" runstate="Runnable" seed="890374116" result="Passed" start-time="2025-07-31 23:38:04Z" end-time="2025-07-31 23:38:04Z" duration="0.003311" asserts="0">
                  <properties>
                    <property name="retryIteration" value="0" />
                    <property name="repeatIteration" value="0" />
                  </properties>
                </test-case>
                <test-case id="1132" name="EdgeCase_NegativeHeights_HandledCorrectly" fullname="TinyWalnutGames.TTG.TerrainGeneration.Tests.TerrainGenerationEdgeCaseTests.EdgeCase_NegativeHeights_HandledCorrectly" methodname="EdgeCase_NegativeHeights_HandledCorrectly" classname="TinyWalnutGames.TTG.TerrainGeneration.Tests.TerrainGenerationEdgeCaseTests" runstate="Runnable" seed="6209487" result="Passed" start-time="2025-07-31 23:38:04Z" end-time="2025-07-31 23:38:04Z" duration="0.002805" asserts="0">
                  <properties>
                    <property name="retryIteration" value="0" />
                    <property name="repeatIteration" value="0" />
                  </properties>
                </test-case>
                <test-case id="1131" name="EdgeCase_NegativeRadius_HandledGracefully" fullname="TinyWalnutGames.TTG.TerrainGeneration.Tests.TerrainGenerationEdgeCaseTests.EdgeCase_NegativeRadius_HandledGracefully" methodname="EdgeCase_NegativeRadius_HandledGracefully" classname="TinyWalnutGames.TTG.TerrainGeneration.Tests.TerrainGenerationEdgeCaseTests" runstate="Runnable" seed="1293907383" result="Passed" start-time="2025-07-31 23:38:04Z" end-time="2025-07-31 23:38:04Z" duration="0.002572" asserts="0">
                  <properties>
                    <property name="retryIteration" value="0" />
                    <property name="repeatIteration" value="0" />
                  </properties>
                </test-case>
                <test-case id="1139" name="EdgeCase_SingleTerraceHeight_WorksCorrectly" fullname="TinyWalnutGames.TTG.TerrainGeneration.Tests.TerrainGenerationEdgeCaseTests.EdgeCase_SingleTerraceHeight_WorksCorrectly" methodname="EdgeCase_SingleTerraceHeight_WorksCorrectly" classname="TinyWalnutGames.TTG.TerrainGeneration.Tests.TerrainGenerationEdgeCaseTests" runstate="Runnable" seed="218005441" result="Passed" start-time="2025-07-31 23:38:04Z" end-time="2025-07-31 23:38:04Z" duration="0.003069" asserts="0">
                  <properties>
                    <property name="retryIteration" value="0" />
                    <property name="repeatIteration" value="0" />
                  </properties>
                </test-case>
                <test-case id="1141" name="EdgeCase_UnsortedTerraceHeights_HandledGracefully" fullname="TinyWalnutGames.TTG.TerrainGeneration.Tests.TerrainGenerationEdgeCaseTests.EdgeCase_UnsortedTerraceHeights_HandledGracefully" methodname="EdgeCase_UnsortedTerraceHeights_HandledGracefully" classname="TinyWalnutGames.TTG.TerrainGeneration.Tests.TerrainGenerationEdgeCaseTests" runstate="Runnable" seed="1442337538" result="Passed" start-time="2025-07-31 23:38:04Z" end-time="2025-07-31 23:38:04Z" duration="0.002362" asserts="0">
                  <properties>
                    <property name="retryIteration" value="0" />
                    <property name="repeatIteration" value="0" />
                  </properties>
                </test-case>
                <test-case id="1130" name="EdgeCase_VeryLargeRadius_GeneratesCorrectly" fullname="TinyWalnutGames.TTG.TerrainGeneration.Tests.TerrainGenerationEdgeCaseTests.EdgeCase_VeryLargeRadius_GeneratesCorrectly" methodname="EdgeCase_VeryLargeRadius_GeneratesCorrectly" classname="TinyWalnutGames.TTG.TerrainGeneration.Tests.TerrainGenerationEdgeCaseTests" runstate="Runnable" seed="1374733733" result="Passed" start-time="2025-07-31 23:38:04Z" end-time="2025-07-31 23:38:04Z" duration="0.002268" asserts="0">
                  <properties>
                    <property name="retryIteration" value="0" />
                    <property name="repeatIteration" value="0" />
                  </properties>
                </test-case>
                <test-case id="1140" name="EdgeCase_VeryLargeTerraceCount_HandledCorrectly" fullname="TinyWalnutGames.TTG.TerrainGeneration.Tests.TerrainGenerationEdgeCaseTests.EdgeCase_VeryLargeTerraceCount_HandledCorrectly" methodname="EdgeCase_VeryLargeTerraceCount_HandledCorrectly" classname="TinyWalnutGames.TTG.TerrainGeneration.Tests.TerrainGenerationEdgeCaseTests" runstate="Runnable" seed="828939514" result="Passed" start-time="2025-07-31 23:38:04Z" end-time="2025-07-31 23:38:04Z" duration="0.003219" asserts="0">
                  <properties>
                    <property name="retryIteration" value="0" />
                    <property name="repeatIteration" value="0" />
                  </properties>
                </test-case>
                <test-case id="1143" name="EdgeCase_VeryLargeTerraceHeights_HandledCorrectly" fullname="TinyWalnutGames.TTG.TerrainGeneration.Tests.TerrainGenerationEdgeCaseTests.EdgeCase_VeryLargeTerraceHeights_HandledCorrectly" methodname="EdgeCase_VeryLargeTerraceHeights_HandledCorrectly" classname="TinyWalnutGames.TTG.TerrainGeneration.Tests.TerrainGenerationEdgeCaseTests" runstate="Runnable" seed="953185" result="Passed" start-time="2025-07-31 23:38:04Z" end-time="2025-07-31 23:38:04Z" duration="0.002523" asserts="0">
                  <properties>
                    <property name="retryIteration" value="0" />
                    <property name="repeatIteration" value="0" />
                  </properties>
                </test-case>
                <test-case id="1129" name="EdgeCase_VerySmallRadius_GeneratesCorrectly" fullname="TinyWalnutGames.TTG.TerrainGeneration.Tests.TerrainGenerationEdgeCaseTests.EdgeCase_VerySmallRadius_GeneratesCorrectly" methodname="EdgeCase_VerySmallRadius_GeneratesCorrectly" classname="TinyWalnutGames.TTG.TerrainGeneration.Tests.TerrainGenerationEdgeCaseTests" runstate="Runnable" seed="895457216" result="Passed" start-time="2025-07-31 23:38:04Z" end-time="2025-07-31 23:38:04Z" duration="0.003245" asserts="0">
                  <properties>
                    <property name="retryIteration" value="0" />
                    <property name="repeatIteration" value="0" />
                  </properties>
                </test-case>
                <test-case id="1136" name="EdgeCase_ZeroDepth_HandledGracefully" fullname="TinyWalnutGames.TTG.TerrainGeneration.Tests.TerrainGenerationEdgeCaseTests.EdgeCase_ZeroDepth_HandledGracefully" methodname="EdgeCase_ZeroDepth_HandledGracefully" classname="TinyWalnutGames.TTG.TerrainGeneration.Tests.TerrainGenerationEdgeCaseTests" runstate="Runnable" seed="1067136535" result="Passed" start-time="2025-07-31 23:38:04Z" end-time="2025-07-31 23:38:04Z" duration="0.002796" asserts="0">
                  <properties>
                    <property name="retryIteration" value="0" />
                    <property name="repeatIteration" value="0" />
                  </properties>
                </test-case>
                <test-case id="1134" name="EdgeCase_ZeroHeightRange_HandledCorrectly" fullname="TinyWalnutGames.TTG.TerrainGeneration.Tests.TerrainGenerationEdgeCaseTests.EdgeCase_ZeroHeightRange_HandledCorrectly" methodname="EdgeCase_ZeroHeightRange_HandledCorrectly" classname="TinyWalnutGames.TTG.TerrainGeneration.Tests.TerrainGenerationEdgeCaseTests" runstate="Runnable" seed="831137611" result="Passed" start-time="2025-07-31 23:38:04Z" end-time="2025-07-31 23:38:04Z" duration="0.002287" asserts="0">
                  <properties>
                    <property name="retryIteration" value="0" />
                    <property name="repeatIteration" value="0" />
                  </properties>
                </test-case>
                <test-case id="1128" name="EdgeCase_ZeroRadius_HandledGracefully" fullname="TinyWalnutGames.TTG.TerrainGeneration.Tests.TerrainGenerationEdgeCaseTests.EdgeCase_ZeroRadius_HandledGracefully" methodname="EdgeCase_ZeroRadius_HandledGracefully" classname="TinyWalnutGames.TTG.TerrainGeneration.Tests.TerrainGenerationEdgeCaseTests" runstate="Runnable" seed="342193095" result="Passed" start-time="2025-07-31 23:38:04Z" end-time="2025-07-31 23:38:04Z" duration="0.003565" asserts="0">
                  <properties>
                    <property name="retryIteration" value="0" />
                    <property name="repeatIteration" value="0" />
                  </properties>
                </test-case>
              </test-suite>
              <test-suite type="TestFixture" id="1145" name="TerrainGenerationIntegrationTests" fullname="TinyWalnutGames.TTG.TerrainGeneration.Tests.TerrainGenerationIntegrationTests" classname="TinyWalnutGames.TTG.TerrainGeneration.Tests.TerrainGenerationIntegrationTests" runstate="Runnable" testcasecount="11" result="Passed" start-time="2025-07-31 23:38:04Z" end-time="2025-07-31 23:38:08Z" duration="4.119023" total="11" passed="11" failed="0" inconclusive="0" skipped="0" asserts="0">
                <properties />
                <output><![CDATA[Scene loading completed: TerrainGeneration
Terrain entity count updated: 2
InvalidOperationException: GetSingleton() requires that exactly one entity exists that matches this query, but there are 2.
Unity.Entities.EntityQueryImpl.GetSingletonChunkAndEntity (Unity.Entities.TypeIndex typeIndex, System.Int32& outIndexInArchetype, Unity.Entities.ChunkIndex& outChunk, System.Int32& outEntityIndexInChunk) (at ./Library/PackageCache/com.unity.entities@e581b903be8e/Unity.Entities/Iterators/EntityQuery.cs:1364)
Unity.Entities.EntityQueryImpl.GetSingletonEntity () (at ./Library/PackageCache/com.unity.entities@e581b903be8e/Unity.Entities/Iterators/EntityQuery.cs:1314)
Unity.Entities.EntityQuery.GetSingletonEntity () (at ./Library/PackageCache/com.unity.entities@e581b903be8e/Unity.Entities/Iterators/EntityQuery.cs:2727)
TinyWalnutGames.TTG.TerrainGeneration.TerrainGenerationController.Start () (at Assets/TinyWalnutGames.TTG/Runtime/ECS/Components/TerrainGenerationController.cs:31)

]]></output>
                <test-case id="1146" name="BasicFixture_CanCreateEntitiesAndSystems" fullname="TinyWalnutGames.TTG.TerrainGeneration.Tests.TerrainGenerationIntegrationTests.BasicFixture_CanCreateEntitiesAndSystems" methodname="BasicFixture_CanCreateEntitiesAndSystems" classname="TinyWalnutGames.TTG.TerrainGeneration.Tests.TerrainGenerationIntegrationTests" runstate="Runnable" seed="990962774" result="Passed" start-time="2025-07-31 23:38:04Z" end-time="2025-07-31 23:38:04Z" duration="0.001837" asserts="0">
                  <properties>
                    <property name="retryIteration" value="0" />
                    <property name="repeatIteration" value="0" />
                  </properties>
                </test-case>
                <test-case id="1155" name="ComponentQueries_WorkCorrectlyWithManyEntities" fullname="TinyWalnutGames.TTG.TerrainGeneration.Tests.TerrainGenerationIntegrationTests.ComponentQueries_WorkCorrectlyWithManyEntities" methodname="ComponentQueries_WorkCorrectlyWithManyEntities" classname="TinyWalnutGames.TTG.TerrainGeneration.Tests.TerrainGenerationIntegrationTests" runstate="Runnable" seed="2997201" result="Passed" start-time="2025-07-31 23:38:04Z" end-time="2025-07-31 23:38:04Z" duration="0.002733" asserts="0">
                  <properties>
                    <property name="retryIteration" value="0" />
                    <property name="repeatIteration" value="0" />
                  </properties>
                </test-case>
                <test-case id="1153" name="ErrorRecovery_EntityDestructionHandledGracefully" fullname="TinyWalnutGames.TTG.TerrainGeneration.Tests.TerrainGenerationIntegrationTests.ErrorRecovery_EntityDestructionHandledGracefully" methodname="ErrorRecovery_EntityDestructionHandledGracefully" classname="TinyWalnutGames.TTG.TerrainGeneration.Tests.TerrainGenerationIntegrationTests" runstate="Runnable" seed="1017050193" result="Passed" start-time="2025-07-31 23:38:04Z" end-time="2025-07-31 23:38:04Z" duration="0.002507" asserts="0">
                  <properties>
                    <property name="retryIteration" value="0" />
                    <property name="repeatIteration" value="0" />
                  </properties>
                </test-case>
                <test-case id="1149" name="JobCompletion_WorksCorrectly" fullname="TinyWalnutGames.TTG.TerrainGeneration.Tests.TerrainGenerationIntegrationTests.JobCompletion_WorksCorrectly" methodname="JobCompletion_WorksCorrectly" classname="TinyWalnutGames.TTG.TerrainGeneration.Tests.TerrainGenerationIntegrationTests" runstate="Runnable" seed="933719495" result="Passed" start-time="2025-07-31 23:38:04Z" end-time="2025-07-31 23:38:04Z" duration="0.001596" asserts="0">
                  <properties>
                    <property name="retryIteration" value="0" />
                    <property name="repeatIteration" value="0" />
                  </properties>
                </test-case>
                <test-case id="1154" name="LargeScaleIntegration_ManyEntitiesProcessCorrectly" fullname="TinyWalnutGames.TTG.TerrainGeneration.Tests.TerrainGenerationIntegrationTests.LargeScaleIntegration_ManyEntitiesProcessCorrectly" methodname="LargeScaleIntegration_ManyEntitiesProcessCorrectly" classname="TinyWalnutGames.TTG.TerrainGeneration.Tests.TerrainGenerationIntegrationTests" runstate="Runnable" seed="146576191" result="Passed" start-time="2025-07-31 23:38:04Z" end-time="2025-07-31 23:38:04Z" duration="0.002537" asserts="0">
                  <properties>
                    <property name="retryIteration" value="0" />
                    <property name="repeatIteration" value="0" />
                  </properties>
                </test-case>
                <test-case id="1148" name="MultipleEntities_CanBeCreatedAndManaged" fullname="TinyWalnutGames.TTG.TerrainGeneration.Tests.TerrainGenerationIntegrationTests.MultipleEntities_CanBeCreatedAndManaged" methodname="MultipleEntities_CanBeCreatedAndManaged" classname="TinyWalnutGames.TTG.TerrainGeneration.Tests.TerrainGenerationIntegrationTests" runstate="Runnable" seed="1734503245" result="Passed" start-time="2025-07-31 23:38:04Z" end-time="2025-07-31 23:38:04Z" duration="0.002065" asserts="0">
                  <properties>
                    <property name="retryIteration" value="0" />
                    <property name="repeatIteration" value="0" />
                  </properties>
                </test-case>
                <test-case id="1151" name="MultiTerrainWorkflow_EntitiesProcessIndependently" fullname="TinyWalnutGames.TTG.TerrainGeneration.Tests.TerrainGenerationIntegrationTests.MultiTerrainWorkflow_EntitiesProcessIndependently" methodname="MultiTerrainWorkflow_EntitiesProcessIndependently" classname="TinyWalnutGames.TTG.TerrainGeneration.Tests.TerrainGenerationIntegrationTests" runstate="Runnable" seed="26237829" result="Passed" start-time="2025-07-31 23:38:04Z" end-time="2025-07-31 23:38:04Z" duration="0.002140" asserts="0">
                  <properties>
                    <property name="retryIteration" value="0" />
                    <property name="repeatIteration" value="0" />
                  </properties>
                </test-case>
                <test-case id="1156" name="SystemStress_HandlesManyUpdates" fullname="TinyWalnutGames.TTG.TerrainGeneration.Tests.TerrainGenerationIntegrationTests.SystemStress_HandlesManyUpdates" methodname="SystemStress_HandlesManyUpdates" classname="TinyWalnutGames.TTG.TerrainGeneration.Tests.TerrainGenerationIntegrationTests" runstate="Runnable" seed="268442324" result="Passed" start-time="2025-07-31 23:38:04Z" end-time="2025-07-31 23:38:04Z" duration="0.001978" asserts="0">
                  <properties>
                    <property name="retryIteration" value="0" />
                    <property name="repeatIteration" value="0" />
                  </properties>
                </test-case>
                <test-case id="1150" name="TerrainEntityLifecycle_CompleteWorkflow" fullname="TinyWalnutGames.TTG.TerrainGeneration.Tests.TerrainGenerationIntegrationTests.TerrainEntityLifecycle_CompleteWorkflow" methodname="TerrainEntityLifecycle_CompleteWorkflow" classname="TinyWalnutGames.TTG.TerrainGeneration.Tests.TerrainGenerationIntegrationTests" runstate="Runnable" seed="511388773" result="Passed" start-time="2025-07-31 23:38:04Z" end-time="2025-07-31 23:38:04Z" duration="0.001715" asserts="0">
                  <properties>
                    <property name="retryIteration" value="0" />
                    <property name="repeatIteration" value="0" />
                  </properties>
                </test-case>
                <test-case id="1152" name="TerrainGeneration_FrameByFrameProcessing" fullname="TinyWalnutGames.TTG.TerrainGeneration.Tests.TerrainGenerationIntegrationTests.TerrainGeneration_FrameByFrameProcessing" methodname="TerrainGeneration_FrameByFrameProcessing" classname="TinyWalnutGames.TTG.TerrainGeneration.Tests.TerrainGenerationIntegrationTests" runstate="Runnable" seed="600866371" result="Passed" start-time="2025-07-31 23:38:04Z" end-time="2025-07-31 23:38:08Z" duration="3.961360" asserts="0">
                  <properties>
                    <property name="_JOINTYPE" value="UnityCombinatorial" />
                    <property name="retryIteration" value="0" />
                    <property name="repeatIteration" value="0" />
                  </properties>
                </test-case>
                <test-case id="1147" name="TerrainGenerationWorkflow_CanCompleteBasicSteps" fullname="TinyWalnutGames.TTG.TerrainGeneration.Tests.TerrainGenerationIntegrationTests.TerrainGenerationWorkflow_CanCompleteBasicSteps" methodname="TerrainGenerationWorkflow_CanCompleteBasicSteps" classname="TinyWalnutGames.TTG.TerrainGeneration.Tests.TerrainGenerationIntegrationTests" runstate="Runnable" seed="1979418296" result="Passed" start-time="2025-07-31 23:38:08Z" end-time="2025-07-31 23:38:08Z" duration="0.001799" asserts="0">
                  <properties>
                    <property name="retryIteration" value="0" />
                    <property name="repeatIteration" value="0" />
                  </properties>
                </test-case>
              </test-suite>
              <test-suite type="TestFixture" id="1157" name="TerrainGenerationPerformanceTests" fullname="TinyWalnutGames.TTG.TerrainGeneration.Tests.TerrainGenerationPerformanceTests" classname="TinyWalnutGames.TTG.TerrainGeneration.Tests.TerrainGenerationPerformanceTests" runstate="Runnable" testcasecount="12" result="Failed" site="Child" start-time="2025-07-31 23:38:08Z" end-time="2025-07-31 23:38:13Z" duration="5.404530" total="12" passed="7" failed="5" inconclusive="0" skipped="0" asserts="0">
                <properties />
                <failure>
                  <message><![CDATA[One or more child tests had errors]]></message>
                </failure>
                <output><![CDATA[Terrain generation completed for entity Entity(84:45). Created mesh entity Entity(96:13) with GameObject 'GeneratedTerrain_84' containing 11 vertices and 67 triangles.
ENABLEABLE SOLUTION: Disabled MeshDataComponent for entity 84:45 - component preserved for tests but marked as processed
Terrain generation completed for entity Entity(95:31). Created mesh entity Entity(122:11) with GameObject 'GeneratedTerrain_95' containing 8089 vertices and 12144 triangles.
ENABLEABLE SOLUTION: Disabled MeshDataComponent for entity 95:31 - component preserved for tests but marked as processed
ULTRA-CLEANUP: Disposed terrace config for completed/errored entity Entity(84:45)
ULTRA-CLEANUP: Disposed terrace config for completed/errored entity Entity(95:31)
ULTRA-CLEANUP: Disposed material data for completed/errored entity Entity(95:31)
Terrain entity count updated: 2
]]></output>
                <test-case id="1168" name="EdgeCase_EmptyTerraceHeights_HandledCorrectly" fullname="TinyWalnutGames.TTG.TerrainGeneration.Tests.TerrainGenerationPerformanceTests.EdgeCase_EmptyTerraceHeights_HandledCorrectly" methodname="EdgeCase_EmptyTerraceHeights_HandledCorrectly" classname="TinyWalnutGames.TTG.TerrainGeneration.Tests.TerrainGenerationPerformanceTests" runstate="Runnable" seed="298269911" result="Passed" start-time="2025-07-31 23:38:08Z" end-time="2025-07-31 23:38:08Z" duration="0.035717" asserts="0">
                  <properties>
                    <property name="retryIteration" value="0" />
                    <property name="repeatIteration" value="0" />
                  </properties>
                  <output><![CDATA[MeshCreationSystem: Created URP Lit default material for terrain rendering.
Terrain generation completed for entity Entity(125:11). Created mesh entity Entity(126:11) with GameObject 'GeneratedTerrain_125' containing 6 vertices and 4 triangles.
ENABLEABLE SOLUTION: Disabled MeshDataComponent for entity 125:11 - component preserved for tests but marked as processed
]]></output>
                </test-case>
                <test-case id="1167" name="EdgeCase_ExtremeNoise_Parameters_WorkCorrectly" fullname="TinyWalnutGames.TTG.TerrainGeneration.Tests.TerrainGenerationPerformanceTests.EdgeCase_ExtremeNoise_Parameters_WorkCorrectly" methodname="EdgeCase_ExtremeNoise_Parameters_WorkCorrectly" classname="TinyWalnutGames.TTG.TerrainGeneration.Tests.TerrainGenerationPerformanceTests" runstate="Runnable" seed="283256449" result="Passed" start-time="2025-07-31 23:38:08Z" end-time="2025-07-31 23:38:08Z" duration="0.035215" asserts="0">
                  <properties>
                    <property name="retryIteration" value="0" />
                    <property name="repeatIteration" value="0" />
                  </properties>
                  <output><![CDATA[MeshCreationSystem: Created URP Lit default material for terrain rendering.
Terrain generation completed for entity Entity(125:13). Created mesh entity Entity(126:13) with GameObject 'GeneratedTerrain_125' containing 6 vertices and 4 triangles.
ENABLEABLE SOLUTION: Disabled MeshDataComponent for entity 125:13 - component preserved for tests but marked as processed
]]></output>
                </test-case>
                <test-case id="1164" name="EdgeCase_MaximumSides_WorksCorrectly" fullname="TinyWalnutGames.TTG.TerrainGeneration.Tests.TerrainGenerationPerformanceTests.EdgeCase_MaximumSides_WorksCorrectly" methodname="EdgeCase_MaximumSides_WorksCorrectly" classname="TinyWalnutGames.TTG.TerrainGeneration.Tests.TerrainGenerationPerformanceTests" runstate="Runnable" seed="249675362" result="Passed" start-time="2025-07-31 23:38:08Z" end-time="2025-07-31 23:38:08Z" duration="0.035931" asserts="0">
                  <properties>
                    <property name="retryIteration" value="0" />
                    <property name="repeatIteration" value="0" />
                  </properties>
                  <output><![CDATA[MeshCreationSystem: Created URP Lit default material for terrain rendering.
Terrain generation completed for entity Entity(125:15). Created mesh entity Entity(126:15) with GameObject 'GeneratedTerrain_125' containing 10 vertices and 8 triangles.
ENABLEABLE SOLUTION: Disabled MeshDataComponent for entity 125:15 - component preserved for tests but marked as processed
]]></output>
                </test-case>
                <test-case id="1163" name="EdgeCase_MinimumSides_WorksCorrectly" fullname="TinyWalnutGames.TTG.TerrainGeneration.Tests.TerrainGenerationPerformanceTests.EdgeCase_MinimumSides_WorksCorrectly" methodname="EdgeCase_MinimumSides_WorksCorrectly" classname="TinyWalnutGames.TTG.TerrainGeneration.Tests.TerrainGenerationPerformanceTests" runstate="Runnable" seed="1883557589" result="Passed" start-time="2025-07-31 23:38:08Z" end-time="2025-07-31 23:38:08Z" duration="0.037782" asserts="0">
                  <properties>
                    <property name="retryIteration" value="0" />
                    <property name="repeatIteration" value="0" />
                  </properties>
                  <output><![CDATA[MeshCreationSystem: Created URP Lit default material for terrain rendering.
Terrain generation completed for entity Entity(125:17). Created mesh entity Entity(126:17) with GameObject 'GeneratedTerrain_125' containing 3 vertices and 1 triangles.
ENABLEABLE SOLUTION: Disabled MeshDataComponent for entity 125:17 - component preserved for tests but marked as processed
]]></output>
                </test-case>
                <test-case id="1166" name="EdgeCase_NegativeHeight_HandledCorrectly" fullname="TinyWalnutGames.TTG.TerrainGeneration.Tests.TerrainGenerationPerformanceTests.EdgeCase_NegativeHeight_HandledCorrectly" methodname="EdgeCase_NegativeHeight_HandledCorrectly" classname="TinyWalnutGames.TTG.TerrainGeneration.Tests.TerrainGenerationPerformanceTests" runstate="Runnable" seed="401102911" result="Passed" start-time="2025-07-31 23:38:08Z" end-time="2025-07-31 23:38:08Z" duration="0.047710" asserts="0">
                  <properties>
                    <property name="retryIteration" value="0" />
                    <property name="repeatIteration" value="0" />
                  </properties>
                  <output><![CDATA[MeshCreationSystem: Created URP Lit default material for terrain rendering.
Terrain generation completed for entity Entity(125:19). Created mesh entity Entity(126:19) with GameObject 'GeneratedTerrain_125' containing 162 vertices and 320 triangles.
ENABLEABLE SOLUTION: Disabled MeshDataComponent for entity 125:19 - component preserved for tests but marked as processed
]]></output>
                </test-case>
                <test-case id="1165" name="EdgeCase_ZeroRadius_HandledGracefully" fullname="TinyWalnutGames.TTG.TerrainGeneration.Tests.TerrainGenerationPerformanceTests.EdgeCase_ZeroRadius_HandledGracefully" methodname="EdgeCase_ZeroRadius_HandledGracefully" classname="TinyWalnutGames.TTG.TerrainGeneration.Tests.TerrainGenerationPerformanceTests" runstate="Runnable" seed="1154095208" result="Passed" start-time="2025-07-31 23:38:08Z" end-time="2025-07-31 23:38:08Z" duration="0.202740" asserts="0">
                  <properties>
                    <property name="retryIteration" value="0" />
                    <property name="repeatIteration" value="0" />
                  </properties>
                  <output><![CDATA[MeshCreationSystem: Created URP Lit default material for terrain rendering.
Terrain generation completed for entity Entity(125:21). Created mesh entity Entity(126:21) with GameObject 'GeneratedTerrain_125' containing 6 vertices and 4 triangles.
ENABLEABLE SOLUTION: Disabled MeshDataComponent for entity 125:21 - component preserved for tests but marked as processed
]]></output>
                </test-case>
                <test-case id="1162" name="Performance_LargeTerrainGeneration_CompletesSuccessfully" fullname="TinyWalnutGames.TTG.TerrainGeneration.Tests.TerrainGenerationPerformanceTests.Performance_LargeTerrainGeneration_CompletesSuccessfully" methodname="Performance_LargeTerrainGeneration_CompletesSuccessfully" classname="TinyWalnutGames.TTG.TerrainGeneration.Tests.TerrainGenerationPerformanceTests" runstate="Runnable" seed="2103138310" result="Failed" start-time="2025-07-31 23:38:08Z" end-time="2025-07-31 23:38:10Z" duration="1.770003" asserts="0">
                  <properties>
                    <property name="retryIteration" value="0" />
                    <property name="repeatIteration" value="0" />
                  </properties>
                  <failure>
                    <message><![CDATA[Unhandled log message: '[Exception] IndexOutOfRangeException: Index 8 is out of restricted IJobParallelFor range [0...7] in ReadWriteBuffer.
ReadWriteBuffers are restricted to only read & write the element at the job index. You can use double buffering strategies to avoid race conditions due to reading & writing in parallel to the same elements from a job.'. Use UnityEngine.TestTools.LogAssert.Expect]]></message>
                    <stack-trace><![CDATA[Unity.Collections.NativeArray`1[T].FailOutOfRangeError (System.Int32 index) (at <318e2b825f864e1f9076755f968808cd>:0)
TinyWalnutGames.TTG.TerrainGeneration.TerrainGenerationSystem+PlanarSubdivisionJob.Execute (System.Int32 t) (at Assets/TinyWalnutGames.TTG/Runtime/ECS/Systems/TerrainGenerationSystem.cs:446)
Unity.Jobs.IJobParallelForExtensions+ParallelForJobStruct`1[T].Execute (T& jobData, System.IntPtr additionalPtr, System.IntPtr bufferRangePatchData, Unity.Jobs.LowLevel.Unsafe.JobRanges& ranges, System.Int32 jobIndex) (at <318e2b825f864e1f9076755f968808cd>:0)
Unity.Jobs.JobHandle:ScheduleBatchedJobsAndComplete(JobHandle&)
Unity.Jobs.JobHandle:Complete()
TinyWalnutGames.TTG.TerrainGeneration.TerrainGenerationSystem:ApplyCorrectMeshFragmentation(MeshDataComponent, UInt16, TerrainType) (at Assets/TinyWalnutGames.TTG/Runtime/ECS/Systems/TerrainGenerationSystem.cs:507)
TinyWalnutGames.TTG.TerrainGeneration.TerrainGenerationSystem_343109AF_LambdaJob_2_Job:OriginalLambdaBody(Entity, TerrainGenerationState&, TerrainGenerationData&, MeshDataComponent&) (at Assets/TinyWalnutGames.TTG/Runtime/ECS/Systems/TerrainGenerationSystem.cs:105)
TinyWalnutGames.TTG.TerrainGeneration.TerrainGenerationSystem_343109AF_LambdaJob_2_Job:Execute(ArchetypeChunk&, Int32, Boolean, v128&) (at SystemGenerator/Unity.Entities.SourceGen.SystemGenerator.SystemGenerator/Temp/GeneratedCode/TinyWalnutGames.TTG.TerrainGeneration/TerrainGenerationSystem__System_5115306810.g.cs:406)
TinyWalnutGames.TTG.TerrainGeneration.TerrainGenerationSystem_343109AF_LambdaJob_2_Job:Unity.Entities.IJobChunk.Execute(ArchetypeChunk&, Int32, Boolean, v128&)
Unity.Entities.JobChunkExtensions:RunByRefWithoutJobs(TerrainGenerationSystem_343109AF_LambdaJob_2_Job&, EntityQuery) (at ./Library/PackageCache/com.unity.entities@e581b903be8e/Unity.Entities/IJobChunk.cs:256)
Unity.Entities.Internal.JobChunkInterface:RunWithoutJobsInternal(TerrainGenerationSystem_343109AF_LambdaJob_2_Job&, EntityQuery&) (at ./Library/PackageCache/com.unity.entities@e581b903be8e/Unity.Entities/Internal/InternalCompilerInterface.cs:483)
TinyWalnutGames.TTG.TerrainGeneration.TerrainGenerationSystem_343109AF_LambdaJob_2_Job:RunWithoutJobSystem(EntityQuery&, IntPtr) (at SystemGenerator/Unity.Entities.SourceGen.SystemGenerator.SystemGenerator/Temp/GeneratedCode/TinyWalnutGames.TTG.TerrainGeneration/TerrainGenerationSystem__System_5115306810.g.cs:455)
TinyWalnutGames.TTG.TerrainGeneration.TerrainGenerationSystem:TerrainGenerationSystem_343109AF_LambdaJob_2_Execute(Boolean&, EntityCommandBuffer&) (at SystemGenerator/Unity.Entities.SourceGen.SystemGenerator.SystemGenerator/Temp/GeneratedCode/TinyWalnutGames.TTG.TerrainGeneration/TerrainGenerationSystem__System_5115306810.g.cs:484)
TinyWalnutGames.TTG.TerrainGeneration.TerrainGenerationSystem:ProcessFragmentation() (at Assets/TinyWalnutGames.TTG/Runtime/ECS/Systems/TerrainGenerationSystem.cs:97)
TinyWalnutGames.TTG.TerrainGeneration.TerrainGenerationSystem:OnUpdate() (at Assets/TinyWalnutGames.TTG/Runtime/ECS/Systems/TerrainGenerationSystem.cs:191)
Unity.Entities.SystemBase:Update() (at ./Library/PackageCache/com.unity.entities@e581b903be8e/Unity.Entities/SystemBase.cs:418)
TinyWalnutGames.TTG.TerrainGeneration.Tests.TerrainGenerationPerformanceTests:RunCompleteWorkflow(Entity) (at Assets/TinyWalnutGames.TTG/Tests/TerrainGenerationPerformanceTests.cs:491)
TinyWalnutGames.TTG.TerrainGeneration.Tests.TerrainGenerationPerformanceTests:Performance_LargeTerrainGeneration_CompletesSuccessfully() (at Assets/TinyWalnutGames.TTG/Tests/TerrainGenerationPerformanceTests.cs:157)
System.Reflection.MethodBase:Invoke(Object, Object[])
NUnit.Framework.Internal.Reflect:InvokeMethod(MethodInfo, Object, Object[])
NUnit.Framework.Internal.MethodWrapper:Invoke(Object, Object[])
NUnit.Framework.Internal.Commands.TestMethodCommand:RunNonAsyncTestMethod(ITestExecutionContext)
NUnit.Framework.Internal.Commands.TestMethodCommand:RunTestMethod(ITestExecutionContext)
NUnit.Framework.Internal.Commands.TestMethodCommand:Execute(ITestExecutionContext)
UnityEngine.SetupCoroutine:InvokeMoveNext(IEnumerator, IntPtr)

]]></stack-trace>
                  </failure>
                  <output><![CDATA[MeshCreationSystem: Created URP Lit default material for terrain rendering.
Terrain generation completed for entity Entity(125:23). Created mesh entity Entity(126:23) with GameObject 'GeneratedTerrain_125' containing 22 vertices and 8192 triangles.
ENABLEABLE SOLUTION: Disabled MeshDataComponent for entity 125:23 - component preserved for tests but marked as processed
]]></output>
                </test-case>
                <test-case id="1161" name="Performance_MemoryAllocation_WithinReasonableLimits" fullname="TinyWalnutGames.TTG.TerrainGeneration.Tests.TerrainGenerationPerformanceTests.Performance_MemoryAllocation_WithinReasonableLimits" methodname="Performance_MemoryAllocation_WithinReasonableLimits" classname="TinyWalnutGames.TTG.TerrainGeneration.Tests.TerrainGenerationPerformanceTests" runstate="Runnable" seed="590096481" result="Failed" start-time="2025-07-31 23:38:10Z" end-time="2025-07-31 23:38:13Z" duration="2.500570" asserts="0">
                  <properties>
                    <property name="retryIteration" value="0" />
                    <property name="repeatIteration" value="0" />
                  </properties>
                  <failure>
                    <message><![CDATA[Unhandled log message: '[Exception] IndexOutOfRangeException: Index 4 is out of restricted IJobParallelFor range [0...3] in ReadWriteBuffer.
ReadWriteBuffers are restricted to only read & write the element at the job index. You can use double buffering strategies to avoid race conditions due to reading & writing in parallel to the same elements from a job.'. Use UnityEngine.TestTools.LogAssert.Expect]]></message>
                    <stack-trace><![CDATA[Unity.Collections.NativeArray`1[T].FailOutOfRangeError (System.Int32 index) (at <318e2b825f864e1f9076755f968808cd>:0)
TinyWalnutGames.TTG.TerrainGeneration.TerrainGenerationSystem+PlanarSubdivisionJob.Execute (System.Int32 t) (at Assets/TinyWalnutGames.TTG/Runtime/ECS/Systems/TerrainGenerationSystem.cs:438)
Unity.Jobs.IJobParallelForExtensions+ParallelForJobStruct`1[T].Execute (T& jobData, System.IntPtr additionalPtr, System.IntPtr bufferRangePatchData, Unity.Jobs.LowLevel.Unsafe.JobRanges& ranges, System.Int32 jobIndex) (at <318e2b825f864e1f9076755f968808cd>:0)
Unity.Jobs.JobHandle:ScheduleBatchedJobsAndComplete(JobHandle&)
Unity.Jobs.JobHandle:Complete()
TinyWalnutGames.TTG.TerrainGeneration.TerrainGenerationSystem:ApplyCorrectMeshFragmentation(MeshDataComponent, UInt16, TerrainType) (at Assets/TinyWalnutGames.TTG/Runtime/ECS/Systems/TerrainGenerationSystem.cs:507)
TinyWalnutGames.TTG.TerrainGeneration.TerrainGenerationSystem_343109AF_LambdaJob_2_Job:OriginalLambdaBody(Entity, TerrainGenerationState&, TerrainGenerationData&, MeshDataComponent&) (at Assets/TinyWalnutGames.TTG/Runtime/ECS/Systems/TerrainGenerationSystem.cs:105)
TinyWalnutGames.TTG.TerrainGeneration.TerrainGenerationSystem_343109AF_LambdaJob_2_Job:Execute(ArchetypeChunk&, Int32, Boolean, v128&) (at SystemGenerator/Unity.Entities.SourceGen.SystemGenerator.SystemGenerator/Temp/GeneratedCode/TinyWalnutGames.TTG.TerrainGeneration/TerrainGenerationSystem__System_5115306810.g.cs:406)
TinyWalnutGames.TTG.TerrainGeneration.TerrainGenerationSystem_343109AF_LambdaJob_2_Job:Unity.Entities.IJobChunk.Execute(ArchetypeChunk&, Int32, Boolean, v128&)
Unity.Entities.JobChunkExtensions:RunByRefWithoutJobs(TerrainGenerationSystem_343109AF_LambdaJob_2_Job&, EntityQuery) (at ./Library/PackageCache/com.unity.entities@e581b903be8e/Unity.Entities/IJobChunk.cs:256)
Unity.Entities.Internal.JobChunkInterface:RunWithoutJobsInternal(TerrainGenerationSystem_343109AF_LambdaJob_2_Job&, EntityQuery&) (at ./Library/PackageCache/com.unity.entities@e581b903be8e/Unity.Entities/Internal/InternalCompilerInterface.cs:483)
TinyWalnutGames.TTG.TerrainGeneration.TerrainGenerationSystem_343109AF_LambdaJob_2_Job:RunWithoutJobSystem(EntityQuery&, IntPtr) (at SystemGenerator/Unity.Entities.SourceGen.SystemGenerator.SystemGenerator/Temp/GeneratedCode/TinyWalnutGames.TTG.TerrainGeneration/TerrainGenerationSystem__System_5115306810.g.cs:455)
TinyWalnutGames.TTG.TerrainGeneration.TerrainGenerationSystem:TerrainGenerationSystem_343109AF_LambdaJob_2_Execute(Boolean&, EntityCommandBuffer&) (at SystemGenerator/Unity.Entities.SourceGen.SystemGenerator.SystemGenerator/Temp/GeneratedCode/TinyWalnutGames.TTG.TerrainGeneration/TerrainGenerationSystem__System_5115306810.g.cs:484)
TinyWalnutGames.TTG.TerrainGeneration.TerrainGenerationSystem:ProcessFragmentation() (at Assets/TinyWalnutGames.TTG/Runtime/ECS/Systems/TerrainGenerationSystem.cs:97)
TinyWalnutGames.TTG.TerrainGeneration.TerrainGenerationSystem:OnUpdate() (at Assets/TinyWalnutGames.TTG/Runtime/ECS/Systems/TerrainGenerationSystem.cs:191)
Unity.Entities.SystemBase:Update() (at ./Library/PackageCache/com.unity.entities@e581b903be8e/Unity.Entities/SystemBase.cs:418)
TinyWalnutGames.TTG.TerrainGeneration.Tests.TerrainGenerationPerformanceTests:RunCompleteWorkflowBatch(Entity[]) (at Assets/TinyWalnutGames.TTG/Tests/TerrainGenerationPerformanceTests.cs:514)
TinyWalnutGames.TTG.TerrainGeneration.Tests.TerrainGenerationPerformanceTests:Performance_MemoryAllocation_WithinReasonableLimits() (at Assets/TinyWalnutGames.TTG/Tests/TerrainGenerationPerformanceTests.cs:103)
System.Reflection.MethodBase:Invoke(Object, Object[])
NUnit.Framework.Internal.Reflect:InvokeMethod(MethodInfo, Object, Object[])
NUnit.Framework.Internal.MethodWrapper:Invoke(Object, Object[])
NUnit.Framework.Internal.Commands.TestMethodCommand:RunNonAsyncTestMethod(ITestExecutionContext)
NUnit.Framework.Internal.Commands.TestMethodCommand:RunTestMethod(ITestExecutionContext)
NUnit.Framework.Internal.Commands.TestMethodCommand:Execute(ITestExecutionContext)
UnityEngine.SetupCoroutine:InvokeMoveNext(IEnumerator, IntPtr)

]]></stack-trace>
                  </failure>
                  <output><![CDATA[MeshCreationSystem: Created URP Lit default material for terrain rendering.
Terrain generation completed for entity Entity(125:25). Created mesh entity Entity(145:9) with GameObject 'GeneratedTerrain_125' containing 6 vertices and 64 triangles.
ENABLEABLE SOLUTION: Disabled MeshDataComponent for entity 125:25 - component preserved for tests but marked as processed
Terrain generation completed for entity Entity(126:25). Created mesh entity Entity(146:7) with GameObject 'GeneratedTerrain_126' containing 6 vertices and 64 triangles.
ENABLEABLE SOLUTION: Disabled MeshDataComponent for entity 126:25 - component preserved for tests but marked as processed
Terrain generation completed for entity Entity(127:11). Created mesh entity Entity(147:7) with GameObject 'GeneratedTerrain_127' containing 6 vertices and 64 triangles.
ENABLEABLE SOLUTION: Disabled MeshDataComponent for entity 127:11 - component preserved for tests but marked as processed
Terrain generation completed for entity Entity(128:11). Created mesh entity Entity(148:7) with GameObject 'GeneratedTerrain_128' containing 6 vertices and 64 triangles.
ENABLEABLE SOLUTION: Disabled MeshDataComponent for entity 128:11 - component preserved for tests but marked as processed
Terrain generation completed for entity Entity(129:11). Created mesh entity Entity(149:7) with GameObject 'GeneratedTerrain_129' containing 6 vertices and 64 triangles.
ENABLEABLE SOLUTION: Disabled MeshDataComponent for entity 129:11 - component preserved for tests but marked as processed
Terrain generation completed for entity Entity(130:11). Created mesh entity Entity(150:7) with GameObject 'GeneratedTerrain_130' containing 6 vertices and 64 triangles.
ENABLEABLE SOLUTION: Disabled MeshDataComponent for entity 130:11 - component preserved for tests but marked as processed
Terrain generation completed for entity Entity(131:11). Created mesh entity Entity(151:7) with GameObject 'GeneratedTerrain_131' containing 6 vertices and 64 triangles.
ENABLEABLE SOLUTION: Disabled MeshDataComponent for entity 131:11 - component preserved for tests but marked as processed
Terrain generation completed for entity Entity(132:11). Created mesh entity Entity(152:7) with GameObject 'GeneratedTerrain_132' containing 6 vertices and 64 triangles.
ENABLEABLE SOLUTION: Disabled MeshDataComponent for entity 132:11 - component preserved for tests but marked as processed
Terrain generation completed for entity Entity(133:11). Created mesh entity Entity(153:7) with GameObject 'GeneratedTerrain_133' containing 6 vertices and 64 triangles.
ENABLEABLE SOLUTION: Disabled MeshDataComponent for entity 133:11 - component preserved for tests but marked as processed
Terrain generation completed for entity Entity(134:11). Created mesh entity Entity(154:7) with GameObject 'GeneratedTerrain_134' containing 6 vertices and 64 triangles.
ENABLEABLE SOLUTION: Disabled MeshDataComponent for entity 134:11 - component preserved for tests but marked as processed
Terrain generation completed for entity Entity(135:11). Created mesh entity Entity(155:7) with GameObject 'GeneratedTerrain_135' containing 6 vertices and 64 triangles.
ENABLEABLE SOLUTION: Disabled MeshDataComponent for entity 135:11 - component preserved for tests but marked as processed
Terrain generation completed for entity Entity(136:11). Created mesh entity Entity(156:7) with GameObject 'GeneratedTerrain_136' containing 6 vertices and 64 triangles.
ENABLEABLE SOLUTION: Disabled MeshDataComponent for entity 136:11 - component preserved for tests but marked as processed
Terrain generation completed for entity Entity(137:11). Created mesh entity Entity(157:7) with GameObject 'GeneratedTerrain_137' containing 6 vertices and 64 triangles.
ENABLEABLE SOLUTION: Disabled MeshDataComponent for entity 137:11 - component preserved for tests but marked as processed
Terrain generation completed for entity Entity(138:11). Created mesh entity Entity(158:7) with GameObject 'GeneratedTerrain_138' containing 6 vertices and 64 triangles.
ENABLEABLE SOLUTION: Disabled MeshDataComponent for entity 138:11 - component preserved for tests but marked as processed
Terrain generation completed for entity Entity(139:11). Created mesh entity Entity(159:7) with GameObject 'GeneratedTerrain_139' containing 6 vertices and 64 triangles.
ENABLEABLE SOLUTION: Disabled MeshDataComponent for entity 139:11 - component preserved for tests but marked as processed
Terrain generation completed for entity Entity(140:11). Created mesh entity Entity(160:7) with GameObject 'GeneratedTerrain_140' containing 6 vertices and 64 triangles.
ENABLEABLE SOLUTION: Disabled MeshDataComponent for entity 140:11 - component preserved for tests but marked as processed
Terrain generation completed for entity Entity(141:11). Created mesh entity Entity(161:7) with GameObject 'GeneratedTerrain_141' containing 6 vertices and 64 triangles.
ENABLEABLE SOLUTION: Disabled MeshDataComponent for entity 141:11 - component preserved for tests but marked as processed
Terrain generation completed for entity Entity(142:9). Created mesh entity Entity(162:7) with GameObject 'GeneratedTerrain_142' containing 6 vertices and 64 triangles.
ENABLEABLE SOLUTION: Disabled MeshDataComponent for entity 142:9 - component preserved for tests but marked as processed
Terrain generation completed for entity Entity(143:9). Created mesh entity Entity(163:7) with GameObject 'GeneratedTerrain_143' containing 6 vertices and 64 triangles.
ENABLEABLE SOLUTION: Disabled MeshDataComponent for entity 143:9 - component preserved for tests but marked as processed
Terrain generation completed for entity Entity(144:9). Created mesh entity Entity(164:7) with GameObject 'GeneratedTerrain_144' containing 6 vertices and 64 triangles.
ENABLEABLE SOLUTION: Disabled MeshDataComponent for entity 144:9 - component preserved for tests but marked as processed
]]></output>
                </test-case>
                <test-case id="1160" name="Performance_MultipleTerrainsSimultaneous_ScalesLinearlyish" fullname="TinyWalnutGames.TTG.TerrainGeneration.Tests.TerrainGenerationPerformanceTests.Performance_MultipleTerrainsSimultaneous_ScalesLinearlyish" methodname="Performance_MultipleTerrainsSimultaneous_ScalesLinearlyish" classname="TinyWalnutGames.TTG.TerrainGeneration.Tests.TerrainGenerationPerformanceTests" runstate="Runnable" seed="713341419" result="Failed" start-time="2025-07-31 23:38:13Z" end-time="2025-07-31 23:38:13Z" duration="0.342900" asserts="0">
                  <properties>
                    <property name="retryIteration" value="0" />
                    <property name="repeatIteration" value="0" />
                  </properties>
                  <failure>
                    <message><![CDATA[Unhandled log message: '[Exception] IndexOutOfRangeException: Index 4 is out of restricted IJobParallelFor range [0...3] in ReadWriteBuffer.
ReadWriteBuffers are restricted to only read & write the element at the job index. You can use double buffering strategies to avoid race conditions due to reading & writing in parallel to the same elements from a job.'. Use UnityEngine.TestTools.LogAssert.Expect]]></message>
                    <stack-trace><![CDATA[Unity.Collections.NativeArray`1[T].FailOutOfRangeError (System.Int32 index) (at <318e2b825f864e1f9076755f968808cd>:0)
TinyWalnutGames.TTG.TerrainGeneration.TerrainGenerationSystem+PlanarSubdivisionJob.Execute (System.Int32 t) (at Assets/TinyWalnutGames.TTG/Runtime/ECS/Systems/TerrainGenerationSystem.cs:438)
Unity.Jobs.IJobParallelForExtensions+ParallelForJobStruct`1[T].Execute (T& jobData, System.IntPtr additionalPtr, System.IntPtr bufferRangePatchData, Unity.Jobs.LowLevel.Unsafe.JobRanges& ranges, System.Int32 jobIndex) (at <318e2b825f864e1f9076755f968808cd>:0)
Unity.Jobs.JobHandle:ScheduleBatchedJobsAndComplete(JobHandle&)
Unity.Jobs.JobHandle:Complete()
TinyWalnutGames.TTG.TerrainGeneration.TerrainGenerationSystem:ApplyCorrectMeshFragmentation(MeshDataComponent, UInt16, TerrainType) (at Assets/TinyWalnutGames.TTG/Runtime/ECS/Systems/TerrainGenerationSystem.cs:507)
TinyWalnutGames.TTG.TerrainGeneration.TerrainGenerationSystem_343109AF_LambdaJob_2_Job:OriginalLambdaBody(Entity, TerrainGenerationState&, TerrainGenerationData&, MeshDataComponent&) (at Assets/TinyWalnutGames.TTG/Runtime/ECS/Systems/TerrainGenerationSystem.cs:105)
TinyWalnutGames.TTG.TerrainGeneration.TerrainGenerationSystem_343109AF_LambdaJob_2_Job:Execute(ArchetypeChunk&, Int32, Boolean, v128&) (at SystemGenerator/Unity.Entities.SourceGen.SystemGenerator.SystemGenerator/Temp/GeneratedCode/TinyWalnutGames.TTG.TerrainGeneration/TerrainGenerationSystem__System_5115306810.g.cs:406)
TinyWalnutGames.TTG.TerrainGeneration.TerrainGenerationSystem_343109AF_LambdaJob_2_Job:Unity.Entities.IJobChunk.Execute(ArchetypeChunk&, Int32, Boolean, v128&)
Unity.Entities.JobChunkExtensions:RunByRefWithoutJobs(TerrainGenerationSystem_343109AF_LambdaJob_2_Job&, EntityQuery) (at ./Library/PackageCache/com.unity.entities@e581b903be8e/Unity.Entities/IJobChunk.cs:256)
Unity.Entities.Internal.JobChunkInterface:RunWithoutJobsInternal(TerrainGenerationSystem_343109AF_LambdaJob_2_Job&, EntityQuery&) (at ./Library/PackageCache/com.unity.entities@e581b903be8e/Unity.Entities/Internal/InternalCompilerInterface.cs:483)
TinyWalnutGames.TTG.TerrainGeneration.TerrainGenerationSystem_343109AF_LambdaJob_2_Job:RunWithoutJobSystem(EntityQuery&, IntPtr) (at SystemGenerator/Unity.Entities.SourceGen.SystemGenerator.SystemGenerator/Temp/GeneratedCode/TinyWalnutGames.TTG.TerrainGeneration/TerrainGenerationSystem__System_5115306810.g.cs:455)
TinyWalnutGames.TTG.TerrainGeneration.TerrainGenerationSystem:TerrainGenerationSystem_343109AF_LambdaJob_2_Execute(Boolean&, EntityCommandBuffer&) (at SystemGenerator/Unity.Entities.SourceGen.SystemGenerator.SystemGenerator/Temp/GeneratedCode/TinyWalnutGames.TTG.TerrainGeneration/TerrainGenerationSystem__System_5115306810.g.cs:484)
TinyWalnutGames.TTG.TerrainGeneration.TerrainGenerationSystem:ProcessFragmentation() (at Assets/TinyWalnutGames.TTG/Runtime/ECS/Systems/TerrainGenerationSystem.cs:97)
TinyWalnutGames.TTG.TerrainGeneration.TerrainGenerationSystem:OnUpdate() (at Assets/TinyWalnutGames.TTG/Runtime/ECS/Systems/TerrainGenerationSystem.cs:191)
Unity.Entities.SystemBase:Update() (at ./Library/PackageCache/com.unity.entities@e581b903be8e/Unity.Entities/SystemBase.cs:418)
TinyWalnutGames.TTG.TerrainGeneration.Tests.TerrainGenerationPerformanceTests:RunCompleteWorkflowBatch(Entity[]) (at Assets/TinyWalnutGames.TTG/Tests/TerrainGenerationPerformanceTests.cs:514)
TinyWalnutGames.TTG.TerrainGeneration.Tests.TerrainGenerationPerformanceTests:Performance_MultipleTerrainsSimultaneous_ScalesLinearlyish() (at Assets/TinyWalnutGames.TTG/Tests/TerrainGenerationPerformanceTests.cs:77)
System.Reflection.MethodBase:Invoke(Object, Object[])
NUnit.Framework.Internal.Reflect:InvokeMethod(MethodInfo, Object, Object[])
NUnit.Framework.Internal.MethodWrapper:Invoke(Object, Object[])
NUnit.Framework.Internal.Commands.TestMethodCommand:RunNonAsyncTestMethod(ITestExecutionContext)
NUnit.Framework.Internal.Commands.TestMethodCommand:RunTestMethod(ITestExecutionContext)
NUnit.Framework.Internal.Commands.TestMethodCommand:Execute(ITestExecutionContext)
UnityEngine.SetupCoroutine:InvokeMoveNext(IEnumerator, IntPtr)

]]></stack-trace>
                  </failure>
                  <output><![CDATA[MeshCreationSystem: Created URP Lit default material for terrain rendering.
Terrain generation completed for entity Entity(125:27). Created mesh entity Entity(135:13) with GameObject 'GeneratedTerrain_125' containing 6 vertices and 64 triangles.
ENABLEABLE SOLUTION: Disabled MeshDataComponent for entity 125:27 - component preserved for tests but marked as processed
Terrain generation completed for entity Entity(126:27). Created mesh entity Entity(136:13) with GameObject 'GeneratedTerrain_126' containing 303 vertices and 520 triangles.
ENABLEABLE SOLUTION: Disabled MeshDataComponent for entity 126:27 - component preserved for tests but marked as processed
Terrain generation completed for entity Entity(127:13). Created mesh entity Entity(137:13) with GameObject 'GeneratedTerrain_127' containing 6 vertices and 64 triangles.
ENABLEABLE SOLUTION: Disabled MeshDataComponent for entity 127:13 - component preserved for tests but marked as processed
Terrain generation completed for entity Entity(128:13). Created mesh entity Entity(138:13) with GameObject 'GeneratedTerrain_128' containing 303 vertices and 520 triangles.
ENABLEABLE SOLUTION: Disabled MeshDataComponent for entity 128:13 - component preserved for tests but marked as processed
Terrain generation completed for entity Entity(129:13). Created mesh entity Entity(139:13) with GameObject 'GeneratedTerrain_129' containing 6 vertices and 64 triangles.
ENABLEABLE SOLUTION: Disabled MeshDataComponent for entity 129:13 - component preserved for tests but marked as processed
Terrain generation completed for entity Entity(130:13). Created mesh entity Entity(140:13) with GameObject 'GeneratedTerrain_130' containing 303 vertices and 520 triangles.
ENABLEABLE SOLUTION: Disabled MeshDataComponent for entity 130:13 - component preserved for tests but marked as processed
Terrain generation completed for entity Entity(131:13). Created mesh entity Entity(141:13) with GameObject 'GeneratedTerrain_131' containing 6 vertices and 64 triangles.
ENABLEABLE SOLUTION: Disabled MeshDataComponent for entity 131:13 - component preserved for tests but marked as processed
Terrain generation completed for entity Entity(132:13). Created mesh entity Entity(142:11) with GameObject 'GeneratedTerrain_132' containing 303 vertices and 520 triangles.
ENABLEABLE SOLUTION: Disabled MeshDataComponent for entity 132:13 - component preserved for tests but marked as processed
Terrain generation completed for entity Entity(133:13). Created mesh entity Entity(143:11) with GameObject 'GeneratedTerrain_133' containing 6 vertices and 64 triangles.
ENABLEABLE SOLUTION: Disabled MeshDataComponent for entity 133:13 - component preserved for tests but marked as processed
Terrain generation completed for entity Entity(134:13). Created mesh entity Entity(144:11) with GameObject 'GeneratedTerrain_134' containing 303 vertices and 520 triangles.
ENABLEABLE SOLUTION: Disabled MeshDataComponent for entity 134:13 - component preserved for tests but marked as processed
]]></output>
                </test-case>
                <test-case id="1158" name="Performance_SinglePlanarTerrain_CompletesInReasonableTime" fullname="TinyWalnutGames.TTG.TerrainGeneration.Tests.TerrainGenerationPerformanceTests.Performance_SinglePlanarTerrain_CompletesInReasonableTime" methodname="Performance_SinglePlanarTerrain_CompletesInReasonableTime" classname="TinyWalnutGames.TTG.TerrainGeneration.Tests.TerrainGenerationPerformanceTests" runstate="Runnable" seed="2103784788" result="Failed" start-time="2025-07-31 23:38:13Z" end-time="2025-07-31 23:38:13Z" duration="0.042557" asserts="0">
                  <properties>
                    <property name="retryIteration" value="0" />
                    <property name="repeatIteration" value="0" />
                  </properties>
                  <failure>
                    <message><![CDATA[Unhandled log message: '[Exception] IndexOutOfRangeException: Index 4 is out of restricted IJobParallelFor range [0...3] in ReadWriteBuffer.
ReadWriteBuffers are restricted to only read & write the element at the job index. You can use double buffering strategies to avoid race conditions due to reading & writing in parallel to the same elements from a job.'. Use UnityEngine.TestTools.LogAssert.Expect]]></message>
                    <stack-trace><![CDATA[Unity.Collections.NativeArray`1[T].FailOutOfRangeError (System.Int32 index) (at <318e2b825f864e1f9076755f968808cd>:0)
TinyWalnutGames.TTG.TerrainGeneration.TerrainGenerationSystem+PlanarSubdivisionJob.Execute (System.Int32 t) (at Assets/TinyWalnutGames.TTG/Runtime/ECS/Systems/TerrainGenerationSystem.cs:438)
Unity.Jobs.IJobParallelForExtensions+ParallelForJobStruct`1[T].Execute (T& jobData, System.IntPtr additionalPtr, System.IntPtr bufferRangePatchData, Unity.Jobs.LowLevel.Unsafe.JobRanges& ranges, System.Int32 jobIndex) (at <318e2b825f864e1f9076755f968808cd>:0)
Unity.Jobs.JobHandle:ScheduleBatchedJobsAndComplete(JobHandle&)
Unity.Jobs.JobHandle:Complete()
TinyWalnutGames.TTG.TerrainGeneration.TerrainGenerationSystem:ApplyCorrectMeshFragmentation(MeshDataComponent, UInt16, TerrainType) (at Assets/TinyWalnutGames.TTG/Runtime/ECS/Systems/TerrainGenerationSystem.cs:507)
TinyWalnutGames.TTG.TerrainGeneration.TerrainGenerationSystem_343109AF_LambdaJob_2_Job:OriginalLambdaBody(Entity, TerrainGenerationState&, TerrainGenerationData&, MeshDataComponent&) (at Assets/TinyWalnutGames.TTG/Runtime/ECS/Systems/TerrainGenerationSystem.cs:105)
TinyWalnutGames.TTG.TerrainGeneration.TerrainGenerationSystem_343109AF_LambdaJob_2_Job:Execute(ArchetypeChunk&, Int32, Boolean, v128&) (at SystemGenerator/Unity.Entities.SourceGen.SystemGenerator.SystemGenerator/Temp/GeneratedCode/TinyWalnutGames.TTG.TerrainGeneration/TerrainGenerationSystem__System_5115306810.g.cs:406)
TinyWalnutGames.TTG.TerrainGeneration.TerrainGenerationSystem_343109AF_LambdaJob_2_Job:Unity.Entities.IJobChunk.Execute(ArchetypeChunk&, Int32, Boolean, v128&)
Unity.Entities.JobChunkExtensions:RunByRefWithoutJobs(TerrainGenerationSystem_343109AF_LambdaJob_2_Job&, EntityQuery) (at ./Library/PackageCache/com.unity.entities@e581b903be8e/Unity.Entities/IJobChunk.cs:256)
Unity.Entities.Internal.JobChunkInterface:RunWithoutJobsInternal(TerrainGenerationSystem_343109AF_LambdaJob_2_Job&, EntityQuery&) (at ./Library/PackageCache/com.unity.entities@e581b903be8e/Unity.Entities/Internal/InternalCompilerInterface.cs:483)
TinyWalnutGames.TTG.TerrainGeneration.TerrainGenerationSystem_343109AF_LambdaJob_2_Job:RunWithoutJobSystem(EntityQuery&, IntPtr) (at SystemGenerator/Unity.Entities.SourceGen.SystemGenerator.SystemGenerator/Temp/GeneratedCode/TinyWalnutGames.TTG.TerrainGeneration/TerrainGenerationSystem__System_5115306810.g.cs:455)
TinyWalnutGames.TTG.TerrainGeneration.TerrainGenerationSystem:TerrainGenerationSystem_343109AF_LambdaJob_2_Execute(Boolean&, EntityCommandBuffer&) (at SystemGenerator/Unity.Entities.SourceGen.SystemGenerator.SystemGenerator/Temp/GeneratedCode/TinyWalnutGames.TTG.TerrainGeneration/TerrainGenerationSystem__System_5115306810.g.cs:484)
TinyWalnutGames.TTG.TerrainGeneration.TerrainGenerationSystem:ProcessFragmentation() (at Assets/TinyWalnutGames.TTG/Runtime/ECS/Systems/TerrainGenerationSystem.cs:97)
TinyWalnutGames.TTG.TerrainGeneration.TerrainGenerationSystem:OnUpdate() (at Assets/TinyWalnutGames.TTG/Runtime/ECS/Systems/TerrainGenerationSystem.cs:191)
Unity.Entities.SystemBase:Update() (at ./Library/PackageCache/com.unity.entities@e581b903be8e/Unity.Entities/SystemBase.cs:418)
TinyWalnutGames.TTG.TerrainGeneration.Tests.TerrainGenerationPerformanceTests:RunCompleteWorkflow(Entity) (at Assets/TinyWalnutGames.TTG/Tests/TerrainGenerationPerformanceTests.cs:491)
TinyWalnutGames.TTG.TerrainGeneration.Tests.TerrainGenerationPerformanceTests:Performance_SinglePlanarTerrain_CompletesInReasonableTime() (at Assets/TinyWalnutGames.TTG/Tests/TerrainGenerationPerformanceTests.cs:35)
System.Reflection.MethodBase:Invoke(Object, Object[])
NUnit.Framework.Internal.Reflect:InvokeMethod(MethodInfo, Object, Object[])
NUnit.Framework.Internal.MethodWrapper:Invoke(Object, Object[])
NUnit.Framework.Internal.Commands.TestMethodCommand:RunNonAsyncTestMethod(ITestExecutionContext)
NUnit.Framework.Internal.Commands.TestMethodCommand:RunTestMethod(ITestExecutionContext)
NUnit.Framework.Internal.Commands.TestMethodCommand:Execute(ITestExecutionContext)
UnityEngine.SetupCoroutine:InvokeMoveNext(IEnumerator, IntPtr)

]]></stack-trace>
                  </failure>
                  <output><![CDATA[MeshCreationSystem: Created URP Lit default material for terrain rendering.
Terrain generation completed for entity Entity(125:29). Created mesh entity Entity(126:29) with GameObject 'GeneratedTerrain_125' containing 6 vertices and 64 triangles.
ENABLEABLE SOLUTION: Disabled MeshDataComponent for entity 125:29 - component preserved for tests but marked as processed
]]></output>
                </test-case>
                <test-case id="1159" name="Performance_SingleSphericalTerrain_CompletesInReasonableTime" fullname="TinyWalnutGames.TTG.TerrainGeneration.Tests.TerrainGenerationPerformanceTests.Performance_SingleSphericalTerrain_CompletesInReasonableTime" methodname="Performance_SingleSphericalTerrain_CompletesInReasonableTime" classname="TinyWalnutGames.TTG.TerrainGeneration.Tests.TerrainGenerationPerformanceTests" runstate="Runnable" seed="1430524955" result="Passed" start-time="2025-07-31 23:38:13Z" end-time="2025-07-31 23:38:13Z" duration="0.068147" asserts="0">
                  <properties>
                    <property name="retryIteration" value="0" />
                    <property name="repeatIteration" value="0" />
                  </properties>
                  <output><![CDATA[MeshCreationSystem: Created URP Lit default material for terrain rendering.
Terrain generation completed for entity Entity(125:31). Created mesh entity Entity(126:31) with GameObject 'GeneratedTerrain_125' containing 303 vertices and 520 triangles.
ENABLEABLE SOLUTION: Disabled MeshDataComponent for entity 125:31 - component preserved for tests but marked as processed
]]></output>
                </test-case>
                <test-case id="1169" name="StressTest_ManyTerrainsOverTime_StablePerformance" fullname="TinyWalnutGames.TTG.TerrainGeneration.Tests.TerrainGenerationPerformanceTests.StressTest_ManyTerrainsOverTime_StablePerformance" methodname="StressTest_ManyTerrainsOverTime_StablePerformance" classname="TinyWalnutGames.TTG.TerrainGeneration.Tests.TerrainGenerationPerformanceTests" runstate="Runnable" seed="58581438" result="Failed" start-time="2025-07-31 23:38:13Z" end-time="2025-07-31 23:38:13Z" duration="0.192271" asserts="0">
                  <properties>
                    <property name="_JOINTYPE" value="UnityCombinatorial" />
                    <property name="retryIteration" value="0" />
                    <property name="repeatIteration" value="0" />
                  </properties>
                  <failure>
                    <message><![CDATA[Unhandled log message: '[Exception] IndexOutOfRangeException: Index 4 is out of restricted IJobParallelFor range [0...3] in ReadWriteBuffer.
ReadWriteBuffers are restricted to only read & write the element at the job index. You can use double buffering strategies to avoid race conditions due to reading & writing in parallel to the same elements from a job.'. Use UnityEngine.TestTools.LogAssert.Expect]]></message>
                    <stack-trace><![CDATA[Unity.Collections.NativeArray`1[T].FailOutOfRangeError (System.Int32 index) (at <318e2b825f864e1f9076755f968808cd>:0)
TinyWalnutGames.TTG.TerrainGeneration.TerrainGenerationSystem+PlanarSubdivisionJob.Execute (System.Int32 t) (at Assets/TinyWalnutGames.TTG/Runtime/ECS/Systems/TerrainGenerationSystem.cs:438)
Unity.Jobs.IJobParallelForExtensions+ParallelForJobStruct`1[T].Execute (T& jobData, System.IntPtr additionalPtr, System.IntPtr bufferRangePatchData, Unity.Jobs.LowLevel.Unsafe.JobRanges& ranges, System.Int32 jobIndex) (at <318e2b825f864e1f9076755f968808cd>:0)
Unity.Jobs.JobHandle:ScheduleBatchedJobsAndComplete(JobHandle&)
Unity.Jobs.JobHandle:Complete()
TinyWalnutGames.TTG.TerrainGeneration.TerrainGenerationSystem:ApplyCorrectMeshFragmentation(MeshDataComponent, UInt16, TerrainType) (at Assets/TinyWalnutGames.TTG/Runtime/ECS/Systems/TerrainGenerationSystem.cs:507)
TinyWalnutGames.TTG.TerrainGeneration.TerrainGenerationSystem_343109AF_LambdaJob_2_Job:OriginalLambdaBody(Entity, TerrainGenerationState&, TerrainGenerationData&, MeshDataComponent&) (at Assets/TinyWalnutGames.TTG/Runtime/ECS/Systems/TerrainGenerationSystem.cs:105)
TinyWalnutGames.TTG.TerrainGeneration.TerrainGenerationSystem_343109AF_LambdaJob_2_Job:Execute(ArchetypeChunk&, Int32, Boolean, v128&) (at SystemGenerator/Unity.Entities.SourceGen.SystemGenerator.SystemGenerator/Temp/GeneratedCode/TinyWalnutGames.TTG.TerrainGeneration/TerrainGenerationSystem__System_5115306810.g.cs:406)
TinyWalnutGames.TTG.TerrainGeneration.TerrainGenerationSystem_343109AF_LambdaJob_2_Job:Unity.Entities.IJobChunk.Execute(ArchetypeChunk&, Int32, Boolean, v128&)
Unity.Entities.JobChunkExtensions:RunByRefWithoutJobs(TerrainGenerationSystem_343109AF_LambdaJob_2_Job&, EntityQuery) (at ./Library/PackageCache/com.unity.entities@e581b903be8e/Unity.Entities/IJobChunk.cs:256)
Unity.Entities.Internal.JobChunkInterface:RunWithoutJobsInternal(TerrainGenerationSystem_343109AF_LambdaJob_2_Job&, EntityQuery&) (at ./Library/PackageCache/com.unity.entities@e581b903be8e/Unity.Entities/Internal/InternalCompilerInterface.cs:483)
TinyWalnutGames.TTG.TerrainGeneration.TerrainGenerationSystem_343109AF_LambdaJob_2_Job:RunWithoutJobSystem(EntityQuery&, IntPtr) (at SystemGenerator/Unity.Entities.SourceGen.SystemGenerator.SystemGenerator/Temp/GeneratedCode/TinyWalnutGames.TTG.TerrainGeneration/TerrainGenerationSystem__System_5115306810.g.cs:455)
TinyWalnutGames.TTG.TerrainGeneration.TerrainGenerationSystem:TerrainGenerationSystem_343109AF_LambdaJob_2_Execute(Boolean&, EntityCommandBuffer&) (at SystemGenerator/Unity.Entities.SourceGen.SystemGenerator.SystemGenerator/Temp/GeneratedCode/TinyWalnutGames.TTG.TerrainGeneration/TerrainGenerationSystem__System_5115306810.g.cs:484)
TinyWalnutGames.TTG.TerrainGeneration.TerrainGenerationSystem:ProcessFragmentation() (at Assets/TinyWalnutGames.TTG/Runtime/ECS/Systems/TerrainGenerationSystem.cs:97)
TinyWalnutGames.TTG.TerrainGeneration.TerrainGenerationSystem:OnUpdate() (at Assets/TinyWalnutGames.TTG/Runtime/ECS/Systems/TerrainGenerationSystem.cs:191)
Unity.Entities.SystemBase:Update() (at ./Library/PackageCache/com.unity.entities@e581b903be8e/Unity.Entities/SystemBase.cs:418)
TinyWalnutGames.TTG.TerrainGeneration.Tests.TerrainGenerationPerformanceTests:RunCompleteWorkflowBatch(Entity[]) (at Assets/TinyWalnutGames.TTG/Tests/TerrainGenerationPerformanceTests.cs:514)
TinyWalnutGames.TTG.TerrainGeneration.Tests.<StressTest_ManyTerrainsOverTime_StablePerformance>d__14:MoveNext() (at Assets/TinyWalnutGames.TTG/Tests/TerrainGenerationPerformanceTests.cs:418)
UnityEngine.SetupCoroutine:InvokeMoveNext(IEnumerator, IntPtr)

]]></stack-trace>
                  </failure>
                  <output><![CDATA[MeshCreationSystem: Created URP Lit default material for terrain rendering.
Terrain generation completed for entity Entity(125:33). Created mesh entity Entity(130:15) with GameObject 'GeneratedTerrain_125' containing 6 vertices and 64 triangles.
ENABLEABLE SOLUTION: Disabled MeshDataComponent for entity 125:33 - component preserved for tests but marked as processed
Terrain generation completed for entity Entity(126:33). Created mesh entity Entity(131:15) with GameObject 'GeneratedTerrain_126' containing 303 vertices and 520 triangles.
ENABLEABLE SOLUTION: Disabled MeshDataComponent for entity 126:33 - component preserved for tests but marked as processed
Terrain generation completed for entity Entity(127:15). Created mesh entity Entity(132:15) with GameObject 'GeneratedTerrain_127' containing 6 vertices and 64 triangles.
ENABLEABLE SOLUTION: Disabled MeshDataComponent for entity 127:15 - component preserved for tests but marked as processed
Terrain generation completed for entity Entity(128:15). Created mesh entity Entity(133:15) with GameObject 'GeneratedTerrain_128' containing 303 vertices and 520 triangles.
ENABLEABLE SOLUTION: Disabled MeshDataComponent for entity 128:15 - component preserved for tests but marked as processed
Terrain generation completed for entity Entity(129:15). Created mesh entity Entity(134:15) with GameObject 'GeneratedTerrain_129' containing 6 vertices and 64 triangles.
ENABLEABLE SOLUTION: Disabled MeshDataComponent for entity 129:15 - component preserved for tests but marked as processed
]]></output>
                </test-case>
              </test-suite>
              <test-suite type="TestFixture" id="1170" name="TerrainGenerationSystemTests" fullname="TinyWalnutGames.TTG.TerrainGeneration.Tests.TerrainGenerationSystemTests" classname="TinyWalnutGames.TTG.TerrainGeneration.Tests.TerrainGenerationSystemTests" runstate="Runnable" testcasecount="11" result="Failed" site="Child" start-time="2025-07-31 23:38:13Z" end-time="2025-07-31 23:38:13Z" duration="0.050879" total="11" passed="10" failed="1" inconclusive="0" skipped="0" asserts="0">
                <properties />
                <failure>
                  <message><![CDATA[One or more child tests had errors]]></message>
                </failure>
                <test-case id="1180" name="TerrainGenerationSystem_AlreadyHasMeshData_NoReprocessing" fullname="TinyWalnutGames.TTG.TerrainGeneration.Tests.TerrainGenerationSystemTests.TerrainGenerationSystem_AlreadyHasMeshData_NoReprocessing" methodname="TerrainGenerationSystem_AlreadyHasMeshData_NoReprocessing" classname="TinyWalnutGames.TTG.TerrainGeneration.Tests.TerrainGenerationSystemTests" runstate="Runnable" seed="1243829563" result="Passed" start-time="2025-07-31 23:38:13Z" end-time="2025-07-31 23:38:13Z" duration="0.003597" asserts="0">
                  <properties>
                    <property name="retryIteration" value="0" />
                    <property name="repeatIteration" value="0" />
                  </properties>
                </test-case>
                <test-case id="1176" name="TerrainGenerationSystem_CompleteWorkflow_ProgressesThroughAllPhases" fullname="TinyWalnutGames.TTG.TerrainGeneration.Tests.TerrainGenerationSystemTests.TerrainGenerationSystem_CompleteWorkflow_ProgressesThroughAllPhases" methodname="TerrainGenerationSystem_CompleteWorkflow_ProgressesThroughAllPhases" classname="TinyWalnutGames.TTG.TerrainGeneration.Tests.TerrainGenerationSystemTests" runstate="Runnable" seed="1909741502" result="Failed" start-time="2025-07-31 23:38:13Z" end-time="2025-07-31 23:38:13Z" duration="0.008112" asserts="0">
                  <properties>
                    <property name="retryIteration" value="0" />
                    <property name="repeatIteration" value="0" />
                  </properties>
                  <failure>
                    <message><![CDATA[Unhandled log message: '[Exception] IndexOutOfRangeException: Index 4 is out of restricted IJobParallelFor range [0...3] in ReadWriteBuffer.
ReadWriteBuffers are restricted to only read & write the element at the job index. You can use double buffering strategies to avoid race conditions due to reading & writing in parallel to the same elements from a job.'. Use UnityEngine.TestTools.LogAssert.Expect]]></message>
                    <stack-trace><![CDATA[Unity.Collections.NativeArray`1[T].FailOutOfRangeError (System.Int32 index) (at <318e2b825f864e1f9076755f968808cd>:0)
TinyWalnutGames.TTG.TerrainGeneration.TerrainGenerationSystem+PlanarSubdivisionJob.Execute (System.Int32 t) (at Assets/TinyWalnutGames.TTG/Runtime/ECS/Systems/TerrainGenerationSystem.cs:438)
Unity.Jobs.IJobParallelForExtensions+ParallelForJobStruct`1[T].Execute (T& jobData, System.IntPtr additionalPtr, System.IntPtr bufferRangePatchData, Unity.Jobs.LowLevel.Unsafe.JobRanges& ranges, System.Int32 jobIndex) (at <318e2b825f864e1f9076755f968808cd>:0)
Unity.Jobs.JobHandle:ScheduleBatchedJobsAndComplete(JobHandle&)
Unity.Jobs.JobHandle:Complete()
TinyWalnutGames.TTG.TerrainGeneration.TerrainGenerationSystem:ApplyCorrectMeshFragmentation(MeshDataComponent, UInt16, TerrainType) (at Assets/TinyWalnutGames.TTG/Runtime/ECS/Systems/TerrainGenerationSystem.cs:507)
TinyWalnutGames.TTG.TerrainGeneration.TerrainGenerationSystem_343109AF_LambdaJob_2_Job:OriginalLambdaBody(Entity, TerrainGenerationState&, TerrainGenerationData&, MeshDataComponent&) (at Assets/TinyWalnutGames.TTG/Runtime/ECS/Systems/TerrainGenerationSystem.cs:105)
TinyWalnutGames.TTG.TerrainGeneration.TerrainGenerationSystem_343109AF_LambdaJob_2_Job:Execute(ArchetypeChunk&, Int32, Boolean, v128&) (at SystemGenerator/Unity.Entities.SourceGen.SystemGenerator.SystemGenerator/Temp/GeneratedCode/TinyWalnutGames.TTG.TerrainGeneration/TerrainGenerationSystem__System_5115306810.g.cs:406)
TinyWalnutGames.TTG.TerrainGeneration.TerrainGenerationSystem_343109AF_LambdaJob_2_Job:Unity.Entities.IJobChunk.Execute(ArchetypeChunk&, Int32, Boolean, v128&)
Unity.Entities.JobChunkExtensions:RunByRefWithoutJobs(TerrainGenerationSystem_343109AF_LambdaJob_2_Job&, EntityQuery) (at ./Library/PackageCache/com.unity.entities@e581b903be8e/Unity.Entities/IJobChunk.cs:256)
Unity.Entities.Internal.JobChunkInterface:RunWithoutJobsInternal(TerrainGenerationSystem_343109AF_LambdaJob_2_Job&, EntityQuery&) (at ./Library/PackageCache/com.unity.entities@e581b903be8e/Unity.Entities/Internal/InternalCompilerInterface.cs:483)
TinyWalnutGames.TTG.TerrainGeneration.TerrainGenerationSystem_343109AF_LambdaJob_2_Job:RunWithoutJobSystem(EntityQuery&, IntPtr) (at SystemGenerator/Unity.Entities.SourceGen.SystemGenerator.SystemGenerator/Temp/GeneratedCode/TinyWalnutGames.TTG.TerrainGeneration/TerrainGenerationSystem__System_5115306810.g.cs:455)
TinyWalnutGames.TTG.TerrainGeneration.TerrainGenerationSystem:TerrainGenerationSystem_343109AF_LambdaJob_2_Execute(Boolean&, EntityCommandBuffer&) (at SystemGenerator/Unity.Entities.SourceGen.SystemGenerator.SystemGenerator/Temp/GeneratedCode/TinyWalnutGames.TTG.TerrainGeneration/TerrainGenerationSystem__System_5115306810.g.cs:484)
TinyWalnutGames.TTG.TerrainGeneration.TerrainGenerationSystem:ProcessFragmentation() (at Assets/TinyWalnutGames.TTG/Runtime/ECS/Systems/TerrainGenerationSystem.cs:97)
TinyWalnutGames.TTG.TerrainGeneration.TerrainGenerationSystem:OnUpdate() (at Assets/TinyWalnutGames.TTG/Runtime/ECS/Systems/TerrainGenerationSystem.cs:191)
Unity.Entities.SystemBase:Update() (at ./Library/PackageCache/com.unity.entities@e581b903be8e/Unity.Entities/SystemBase.cs:418)
TinyWalnutGames.TTG.TerrainGeneration.Tests.TerrainGenerationSystemTests:TerrainGenerationSystem_CompleteWorkflow_ProgressesThroughAllPhases() (at Assets/TinyWalnutGames.TTG/Tests/TerrainGenerationSystemTests.cs:224)
System.Reflection.MethodBase:Invoke(Object, Object[])
NUnit.Framework.Internal.Reflect:InvokeMethod(MethodInfo, Object, Object[])
NUnit.Framework.Internal.MethodWrapper:Invoke(Object, Object[])
NUnit.Framework.Internal.Commands.TestMethodCommand:RunNonAsyncTestMethod(ITestExecutionContext)
NUnit.Framework.Internal.Commands.TestMethodCommand:RunTestMethod(ITestExecutionContext)
NUnit.Framework.Internal.Commands.TestMethodCommand:Execute(ITestExecutionContext)
UnityEngine.SetupCoroutine:InvokeMoveNext(IEnumerator, IntPtr)

]]></stack-trace>
                  </failure>
                </test-case>
                <test-case id="1181" name="TerrainGenerationSystem_DifferentSides_GeneratesDifferentMeshes" fullname="TinyWalnutGames.TTG.TerrainGeneration.Tests.TerrainGenerationSystemTests.TerrainGenerationSystem_DifferentSides_GeneratesDifferentMeshes" methodname="TerrainGenerationSystem_DifferentSides_GeneratesDifferentMeshes" classname="TinyWalnutGames.TTG.TerrainGeneration.Tests.TerrainGenerationSystemTests" runstate="Runnable" seed="1725286199" result="Passed" start-time="2025-07-31 23:38:13Z" end-time="2025-07-31 23:38:13Z" duration="0.003179" asserts="0">
                  <properties>
                    <property name="retryIteration" value="0" />
                    <property name="repeatIteration" value="0" />
                  </properties>
                </test-case>
                <test-case id="1177" name="TerrainGenerationSystem_MultipleEntities_ProcessedIndependently" fullname="TinyWalnutGames.TTG.TerrainGeneration.Tests.TerrainGenerationSystemTests.TerrainGenerationSystem_MultipleEntities_ProcessedIndependently" methodname="TerrainGenerationSystem_MultipleEntities_ProcessedIndependently" classname="TinyWalnutGames.TTG.TerrainGeneration.Tests.TerrainGenerationSystemTests" runstate="Runnable" seed="1330553473" result="Passed" start-time="2025-07-31 23:38:13Z" end-time="2025-07-31 23:38:13Z" duration="0.002714" asserts="0">
                  <properties>
                    <property name="retryIteration" value="0" />
                    <property name="repeatIteration" value="0" />
                  </properties>
                </test-case>
                <test-case id="1171" name="TerrainGenerationSystem_NewRequest_CreatesGenerationState" fullname="TinyWalnutGames.TTG.TerrainGeneration.Tests.TerrainGenerationSystemTests.TerrainGenerationSystem_NewRequest_CreatesGenerationState" methodname="TerrainGenerationSystem_NewRequest_CreatesGenerationState" classname="TinyWalnutGames.TTG.TerrainGeneration.Tests.TerrainGenerationSystemTests" runstate="Runnable" seed="2012366280" result="Passed" start-time="2025-07-31 23:38:13Z" end-time="2025-07-31 23:38:13Z" duration="0.002227" asserts="0">
                  <properties>
                    <property name="retryIteration" value="0" />
                    <property name="repeatIteration" value="0" />
                  </properties>
                </test-case>
                <test-case id="1178" name="TerrainGenerationSystem_NoRequestComponent_NoProcessing" fullname="TinyWalnutGames.TTG.TerrainGeneration.Tests.TerrainGenerationSystemTests.TerrainGenerationSystem_NoRequestComponent_NoProcessing" methodname="TerrainGenerationSystem_NoRequestComponent_NoProcessing" classname="TinyWalnutGames.TTG.TerrainGeneration.Tests.TerrainGenerationSystemTests" runstate="Runnable" seed="1563918578" result="Passed" start-time="2025-07-31 23:38:13Z" end-time="2025-07-31 23:38:13Z" duration="0.002273" asserts="0">
                  <properties>
                    <property name="retryIteration" value="0" />
                    <property name="repeatIteration" value="0" />
                  </properties>
                </test-case>
                <test-case id="1174" name="TerrainGenerationSystem_PlanarMeshGeometry_IsValid" fullname="TinyWalnutGames.TTG.TerrainGeneration.Tests.TerrainGenerationSystemTests.TerrainGenerationSystem_PlanarMeshGeometry_IsValid" methodname="TerrainGenerationSystem_PlanarMeshGeometry_IsValid" classname="TinyWalnutGames.TTG.TerrainGeneration.Tests.TerrainGenerationSystemTests" runstate="Runnable" seed="816626689" result="Passed" start-time="2025-07-31 23:38:13Z" end-time="2025-07-31 23:38:13Z" duration="0.002645" asserts="0">
                  <properties>
                    <property name="retryIteration" value="0" />
                    <property name="repeatIteration" value="0" />
                  </properties>
                </test-case>
                <test-case id="1172" name="TerrainGenerationSystem_PlanarShapeGeneration_CreatesMeshData" fullname="TinyWalnutGames.TTG.TerrainGeneration.Tests.TerrainGenerationSystemTests.TerrainGenerationSystem_PlanarShapeGeneration_CreatesMeshData" methodname="TerrainGenerationSystem_PlanarShapeGeneration_CreatesMeshData" classname="TinyWalnutGames.TTG.TerrainGeneration.Tests.TerrainGenerationSystemTests" runstate="Runnable" seed="1566970014" result="Passed" start-time="2025-07-31 23:38:13Z" end-time="2025-07-31 23:38:13Z" duration="0.002938" asserts="0">
                  <properties>
                    <property name="retryIteration" value="0" />
                    <property name="repeatIteration" value="0" />
                  </properties>
                </test-case>
                <test-case id="1175" name="TerrainGenerationSystem_SphericalMeshGeometry_IsValid" fullname="TinyWalnutGames.TTG.TerrainGeneration.Tests.TerrainGenerationSystemTests.TerrainGenerationSystem_SphericalMeshGeometry_IsValid" methodname="TerrainGenerationSystem_SphericalMeshGeometry_IsValid" classname="TinyWalnutGames.TTG.TerrainGeneration.Tests.TerrainGenerationSystemTests" runstate="Runnable" seed="1864457172" result="Passed" start-time="2025-07-31 23:38:13Z" end-time="2025-07-31 23:38:13Z" duration="0.003378" asserts="0">
                  <properties>
                    <property name="retryIteration" value="0" />
                    <property name="repeatIteration" value="0" />
                  </properties>
                </test-case>
                <test-case id="1173" name="TerrainGenerationSystem_SphericalShapeGeneration_CreatesMeshData" fullname="TinyWalnutGames.TTG.TerrainGeneration.Tests.TerrainGenerationSystemTests.TerrainGenerationSystem_SphericalShapeGeneration_CreatesMeshData" methodname="TerrainGenerationSystem_SphericalShapeGeneration_CreatesMeshData" classname="TinyWalnutGames.TTG.TerrainGeneration.Tests.TerrainGenerationSystemTests" runstate="Runnable" seed="1146456610" result="Passed" start-time="2025-07-31 23:38:13Z" end-time="2025-07-31 23:38:13Z" duration="0.002302" asserts="0">
                  <properties>
                    <property name="retryIteration" value="0" />
                    <property name="repeatIteration" value="0" />
                  </properties>
                </test-case>
                <test-case id="1179" name="TerrainGenerationSystem_WrongPhase_NoProcessing" fullname="TinyWalnutGames.TTG.TerrainGeneration.Tests.TerrainGenerationSystemTests.TerrainGenerationSystem_WrongPhase_NoProcessing" methodname="TerrainGenerationSystem_WrongPhase_NoProcessing" classname="TinyWalnutGames.TTG.TerrainGeneration.Tests.TerrainGenerationSystemTests" runstate="Runnable" seed="913459456" result="Passed" start-time="2025-07-31 23:38:13Z" end-time="2025-07-31 23:38:13Z" duration="0.002130" asserts="0">
                  <properties>
                    <property name="retryIteration" value="0" />
                    <property name="repeatIteration" value="0" />
                  </properties>
                </test-case>
              </test-suite>
              <test-suite type="TestFixture" id="1182" name="TerrainGenerationWorkflowTests" fullname="TinyWalnutGames.TTG.TerrainGeneration.Tests.TerrainGenerationWorkflowTests" classname="TinyWalnutGames.TTG.TerrainGeneration.Tests.TerrainGenerationWorkflowTests" runstate="Runnable" testcasecount="7" result="Failed" site="Child" start-time="2025-07-31 23:38:13Z" end-time="2025-07-31 23:38:14Z" duration="0.562848" total="7" passed="1" failed="6" inconclusive="0" skipped="0" asserts="0">
                <properties />
                <failure>
                  <message><![CDATA[One or more child tests had errors]]></message>
                </failure>
                <test-case id="1186" name="MultipleTerrainWorkflow_DifferentTypes_ProcessIndependently" fullname="TinyWalnutGames.TTG.TerrainGeneration.Tests.TerrainGenerationWorkflowTests.MultipleTerrainWorkflow_DifferentTypes_ProcessIndependently" methodname="MultipleTerrainWorkflow_DifferentTypes_ProcessIndependently" classname="TinyWalnutGames.TTG.TerrainGeneration.Tests.TerrainGenerationWorkflowTests" runstate="Runnable" seed="2090719674" result="Failed" start-time="2025-07-31 23:38:13Z" end-time="2025-07-31 23:38:14Z" duration="0.219922" asserts="0">
                  <properties>
                    <property name="retryIteration" value="0" />
                    <property name="repeatIteration" value="0" />
                  </properties>
                  <failure>
                    <message><![CDATA[Unhandled log message: '[Exception] IndexOutOfRangeException: Index 2 is out of restricted IJobParallelFor range [0...1] in ReadWriteBuffer.
ReadWriteBuffers are restricted to only read & write the element at the job index. You can use double buffering strategies to avoid race conditions due to reading & writing in parallel to the same elements from a job.'. Use UnityEngine.TestTools.LogAssert.Expect]]></message>
                    <stack-trace><![CDATA[Unity.Collections.NativeArray`1[T].FailOutOfRangeError (System.Int32 index) (at <318e2b825f864e1f9076755f968808cd>:0)
TinyWalnutGames.TTG.TerrainGeneration.TerrainGenerationSystem+PlanarSubdivisionJob.Execute (System.Int32 t) (at Assets/TinyWalnutGames.TTG/Runtime/ECS/Systems/TerrainGenerationSystem.cs:432)
Unity.Jobs.IJobParallelForExtensions+ParallelForJobStruct`1[T].Execute (T& jobData, System.IntPtr additionalPtr, System.IntPtr bufferRangePatchData, Unity.Jobs.LowLevel.Unsafe.JobRanges& ranges, System.Int32 jobIndex) (at <318e2b825f864e1f9076755f968808cd>:0)
Unity.Jobs.JobHandle:ScheduleBatchedJobsAndComplete(JobHandle&)
Unity.Jobs.JobHandle:Complete()
TinyWalnutGames.TTG.TerrainGeneration.TerrainGenerationSystem:ApplyCorrectMeshFragmentation(MeshDataComponent, UInt16, TerrainType) (at Assets/TinyWalnutGames.TTG/Runtime/ECS/Systems/TerrainGenerationSystem.cs:507)
TinyWalnutGames.TTG.TerrainGeneration.TerrainGenerationSystem_343109AF_LambdaJob_2_Job:OriginalLambdaBody(Entity, TerrainGenerationState&, TerrainGenerationData&, MeshDataComponent&) (at Assets/TinyWalnutGames.TTG/Runtime/ECS/Systems/TerrainGenerationSystem.cs:105)
TinyWalnutGames.TTG.TerrainGeneration.TerrainGenerationSystem_343109AF_LambdaJob_2_Job:Execute(ArchetypeChunk&, Int32, Boolean, v128&) (at SystemGenerator/Unity.Entities.SourceGen.SystemGenerator.SystemGenerator/Temp/GeneratedCode/TinyWalnutGames.TTG.TerrainGeneration/TerrainGenerationSystem__System_5115306810.g.cs:406)
TinyWalnutGames.TTG.TerrainGeneration.TerrainGenerationSystem_343109AF_LambdaJob_2_Job:Unity.Entities.IJobChunk.Execute(ArchetypeChunk&, Int32, Boolean, v128&)
Unity.Entities.JobChunkExtensions:RunByRefWithoutJobs(TerrainGenerationSystem_343109AF_LambdaJob_2_Job&, EntityQuery) (at ./Library/PackageCache/com.unity.entities@e581b903be8e/Unity.Entities/IJobChunk.cs:256)
Unity.Entities.Internal.JobChunkInterface:RunWithoutJobsInternal(TerrainGenerationSystem_343109AF_LambdaJob_2_Job&, EntityQuery&) (at ./Library/PackageCache/com.unity.entities@e581b903be8e/Unity.Entities/Internal/InternalCompilerInterface.cs:483)
TinyWalnutGames.TTG.TerrainGeneration.TerrainGenerationSystem_343109AF_LambdaJob_2_Job:RunWithoutJobSystem(EntityQuery&, IntPtr) (at SystemGenerator/Unity.Entities.SourceGen.SystemGenerator.SystemGenerator/Temp/GeneratedCode/TinyWalnutGames.TTG.TerrainGeneration/TerrainGenerationSystem__System_5115306810.g.cs:455)
TinyWalnutGames.TTG.TerrainGeneration.TerrainGenerationSystem:TerrainGenerationSystem_343109AF_LambdaJob_2_Execute(Boolean&, EntityCommandBuffer&) (at SystemGenerator/Unity.Entities.SourceGen.SystemGenerator.SystemGenerator/Temp/GeneratedCode/TinyWalnutGames.TTG.TerrainGeneration/TerrainGenerationSystem__System_5115306810.g.cs:484)
TinyWalnutGames.TTG.TerrainGeneration.TerrainGenerationSystem:ProcessFragmentation() (at Assets/TinyWalnutGames.TTG/Runtime/ECS/Systems/TerrainGenerationSystem.cs:97)
TinyWalnutGames.TTG.TerrainGeneration.TerrainGenerationSystem:OnUpdate() (at Assets/TinyWalnutGames.TTG/Runtime/ECS/Systems/TerrainGenerationSystem.cs:191)
Unity.Entities.SystemBase:Update() (at ./Library/PackageCache/com.unity.entities@e581b903be8e/Unity.Entities/SystemBase.cs:418)
TinyWalnutGames.TTG.TerrainGeneration.Tests.TerrainGenerationWorkflowTests:ExecuteCompleteWorkflow() (at Assets/TinyWalnutGames.TTG/Tests/TerrainGenerationWorkflowTests.cs:414)
TinyWalnutGames.TTG.TerrainGeneration.Tests.TerrainGenerationWorkflowTests:MultipleTerrainWorkflow_DifferentTypes_ProcessIndependently() (at Assets/TinyWalnutGames.TTG/Tests/TerrainGenerationWorkflowTests.cs:208)
System.Reflection.MethodBase:Invoke(Object, Object[])
NUnit.Framework.Internal.Reflect:InvokeMethod(MethodInfo, Object, Object[])
NUnit.Framework.Internal.MethodWrapper:Invoke(Object, Object[])
NUnit.Framework.Internal.Commands.TestMethodCommand:RunNonAsyncTestMethod(ITestExecutionContext)
NUnit.Framework.Internal.Commands.TestMethodCommand:RunTestMethod(ITestExecutionContext)
NUnit.Framework.Internal.Commands.TestMethodCommand:Execute(ITestExecutionContext)
UnityEngine.SetupCoroutine:InvokeMoveNext(IEnumerator, IntPtr)

]]></stack-trace>
                  </failure>
                  <output><![CDATA[MeshCreationSystem: Created URP Lit default material for terrain rendering.
Terrain generation completed for entity Entity(125:39). Created mesh entity Entity(128:17) with GameObject 'GeneratedTerrain_125' containing 1 vertices and 32 triangles.
ENABLEABLE SOLUTION: Disabled MeshDataComponent for entity 125:39 - component preserved for tests but marked as processed
Terrain generation completed for entity Entity(126:37). Created mesh entity Entity(129:17) with GameObject 'GeneratedTerrain_126' containing 313 vertices and 536 triangles.
ENABLEABLE SOLUTION: Disabled MeshDataComponent for entity 126:37 - component preserved for tests but marked as processed
Terrain generation completed for entity Entity(127:17). Created mesh entity Entity(130:17) with GameObject 'GeneratedTerrain_127' containing 11 vertices and 96 triangles.
ENABLEABLE SOLUTION: Disabled MeshDataComponent for entity 127:17 - component preserved for tests but marked as processed
]]></output>
                </test-case>
                <test-case id="1183" name="PlanarTerrainWorkflow_CompleteEndToEnd_CreatesValidMesh" fullname="TinyWalnutGames.TTG.TerrainGeneration.Tests.TerrainGenerationWorkflowTests.PlanarTerrainWorkflow_CompleteEndToEnd_CreatesValidMesh" methodname="PlanarTerrainWorkflow_CompleteEndToEnd_CreatesValidMesh" classname="TinyWalnutGames.TTG.TerrainGeneration.Tests.TerrainGenerationWorkflowTests" runstate="Runnable" seed="901387788" result="Failed" start-time="2025-07-31 23:38:14Z" end-time="2025-07-31 23:38:14Z" duration="0.039608" asserts="0">
                  <properties>
                    <property name="retryIteration" value="0" />
                    <property name="repeatIteration" value="0" />
                  </properties>
                  <failure>
                    <message><![CDATA[Unhandled log message: '[Exception] IndexOutOfRangeException: Index 4 is out of restricted IJobParallelFor range [0...3] in ReadWriteBuffer.
ReadWriteBuffers are restricted to only read & write the element at the job index. You can use double buffering strategies to avoid race conditions due to reading & writing in parallel to the same elements from a job.'. Use UnityEngine.TestTools.LogAssert.Expect]]></message>
                    <stack-trace><![CDATA[Unity.Collections.NativeArray`1[T].FailOutOfRangeError (System.Int32 index) (at <318e2b825f864e1f9076755f968808cd>:0)
TinyWalnutGames.TTG.TerrainGeneration.TerrainGenerationSystem+PlanarSubdivisionJob.Execute (System.Int32 t) (at Assets/TinyWalnutGames.TTG/Runtime/ECS/Systems/TerrainGenerationSystem.cs:438)
Unity.Jobs.IJobParallelForExtensions+ParallelForJobStruct`1[T].Execute (T& jobData, System.IntPtr additionalPtr, System.IntPtr bufferRangePatchData, Unity.Jobs.LowLevel.Unsafe.JobRanges& ranges, System.Int32 jobIndex) (at <318e2b825f864e1f9076755f968808cd>:0)
Unity.Jobs.JobHandle:ScheduleBatchedJobsAndComplete(JobHandle&)
Unity.Jobs.JobHandle:Complete()
TinyWalnutGames.TTG.TerrainGeneration.TerrainGenerationSystem:ApplyCorrectMeshFragmentation(MeshDataComponent, UInt16, TerrainType) (at Assets/TinyWalnutGames.TTG/Runtime/ECS/Systems/TerrainGenerationSystem.cs:507)
TinyWalnutGames.TTG.TerrainGeneration.TerrainGenerationSystem_343109AF_LambdaJob_2_Job:OriginalLambdaBody(Entity, TerrainGenerationState&, TerrainGenerationData&, MeshDataComponent&) (at Assets/TinyWalnutGames.TTG/Runtime/ECS/Systems/TerrainGenerationSystem.cs:105)
TinyWalnutGames.TTG.TerrainGeneration.TerrainGenerationSystem_343109AF_LambdaJob_2_Job:Execute(ArchetypeChunk&, Int32, Boolean, v128&) (at SystemGenerator/Unity.Entities.SourceGen.SystemGenerator.SystemGenerator/Temp/GeneratedCode/TinyWalnutGames.TTG.TerrainGeneration/TerrainGenerationSystem__System_5115306810.g.cs:406)
TinyWalnutGames.TTG.TerrainGeneration.TerrainGenerationSystem_343109AF_LambdaJob_2_Job:Unity.Entities.IJobChunk.Execute(ArchetypeChunk&, Int32, Boolean, v128&)
Unity.Entities.JobChunkExtensions:RunByRefWithoutJobs(TerrainGenerationSystem_343109AF_LambdaJob_2_Job&, EntityQuery) (at ./Library/PackageCache/com.unity.entities@e581b903be8e/Unity.Entities/IJobChunk.cs:256)
Unity.Entities.Internal.JobChunkInterface:RunWithoutJobsInternal(TerrainGenerationSystem_343109AF_LambdaJob_2_Job&, EntityQuery&) (at ./Library/PackageCache/com.unity.entities@e581b903be8e/Unity.Entities/Internal/InternalCompilerInterface.cs:483)
TinyWalnutGames.TTG.TerrainGeneration.TerrainGenerationSystem_343109AF_LambdaJob_2_Job:RunWithoutJobSystem(EntityQuery&, IntPtr) (at SystemGenerator/Unity.Entities.SourceGen.SystemGenerator.SystemGenerator/Temp/GeneratedCode/TinyWalnutGames.TTG.TerrainGeneration/TerrainGenerationSystem__System_5115306810.g.cs:455)
TinyWalnutGames.TTG.TerrainGeneration.TerrainGenerationSystem:TerrainGenerationSystem_343109AF_LambdaJob_2_Execute(Boolean&, EntityCommandBuffer&) (at SystemGenerator/Unity.Entities.SourceGen.SystemGenerator.SystemGenerator/Temp/GeneratedCode/TinyWalnutGames.TTG.TerrainGeneration/TerrainGenerationSystem__System_5115306810.g.cs:484)
TinyWalnutGames.TTG.TerrainGeneration.TerrainGenerationSystem:ProcessFragmentation() (at Assets/TinyWalnutGames.TTG/Runtime/ECS/Systems/TerrainGenerationSystem.cs:97)
TinyWalnutGames.TTG.TerrainGeneration.TerrainGenerationSystem:OnUpdate() (at Assets/TinyWalnutGames.TTG/Runtime/ECS/Systems/TerrainGenerationSystem.cs:191)
Unity.Entities.SystemBase:Update() (at ./Library/PackageCache/com.unity.entities@e581b903be8e/Unity.Entities/SystemBase.cs:418)
TinyWalnutGames.TTG.TerrainGeneration.Tests.TerrainGenerationWorkflowTests:ExecuteCompleteWorkflow() (at Assets/TinyWalnutGames.TTG/Tests/TerrainGenerationWorkflowTests.cs:414)
TinyWalnutGames.TTG.TerrainGeneration.Tests.TerrainGenerationWorkflowTests:PlanarTerrainWorkflow_CompleteEndToEnd_CreatesValidMesh() (at Assets/TinyWalnutGames.TTG/Tests/TerrainGenerationWorkflowTests.cs:57)
System.Reflection.MethodBase:Invoke(Object, Object[])
NUnit.Framework.Internal.Reflect:InvokeMethod(MethodInfo, Object, Object[])
NUnit.Framework.Internal.MethodWrapper:Invoke(Object, Object[])
NUnit.Framework.Internal.Commands.TestMethodCommand:RunNonAsyncTestMethod(ITestExecutionContext)
NUnit.Framework.Internal.Commands.TestMethodCommand:RunTestMethod(ITestExecutionContext)
NUnit.Framework.Internal.Commands.TestMethodCommand:Execute(ITestExecutionContext)
UnityEngine.SetupCoroutine:InvokeMoveNext(IEnumerator, IntPtr)

]]></stack-trace>
                  </failure>
                  <output><![CDATA[MeshCreationSystem: Created URP Lit default material for terrain rendering.
Terrain generation completed for entity Entity(125:41). Created mesh entity Entity(126:39) with GameObject 'GeneratedTerrain_125' containing 3 vertices and 16 triangles.
ENABLEABLE SOLUTION: Disabled MeshDataComponent for entity 125:41 - component preserved for tests but marked as processed
]]></output>
                </test-case>
                <test-case id="1185" name="PlanarTerrainWorkflow_FrameByFrame_ProgressesCorrectly" fullname="TinyWalnutGames.TTG.TerrainGeneration.Tests.TerrainGenerationWorkflowTests.PlanarTerrainWorkflow_FrameByFrame_ProgressesCorrectly" methodname="PlanarTerrainWorkflow_FrameByFrame_ProgressesCorrectly" classname="TinyWalnutGames.TTG.TerrainGeneration.Tests.TerrainGenerationWorkflowTests" runstate="Runnable" seed="30073097" result="Failed" start-time="2025-07-31 23:38:14Z" end-time="2025-07-31 23:38:14Z" duration="0.065640" asserts="0">
                  <properties>
                    <property name="_JOINTYPE" value="UnityCombinatorial" />
                    <property name="retryIteration" value="0" />
                    <property name="repeatIteration" value="0" />
                  </properties>
                  <failure>
                    <message><![CDATA[Unhandled log message: '[Exception] IndexOutOfRangeException: Index 4 is out of restricted IJobParallelFor range [0...3] in ReadWriteBuffer.
ReadWriteBuffers are restricted to only read & write the element at the job index. You can use double buffering strategies to avoid race conditions due to reading & writing in parallel to the same elements from a job.'. Use UnityEngine.TestTools.LogAssert.Expect]]></message>
                    <stack-trace><![CDATA[Unity.Collections.NativeArray`1[T].FailOutOfRangeError (System.Int32 index) (at <318e2b825f864e1f9076755f968808cd>:0)
TinyWalnutGames.TTG.TerrainGeneration.TerrainGenerationSystem+PlanarSubdivisionJob.Execute (System.Int32 t) (at Assets/TinyWalnutGames.TTG/Runtime/ECS/Systems/TerrainGenerationSystem.cs:438)
Unity.Jobs.IJobParallelForExtensions+ParallelForJobStruct`1[T].Execute (T& jobData, System.IntPtr additionalPtr, System.IntPtr bufferRangePatchData, Unity.Jobs.LowLevel.Unsafe.JobRanges& ranges, System.Int32 jobIndex) (at <318e2b825f864e1f9076755f968808cd>:0)
Unity.Jobs.JobHandle:ScheduleBatchedJobsAndComplete(JobHandle&)
Unity.Jobs.JobHandle:Complete()
TinyWalnutGames.TTG.TerrainGeneration.TerrainGenerationSystem:ApplyCorrectMeshFragmentation(MeshDataComponent, UInt16, TerrainType) (at Assets/TinyWalnutGames.TTG/Runtime/ECS/Systems/TerrainGenerationSystem.cs:507)
TinyWalnutGames.TTG.TerrainGeneration.TerrainGenerationSystem_343109AF_LambdaJob_2_Job:OriginalLambdaBody(Entity, TerrainGenerationState&, TerrainGenerationData&, MeshDataComponent&) (at Assets/TinyWalnutGames.TTG/Runtime/ECS/Systems/TerrainGenerationSystem.cs:105)
TinyWalnutGames.TTG.TerrainGeneration.TerrainGenerationSystem_343109AF_LambdaJob_2_Job:Execute(ArchetypeChunk&, Int32, Boolean, v128&) (at SystemGenerator/Unity.Entities.SourceGen.SystemGenerator.SystemGenerator/Temp/GeneratedCode/TinyWalnutGames.TTG.TerrainGeneration/TerrainGenerationSystem__System_5115306810.g.cs:406)
TinyWalnutGames.TTG.TerrainGeneration.TerrainGenerationSystem_343109AF_LambdaJob_2_Job:Unity.Entities.IJobChunk.Execute(ArchetypeChunk&, Int32, Boolean, v128&)
Unity.Entities.JobChunkExtensions:RunByRefWithoutJobs(TerrainGenerationSystem_343109AF_LambdaJob_2_Job&, EntityQuery) (at ./Library/PackageCache/com.unity.entities@e581b903be8e/Unity.Entities/IJobChunk.cs:256)
Unity.Entities.Internal.JobChunkInterface:RunWithoutJobsInternal(TerrainGenerationSystem_343109AF_LambdaJob_2_Job&, EntityQuery&) (at ./Library/PackageCache/com.unity.entities@e581b903be8e/Unity.Entities/Internal/InternalCompilerInterface.cs:483)
TinyWalnutGames.TTG.TerrainGeneration.TerrainGenerationSystem_343109AF_LambdaJob_2_Job:RunWithoutJobSystem(EntityQuery&, IntPtr) (at SystemGenerator/Unity.Entities.SourceGen.SystemGenerator.SystemGenerator/Temp/GeneratedCode/TinyWalnutGames.TTG.TerrainGeneration/TerrainGenerationSystem__System_5115306810.g.cs:455)
TinyWalnutGames.TTG.TerrainGeneration.TerrainGenerationSystem:TerrainGenerationSystem_343109AF_LambdaJob_2_Execute(Boolean&, EntityCommandBuffer&) (at SystemGenerator/Unity.Entities.SourceGen.SystemGenerator.SystemGenerator/Temp/GeneratedCode/TinyWalnutGames.TTG.TerrainGeneration/TerrainGenerationSystem__System_5115306810.g.cs:484)
TinyWalnutGames.TTG.TerrainGeneration.TerrainGenerationSystem:ProcessFragmentation() (at Assets/TinyWalnutGames.TTG/Runtime/ECS/Systems/TerrainGenerationSystem.cs:97)
TinyWalnutGames.TTG.TerrainGeneration.TerrainGenerationSystem:OnUpdate() (at Assets/TinyWalnutGames.TTG/Runtime/ECS/Systems/TerrainGenerationSystem.cs:191)
Unity.Entities.SystemBase:Update() (at ./Library/PackageCache/com.unity.entities@e581b903be8e/Unity.Entities/SystemBase.cs:418)
TinyWalnutGames.TTG.TerrainGeneration.Tests.<PlanarTerrainWorkflow_FrameByFrame_ProgressesCorrectly>d__5:MoveNext() (at Assets/TinyWalnutGames.TTG/Tests/TerrainGenerationWorkflowTests.cs:153)
UnityEngine.SetupCoroutine:InvokeMoveNext(IEnumerator, IntPtr)

]]></stack-trace>
                  </failure>
                  <output><![CDATA[MeshCreationSystem: Created URP Lit default material for terrain rendering.
]]></output>
                </test-case>
                <test-case id="1184" name="SphericalTerrainWorkflow_CompleteEndToEnd_CreatesValidMesh" fullname="TinyWalnutGames.TTG.TerrainGeneration.Tests.TerrainGenerationWorkflowTests.SphericalTerrainWorkflow_CompleteEndToEnd_CreatesValidMesh" methodname="SphericalTerrainWorkflow_CompleteEndToEnd_CreatesValidMesh" classname="TinyWalnutGames.TTG.TerrainGeneration.Tests.TerrainGenerationWorkflowTests" runstate="Runnable" seed="1526005962" result="Passed" start-time="2025-07-31 23:38:14Z" end-time="2025-07-31 23:38:14Z" duration="0.037526" asserts="0">
                  <properties>
                    <property name="retryIteration" value="0" />
                    <property name="repeatIteration" value="0" />
                  </properties>
                  <output><![CDATA[MeshCreationSystem: Created URP Lit default material for terrain rendering.
Terrain generation completed for entity Entity(125:45). Created mesh entity Entity(126:41) with GameObject 'GeneratedTerrain_125' containing 95 vertices and 154 triangles.
ENABLEABLE SOLUTION: Disabled MeshDataComponent for entity 125:45 - component preserved for tests but marked as processed
]]></output>
                </test-case>
                <test-case id="1189" name="TerrainWorkflow_RepeatedExecution_ProducesConsistentResults" fullname="TinyWalnutGames.TTG.TerrainGeneration.Tests.TerrainGenerationWorkflowTests.TerrainWorkflow_RepeatedExecution_ProducesConsistentResults" methodname="TerrainWorkflow_RepeatedExecution_ProducesConsistentResults" classname="TinyWalnutGames.TTG.TerrainGeneration.Tests.TerrainGenerationWorkflowTests" runstate="Runnable" seed="1751074181" result="Failed" start-time="2025-07-31 23:38:14Z" end-time="2025-07-31 23:38:14Z" duration="0.066494" asserts="0">
                  <properties>
                    <property name="retryIteration" value="0" />
                    <property name="repeatIteration" value="0" />
                  </properties>
                  <failure>
                    <message><![CDATA[Unhandled log message: '[Exception] IndexOutOfRangeException: Index 4 is out of restricted IJobParallelFor range [0...3] in ReadWriteBuffer.
ReadWriteBuffers are restricted to only read & write the element at the job index. You can use double buffering strategies to avoid race conditions due to reading & writing in parallel to the same elements from a job.'. Use UnityEngine.TestTools.LogAssert.Expect]]></message>
                    <stack-trace><![CDATA[Unity.Collections.NativeArray`1[T].FailOutOfRangeError (System.Int32 index) (at <318e2b825f864e1f9076755f968808cd>:0)
TinyWalnutGames.TTG.TerrainGeneration.TerrainGenerationSystem+PlanarSubdivisionJob.Execute (System.Int32 t) (at Assets/TinyWalnutGames.TTG/Runtime/ECS/Systems/TerrainGenerationSystem.cs:438)
Unity.Jobs.IJobParallelForExtensions+ParallelForJobStruct`1[T].Execute (T& jobData, System.IntPtr additionalPtr, System.IntPtr bufferRangePatchData, Unity.Jobs.LowLevel.Unsafe.JobRanges& ranges, System.Int32 jobIndex) (at <318e2b825f864e1f9076755f968808cd>:0)
Unity.Jobs.JobHandle:ScheduleBatchedJobsAndComplete(JobHandle&)
Unity.Jobs.JobHandle:Complete()
TinyWalnutGames.TTG.TerrainGeneration.TerrainGenerationSystem:ApplyCorrectMeshFragmentation(MeshDataComponent, UInt16, TerrainType) (at Assets/TinyWalnutGames.TTG/Runtime/ECS/Systems/TerrainGenerationSystem.cs:507)
TinyWalnutGames.TTG.TerrainGeneration.TerrainGenerationSystem_343109AF_LambdaJob_2_Job:OriginalLambdaBody(Entity, TerrainGenerationState&, TerrainGenerationData&, MeshDataComponent&) (at Assets/TinyWalnutGames.TTG/Runtime/ECS/Systems/TerrainGenerationSystem.cs:105)
TinyWalnutGames.TTG.TerrainGeneration.TerrainGenerationSystem_343109AF_LambdaJob_2_Job:Execute(ArchetypeChunk&, Int32, Boolean, v128&) (at SystemGenerator/Unity.Entities.SourceGen.SystemGenerator.SystemGenerator/Temp/GeneratedCode/TinyWalnutGames.TTG.TerrainGeneration/TerrainGenerationSystem__System_5115306810.g.cs:406)
TinyWalnutGames.TTG.TerrainGeneration.TerrainGenerationSystem_343109AF_LambdaJob_2_Job:Unity.Entities.IJobChunk.Execute(ArchetypeChunk&, Int32, Boolean, v128&)
Unity.Entities.JobChunkExtensions:RunByRefWithoutJobs(TerrainGenerationSystem_343109AF_LambdaJob_2_Job&, EntityQuery) (at ./Library/PackageCache/com.unity.entities@e581b903be8e/Unity.Entities/IJobChunk.cs:256)
Unity.Entities.Internal.JobChunkInterface:RunWithoutJobsInternal(TerrainGenerationSystem_343109AF_LambdaJob_2_Job&, EntityQuery&) (at ./Library/PackageCache/com.unity.entities@e581b903be8e/Unity.Entities/Internal/InternalCompilerInterface.cs:483)
TinyWalnutGames.TTG.TerrainGeneration.TerrainGenerationSystem_343109AF_LambdaJob_2_Job:RunWithoutJobSystem(EntityQuery&, IntPtr) (at SystemGenerator/Unity.Entities.SourceGen.SystemGenerator.SystemGenerator/Temp/GeneratedCode/TinyWalnutGames.TTG.TerrainGeneration/TerrainGenerationSystem__System_5115306810.g.cs:455)
TinyWalnutGames.TTG.TerrainGeneration.TerrainGenerationSystem:TerrainGenerationSystem_343109AF_LambdaJob_2_Execute(Boolean&, EntityCommandBuffer&) (at SystemGenerator/Unity.Entities.SourceGen.SystemGenerator.SystemGenerator/Temp/GeneratedCode/TinyWalnutGames.TTG.TerrainGeneration/TerrainGenerationSystem__System_5115306810.g.cs:484)
TinyWalnutGames.TTG.TerrainGeneration.TerrainGenerationSystem:ProcessFragmentation() (at Assets/TinyWalnutGames.TTG/Runtime/ECS/Systems/TerrainGenerationSystem.cs:97)
TinyWalnutGames.TTG.TerrainGeneration.TerrainGenerationSystem:OnUpdate() (at Assets/TinyWalnutGames.TTG/Runtime/ECS/Systems/TerrainGenerationSystem.cs:191)
Unity.Entities.SystemBase:Update() (at ./Library/PackageCache/com.unity.entities@e581b903be8e/Unity.Entities/SystemBase.cs:418)
TinyWalnutGames.TTG.TerrainGeneration.Tests.TerrainGenerationWorkflowTests:ExecuteCompleteWorkflow() (at Assets/TinyWalnutGames.TTG/Tests/TerrainGenerationWorkflowTests.cs:414)
TinyWalnutGames.TTG.TerrainGeneration.Tests.TerrainGenerationWorkflowTests:TerrainWorkflow_RepeatedExecution_ProducesConsistentResults() (at Assets/TinyWalnutGames.TTG/Tests/TerrainGenerationWorkflowTests.cs:322)
System.Reflection.MethodBase:Invoke(Object, Object[])
NUnit.Framework.Internal.Reflect:InvokeMethod(MethodInfo, Object, Object[])
NUnit.Framework.Internal.MethodWrapper:Invoke(Object, Object[])
NUnit.Framework.Internal.Commands.TestMethodCommand:RunNonAsyncTestMethod(ITestExecutionContext)
NUnit.Framework.Internal.Commands.TestMethodCommand:RunTestMethod(ITestExecutionContext)
NUnit.Framework.Internal.Commands.TestMethodCommand:Execute(ITestExecutionContext)
UnityEngine.SetupCoroutine:InvokeMoveNext(IEnumerator, IntPtr)

]]></stack-trace>
                  </failure>
                  <output><![CDATA[MeshCreationSystem: Created URP Lit default material for terrain rendering.
Terrain generation completed for entity Entity(125:47). Created mesh entity Entity(126:43) with GameObject 'GeneratedTerrain_125' containing 6 vertices and 64 triangles.
ENABLEABLE SOLUTION: Disabled MeshDataComponent for entity 125:47 - component preserved for tests but marked as processed
Terrain generation completed for entity Entity(127:19). Created mesh entity Entity(128:19) with GameObject 'GeneratedTerrain_127' containing 6 vertices and 64 triangles.
ENABLEABLE SOLUTION: Disabled MeshDataComponent for entity 127:19 - component preserved for tests but marked as processed
]]></output>
                </test-case>
                <test-case id="1187" name="TerrainWorkflow_WithCustomTerraces_AppliesCorrectly" fullname="TinyWalnutGames.TTG.TerrainGeneration.Tests.TerrainGenerationWorkflowTests.TerrainWorkflow_WithCustomTerraces_AppliesCorrectly" methodname="TerrainWorkflow_WithCustomTerraces_AppliesCorrectly" classname="TinyWalnutGames.TTG.TerrainGeneration.Tests.TerrainGenerationWorkflowTests" runstate="Runnable" seed="1812515562" result="Failed" start-time="2025-07-31 23:38:14Z" end-time="2025-07-31 23:38:14Z" duration="0.042616" asserts="0">
                  <properties>
                    <property name="retryIteration" value="0" />
                    <property name="repeatIteration" value="0" />
                  </properties>
                  <failure>
                    <message><![CDATA[Unhandled log message: '[Exception] IndexOutOfRangeException: Index 4 is out of restricted IJobParallelFor range [0...3] in ReadWriteBuffer.
ReadWriteBuffers are restricted to only read & write the element at the job index. You can use double buffering strategies to avoid race conditions due to reading & writing in parallel to the same elements from a job.'. Use UnityEngine.TestTools.LogAssert.Expect]]></message>
                    <stack-trace><![CDATA[Unity.Collections.NativeArray`1[T].FailOutOfRangeError (System.Int32 index) (at <318e2b825f864e1f9076755f968808cd>:0)
TinyWalnutGames.TTG.TerrainGeneration.TerrainGenerationSystem+PlanarSubdivisionJob.Execute (System.Int32 t) (at Assets/TinyWalnutGames.TTG/Runtime/ECS/Systems/TerrainGenerationSystem.cs:438)
Unity.Jobs.IJobParallelForExtensions+ParallelForJobStruct`1[T].Execute (T& jobData, System.IntPtr additionalPtr, System.IntPtr bufferRangePatchData, Unity.Jobs.LowLevel.Unsafe.JobRanges& ranges, System.Int32 jobIndex) (at <318e2b825f864e1f9076755f968808cd>:0)
Unity.Jobs.JobHandle:ScheduleBatchedJobsAndComplete(JobHandle&)
Unity.Jobs.JobHandle:Complete()
TinyWalnutGames.TTG.TerrainGeneration.TerrainGenerationSystem:ApplyCorrectMeshFragmentation(MeshDataComponent, UInt16, TerrainType) (at Assets/TinyWalnutGames.TTG/Runtime/ECS/Systems/TerrainGenerationSystem.cs:507)
TinyWalnutGames.TTG.TerrainGeneration.TerrainGenerationSystem_343109AF_LambdaJob_2_Job:OriginalLambdaBody(Entity, TerrainGenerationState&, TerrainGenerationData&, MeshDataComponent&) (at Assets/TinyWalnutGames.TTG/Runtime/ECS/Systems/TerrainGenerationSystem.cs:105)
TinyWalnutGames.TTG.TerrainGeneration.TerrainGenerationSystem_343109AF_LambdaJob_2_Job:Execute(ArchetypeChunk&, Int32, Boolean, v128&) (at SystemGenerator/Unity.Entities.SourceGen.SystemGenerator.SystemGenerator/Temp/GeneratedCode/TinyWalnutGames.TTG.TerrainGeneration/TerrainGenerationSystem__System_5115306810.g.cs:406)
TinyWalnutGames.TTG.TerrainGeneration.TerrainGenerationSystem_343109AF_LambdaJob_2_Job:Unity.Entities.IJobChunk.Execute(ArchetypeChunk&, Int32, Boolean, v128&)
Unity.Entities.JobChunkExtensions:RunByRefWithoutJobs(TerrainGenerationSystem_343109AF_LambdaJob_2_Job&, EntityQuery) (at ./Library/PackageCache/com.unity.entities@e581b903be8e/Unity.Entities/IJobChunk.cs:256)
Unity.Entities.Internal.JobChunkInterface:RunWithoutJobsInternal(TerrainGenerationSystem_343109AF_LambdaJob_2_Job&, EntityQuery&) (at ./Library/PackageCache/com.unity.entities@e581b903be8e/Unity.Entities/Internal/InternalCompilerInterface.cs:483)
TinyWalnutGames.TTG.TerrainGeneration.TerrainGenerationSystem_343109AF_LambdaJob_2_Job:RunWithoutJobSystem(EntityQuery&, IntPtr) (at SystemGenerator/Unity.Entities.SourceGen.SystemGenerator.SystemGenerator/Temp/GeneratedCode/TinyWalnutGames.TTG.TerrainGeneration/TerrainGenerationSystem__System_5115306810.g.cs:455)
TinyWalnutGames.TTG.TerrainGeneration.TerrainGenerationSystem:TerrainGenerationSystem_343109AF_LambdaJob_2_Execute(Boolean&, EntityCommandBuffer&) (at SystemGenerator/Unity.Entities.SourceGen.SystemGenerator.SystemGenerator/Temp/GeneratedCode/TinyWalnutGames.TTG.TerrainGeneration/TerrainGenerationSystem__System_5115306810.g.cs:484)
TinyWalnutGames.TTG.TerrainGeneration.TerrainGenerationSystem:ProcessFragmentation() (at Assets/TinyWalnutGames.TTG/Runtime/ECS/Systems/TerrainGenerationSystem.cs:97)
TinyWalnutGames.TTG.TerrainGeneration.TerrainGenerationSystem:OnUpdate() (at Assets/TinyWalnutGames.TTG/Runtime/ECS/Systems/TerrainGenerationSystem.cs:191)
Unity.Entities.SystemBase:Update() (at ./Library/PackageCache/com.unity.entities@e581b903be8e/Unity.Entities/SystemBase.cs:418)
TinyWalnutGames.TTG.TerrainGeneration.Tests.TerrainGenerationWorkflowTests:ExecuteCompleteWorkflow() (at Assets/TinyWalnutGames.TTG/Tests/TerrainGenerationWorkflowTests.cs:414)
TinyWalnutGames.TTG.TerrainGeneration.Tests.TerrainGenerationWorkflowTests:TerrainWorkflow_WithCustomTerraces_AppliesCorrectly() (at Assets/TinyWalnutGames.TTG/Tests/TerrainGenerationWorkflowTests.cs:248)
System.Reflection.MethodBase:Invoke(Object, Object[])
NUnit.Framework.Internal.Reflect:InvokeMethod(MethodInfo, Object, Object[])
NUnit.Framework.Internal.MethodWrapper:Invoke(Object, Object[])
NUnit.Framework.Internal.Commands.TestMethodCommand:RunNonAsyncTestMethod(ITestExecutionContext)
NUnit.Framework.Internal.Commands.TestMethodCommand:RunTestMethod(ITestExecutionContext)
NUnit.Framework.Internal.Commands.TestMethodCommand:Execute(ITestExecutionContext)
UnityEngine.SetupCoroutine:InvokeMoveNext(IEnumerator, IntPtr)

]]></stack-trace>
                  </failure>
                  <output><![CDATA[MeshCreationSystem: Created URP Lit default material for terrain rendering.
Terrain generation completed for entity Entity(125:49). Created mesh entity Entity(126:45) with GameObject 'GeneratedTerrain_125' containing 6 vertices and 64 triangles.
ENABLEABLE SOLUTION: Disabled MeshDataComponent for entity 125:49 - component preserved for tests but marked as processed
]]></output>
                </test-case>
                <test-case id="1188" name="TerrainWorkflow_WithHighDetail_CompletesSuccessfully" fullname="TinyWalnutGames.TTG.TerrainGeneration.Tests.TerrainGenerationWorkflowTests.TerrainWorkflow_WithHighDetail_CompletesSuccessfully" methodname="TerrainWorkflow_WithHighDetail_CompletesSuccessfully" classname="TinyWalnutGames.TTG.TerrainGeneration.Tests.TerrainGenerationWorkflowTests" runstate="Runnable" seed="54061148" result="Failed" start-time="2025-07-31 23:38:14Z" end-time="2025-07-31 23:38:14Z" duration="0.078707" asserts="0">
                  <properties>
                    <property name="retryIteration" value="0" />
                    <property name="repeatIteration" value="0" />
                  </properties>
                  <failure>
                    <message><![CDATA[Unhandled log message: '[Exception] IndexOutOfRangeException: Index 8 is out of restricted IJobParallelFor range [0...7] in ReadWriteBuffer.
ReadWriteBuffers are restricted to only read & write the element at the job index. You can use double buffering strategies to avoid race conditions due to reading & writing in parallel to the same elements from a job.'. Use UnityEngine.TestTools.LogAssert.Expect]]></message>
                    <stack-trace><![CDATA[Unity.Collections.NativeArray`1[T].FailOutOfRangeError (System.Int32 index) (at <318e2b825f864e1f9076755f968808cd>:0)
TinyWalnutGames.TTG.TerrainGeneration.TerrainGenerationSystem+PlanarSubdivisionJob.Execute (System.Int32 t) (at Assets/TinyWalnutGames.TTG/Runtime/ECS/Systems/TerrainGenerationSystem.cs:446)
Unity.Jobs.IJobParallelForExtensions+ParallelForJobStruct`1[T].Execute (T& jobData, System.IntPtr additionalPtr, System.IntPtr bufferRangePatchData, Unity.Jobs.LowLevel.Unsafe.JobRanges& ranges, System.Int32 jobIndex) (at <318e2b825f864e1f9076755f968808cd>:0)
Unity.Jobs.JobHandle:ScheduleBatchedJobsAndComplete(JobHandle&)
Unity.Jobs.JobHandle:Complete()
TinyWalnutGames.TTG.TerrainGeneration.TerrainGenerationSystem:ApplyCorrectMeshFragmentation(MeshDataComponent, UInt16, TerrainType) (at Assets/TinyWalnutGames.TTG/Runtime/ECS/Systems/TerrainGenerationSystem.cs:507)
TinyWalnutGames.TTG.TerrainGeneration.TerrainGenerationSystem_343109AF_LambdaJob_2_Job:OriginalLambdaBody(Entity, TerrainGenerationState&, TerrainGenerationData&, MeshDataComponent&) (at Assets/TinyWalnutGames.TTG/Runtime/ECS/Systems/TerrainGenerationSystem.cs:105)
TinyWalnutGames.TTG.TerrainGeneration.TerrainGenerationSystem_343109AF_LambdaJob_2_Job:Execute(ArchetypeChunk&, Int32, Boolean, v128&) (at SystemGenerator/Unity.Entities.SourceGen.SystemGenerator.SystemGenerator/Temp/GeneratedCode/TinyWalnutGames.TTG.TerrainGeneration/TerrainGenerationSystem__System_5115306810.g.cs:406)
TinyWalnutGames.TTG.TerrainGeneration.TerrainGenerationSystem_343109AF_LambdaJob_2_Job:Unity.Entities.IJobChunk.Execute(ArchetypeChunk&, Int32, Boolean, v128&)
Unity.Entities.JobChunkExtensions:RunByRefWithoutJobs(TerrainGenerationSystem_343109AF_LambdaJob_2_Job&, EntityQuery) (at ./Library/PackageCache/com.unity.entities@e581b903be8e/Unity.Entities/IJobChunk.cs:256)
Unity.Entities.Internal.JobChunkInterface:RunWithoutJobsInternal(TerrainGenerationSystem_343109AF_LambdaJob_2_Job&, EntityQuery&) (at ./Library/PackageCache/com.unity.entities@e581b903be8e/Unity.Entities/Internal/InternalCompilerInterface.cs:483)
TinyWalnutGames.TTG.TerrainGeneration.TerrainGenerationSystem_343109AF_LambdaJob_2_Job:RunWithoutJobSystem(EntityQuery&, IntPtr) (at SystemGenerator/Unity.Entities.SourceGen.SystemGenerator.SystemGenerator/Temp/GeneratedCode/TinyWalnutGames.TTG.TerrainGeneration/TerrainGenerationSystem__System_5115306810.g.cs:455)
TinyWalnutGames.TTG.TerrainGeneration.TerrainGenerationSystem:TerrainGenerationSystem_343109AF_LambdaJob_2_Execute(Boolean&, EntityCommandBuffer&) (at SystemGenerator/Unity.Entities.SourceGen.SystemGenerator.SystemGenerator/Temp/GeneratedCode/TinyWalnutGames.TTG.TerrainGeneration/TerrainGenerationSystem__System_5115306810.g.cs:484)
TinyWalnutGames.TTG.TerrainGeneration.TerrainGenerationSystem:ProcessFragmentation() (at Assets/TinyWalnutGames.TTG/Runtime/ECS/Systems/TerrainGenerationSystem.cs:97)
TinyWalnutGames.TTG.TerrainGeneration.TerrainGenerationSystem:OnUpdate() (at Assets/TinyWalnutGames.TTG/Runtime/ECS/Systems/TerrainGenerationSystem.cs:191)
Unity.Entities.SystemBase:Update() (at ./Library/PackageCache/com.unity.entities@e581b903be8e/Unity.Entities/SystemBase.cs:418)
TinyWalnutGames.TTG.TerrainGeneration.Tests.TerrainGenerationWorkflowTests:ExecuteCompleteWorkflow() (at Assets/TinyWalnutGames.TTG/Tests/TerrainGenerationWorkflowTests.cs:414)
TinyWalnutGames.TTG.TerrainGeneration.Tests.TerrainGenerationWorkflowTests:TerrainWorkflow_WithHighDetail_CompletesSuccessfully() (at Assets/TinyWalnutGames.TTG/Tests/TerrainGenerationWorkflowTests.cs:300)
System.Reflection.MethodBase:Invoke(Object, Object[])
NUnit.Framework.Internal.Reflect:InvokeMethod(MethodInfo, Object, Object[])
NUnit.Framework.Internal.MethodWrapper:Invoke(Object, Object[])
NUnit.Framework.Internal.Commands.TestMethodCommand:RunNonAsyncTestMethod(ITestExecutionContext)
NUnit.Framework.Internal.Commands.TestMethodCommand:RunTestMethod(ITestExecutionContext)
NUnit.Framework.Internal.Commands.TestMethodCommand:Execute(ITestExecutionContext)
UnityEngine.SetupCoroutine:InvokeMoveNext(IEnumerator, IntPtr)

]]></stack-trace>
                  </failure>
                  <output><![CDATA[MeshCreationSystem: Created URP Lit default material for terrain rendering.
Terrain generation completed for entity Entity(125:51). Created mesh entity Entity(126:47) with GameObject 'GeneratedTerrain_125' containing 22 vertices and 2048 triangles.
ENABLEABLE SOLUTION: Disabled MeshDataComponent for entity 125:51 - component preserved for tests but marked as processed
Saving results to: C:/Users/Jerry/AppData/LocalLow/Tiny Walnut Games/TWG-DOTS-TTG\TestResults.xml
]]></output>
                </test-case>
              </test-suite>
            </test-suite>
          </test-suite>
        </test-suite>
      </test-suite>
    </test-suite>
  </test-suite>
</test-run>